[logs/iOS_a2a6f180af7e6b36828ed95b3fc1de2c10e11e44/2021-12-27 INFO ] 2021-12-27 13:16:45.866 ParentClass:301 - log path: logs/iOS_a2a6f180af7e6b36828ed95b3fc1de2c10e11e44/2021-12-27
[logs/iOS_a2a6f180af7e6b36828ed95b3fc1de2c10e11e44/2021-12-27 INFO ] 2021-12-27 13:16:45.881 ParentClass:256 - Setting iOS driver capabilities
[logs/iOS_a2a6f180af7e6b36828ed95b3fc1de2c10e11e44/2021-12-27 INFO ] 2021-12-27 13:16:50.939 ParentClass:271 - iOS Driver is set to the Thread Local context ios
[logs/iOS_a2a6f180af7e6b36828ed95b3fc1de2c10e11e44/2021-12-27 INFO ] 2021-12-27 13:16:50.941 ParentClass:272 - iOS driver initialized: 
[logs/iOS_a2a6f180af7e6b36828ed95b3fc1de2c10e11e44/2021-12-27 INFO ] 2021-12-27 13:16:54.005 ParentClass:325 - loading...testdata/signup
[logs/iOS_a2a6f180af7e6b36828ed95b3fc1de2c10e11e44/2021-12-27 INFO ] 2021-12-27 13:16:54.013 TC002_Test_Signin_And_Onboard:39 - First Name : demouser
[logs/iOS_a2a6f180af7e6b36828ed95b3fc1de2c10e11e44/2021-12-27 INFO ] 2021-12-27 13:16:54.015 TC002_Test_Signin_And_Onboard:42 - Last Name : demouser
[logs/iOS_a2a6f180af7e6b36828ed95b3fc1de2c10e11e44/2021-12-27 INFO ] 2021-12-27 13:16:54.017 TC002_Test_Signin_And_Onboard:45 - Email address : demouser2652@gmail.com
[logs/iOS_a2a6f180af7e6b36828ed95b3fc1de2c10e11e44/2021-12-27 INFO ] 2021-12-27 13:16:54.018 ParentClass:689 - Name generated : arrisW31-836
[logs/iOS_a2a6f180af7e6b36828ed95b3fc1de2c10e11e44/2021-12-27 INFO ] 2021-12-27 13:16:54.019 TC002_Test_Signin_And_Onboard:48 - SSID Name : arrisW31-836
[logs/iOS_a2a6f180af7e6b36828ed95b3fc1de2c10e11e44/2021-12-27 INFO ] 2021-12-27 13:16:54.024 TC002_Test_Signin_And_Onboard:51 - SSID Password : 1234567890
[logs/iOS_a2a6f180af7e6b36828ed95b3fc1de2c10e11e44/2021-12-27 INFO ] 2021-12-27 13:16:54.028 TC002_Test_Signin_And_Onboard:54 - UDID : a2a6f180af7e6b36828ed95b3fc1de2c10e11e44
[logs/iOS_a2a6f180af7e6b36828ed95b3fc1de2c10e11e44/2021-12-27 INFO ] 2021-12-27 13:16:54.819 TC002_Test_Signin_And_Onboard:64 - 

****** starting test : Verify_Signin_And_Onboard ******

[logs/iOS_a2a6f180af7e6b36828ed95b3fc1de2c10e11e44/2021-12-27 INFO ] 2021-12-27 13:16:57.395 GetStartedPage:48 - Clicked on Get Started Button
[logs/iOS_a2a6f180af7e6b36828ed95b3fc1de2c10e11e44/2021-12-27 INFO ] 2021-12-27 13:16:59.358 GrantPermissionsPage:197 - Grant Permissions - Clicked on Continue Button
[logs/iOS_a2a6f180af7e6b36828ed95b3fc1de2c10e11e44/2021-12-27 INFO ] 2021-12-27 13:17:33.535 SelectYourDevicePage:71 - Select your Device 1 - Selected SURFboard mAX option
[logs/iOS_a2a6f180af7e6b36828ed95b3fc1de2c10e11e44/2021-12-27 INFO ] 2021-12-27 13:17:35.220 SelectYourDevicePage:79 - Select your Device 1 - Clicked Next Button
[logs/iOS_a2a6f180af7e6b36828ed95b3fc1de2c10e11e44/2021-12-27 INFO ] 2021-12-27 13:17:36.463 SelectYourDevicePage2:78 - Select your Device 2 - Selected mAX Pro AX11000 option
[logs/iOS_a2a6f180af7e6b36828ed95b3fc1de2c10e11e44/2021-12-27 INFO ] 2021-12-27 13:17:38.161 SelectYourDevicePage2:92 - Select your Device 2 - Clicked Next Button
[logs/iOS_a2a6f180af7e6b36828ed95b3fc1de2c10e11e44/2021-12-27 INFO ] 2021-12-27 13:17:43.836 SiginPage:61 - Sigin Page - Entered user email address
[logs/iOS_a2a6f180af7e6b36828ed95b3fc1de2c10e11e44/2021-12-27 INFO ] 2021-12-27 13:17:47.098 SiginPage:76 - Sigin Page - Clicked on Signin Button
[logs/iOS_a2a6f180af7e6b36828ed95b3fc1de2c10e11e44/2021-12-27 INFO ] 2021-12-27 13:17:59.125 ValidOTP:128 - loading...emailDetails
[logs/iOS_a2a6f180af7e6b36828ed95b3fc1de2c10e11e44/2021-12-27 INFO ] 2021-12-27 13:18:03.337 EnterValidOTPPage:71 - Entering Valid OTP...624357
[logs/iOS_a2a6f180af7e6b36828ed95b3fc1de2c10e11e44/2021-12-27 INFO ] 2021-12-27 13:18:20.481 CodeVerifiedPage:85 - OTP Code Verified Page - Clicked on Next Button
[logs/iOS_a2a6f180af7e6b36828ed95b3fc1de2c10e11e44/2021-12-27 INFO ] 2021-12-27 13:19:02.267 SetupHomeNetworkPage:48 - Setup Home Network Page - Clicked on Next Button
[logs/iOS_a2a6f180af7e6b36828ed95b3fc1de2c10e11e44/2021-12-27 INFO ] 2021-12-27 13:19:03.972 UnPackYourBoxPage:49 - UnPack your Box Page - Clicked on Next Button
[logs/iOS_a2a6f180af7e6b36828ed95b3fc1de2c10e11e44/2021-12-27 INFO ] 2021-12-27 13:19:05.680 PlugInMaxRouterPage:48 - Plugin Max Router Page - Clicked on Next Button
[logs/iOS_a2a6f180af7e6b36828ed95b3fc1de2c10e11e44/2021-12-27 INFO ] 2021-12-27 13:19:12.419 ConnectToBlueToothDialog:39 - Connect to Bluetooth Page - Clicked on OK Button
[logs/iOS_a2a6f180af7e6b36828ed95b3fc1de2c10e11e44/2021-12-27 INFO ] 2021-12-27 13:19:31.210 ConnectMaxRouterToMobileDevicePage:61 - Connecting mAX Router to Mobile Device Page - Clicked on Next Button
[logs/iOS_a2a6f180af7e6b36828ed95b3fc1de2c10e11e44/2021-12-27 INFO ] 2021-12-27 13:19:51.223 ConnectMaxRouterToInternetPage:48 - Successfully Connected to Internet Page - Clicked on Next Button
[logs/iOS_a2a6f180af7e6b36828ed95b3fc1de2c10e11e44/2021-12-27 INFO ] 2021-12-27 13:20:17.272 SystemFirmwareUpdatePage:51 - System Firmware Update Page - Clicked on Next Button
[logs/iOS_a2a6f180af7e6b36828ed95b3fc1de2c10e11e44/2021-12-27 INFO ] 2021-12-27 13:20:56.298 NameYourNetwokSSIDPage:76 - Name Your Network Page - Entered SSID Name
[logs/iOS_a2a6f180af7e6b36828ed95b3fc1de2c10e11e44/2021-12-27 INFO ] 2021-12-27 13:21:00.330 NameYourNetwokSSIDPage:83 - Name Your Network Page - Entered SSID Password
[logs/iOS_a2a6f180af7e6b36828ed95b3fc1de2c10e11e44/2021-12-27 INFO ] 2021-12-27 13:21:11.653 NameYourNetwokSSIDPage:91 - Name Your Network Page  - Clicked on Done Button
[logs/iOS_a2a6f180af7e6b36828ed95b3fc1de2c10e11e44/2021-12-27 INFO ] 2021-12-27 13:21:13.178 NameYourNetwokSSIDPage:97 - Name Your Network Page  - Clicked on Next Button
[logs/iOS_a2a6f180af7e6b36828ed95b3fc1de2c10e11e44/2021-12-27 INFO ] 2021-12-27 13:22:05.795 ConnectionToWifiNeededPage:97 - Clicked on Join Button
[logs/iOS_a2a6f180af7e6b36828ed95b3fc1de2c10e11e44/2021-12-27 INFO ] 2021-12-27 13:22:37.432 CongratulationsPage:46 - Congratulations Page - Clicked on Continue Button
[logs/iOS_a2a6f180af7e6b36828ed95b3fc1de2c10e11e44/2021-12-27 INFO ] 2021-12-27 13:22:43.874 SetUpYourWiFiManagementPage:54 - Setup Wifi Management Page - Clicked on Skip Tutorial Button
[logs/iOS_a2a6f180af7e6b36828ed95b3fc1de2c10e11e44/2021-12-27 INFO ] 2021-12-27 13:22:51.122 InstallAdditionalSatellitePage:71 - Install Additonal Satellite Dialog - Clicked on Install Later Button
[logs/iOS_a2a6f180af7e6b36828ed95b3fc1de2c10e11e44/2021-12-27 INFO ] 2021-12-27 13:22:58.420 NetworkOptimizationDialog:44 - Network Optimization Dialog - Clicked on OK Button
[logs/iOS_a2a6f180af7e6b36828ed95b3fc1de2c10e11e44/2021-12-27 INFO ] 2021-12-27 13:24:23.682 ParentClass:428 - video path: videos/iOS_a2a6f180af7e6b36828ed95b3fc1de2c10e11e44/2021-12-27-13-16-45/TC002_Test_Signin_And_Onboard/Verify_Signin_And_Onboard.mp4
[logs/iOS_a2a6f180af7e6b36828ed95b3fc1de2c10e11e44/2021-12-27 INFO ] 2021-12-27 13:24:30.562 ParentClass:185 - Closing App
[logs/iOS_a2a6f180af7e6b36828ed95b3fc1de2c10e11e44/2021-12-27 INFO ] 2021-12-27 13:24:30.638 ParentClass:187 - Quitting Driver
[logs/iOS_a2a6f180af7e6b36828ed95b3fc1de2c10e11e44/2021-12-27 INFO ] 2021-12-27 17:27:06.967 ParentClass:301 - log path: logs/iOS_a2a6f180af7e6b36828ed95b3fc1de2c10e11e44/2021-12-27
[logs/iOS_a2a6f180af7e6b36828ed95b3fc1de2c10e11e44/2021-12-27 INFO ] 2021-12-27 17:27:06.980 ParentClass:256 - Setting iOS driver capabilities
[logs/iOS_a2a6f180af7e6b36828ed95b3fc1de2c10e11e44/2021-12-27 FATAL] 2021-12-27 17:27:08.568 ParentClass:276 - Unable to initialize iOS driver...... ABORTING !!!
org.openqa.selenium.SessionNotCreatedException: Unable to create a new remote session. Please check the server log for more details. Original error: An unknown server-side error occurred while processing the command. Original error: App with bundle identifier 'com.arris.sbcBeta' unknown
Build info: version: '3.141.59', revision: 'e82be7d358', time: '2018-11-14T08:17:03'
System info: host: 'techleads-Mac-mini.local', ip: '192.168.0.132', os.name: 'Mac OS X', os.arch: 'x86_64', os.version: '10.16', java.version: '11.0.2'
Driver info: driver.version: IOSDriver
remote stacktrace: UnknownError: An unknown server-side error occurred while processing the command. Original error: App with bundle identifier 'com.arris.sbcBeta' unknown
    at getResponseForW3CError (/Applications/Appium.app/Contents/Resources/app/node_modules/appium/node_modules/appium-base-driver/lib/protocol/errors.js:804:9)
    at asyncHandler (/Applications/Appium.app/Contents/Resources/app/node_modules/appium/node_modules/appium-base-driver/lib/protocol/protocol.js:380:37)
    at runNextTicks (internal/process/task_queues.js:58:5)
    at processImmediate (internal/timers.js:412:9)
Build info: version: '3.141.59', revision: 'e82be7d358', time: '2018-11-14T08:17:03'
System info: host: 'techleads-Mac-mini.local', ip: '192.168.0.132', os.name: 'Mac OS X', os.arch: 'x86_64', os.version: '10.16', java.version: '11.0.2'
Driver info: driver.version: IOSDriver
[logs/iOS_a2a6f180af7e6b36828ed95b3fc1de2c10e11e44/2021-12-27 INFO ] 2021-12-27 17:28:21.332 ParentClass:301 - log path: logs/iOS_a2a6f180af7e6b36828ed95b3fc1de2c10e11e44/2021-12-27
[logs/iOS_a2a6f180af7e6b36828ed95b3fc1de2c10e11e44/2021-12-27 INFO ] 2021-12-27 17:28:21.342 ParentClass:256 - Setting iOS driver capabilities
[logs/iOS_a2a6f180af7e6b36828ed95b3fc1de2c10e11e44/2021-12-27 FATAL] 2021-12-27 17:28:23.297 ParentClass:276 - Unable to initialize iOS driver...... ABORTING !!!
org.openqa.selenium.SessionNotCreatedException: Unable to create a new remote session. Please check the server log for more details. Original error: An unknown server-side error occurred while processing the command. Original error: App with bundle identifier 'com.arris.sbcBeta' unknown
Build info: version: '3.141.59', revision: 'e82be7d358', time: '2018-11-14T08:17:03'
System info: host: 'techleads-Mac-mini.local', ip: '192.168.0.132', os.name: 'Mac OS X', os.arch: 'x86_64', os.version: '10.16', java.version: '11.0.2'
Driver info: driver.version: IOSDriver
remote stacktrace: UnknownError: An unknown server-side error occurred while processing the command. Original error: App with bundle identifier 'com.arris.sbcBeta' unknown
    at getResponseForW3CError (/Applications/Appium.app/Contents/Resources/app/node_modules/appium/node_modules/appium-base-driver/lib/protocol/errors.js:804:9)
    at asyncHandler (/Applications/Appium.app/Contents/Resources/app/node_modules/appium/node_modules/appium-base-driver/lib/protocol/protocol.js:380:37)
Build info: version: '3.141.59', revision: 'e82be7d358', time: '2018-11-14T08:17:03'
System info: host: 'techleads-Mac-mini.local', ip: '192.168.0.132', os.name: 'Mac OS X', os.arch: 'x86_64', os.version: '10.16', java.version: '11.0.2'
Driver info: driver.version: IOSDriver
[logs/iOS_a2a6f180af7e6b36828ed95b3fc1de2c10e11e44/2021-12-27 INFO ] 2021-12-27 18:27:46.750 ParentClass:301 - log path: logs/iOS_a2a6f180af7e6b36828ed95b3fc1de2c10e11e44/2021-12-27
[logs/iOS_a2a6f180af7e6b36828ed95b3fc1de2c10e11e44/2021-12-27 INFO ] 2021-12-27 18:27:46.763 ParentClass:256 - Setting iOS driver capabilities
[logs/iOS_a2a6f180af7e6b36828ed95b3fc1de2c10e11e44/2021-12-27 INFO ] 2021-12-27 18:28:58.928 ParentClass:271 - iOS Driver is set to the Thread Local context ios
[logs/iOS_a2a6f180af7e6b36828ed95b3fc1de2c10e11e44/2021-12-27 INFO ] 2021-12-27 18:28:58.931 ParentClass:272 - iOS driver initialized: 
[logs/iOS_a2a6f180af7e6b36828ed95b3fc1de2c10e11e44/2021-12-27 INFO ] 2021-12-27 18:29:02.069 ParentClass:325 - loading...testdata/signup
[logs/iOS_a2a6f180af7e6b36828ed95b3fc1de2c10e11e44/2021-12-27 INFO ] 2021-12-27 18:29:02.077 TC002_Test_Signin_And_Onboard:39 - First Name : demouser
[logs/iOS_a2a6f180af7e6b36828ed95b3fc1de2c10e11e44/2021-12-27 INFO ] 2021-12-27 18:29:02.079 TC002_Test_Signin_And_Onboard:42 - Last Name : demouser
[logs/iOS_a2a6f180af7e6b36828ed95b3fc1de2c10e11e44/2021-12-27 INFO ] 2021-12-27 18:29:02.080 TC002_Test_Signin_And_Onboard:45 - Email address : demouser2652@gmail.com
[logs/iOS_a2a6f180af7e6b36828ed95b3fc1de2c10e11e44/2021-12-27 INFO ] 2021-12-27 18:29:02.082 ParentClass:689 - Name generated : arrisW31-950
[logs/iOS_a2a6f180af7e6b36828ed95b3fc1de2c10e11e44/2021-12-27 INFO ] 2021-12-27 18:29:02.082 TC002_Test_Signin_And_Onboard:48 - SSID Name : arrisW31-950
[logs/iOS_a2a6f180af7e6b36828ed95b3fc1de2c10e11e44/2021-12-27 INFO ] 2021-12-27 18:29:02.083 TC002_Test_Signin_And_Onboard:51 - SSID Password : 1234567890
[logs/iOS_a2a6f180af7e6b36828ed95b3fc1de2c10e11e44/2021-12-27 INFO ] 2021-12-27 18:29:02.083 TC002_Test_Signin_And_Onboard:54 - UDID : a2a6f180af7e6b36828ed95b3fc1de2c10e11e44
[logs/iOS_a2a6f180af7e6b36828ed95b3fc1de2c10e11e44/2021-12-27 INFO ] 2021-12-27 18:29:02.809 TC002_Test_Signin_And_Onboard:64 - 

****** starting test : Verify_Signin_And_Onboard ******

[logs/iOS_a2a6f180af7e6b36828ed95b3fc1de2c10e11e44/2021-12-27 INFO ] 2021-12-27 18:29:05.419 GetStartedPage:48 - Clicked on Get Started Button
[logs/iOS_a2a6f180af7e6b36828ed95b3fc1de2c10e11e44/2021-12-27 INFO ] 2021-12-27 18:29:07.427 GrantPermissionsPage:197 - Grant Permissions - Clicked on Continue Button
[logs/iOS_a2a6f180af7e6b36828ed95b3fc1de2c10e11e44/2021-12-27 INFO ] 2021-12-27 18:29:36.496 SelectYourDevicePage:71 - Select your Device 1 - Selected SURFboard mAX option
[logs/iOS_a2a6f180af7e6b36828ed95b3fc1de2c10e11e44/2021-12-27 INFO ] 2021-12-27 18:29:38.263 SelectYourDevicePage:79 - Select your Device 1 - Clicked Next Button
[logs/iOS_a2a6f180af7e6b36828ed95b3fc1de2c10e11e44/2021-12-27 INFO ] 2021-12-27 18:29:39.519 SelectYourDevicePage2:78 - Select your Device 2 - Selected mAX Pro AX11000 option
[logs/iOS_a2a6f180af7e6b36828ed95b3fc1de2c10e11e44/2021-12-27 INFO ] 2021-12-27 18:29:41.232 SelectYourDevicePage2:92 - Select your Device 2 - Clicked Next Button
[logs/iOS_a2a6f180af7e6b36828ed95b3fc1de2c10e11e44/2021-12-27 INFO ] 2021-12-27 18:29:46.981 SiginPage:61 - Sigin Page - Entered user email address
[logs/iOS_a2a6f180af7e6b36828ed95b3fc1de2c10e11e44/2021-12-27 INFO ] 2021-12-27 18:29:50.072 SiginPage:76 - Sigin Page - Clicked on Signin Button
[logs/iOS_a2a6f180af7e6b36828ed95b3fc1de2c10e11e44/2021-12-27 INFO ] 2021-12-27 18:30:02.104 ValidOTP:128 - loading...emailDetails
[logs/iOS_a2a6f180af7e6b36828ed95b3fc1de2c10e11e44/2021-12-27 INFO ] 2021-12-27 18:30:07.184 EnterValidOTPPage:71 - Entering Valid OTP...518794
[logs/iOS_a2a6f180af7e6b36828ed95b3fc1de2c10e11e44/2021-12-27 INFO ] 2021-12-27 18:30:24.463 CodeVerifiedPage:85 - OTP Code Verified Page - Clicked on Next Button
[logs/iOS_a2a6f180af7e6b36828ed95b3fc1de2c10e11e44/2021-12-27 INFO ] 2021-12-27 18:31:06.162 SetupHomeNetworkPage:48 - Setup Home Network Page - Clicked on Next Button
[logs/iOS_a2a6f180af7e6b36828ed95b3fc1de2c10e11e44/2021-12-27 INFO ] 2021-12-27 18:31:07.963 UnPackYourBoxPage:49 - UnPack your Box Page - Clicked on Next Button
[logs/iOS_a2a6f180af7e6b36828ed95b3fc1de2c10e11e44/2021-12-27 INFO ] 2021-12-27 18:31:09.681 PlugInMaxRouterPage:48 - Plugin Max Router Page - Clicked on Next Button
[logs/iOS_a2a6f180af7e6b36828ed95b3fc1de2c10e11e44/2021-12-27 INFO ] 2021-12-27 18:31:16.423 ConnectToBlueToothDialog:39 - Connect to Bluetooth Page - Clicked on OK Button
[logs/iOS_a2a6f180af7e6b36828ed95b3fc1de2c10e11e44/2021-12-27 INFO ] 2021-12-27 18:31:35.131 ConnectMaxRouterToMobileDevicePage:61 - Connecting mAX Router to Mobile Device Page - Clicked on Next Button
[logs/iOS_a2a6f180af7e6b36828ed95b3fc1de2c10e11e44/2021-12-27 INFO ] 2021-12-27 18:31:55.140 ConnectMaxRouterToInternetPage:48 - Successfully Connected to Internet Page - Clicked on Next Button
[logs/iOS_a2a6f180af7e6b36828ed95b3fc1de2c10e11e44/2021-12-27 INFO ] 2021-12-27 18:32:21.270 SystemFirmwareUpdatePage:51 - System Firmware Update Page - Clicked on Next Button
[logs/iOS_a2a6f180af7e6b36828ed95b3fc1de2c10e11e44/2021-12-27 INFO ] 2021-12-27 18:33:00.227 NameYourNetwokSSIDPage:76 - Name Your Network Page - Entered SSID Name
[logs/iOS_a2a6f180af7e6b36828ed95b3fc1de2c10e11e44/2021-12-27 INFO ] 2021-12-27 18:33:03.893 NameYourNetwokSSIDPage:83 - Name Your Network Page - Entered SSID Password
[logs/iOS_a2a6f180af7e6b36828ed95b3fc1de2c10e11e44/2021-12-27 INFO ] 2021-12-27 18:33:17.233 NameYourNetwokSSIDPage:91 - Name Your Network Page  - Clicked on Done Button
[logs/iOS_a2a6f180af7e6b36828ed95b3fc1de2c10e11e44/2021-12-27 ERROR] 2021-12-27 18:33:29.099 TestListener:39 - org.openqa.selenium.TimeoutException: Expected condition failed: waiting for visibility of Located by By.chained({By.xpath: //XCUIElementTypeButton[@name="BOBA_Network_Connect_Screen_Button"]}) (tried for 10 second(s) with 500 milliseconds interval)
Build info: version: '3.141.59', revision: 'e82be7d358', time: '2018-11-14T08:17:03'
System info: host: 'ambs-cw1sny1.commscope.com', ip: '192.168.0.132', os.name: 'Mac OS X', os.arch: 'x86_64', os.version: '10.16', java.version: '11.0.2'
Driver info: io.appium.java_client.ios.IOSDriver
Capabilities {automationName: XCUITest, browserName: , bundleId: com.arris.sbcBeta, databaseEnabled: false, deviceName: iPhone, handlesAlerts: true, javascriptEnabled: true, locationContextEnabled: false, networkConnectionEnabled: false, newCommandTimeout: 160, noReset: false, platform: MAC, platformName: iOS, platformVersion: 14.7.1, takesScreenshot: true, udid: a2a6f180af7e6b36828ed95b3fc..., webStorageEnabled: false, xcodeOrgId: MMMJR6XCK4}
Session ID: abbb6095-43d6-4552-8830-dc9a1ca8db06
	at org.openqa.selenium.support.ui.WebDriverWait.timeoutException(WebDriverWait.java:95)
	at org.openqa.selenium.support.ui.FluentWait.until(FluentWait.java:272)
	at com.cs.arris.Base.ParentClass.waitForVisibility(ParentClass.java:440)
	at com.cs.arris.Base.ParentClass.click(ParentClass.java:458)
	at com.cs.arris.Pages.NameYourNetwokSSIDPage.clickNextButton(NameYourNetwokSSIDPage.java:96)
	at com.cs.arris.Tests.TC002_Test_Signin_And_Onboard.lambda$Verify_Signin_And_Onboard$18(TC002_Test_Signin_And_Onboard.java:153)
	at com.cs.arris.Workflows.TC51_Signin_And_Onboard_Workflow.nameYourNetworkPage(TC51_Signin_And_Onboard_Workflow.java:206)
	at com.cs.arris.Tests.TC002_Test_Signin_And_Onboard.Verify_Signin_And_Onboard(TC002_Test_Signin_And_Onboard.java:148)
	at java.base/jdk.internal.reflect.NativeMethodAccessorImpl.invoke0(Native Method)
	at java.base/jdk.internal.reflect.NativeMethodAccessorImpl.invoke(NativeMethodAccessorImpl.java:62)
	at java.base/jdk.internal.reflect.DelegatingMethodAccessorImpl.invoke(DelegatingMethodAccessorImpl.java:43)
	at java.base/java.lang.reflect.Method.invoke(Method.java:566)
	at org.testng.internal.MethodInvocationHelper.invokeMethod(MethodInvocationHelper.java:133)
	at org.testng.internal.TestInvoker.invokeMethod(TestInvoker.java:598)
	at org.testng.internal.TestInvoker.invokeTestMethod(TestInvoker.java:173)
	at org.testng.internal.MethodRunner.runInSequence(MethodRunner.java:46)
	at org.testng.internal.TestInvoker$MethodInvocationAgent.invoke(TestInvoker.java:824)
	at org.testng.internal.TestInvoker.invokeTestMethods(TestInvoker.java:146)
	at org.testng.internal.TestMethodWorker.invokeTestMethods(TestMethodWorker.java:146)
	at org.testng.internal.TestMethodWorker.run(TestMethodWorker.java:128)
	at java.base/java.util.ArrayList.forEach(ArrayList.java:1540)
	at org.testng.TestRunner.privateRun(TestRunner.java:794)
	at org.testng.TestRunner.run(TestRunner.java:596)
	at org.testng.SuiteRunner.runTest(SuiteRunner.java:377)
	at org.testng.SuiteRunner.runSequentially(SuiteRunner.java:371)
	at org.testng.SuiteRunner.privateRun(SuiteRunner.java:332)
	at org.testng.SuiteRunner.run(SuiteRunner.java:276)
	at org.testng.SuiteRunnerWorker.runSuite(SuiteRunnerWorker.java:53)
	at org.testng.SuiteRunnerWorker.run(SuiteRunnerWorker.java:96)
	at org.testng.TestNG.runSuitesSequentially(TestNG.java:1212)
	at org.testng.TestNG.runSuitesLocally(TestNG.java:1134)
	at org.testng.TestNG.runSuites(TestNG.java:1063)
	at org.testng.TestNG.run(TestNG.java:1031)
	at org.apache.maven.surefire.testng.TestNGExecutor.run(TestNGExecutor.java:283)
	at org.apache.maven.surefire.testng.TestNGXmlTestSuite.execute(TestNGXmlTestSuite.java:75)
	at org.apache.maven.surefire.testng.TestNGProvider.invoke(TestNGProvider.java:120)
	at org.apache.maven.surefire.booter.ForkedBooter.invokeProviderInSameClassLoader(ForkedBooter.java:384)
	at org.apache.maven.surefire.booter.ForkedBooter.runSuitesInProcess(ForkedBooter.java:345)
	at org.apache.maven.surefire.booter.ForkedBooter.execute(ForkedBooter.java:126)
	at org.apache.maven.surefire.booter.ForkedBooter.main(ForkedBooter.java:418)

[logs/iOS_a2a6f180af7e6b36828ed95b3fc1de2c10e11e44/2021-12-27 INFO ] 2021-12-27 18:33:37.710 ParentClass:428 - video path: videos/iOS_a2a6f180af7e6b36828ed95b3fc1de2c10e11e44/2021-12-27-18-27-46/TC002_Test_Signin_And_Onboard/Verify_Signin_And_Onboard.mp4
[logs/iOS_a2a6f180af7e6b36828ed95b3fc1de2c10e11e44/2021-12-27 INFO ] 2021-12-27 18:33:39.553 ParentClass:185 - Closing App
[logs/iOS_a2a6f180af7e6b36828ed95b3fc1de2c10e11e44/2021-12-27 INFO ] 2021-12-27 18:33:39.603 ParentClass:187 - Quitting Driver
[logs/iOS_a2a6f180af7e6b36828ed95b3fc1de2c10e11e44/2021-12-27 INFO ] 2021-12-27 18:38:30.907 ParentClass:301 - log path: logs/iOS_a2a6f180af7e6b36828ed95b3fc1de2c10e11e44/2021-12-27
[logs/iOS_a2a6f180af7e6b36828ed95b3fc1de2c10e11e44/2021-12-27 INFO ] 2021-12-27 18:38:30.919 ParentClass:256 - Setting iOS driver capabilities
[logs/iOS_a2a6f180af7e6b36828ed95b3fc1de2c10e11e44/2021-12-27 INFO ] 2021-12-27 18:38:35.229 ParentClass:271 - iOS Driver is set to the Thread Local context ios
[logs/iOS_a2a6f180af7e6b36828ed95b3fc1de2c10e11e44/2021-12-27 INFO ] 2021-12-27 18:38:35.231 ParentClass:272 - iOS driver initialized: 
[logs/iOS_a2a6f180af7e6b36828ed95b3fc1de2c10e11e44/2021-12-27 INFO ] 2021-12-27 18:38:38.358 ParentClass:325 - loading...testdata/signup
[logs/iOS_a2a6f180af7e6b36828ed95b3fc1de2c10e11e44/2021-12-27 INFO ] 2021-12-27 18:38:38.365 TC002_Test_Signin_And_Onboard:39 - First Name : demouser
[logs/iOS_a2a6f180af7e6b36828ed95b3fc1de2c10e11e44/2021-12-27 INFO ] 2021-12-27 18:38:38.367 TC002_Test_Signin_And_Onboard:42 - Last Name : demouser
[logs/iOS_a2a6f180af7e6b36828ed95b3fc1de2c10e11e44/2021-12-27 INFO ] 2021-12-27 18:38:38.368 TC002_Test_Signin_And_Onboard:45 - Email address : demouser2652@gmail.com
[logs/iOS_a2a6f180af7e6b36828ed95b3fc1de2c10e11e44/2021-12-27 INFO ] 2021-12-27 18:38:38.370 ParentClass:689 - Name generated : arrisW31-352
[logs/iOS_a2a6f180af7e6b36828ed95b3fc1de2c10e11e44/2021-12-27 INFO ] 2021-12-27 18:38:38.371 TC002_Test_Signin_And_Onboard:48 - SSID Name : arrisW31-352
[logs/iOS_a2a6f180af7e6b36828ed95b3fc1de2c10e11e44/2021-12-27 INFO ] 2021-12-27 18:38:38.373 TC002_Test_Signin_And_Onboard:51 - SSID Password : 1234567890
[logs/iOS_a2a6f180af7e6b36828ed95b3fc1de2c10e11e44/2021-12-27 INFO ] 2021-12-27 18:38:38.374 TC002_Test_Signin_And_Onboard:54 - UDID : a2a6f180af7e6b36828ed95b3fc1de2c10e11e44
[logs/iOS_a2a6f180af7e6b36828ed95b3fc1de2c10e11e44/2021-12-27 INFO ] 2021-12-27 18:38:38.820 TC002_Test_Signin_And_Onboard:64 - 

****** starting test : Verify_Signin_And_Onboard ******

[logs/iOS_a2a6f180af7e6b36828ed95b3fc1de2c10e11e44/2021-12-27 INFO ] 2021-12-27 18:38:41.673 GetStartedPage:48 - Clicked on Get Started Button
[logs/iOS_a2a6f180af7e6b36828ed95b3fc1de2c10e11e44/2021-12-27 INFO ] 2021-12-27 18:38:43.592 GrantPermissionsPage:197 - Grant Permissions - Clicked on Continue Button
[logs/iOS_a2a6f180af7e6b36828ed95b3fc1de2c10e11e44/2021-12-27 INFO ] 2021-12-27 18:39:12.611 SelectYourDevicePage:71 - Select your Device 1 - Selected SURFboard mAX option
[logs/iOS_a2a6f180af7e6b36828ed95b3fc1de2c10e11e44/2021-12-27 INFO ] 2021-12-27 18:39:14.467 SelectYourDevicePage:79 - Select your Device 1 - Clicked Next Button
[logs/iOS_a2a6f180af7e6b36828ed95b3fc1de2c10e11e44/2021-12-27 INFO ] 2021-12-27 18:39:15.717 SelectYourDevicePage2:78 - Select your Device 2 - Selected mAX Pro AX11000 option
[logs/iOS_a2a6f180af7e6b36828ed95b3fc1de2c10e11e44/2021-12-27 INFO ] 2021-12-27 18:39:17.407 SelectYourDevicePage2:92 - Select your Device 2 - Clicked Next Button
[logs/iOS_a2a6f180af7e6b36828ed95b3fc1de2c10e11e44/2021-12-27 INFO ] 2021-12-27 18:39:23.072 SiginPage:61 - Sigin Page - Entered user email address
[logs/iOS_a2a6f180af7e6b36828ed95b3fc1de2c10e11e44/2021-12-27 INFO ] 2021-12-27 18:39:25.917 SiginPage:76 - Sigin Page - Clicked on Signin Button
[logs/iOS_a2a6f180af7e6b36828ed95b3fc1de2c10e11e44/2021-12-27 INFO ] 2021-12-27 18:39:37.941 ValidOTP:128 - loading...emailDetails
[logs/iOS_a2a6f180af7e6b36828ed95b3fc1de2c10e11e44/2021-12-27 INFO ] 2021-12-27 18:39:42.799 EnterValidOTPPage:71 - Entering Valid OTP...392068
[logs/iOS_a2a6f180af7e6b36828ed95b3fc1de2c10e11e44/2021-12-27 INFO ] 2021-12-27 18:39:59.773 CodeVerifiedPage:85 - OTP Code Verified Page - Clicked on Next Button
[logs/iOS_a2a6f180af7e6b36828ed95b3fc1de2c10e11e44/2021-12-27 INFO ] 2021-12-27 18:40:41.264 SetupHomeNetworkPage:48 - Setup Home Network Page - Clicked on Next Button
[logs/iOS_a2a6f180af7e6b36828ed95b3fc1de2c10e11e44/2021-12-27 INFO ] 2021-12-27 18:40:43.106 UnPackYourBoxPage:49 - UnPack your Box Page - Clicked on Next Button
[logs/iOS_a2a6f180af7e6b36828ed95b3fc1de2c10e11e44/2021-12-27 INFO ] 2021-12-27 18:40:44.801 PlugInMaxRouterPage:48 - Plugin Max Router Page - Clicked on Next Button
[logs/iOS_a2a6f180af7e6b36828ed95b3fc1de2c10e11e44/2021-12-27 INFO ] 2021-12-27 18:40:51.550 ConnectToBlueToothDialog:39 - Connect to Bluetooth Page - Clicked on OK Button
[logs/iOS_a2a6f180af7e6b36828ed95b3fc1de2c10e11e44/2021-12-27 INFO ] 2021-12-27 18:41:10.142 ConnectMaxRouterToMobileDevicePage:61 - Connecting mAX Router to Mobile Device Page - Clicked on Next Button
[logs/iOS_a2a6f180af7e6b36828ed95b3fc1de2c10e11e44/2021-12-27 INFO ] 2021-12-27 18:41:30.148 ConnectMaxRouterToInternetPage:48 - Successfully Connected to Internet Page - Clicked on Next Button
[logs/iOS_a2a6f180af7e6b36828ed95b3fc1de2c10e11e44/2021-12-27 INFO ] 2021-12-27 18:41:56.207 SystemFirmwareUpdatePage:51 - System Firmware Update Page - Clicked on Next Button
[logs/iOS_a2a6f180af7e6b36828ed95b3fc1de2c10e11e44/2021-12-27 INFO ] 2021-12-27 18:42:35.095 NameYourNetwokSSIDPage:76 - Name Your Network Page - Entered SSID Name
[logs/iOS_a2a6f180af7e6b36828ed95b3fc1de2c10e11e44/2021-12-27 INFO ] 2021-12-27 18:42:38.882 NameYourNetwokSSIDPage:83 - Name Your Network Page - Entered SSID Password
[logs/iOS_a2a6f180af7e6b36828ed95b3fc1de2c10e11e44/2021-12-27 INFO ] 2021-12-27 18:42:52.157 NameYourNetwokSSIDPage:91 - Name Your Network Page  - Clicked on Done Button
[logs/iOS_a2a6f180af7e6b36828ed95b3fc1de2c10e11e44/2021-12-27 ERROR] 2021-12-27 18:43:23.996 TestListener:39 - org.openqa.selenium.TimeoutException: Expected condition failed: waiting for visibility of Located by By.chained({By.xpath: //XCUIElementTypeButton[@name="BOBA_Network_Connect_Screen_Button"]}) (tried for 10 second(s) with 500 milliseconds interval)
Build info: version: '3.141.59', revision: 'e82be7d358', time: '2018-11-14T08:17:03'
System info: host: 'ambs-cw1sny1.commscope.com', ip: '192.168.0.132', os.name: 'Mac OS X', os.arch: 'x86_64', os.version: '10.16', java.version: '11.0.2'
Driver info: io.appium.java_client.ios.IOSDriver
Capabilities {automationName: XCUITest, browserName: , bundleId: com.arris.sbcBeta, databaseEnabled: false, deviceName: iPhone, handlesAlerts: true, javascriptEnabled: true, locationContextEnabled: false, networkConnectionEnabled: false, newCommandTimeout: 160, noReset: false, platform: MAC, platformName: iOS, platformVersion: 14.7.1, takesScreenshot: true, udid: a2a6f180af7e6b36828ed95b3fc..., webStorageEnabled: false, xcodeOrgId: MMMJR6XCK4}
Session ID: 555ac9e9-892b-4d76-a236-b671faed874c
	at org.openqa.selenium.support.ui.WebDriverWait.timeoutException(WebDriverWait.java:95)
	at org.openqa.selenium.support.ui.FluentWait.until(FluentWait.java:272)
	at com.cs.arris.Base.ParentClass.waitForVisibility(ParentClass.java:440)
	at com.cs.arris.Base.ParentClass.click(ParentClass.java:458)
	at com.cs.arris.Pages.NameYourNetwokSSIDPage.clickNextButton(NameYourNetwokSSIDPage.java:96)
	at com.cs.arris.Tests.TC002_Test_Signin_And_Onboard.lambda$Verify_Signin_And_Onboard$18(TC002_Test_Signin_And_Onboard.java:154)
	at com.cs.arris.Workflows.TC51_Signin_And_Onboard_Workflow.nameYourNetworkPage(TC51_Signin_And_Onboard_Workflow.java:206)
	at com.cs.arris.Tests.TC002_Test_Signin_And_Onboard.Verify_Signin_And_Onboard(TC002_Test_Signin_And_Onboard.java:148)
	at java.base/jdk.internal.reflect.NativeMethodAccessorImpl.invoke0(Native Method)
	at java.base/jdk.internal.reflect.NativeMethodAccessorImpl.invoke(NativeMethodAccessorImpl.java:62)
	at java.base/jdk.internal.reflect.DelegatingMethodAccessorImpl.invoke(DelegatingMethodAccessorImpl.java:43)
	at java.base/java.lang.reflect.Method.invoke(Method.java:566)
	at org.testng.internal.MethodInvocationHelper.invokeMethod(MethodInvocationHelper.java:133)
	at org.testng.internal.TestInvoker.invokeMethod(TestInvoker.java:598)
	at org.testng.internal.TestInvoker.invokeTestMethod(TestInvoker.java:173)
	at org.testng.internal.MethodRunner.runInSequence(MethodRunner.java:46)
	at org.testng.internal.TestInvoker$MethodInvocationAgent.invoke(TestInvoker.java:824)
	at org.testng.internal.TestInvoker.invokeTestMethods(TestInvoker.java:146)
	at org.testng.internal.TestMethodWorker.invokeTestMethods(TestMethodWorker.java:146)
	at org.testng.internal.TestMethodWorker.run(TestMethodWorker.java:128)
	at java.base/java.util.ArrayList.forEach(ArrayList.java:1540)
	at org.testng.TestRunner.privateRun(TestRunner.java:794)
	at org.testng.TestRunner.run(TestRunner.java:596)
	at org.testng.SuiteRunner.runTest(SuiteRunner.java:377)
	at org.testng.SuiteRunner.runSequentially(SuiteRunner.java:371)
	at org.testng.SuiteRunner.privateRun(SuiteRunner.java:332)
	at org.testng.SuiteRunner.run(SuiteRunner.java:276)
	at org.testng.SuiteRunnerWorker.runSuite(SuiteRunnerWorker.java:53)
	at org.testng.SuiteRunnerWorker.run(SuiteRunnerWorker.java:96)
	at org.testng.TestNG.runSuitesSequentially(TestNG.java:1212)
	at org.testng.TestNG.runSuitesLocally(TestNG.java:1134)
	at org.testng.TestNG.runSuites(TestNG.java:1063)
	at org.testng.TestNG.run(TestNG.java:1031)
	at org.apache.maven.surefire.testng.TestNGExecutor.run(TestNGExecutor.java:283)
	at org.apache.maven.surefire.testng.TestNGXmlTestSuite.execute(TestNGXmlTestSuite.java:75)
	at org.apache.maven.surefire.testng.TestNGProvider.invoke(TestNGProvider.java:120)
	at org.apache.maven.surefire.booter.ForkedBooter.invokeProviderInSameClassLoader(ForkedBooter.java:384)
	at org.apache.maven.surefire.booter.ForkedBooter.runSuitesInProcess(ForkedBooter.java:345)
	at org.apache.maven.surefire.booter.ForkedBooter.execute(ForkedBooter.java:126)
	at org.apache.maven.surefire.booter.ForkedBooter.main(ForkedBooter.java:418)

[logs/iOS_a2a6f180af7e6b36828ed95b3fc1de2c10e11e44/2021-12-27 INFO ] 2021-12-27 18:43:32.134 ParentClass:428 - video path: videos/iOS_a2a6f180af7e6b36828ed95b3fc1de2c10e11e44/2021-12-27-18-38-30/TC002_Test_Signin_And_Onboard/Verify_Signin_And_Onboard.mp4
[logs/iOS_a2a6f180af7e6b36828ed95b3fc1de2c10e11e44/2021-12-27 INFO ] 2021-12-27 18:43:33.996 ParentClass:185 - Closing App
[logs/iOS_a2a6f180af7e6b36828ed95b3fc1de2c10e11e44/2021-12-27 INFO ] 2021-12-27 18:43:34.110 ParentClass:187 - Quitting Driver
[logs/iOS_a2a6f180af7e6b36828ed95b3fc1de2c10e11e44/2021-12-27 INFO ] 2021-12-27 18:46:30.493 ParentClass:301 - log path: logs/iOS_a2a6f180af7e6b36828ed95b3fc1de2c10e11e44/2021-12-27
[logs/iOS_a2a6f180af7e6b36828ed95b3fc1de2c10e11e44/2021-12-27 INFO ] 2021-12-27 18:46:30.511 ParentClass:256 - Setting iOS driver capabilities
[logs/iOS_a2a6f180af7e6b36828ed95b3fc1de2c10e11e44/2021-12-27 INFO ] 2021-12-27 18:46:34.511 ParentClass:271 - iOS Driver is set to the Thread Local context ios
[logs/iOS_a2a6f180af7e6b36828ed95b3fc1de2c10e11e44/2021-12-27 INFO ] 2021-12-27 18:46:34.514 ParentClass:272 - iOS driver initialized: 
[logs/iOS_a2a6f180af7e6b36828ed95b3fc1de2c10e11e44/2021-12-27 INFO ] 2021-12-27 18:46:37.857 ParentClass:325 - loading...testdata/signup
[logs/iOS_a2a6f180af7e6b36828ed95b3fc1de2c10e11e44/2021-12-27 INFO ] 2021-12-27 18:46:37.872 TC002_Test_Signin_And_Onboard:39 - First Name : demouser
[logs/iOS_a2a6f180af7e6b36828ed95b3fc1de2c10e11e44/2021-12-27 INFO ] 2021-12-27 18:46:37.876 TC002_Test_Signin_And_Onboard:42 - Last Name : demouser
[logs/iOS_a2a6f180af7e6b36828ed95b3fc1de2c10e11e44/2021-12-27 INFO ] 2021-12-27 18:46:37.877 TC002_Test_Signin_And_Onboard:45 - Email address : demouser2652@gmail.com
[logs/iOS_a2a6f180af7e6b36828ed95b3fc1de2c10e11e44/2021-12-27 INFO ] 2021-12-27 18:46:37.879 ParentClass:689 - Name generated : arrisW31-938
[logs/iOS_a2a6f180af7e6b36828ed95b3fc1de2c10e11e44/2021-12-27 INFO ] 2021-12-27 18:46:37.885 TC002_Test_Signin_And_Onboard:48 - SSID Name : arrisW31-938
[logs/iOS_a2a6f180af7e6b36828ed95b3fc1de2c10e11e44/2021-12-27 INFO ] 2021-12-27 18:46:37.887 TC002_Test_Signin_And_Onboard:51 - SSID Password : 1234567890
[logs/iOS_a2a6f180af7e6b36828ed95b3fc1de2c10e11e44/2021-12-27 INFO ] 2021-12-27 18:46:37.887 TC002_Test_Signin_And_Onboard:54 - UDID : a2a6f180af7e6b36828ed95b3fc1de2c10e11e44
[logs/iOS_a2a6f180af7e6b36828ed95b3fc1de2c10e11e44/2021-12-27 INFO ] 2021-12-27 18:46:38.338 TC002_Test_Signin_And_Onboard:64 - 

****** starting test : Verify_Signin_And_Onboard ******

[logs/iOS_a2a6f180af7e6b36828ed95b3fc1de2c10e11e44/2021-12-27 INFO ] 2021-12-27 18:46:41.149 GetStartedPage:48 - Clicked on Get Started Button
[logs/iOS_a2a6f180af7e6b36828ed95b3fc1de2c10e11e44/2021-12-27 INFO ] 2021-12-27 18:46:43.125 GrantPermissionsPage:197 - Grant Permissions - Clicked on Continue Button
[logs/iOS_a2a6f180af7e6b36828ed95b3fc1de2c10e11e44/2021-12-27 INFO ] 2021-12-27 18:47:12.376 SelectYourDevicePage:71 - Select your Device 1 - Selected SURFboard mAX option
[logs/iOS_a2a6f180af7e6b36828ed95b3fc1de2c10e11e44/2021-12-27 INFO ] 2021-12-27 18:47:14.277 SelectYourDevicePage:79 - Select your Device 1 - Clicked Next Button
[logs/iOS_a2a6f180af7e6b36828ed95b3fc1de2c10e11e44/2021-12-27 INFO ] 2021-12-27 18:47:15.488 SelectYourDevicePage2:78 - Select your Device 2 - Selected mAX Pro AX11000 option
[logs/iOS_a2a6f180af7e6b36828ed95b3fc1de2c10e11e44/2021-12-27 INFO ] 2021-12-27 18:47:17.220 SelectYourDevicePage2:92 - Select your Device 2 - Clicked Next Button
[logs/iOS_a2a6f180af7e6b36828ed95b3fc1de2c10e11e44/2021-12-27 INFO ] 2021-12-27 18:47:22.916 SiginPage:61 - Sigin Page - Entered user email address
[logs/iOS_a2a6f180af7e6b36828ed95b3fc1de2c10e11e44/2021-12-27 INFO ] 2021-12-27 18:47:25.920 SiginPage:76 - Sigin Page - Clicked on Signin Button
[logs/iOS_a2a6f180af7e6b36828ed95b3fc1de2c10e11e44/2021-12-27 INFO ] 2021-12-27 18:47:37.943 ValidOTP:128 - loading...emailDetails
[logs/iOS_a2a6f180af7e6b36828ed95b3fc1de2c10e11e44/2021-12-27 INFO ] 2021-12-27 18:47:42.333 EnterValidOTPPage:71 - Entering Valid OTP...368399
[logs/iOS_a2a6f180af7e6b36828ed95b3fc1de2c10e11e44/2021-12-27 INFO ] 2021-12-27 18:47:59.440 CodeVerifiedPage:85 - OTP Code Verified Page - Clicked on Next Button
[logs/iOS_a2a6f180af7e6b36828ed95b3fc1de2c10e11e44/2021-12-27 INFO ] 2021-12-27 18:48:40.956 SetupHomeNetworkPage:48 - Setup Home Network Page - Clicked on Next Button
[logs/iOS_a2a6f180af7e6b36828ed95b3fc1de2c10e11e44/2021-12-27 INFO ] 2021-12-27 18:48:42.757 UnPackYourBoxPage:49 - UnPack your Box Page - Clicked on Next Button
[logs/iOS_a2a6f180af7e6b36828ed95b3fc1de2c10e11e44/2021-12-27 INFO ] 2021-12-27 18:48:44.467 PlugInMaxRouterPage:48 - Plugin Max Router Page - Clicked on Next Button
[logs/iOS_a2a6f180af7e6b36828ed95b3fc1de2c10e11e44/2021-12-27 INFO ] 2021-12-27 18:48:51.221 ConnectToBlueToothDialog:39 - Connect to Bluetooth Page - Clicked on OK Button
[logs/iOS_a2a6f180af7e6b36828ed95b3fc1de2c10e11e44/2021-12-27 INFO ] 2021-12-27 18:49:09.851 ConnectMaxRouterToMobileDevicePage:61 - Connecting mAX Router to Mobile Device Page - Clicked on Next Button
[logs/iOS_a2a6f180af7e6b36828ed95b3fc1de2c10e11e44/2021-12-27 INFO ] 2021-12-27 18:49:29.859 ConnectMaxRouterToInternetPage:48 - Successfully Connected to Internet Page - Clicked on Next Button
[logs/iOS_a2a6f180af7e6b36828ed95b3fc1de2c10e11e44/2021-12-27 INFO ] 2021-12-27 18:49:55.890 SystemFirmwareUpdatePage:51 - System Firmware Update Page - Clicked on Next Button
[logs/iOS_a2a6f180af7e6b36828ed95b3fc1de2c10e11e44/2021-12-27 INFO ] 2021-12-27 18:50:34.719 NameYourNetwokSSIDPage:76 - Name Your Network Page - Entered SSID Name
[logs/iOS_a2a6f180af7e6b36828ed95b3fc1de2c10e11e44/2021-12-27 INFO ] 2021-12-27 18:50:38.306 NameYourNetwokSSIDPage:83 - Name Your Network Page - Entered SSID Password
[logs/iOS_a2a6f180af7e6b36828ed95b3fc1de2c10e11e44/2021-12-27 INFO ] 2021-12-27 18:51:03.691 NameYourNetwokSSIDPage:91 - Name Your Network Page  - Clicked on Done Button
[logs/iOS_a2a6f180af7e6b36828ed95b3fc1de2c10e11e44/2021-12-27 INFO ] 2021-12-27 18:51:15.454 NameYourNetwokSSIDPage:97 - Name Your Network Page  - Clicked on Next Button
[logs/iOS_a2a6f180af7e6b36828ed95b3fc1de2c10e11e44/2021-12-27 INFO ] 2021-12-27 18:52:08.884 ConnectionToWifiNeededPage:97 - Clicked on Join Button
[logs/iOS_a2a6f180af7e6b36828ed95b3fc1de2c10e11e44/2021-12-27 INFO ] 2021-12-27 18:52:40.477 CongratulationsPage:46 - Congratulations Page - Clicked on Continue Button
[logs/iOS_a2a6f180af7e6b36828ed95b3fc1de2c10e11e44/2021-12-27 INFO ] 2021-12-27 18:52:46.933 SetUpYourWiFiManagementPage:54 - Setup Wifi Management Page - Clicked on Skip Tutorial Button
[logs/iOS_a2a6f180af7e6b36828ed95b3fc1de2c10e11e44/2021-12-27 INFO ] 2021-12-27 18:52:53.926 InstallAdditionalSatellitePage:71 - Install Additonal Satellite Dialog - Clicked on Install Later Button
[logs/iOS_a2a6f180af7e6b36828ed95b3fc1de2c10e11e44/2021-12-27 INFO ] 2021-12-27 18:53:01.346 NetworkOptimizationDialog:44 - Network Optimization Dialog - Clicked on OK Button
[logs/iOS_a2a6f180af7e6b36828ed95b3fc1de2c10e11e44/2021-12-27 INFO ] 2021-12-27 18:54:25.438 ParentClass:428 - video path: videos/iOS_a2a6f180af7e6b36828ed95b3fc1de2c10e11e44/2021-12-27-18-46-30/TC002_Test_Signin_And_Onboard/Verify_Signin_And_Onboard.mp4
[logs/iOS_a2a6f180af7e6b36828ed95b3fc1de2c10e11e44/2021-12-27 INFO ] 2021-12-27 18:54:27.266 ParentClass:185 - Closing App
[logs/iOS_a2a6f180af7e6b36828ed95b3fc1de2c10e11e44/2021-12-27 INFO ] 2021-12-27 18:54:27.340 ParentClass:187 - Quitting Driver
[logs/iOS_a2a6f180af7e6b36828ed95b3fc1de2c10e11e44/2021-12-27 INFO ] 2021-12-27 19:47:32.937 ParentClass:301 - log path: logs/iOS_a2a6f180af7e6b36828ed95b3fc1de2c10e11e44/2021-12-27
[logs/iOS_a2a6f180af7e6b36828ed95b3fc1de2c10e11e44/2021-12-27 INFO ] 2021-12-27 19:47:32.955 ParentClass:256 - Setting iOS driver capabilities
[logs/iOS_a2a6f180af7e6b36828ed95b3fc1de2c10e11e44/2021-12-27 INFO ] 2021-12-27 19:47:38.267 ParentClass:271 - iOS Driver is set to the Thread Local context ios
[logs/iOS_a2a6f180af7e6b36828ed95b3fc1de2c10e11e44/2021-12-27 INFO ] 2021-12-27 19:47:38.269 ParentClass:272 - iOS driver initialized: 
[logs/iOS_a2a6f180af7e6b36828ed95b3fc1de2c10e11e44/2021-12-27 INFO ] 2021-12-27 19:47:41.805 TC02_Medium_Test:60 - Loading...Sign Up Test Data
[logs/iOS_a2a6f180af7e6b36828ed95b3fc1de2c10e11e44/2021-12-27 INFO ] 2021-12-27 19:47:41.814 ParentClass:325 - loading...testdata/signup
[logs/iOS_a2a6f180af7e6b36828ed95b3fc1de2c10e11e44/2021-12-27 INFO ] 2021-12-27 19:47:41.825 TC02_Medium_Test:64 - First Name : demouser
[logs/iOS_a2a6f180af7e6b36828ed95b3fc1de2c10e11e44/2021-12-27 INFO ] 2021-12-27 19:47:41.826 TC02_Medium_Test:67 - Last Name : demouser
[logs/iOS_a2a6f180af7e6b36828ed95b3fc1de2c10e11e44/2021-12-27 INFO ] 2021-12-27 19:47:41.827 TC02_Medium_Test:70 - Email address : demouser2652@gmail.com
[logs/iOS_a2a6f180af7e6b36828ed95b3fc1de2c10e11e44/2021-12-27 INFO ] 2021-12-27 19:47:41.829 TC02_Medium_Test:73 - UDID : a2a6f180af7e6b36828ed95b3fc1de2c10e11e44
[logs/iOS_a2a6f180af7e6b36828ed95b3fc1de2c10e11e44/2021-12-27 INFO ] 2021-12-27 19:47:41.830 TC02_Medium_Test:75 - Retrieved...Sign Up Test Data
[logs/iOS_a2a6f180af7e6b36828ed95b3fc1de2c10e11e44/2021-12-27 INFO ] 2021-12-27 19:47:42.652 TC02_Medium_Test:84 - 

****** starting test : Login_And_Onboard ******

[logs/iOS_a2a6f180af7e6b36828ed95b3fc1de2c10e11e44/2021-12-27 INFO ] 2021-12-27 19:47:43.055 ParentClass:428 - video path: videos/iOS_a2a6f180af7e6b36828ed95b3fc1de2c10e11e44/2021-12-27-19-47-32/TC02_Medium_Test/Login_And_Onboard.mp4
[logs/iOS_a2a6f180af7e6b36828ed95b3fc1de2c10e11e44/2021-12-27 INFO ] 2021-12-27 19:47:43.496 TC02_Medium_Test:84 - 

****** starting test : Verify_Speed_Test_Page ******

[logs/iOS_a2a6f180af7e6b36828ed95b3fc1de2c10e11e44/2021-12-27 INFO ] 2021-12-27 19:47:43.499 TC02_Medium_Test:626 -                                 
[logs/iOS_a2a6f180af7e6b36828ed95b3fc1de2c10e11e44/2021-12-27 INFO ] 2021-12-27 19:47:43.501 TC02_Medium_Test:627 - ********************************
[logs/iOS_a2a6f180af7e6b36828ed95b3fc1de2c10e11e44/2021-12-27 INFO ] 2021-12-27 19:47:43.502 TC02_Medium_Test:628 - Test: Home Speed Test History   
[logs/iOS_a2a6f180af7e6b36828ed95b3fc1de2c10e11e44/2021-12-27 INFO ] 2021-12-27 19:47:43.504 TC02_Medium_Test:629 - ********************************
[logs/iOS_a2a6f180af7e6b36828ed95b3fc1de2c10e11e44/2021-12-27 INFO ] 2021-12-27 19:47:46.896 HomePage:579 - Home Page - Clicked on Navigation Icon to display the Hamburger Menu
[logs/iOS_a2a6f180af7e6b36828ed95b3fc1de2c10e11e44/2021-12-27 INFO ] 2021-12-27 19:47:48.035 HamburgerMenuPage:254 - On Hamburger Menu Page
[logs/iOS_a2a6f180af7e6b36828ed95b3fc1de2c10e11e44/2021-12-27 INFO ] 2021-12-27 19:47:54.233 HamburgerMenuPage:137 - Clicked on Speed Test Menu Button
[logs/iOS_a2a6f180af7e6b36828ed95b3fc1de2c10e11e44/2021-12-27 INFO ] 2021-12-27 19:48:00.838 SpeedTestPage:400 - On Speed Test Page
[logs/iOS_a2a6f180af7e6b36828ed95b3fc1de2c10e11e44/2021-12-27 INFO ] 2021-12-27 19:48:00.846 SpeedTestPage:179 -                                          
[logs/iOS_a2a6f180af7e6b36828ed95b3fc1de2c10e11e44/2021-12-27 INFO ] 2021-12-27 19:48:00.847 SpeedTestPage:180 - *****************************************
[logs/iOS_a2a6f180af7e6b36828ed95b3fc1de2c10e11e44/2021-12-27 INFO ] 2021-12-27 19:48:00.848 SpeedTestPage:181 - Verifying UI Elements on Speed Test Page 
[logs/iOS_a2a6f180af7e6b36828ed95b3fc1de2c10e11e44/2021-12-27 INFO ] 2021-12-27 19:48:00.849 SpeedTestPage:182 - *****************************************
[logs/iOS_a2a6f180af7e6b36828ed95b3fc1de2c10e11e44/2021-12-27 INFO ] 2021-12-27 19:48:02.189 SpeedTestPage:186 - Title - Speed Test - is displayed
[logs/iOS_a2a6f180af7e6b36828ed95b3fc1de2c10e11e44/2021-12-27 INFO ] 2021-12-27 19:48:02.979 SpeedTestPage:191 - Back Icon is displayed
[logs/iOS_a2a6f180af7e6b36828ed95b3fc1de2c10e11e44/2021-12-27 INFO ] 2021-12-27 19:48:03.889 SpeedTestPage:201 - Help Icon is displayed
[logs/iOS_a2a6f180af7e6b36828ed95b3fc1de2c10e11e44/2021-12-27 INFO ] 2021-12-27 19:48:04.723 SpeedTestPage:206 - Device Image is displayed
[logs/iOS_a2a6f180af7e6b36828ed95b3fc1de2c10e11e44/2021-12-27 INFO ] 2021-12-27 19:48:05.442 SpeedTestPage:211 - Device Name is displayed
[logs/iOS_a2a6f180af7e6b36828ed95b3fc1de2c10e11e44/2021-12-27 INFO ] 2021-12-27 19:48:06.199 SpeedTestPage:216 - Router Image is displayed
[logs/iOS_a2a6f180af7e6b36828ed95b3fc1de2c10e11e44/2021-12-27 INFO ] 2021-12-27 19:48:07.138 SpeedTestPage:221 - SSID Name is displayed
[logs/iOS_a2a6f180af7e6b36828ed95b3fc1de2c10e11e44/2021-12-27 INFO ] 2021-12-27 19:48:08.106 SpeedTestPage:226 - Interet Icon is displayed
[logs/iOS_a2a6f180af7e6b36828ed95b3fc1de2c10e11e44/2021-12-27 INFO ] 2021-12-27 19:48:14.794 ParentClass:428 - video path: videos/iOS_a2a6f180af7e6b36828ed95b3fc1de2c10e11e44/2021-12-27-19-47-32/TC02_Medium_Test/Verify_Speed_Test_Page.mp4
[logs/iOS_a2a6f180af7e6b36828ed95b3fc1de2c10e11e44/2021-12-27 INFO ] 2021-12-27 19:48:15.329 TC02_Medium_Test:84 - 

****** starting test : Verify_Perform_Speed_Test ******

[logs/iOS_a2a6f180af7e6b36828ed95b3fc1de2c10e11e44/2021-12-27 INFO ] 2021-12-27 19:48:16.046 SpeedTestPage:291 - Label on button before speed Test: START TEST
[logs/iOS_a2a6f180af7e6b36828ed95b3fc1de2c10e11e44/2021-12-27 INFO ] 2021-12-27 19:48:18.703 SpeedTestPage:258 - Clicked Start Speed Test Button
[logs/iOS_a2a6f180af7e6b36828ed95b3fc1de2c10e11e44/2021-12-27 INFO ] 2021-12-27 19:48:20.787 SpeedTestPage:293 - Label on button during speed Test: STOP TEST
[logs/iOS_a2a6f180af7e6b36828ed95b3fc1de2c10e11e44/2021-12-27 INFO ] 2021-12-27 19:50:06.650 SpeedTestPage:299 - App Rating Dialog did not appear
[logs/iOS_a2a6f180af7e6b36828ed95b3fc1de2c10e11e44/2021-12-27 INFO ] 2021-12-27 19:50:07.992 SpeedTestPage:300 - Label on button after speed Test: RUN TEST AGAIN
[logs/iOS_a2a6f180af7e6b36828ed95b3fc1de2c10e11e44/2021-12-27 ERROR] 2021-12-27 19:50:14.611 TestListener:39 - org.openqa.selenium.NoSuchElementException: Can't locate an element by this strategy: By.chained({By.xpath: //XCUIElementTypeButton[@name="Speed_Test_Screen_Button_Test"]})
	at io.appium.java_client.pagefactory.AppiumElementLocator.findElement(AppiumElementLocator.java:126)
	at io.appium.java_client.pagefactory.interceptors.InterceptorOfASingleElement.intercept(InterceptorOfASingleElement.java:59)
	at io.appium.java_client.ios.IOSElement$$EnhancerByCGLIB$$d311658.getText(<generated>)
	at com.cs.arris.Pages.SpeedTestPage.performSpeedTest(SpeedTestPage.java:291)
	at com.cs.arris.Tests.TC02_Medium_Test.Verify_Perform_Speed_Test(TC02_Medium_Test.java:652)
	at java.base/jdk.internal.reflect.NativeMethodAccessorImpl.invoke0(Native Method)
	at java.base/jdk.internal.reflect.NativeMethodAccessorImpl.invoke(NativeMethodAccessorImpl.java:62)
	at java.base/jdk.internal.reflect.DelegatingMethodAccessorImpl.invoke(DelegatingMethodAccessorImpl.java:43)
	at java.base/java.lang.reflect.Method.invoke(Method.java:566)
	at org.testng.internal.MethodInvocationHelper.invokeMethod(MethodInvocationHelper.java:133)
	at org.testng.internal.TestInvoker.invokeMethod(TestInvoker.java:598)
	at org.testng.internal.TestInvoker.invokeTestMethod(TestInvoker.java:173)
	at org.testng.internal.MethodRunner.runInSequence(MethodRunner.java:46)
	at org.testng.internal.TestInvoker$MethodInvocationAgent.invoke(TestInvoker.java:824)
	at org.testng.internal.TestInvoker.invokeTestMethods(TestInvoker.java:146)
	at org.testng.internal.TestMethodWorker.invokeTestMethods(TestMethodWorker.java:146)
	at org.testng.internal.TestMethodWorker.run(TestMethodWorker.java:128)
	at java.base/java.util.ArrayList.forEach(ArrayList.java:1540)
	at org.testng.TestRunner.privateRun(TestRunner.java:794)
	at org.testng.TestRunner.run(TestRunner.java:596)
	at org.testng.SuiteRunner.runTest(SuiteRunner.java:377)
	at org.testng.SuiteRunner.runSequentially(SuiteRunner.java:371)
	at org.testng.SuiteRunner.privateRun(SuiteRunner.java:332)
	at org.testng.SuiteRunner.run(SuiteRunner.java:276)
	at org.testng.SuiteRunnerWorker.runSuite(SuiteRunnerWorker.java:53)
	at org.testng.SuiteRunnerWorker.run(SuiteRunnerWorker.java:96)
	at org.testng.TestNG.runSuitesSequentially(TestNG.java:1212)
	at org.testng.TestNG.runSuitesLocally(TestNG.java:1134)
	at org.testng.TestNG.runSuites(TestNG.java:1063)
	at org.testng.TestNG.run(TestNG.java:1031)
	at org.apache.maven.surefire.testng.TestNGExecutor.run(TestNGExecutor.java:283)
	at org.apache.maven.surefire.testng.TestNGXmlTestSuite.execute(TestNGXmlTestSuite.java:75)
	at org.apache.maven.surefire.testng.TestNGProvider.invoke(TestNGProvider.java:120)
	at org.apache.maven.surefire.booter.ForkedBooter.invokeProviderInSameClassLoader(ForkedBooter.java:384)
	at org.apache.maven.surefire.booter.ForkedBooter.runSuitesInProcess(ForkedBooter.java:345)
	at org.apache.maven.surefire.booter.ForkedBooter.execute(ForkedBooter.java:126)
	at org.apache.maven.surefire.booter.ForkedBooter.main(ForkedBooter.java:418)
Caused by: org.openqa.selenium.TimeoutException: Expected condition failed: waiting for io.appium.java_client.pagefactory.AppiumElementLocator$WaitingFunction@68868328 (tried for 1 second(s) with 500 milliseconds interval)
	at org.openqa.selenium.support.ui.FluentWait.timeoutException(FluentWait.java:304)
	at org.openqa.selenium.support.ui.FluentWait.until(FluentWait.java:272)
	at io.appium.java_client.pagefactory.AppiumElementLocator.waitFor(AppiumElementLocator.java:99)
	at io.appium.java_client.pagefactory.AppiumElementLocator.findElement(AppiumElementLocator.java:119)
	... 36 more
Caused by: org.openqa.selenium.NoSuchElementException: Cannot locate an element using By.chained({By.xpath: //XCUIElementTypeButton[@name="Speed_Test_Screen_Button_Test"]})
For documentation on this error, please visit: https://www.seleniumhq.org/exceptions/no_such_element.html
Build info: version: '3.141.59', revision: 'e82be7d358', time: '2018-11-14T08:17:03'
System info: host: 'ambs-cw1sny1.commscope.com', ip: '192.168.0.132', os.name: 'Mac OS X', os.arch: 'x86_64', os.version: '10.16', java.version: '11.0.2'
Driver info: driver.version: IOSDriver
	at io.appium.java_client.pagefactory.bys.builder.ByChained.findElement(ByChained.java:74)
	at org.openqa.selenium.remote.RemoteWebDriver.findElement(RemoteWebDriver.java:315)
	at io.appium.java_client.DefaultGenericMobileDriver.findElement(DefaultGenericMobileDriver.java:57)
	at io.appium.java_client.AppiumDriver.findElement(AppiumDriver.java:1)
	at io.appium.java_client.ios.IOSDriver.findElement(IOSDriver.java:1)
	at io.appium.java_client.pagefactory.bys.ContentMappedBy.findElement(ContentMappedBy.java:50)
	at org.openqa.selenium.remote.RemoteWebDriver.findElement(RemoteWebDriver.java:315)
	at io.appium.java_client.DefaultGenericMobileDriver.findElement(DefaultGenericMobileDriver.java:57)
	at io.appium.java_client.AppiumDriver.findElement(AppiumDriver.java:1)
	at io.appium.java_client.ios.IOSDriver.findElement(IOSDriver.java:1)
	at io.appium.java_client.pagefactory.AppiumElementLocator.lambda$0(AppiumElementLocator.java:120)
	at io.appium.java_client.pagefactory.AppiumElementLocator$WaitingFunction.apply(AppiumElementLocator.java:172)
	at io.appium.java_client.pagefactory.AppiumElementLocator$WaitingFunction.apply(AppiumElementLocator.java:1)
	at org.openqa.selenium.support.ui.FluentWait.until(FluentWait.java:249)
	... 38 more

[logs/iOS_a2a6f180af7e6b36828ed95b3fc1de2c10e11e44/2021-12-27 INFO ] 2021-12-27 19:50:21.304 ParentClass:428 - video path: videos/iOS_a2a6f180af7e6b36828ed95b3fc1de2c10e11e44/2021-12-27-19-47-32/TC02_Medium_Test/Verify_Perform_Speed_Test.mp4
[logs/iOS_a2a6f180af7e6b36828ed95b3fc1de2c10e11e44/2021-12-27 INFO ] 2021-12-27 19:50:21.799 TC02_Medium_Test:84 - 

****** starting test : Verify_Speed_Test_Help_page ******

[logs/iOS_a2a6f180af7e6b36828ed95b3fc1de2c10e11e44/2021-12-27 INFO ] 2021-12-27 19:50:33.250 SpeedTestHelpPage:37 - Clicked on Close Button
[logs/iOS_a2a6f180af7e6b36828ed95b3fc1de2c10e11e44/2021-12-27 INFO ] 2021-12-27 19:50:36.587 SpeedTestPage:159 - Clicked on Back Button
[logs/iOS_a2a6f180af7e6b36828ed95b3fc1de2c10e11e44/2021-12-27 INFO ] 2021-12-27 19:50:37.541 ParentClass:428 - video path: videos/iOS_a2a6f180af7e6b36828ed95b3fc1de2c10e11e44/2021-12-27-19-47-32/TC02_Medium_Test/Verify_Speed_Test_Help_page.mp4
[logs/iOS_a2a6f180af7e6b36828ed95b3fc1de2c10e11e44/2021-12-27 INFO ] 2021-12-27 19:50:38.010 TC02_Medium_Test:84 - 

****** starting test : Verify_Home_Speed_Test_History_Page ******

[logs/iOS_a2a6f180af7e6b36828ed95b3fc1de2c10e11e44/2021-12-27 INFO ] 2021-12-27 19:50:39.162 HomePage:729 - On Home Page
[logs/iOS_a2a6f180af7e6b36828ed95b3fc1de2c10e11e44/2021-12-27 INFO ] 2021-12-27 19:50:46.670 HomePage:602 - Home Page - Clicked on Speed Test History Image
[logs/iOS_a2a6f180af7e6b36828ed95b3fc1de2c10e11e44/2021-12-27 INFO ] 2021-12-27 19:50:48.830 HomeSpeedTestHistoryPage:110 - On Speed Test History Page
[logs/iOS_a2a6f180af7e6b36828ed95b3fc1de2c10e11e44/2021-12-27 INFO ] 2021-12-27 19:50:48.843 HomeSpeedTestHistoryPage:59 - *************************************
[logs/iOS_a2a6f180af7e6b36828ed95b3fc1de2c10e11e44/2021-12-27 INFO ] 2021-12-27 19:50:48.844 HomeSpeedTestHistoryPage:60 - Details of Speed Test History Details
[logs/iOS_a2a6f180af7e6b36828ed95b3fc1de2c10e11e44/2021-12-27 INFO ] 2021-12-27 19:50:48.845 HomeSpeedTestHistoryPage:61 - *************************************
[logs/iOS_a2a6f180af7e6b36828ed95b3fc1de2c10e11e44/2021-12-27 INFO ] 2021-12-27 19:50:50.451 HomeSpeedTestHistoryPage:63 - Title : Speed Test History
[logs/iOS_a2a6f180af7e6b36828ed95b3fc1de2c10e11e44/2021-12-27 INFO ] 2021-12-27 19:50:51.918 HomeSpeedTestHistoryPage:72 - Speed Test History : 1
[logs/iOS_a2a6f180af7e6b36828ed95b3fc1de2c10e11e44/2021-12-27 INFO ] 2021-12-27 19:50:51.919 HomeSpeedTestHistoryPage:73 - ------------------------------
[logs/iOS_a2a6f180af7e6b36828ed95b3fc1de2c10e11e44/2021-12-27 INFO ] 2021-12-27 19:51:00.622 FooterIconsPage:149 - Footer Icons Page - Clicked on Home Button
[logs/iOS_a2a6f180af7e6b36828ed95b3fc1de2c10e11e44/2021-12-27 INFO ] 2021-12-27 19:51:02.047 ParentClass:428 - video path: videos/iOS_a2a6f180af7e6b36828ed95b3fc1de2c10e11e44/2021-12-27-19-47-32/TC02_Medium_Test/Verify_Home_Speed_Test_History_Page.mp4
[logs/iOS_a2a6f180af7e6b36828ed95b3fc1de2c10e11e44/2021-12-27 INFO ] 2021-12-27 19:51:03.759 ParentClass:185 - Closing App
[logs/iOS_a2a6f180af7e6b36828ed95b3fc1de2c10e11e44/2021-12-27 INFO ] 2021-12-27 19:51:03.794 ParentClass:187 - Quitting Driver
[logs/iOS_a2a6f180af7e6b36828ed95b3fc1de2c10e11e44/2021-12-27 INFO ] 2021-12-27 20:00:52.129 ParentClass:301 - log path: logs/iOS_a2a6f180af7e6b36828ed95b3fc1de2c10e11e44/2021-12-27
[logs/iOS_a2a6f180af7e6b36828ed95b3fc1de2c10e11e44/2021-12-27 INFO ] 2021-12-27 20:00:52.140 ParentClass:256 - Setting iOS driver capabilities
[logs/iOS_a2a6f180af7e6b36828ed95b3fc1de2c10e11e44/2021-12-27 INFO ] 2021-12-27 20:00:57.190 ParentClass:271 - iOS Driver is set to the Thread Local context ios
[logs/iOS_a2a6f180af7e6b36828ed95b3fc1de2c10e11e44/2021-12-27 INFO ] 2021-12-27 20:00:57.191 ParentClass:272 - iOS driver initialized: 
[logs/iOS_a2a6f180af7e6b36828ed95b3fc1de2c10e11e44/2021-12-27 INFO ] 2021-12-27 20:01:00.619 TC02_Medium_Test:60 - Loading...Sign Up Test Data
[logs/iOS_a2a6f180af7e6b36828ed95b3fc1de2c10e11e44/2021-12-27 INFO ] 2021-12-27 20:01:00.623 ParentClass:325 - loading...testdata/signup
[logs/iOS_a2a6f180af7e6b36828ed95b3fc1de2c10e11e44/2021-12-27 INFO ] 2021-12-27 20:01:00.627 TC02_Medium_Test:64 - First Name : demouser
[logs/iOS_a2a6f180af7e6b36828ed95b3fc1de2c10e11e44/2021-12-27 INFO ] 2021-12-27 20:01:00.629 TC02_Medium_Test:67 - Last Name : demouser
[logs/iOS_a2a6f180af7e6b36828ed95b3fc1de2c10e11e44/2021-12-27 INFO ] 2021-12-27 20:01:00.631 TC02_Medium_Test:70 - Email address : demouser2652@gmail.com
[logs/iOS_a2a6f180af7e6b36828ed95b3fc1de2c10e11e44/2021-12-27 INFO ] 2021-12-27 20:01:00.633 TC02_Medium_Test:73 - UDID : a2a6f180af7e6b36828ed95b3fc1de2c10e11e44
[logs/iOS_a2a6f180af7e6b36828ed95b3fc1de2c10e11e44/2021-12-27 INFO ] 2021-12-27 20:01:00.634 TC02_Medium_Test:75 - Retrieved...Sign Up Test Data
[logs/iOS_a2a6f180af7e6b36828ed95b3fc1de2c10e11e44/2021-12-27 INFO ] 2021-12-27 20:01:01.172 TC02_Medium_Test:84 - 

****** starting test : Login_And_Onboard ******

[logs/iOS_a2a6f180af7e6b36828ed95b3fc1de2c10e11e44/2021-12-27 INFO ] 2021-12-27 20:01:01.531 ParentClass:428 - video path: videos/iOS_a2a6f180af7e6b36828ed95b3fc1de2c10e11e44/2021-12-27-20-00-52/TC02_Medium_Test/Login_And_Onboard.mp4
[logs/iOS_a2a6f180af7e6b36828ed95b3fc1de2c10e11e44/2021-12-27 INFO ] 2021-12-27 20:01:01.936 TC02_Medium_Test:84 - 

****** starting test : Verify_Speed_Test_Page ******

[logs/iOS_a2a6f180af7e6b36828ed95b3fc1de2c10e11e44/2021-12-27 INFO ] 2021-12-27 20:01:01.938 TC02_Medium_Test:626 -                                 
[logs/iOS_a2a6f180af7e6b36828ed95b3fc1de2c10e11e44/2021-12-27 INFO ] 2021-12-27 20:01:01.938 TC02_Medium_Test:627 - ********************************
[logs/iOS_a2a6f180af7e6b36828ed95b3fc1de2c10e11e44/2021-12-27 INFO ] 2021-12-27 20:01:01.942 TC02_Medium_Test:628 - Test: Home Speed Test History   
[logs/iOS_a2a6f180af7e6b36828ed95b3fc1de2c10e11e44/2021-12-27 INFO ] 2021-12-27 20:01:01.943 TC02_Medium_Test:629 - ********************************
[logs/iOS_a2a6f180af7e6b36828ed95b3fc1de2c10e11e44/2021-12-27 INFO ] 2021-12-27 20:01:05.479 HomePage:579 - Home Page - Clicked on Navigation Icon to display the Hamburger Menu
[logs/iOS_a2a6f180af7e6b36828ed95b3fc1de2c10e11e44/2021-12-27 INFO ] 2021-12-27 20:01:06.586 HamburgerMenuPage:254 - On Hamburger Menu Page
[logs/iOS_a2a6f180af7e6b36828ed95b3fc1de2c10e11e44/2021-12-27 INFO ] 2021-12-27 20:01:12.983 HamburgerMenuPage:137 - Clicked on Speed Test Menu Button
[logs/iOS_a2a6f180af7e6b36828ed95b3fc1de2c10e11e44/2021-12-27 INFO ] 2021-12-27 20:01:19.717 SpeedTestPage:420 - On Speed Test Page
[logs/iOS_a2a6f180af7e6b36828ed95b3fc1de2c10e11e44/2021-12-27 INFO ] 2021-12-27 20:01:19.724 SpeedTestPage:179 -                                          
[logs/iOS_a2a6f180af7e6b36828ed95b3fc1de2c10e11e44/2021-12-27 INFO ] 2021-12-27 20:01:19.725 SpeedTestPage:180 - *****************************************
[logs/iOS_a2a6f180af7e6b36828ed95b3fc1de2c10e11e44/2021-12-27 INFO ] 2021-12-27 20:01:19.726 SpeedTestPage:181 - Verifying UI Elements on Speed Test Page 
[logs/iOS_a2a6f180af7e6b36828ed95b3fc1de2c10e11e44/2021-12-27 INFO ] 2021-12-27 20:01:19.727 SpeedTestPage:182 - *****************************************
[logs/iOS_a2a6f180af7e6b36828ed95b3fc1de2c10e11e44/2021-12-27 INFO ] 2021-12-27 20:01:21.126 SpeedTestPage:186 - Title - Speed Test - is displayed
[logs/iOS_a2a6f180af7e6b36828ed95b3fc1de2c10e11e44/2021-12-27 INFO ] 2021-12-27 20:01:22.088 SpeedTestPage:191 - Back Icon is displayed
[logs/iOS_a2a6f180af7e6b36828ed95b3fc1de2c10e11e44/2021-12-27 INFO ] 2021-12-27 20:01:23.045 SpeedTestPage:201 - Help Icon is displayed
[logs/iOS_a2a6f180af7e6b36828ed95b3fc1de2c10e11e44/2021-12-27 INFO ] 2021-12-27 20:01:23.769 SpeedTestPage:206 - Device Image is displayed
[logs/iOS_a2a6f180af7e6b36828ed95b3fc1de2c10e11e44/2021-12-27 INFO ] 2021-12-27 20:01:24.726 SpeedTestPage:211 - Device Name is displayed
[logs/iOS_a2a6f180af7e6b36828ed95b3fc1de2c10e11e44/2021-12-27 INFO ] 2021-12-27 20:01:25.556 SpeedTestPage:216 - Router Image is displayed
[logs/iOS_a2a6f180af7e6b36828ed95b3fc1de2c10e11e44/2021-12-27 INFO ] 2021-12-27 20:01:26.350 SpeedTestPage:221 - SSID Name is displayed
[logs/iOS_a2a6f180af7e6b36828ed95b3fc1de2c10e11e44/2021-12-27 INFO ] 2021-12-27 20:01:27.301 SpeedTestPage:226 - Interet Icon is displayed
[logs/iOS_a2a6f180af7e6b36828ed95b3fc1de2c10e11e44/2021-12-27 INFO ] 2021-12-27 20:01:34.008 ParentClass:428 - video path: videos/iOS_a2a6f180af7e6b36828ed95b3fc1de2c10e11e44/2021-12-27-20-00-52/TC02_Medium_Test/Verify_Speed_Test_Page.mp4
[logs/iOS_a2a6f180af7e6b36828ed95b3fc1de2c10e11e44/2021-12-27 INFO ] 2021-12-27 20:01:34.512 TC02_Medium_Test:84 - 

****** starting test : Verify_Perform_Speed_Test ******

[logs/iOS_a2a6f180af7e6b36828ed95b3fc1de2c10e11e44/2021-12-27 INFO ] 2021-12-27 20:01:36.495 SpeedTestPage:304 - Label on button before speed Test: START TEST
[logs/iOS_a2a6f180af7e6b36828ed95b3fc1de2c10e11e44/2021-12-27 INFO ] 2021-12-27 20:01:39.214 SpeedTestPage:258 - Clicked Start Speed Test Button
[logs/iOS_a2a6f180af7e6b36828ed95b3fc1de2c10e11e44/2021-12-27 INFO ] 2021-12-27 20:01:41.153 SpeedTestPage:311 - Label on button during speed Test: STOP TEST
[logs/iOS_a2a6f180af7e6b36828ed95b3fc1de2c10e11e44/2021-12-27 INFO ] 2021-12-27 20:03:27.578 SpeedTestPage:317 - App Rating Dialog did not appear
[logs/iOS_a2a6f180af7e6b36828ed95b3fc1de2c10e11e44/2021-12-27 INFO ] 2021-12-27 20:03:47.505 ParentClass:428 - video path: videos/iOS_a2a6f180af7e6b36828ed95b3fc1de2c10e11e44/2021-12-27-20-00-52/TC02_Medium_Test/Verify_Perform_Speed_Test.mp4
[logs/iOS_a2a6f180af7e6b36828ed95b3fc1de2c10e11e44/2021-12-27 INFO ] 2021-12-27 20:03:48.511 TC02_Medium_Test:84 - 

****** starting test : Verify_Speed_Test_Help_page ******

[logs/iOS_a2a6f180af7e6b36828ed95b3fc1de2c10e11e44/2021-12-27 INFO ] 2021-12-27 20:04:00.027 SpeedTestHelpPage:37 - Clicked on Close Button
[logs/iOS_a2a6f180af7e6b36828ed95b3fc1de2c10e11e44/2021-12-27 INFO ] 2021-12-27 20:04:03.219 SpeedTestPage:159 - Clicked on Back Button
[logs/iOS_a2a6f180af7e6b36828ed95b3fc1de2c10e11e44/2021-12-27 INFO ] 2021-12-27 20:04:04.184 ParentClass:428 - video path: videos/iOS_a2a6f180af7e6b36828ed95b3fc1de2c10e11e44/2021-12-27-20-00-52/TC02_Medium_Test/Verify_Speed_Test_Help_page.mp4
[logs/iOS_a2a6f180af7e6b36828ed95b3fc1de2c10e11e44/2021-12-27 INFO ] 2021-12-27 20:04:04.656 TC02_Medium_Test:84 - 

****** starting test : Verify_Home_Speed_Test_History_Page ******

[logs/iOS_a2a6f180af7e6b36828ed95b3fc1de2c10e11e44/2021-12-27 INFO ] 2021-12-27 20:04:05.841 HomePage:729 - On Home Page
[logs/iOS_a2a6f180af7e6b36828ed95b3fc1de2c10e11e44/2021-12-27 INFO ] 2021-12-27 20:04:12.013 HomePage:602 - Home Page - Clicked on Speed Test History Image
[logs/iOS_a2a6f180af7e6b36828ed95b3fc1de2c10e11e44/2021-12-27 INFO ] 2021-12-27 20:04:14.582 HomeSpeedTestHistoryPage:111 - On Speed Test History Page
[logs/iOS_a2a6f180af7e6b36828ed95b3fc1de2c10e11e44/2021-12-27 INFO ] 2021-12-27 20:04:14.589 HomeSpeedTestHistoryPage:59 - *************************************
[logs/iOS_a2a6f180af7e6b36828ed95b3fc1de2c10e11e44/2021-12-27 INFO ] 2021-12-27 20:04:14.590 HomeSpeedTestHistoryPage:60 - Details of Speed Test History Details
[logs/iOS_a2a6f180af7e6b36828ed95b3fc1de2c10e11e44/2021-12-27 INFO ] 2021-12-27 20:04:14.591 HomeSpeedTestHistoryPage:61 - *************************************
[logs/iOS_a2a6f180af7e6b36828ed95b3fc1de2c10e11e44/2021-12-27 INFO ] 2021-12-27 20:04:16.365 HomeSpeedTestHistoryPage:63 - Title : Speed Test History
[logs/iOS_a2a6f180af7e6b36828ed95b3fc1de2c10e11e44/2021-12-27 INFO ] 2021-12-27 20:04:18.086 HomeSpeedTestHistoryPage:72 - Speed Test History : 1
[logs/iOS_a2a6f180af7e6b36828ed95b3fc1de2c10e11e44/2021-12-27 INFO ] 2021-12-27 20:04:18.090 HomeSpeedTestHistoryPage:73 - ------------------------------
[logs/iOS_a2a6f180af7e6b36828ed95b3fc1de2c10e11e44/2021-12-27 INFO ] 2021-12-27 20:04:18.875 HomeSpeedTestHistoryPage:84 - Date and Time: Dec 27, 2021 at 08:02 PM
[logs/iOS_a2a6f180af7e6b36828ed95b3fc1de2c10e11e44/2021-12-27 INFO ] 2021-12-27 20:04:19.603 HomeSpeedTestHistoryPage:85 - Device Name : iPhone
[logs/iOS_a2a6f180af7e6b36828ed95b3fc1de2c10e11e44/2021-12-27 INFO ] 2021-12-27 20:04:20.319 HomeSpeedTestHistoryPage:86 - Router Name : arrisW31-938
[logs/iOS_a2a6f180af7e6b36828ed95b3fc1de2c10e11e44/2021-12-27 INFO ] 2021-12-27 20:04:21.018 HomeSpeedTestHistoryPage:87 - Internet Name : Internet
[logs/iOS_a2a6f180af7e6b36828ed95b3fc1de2c10e11e44/2021-12-27 INFO ] 2021-12-27 20:04:21.696 HomeSpeedTestHistoryPage:88 - Wifi Download Text : Download
[logs/iOS_a2a6f180af7e6b36828ed95b3fc1de2c10e11e44/2021-12-27 INFO ] 2021-12-27 20:04:22.393 HomeSpeedTestHistoryPage:89 - Wifi Download Speed: 646.3 Mbps
[logs/iOS_a2a6f180af7e6b36828ed95b3fc1de2c10e11e44/2021-12-27 INFO ] 2021-12-27 20:04:23.116 HomeSpeedTestHistoryPage:90 - Wifi Upload Text : Upload
[logs/iOS_a2a6f180af7e6b36828ed95b3fc1de2c10e11e44/2021-12-27 INFO ] 2021-12-27 20:04:23.854 HomeSpeedTestHistoryPage:91 - Wifi Upload Speed: 483.91 Mbps
[logs/iOS_a2a6f180af7e6b36828ed95b3fc1de2c10e11e44/2021-12-27 INFO ] 2021-12-27 20:04:24.591 HomeSpeedTestHistoryPage:92 - Internet Download Text : Download
[logs/iOS_a2a6f180af7e6b36828ed95b3fc1de2c10e11e44/2021-12-27 INFO ] 2021-12-27 20:04:25.307 HomeSpeedTestHistoryPage:93 - Internet Download Speed: 292.0 Mbps
[logs/iOS_a2a6f180af7e6b36828ed95b3fc1de2c10e11e44/2021-12-27 INFO ] 2021-12-27 20:04:26.049 HomeSpeedTestHistoryPage:94 - Internet Upload Text	: Upload
[logs/iOS_a2a6f180af7e6b36828ed95b3fc1de2c10e11e44/2021-12-27 INFO ] 2021-12-27 20:04:26.816 HomeSpeedTestHistoryPage:95 - Internet Upload Speed : 296.0 Mbps
[logs/iOS_a2a6f180af7e6b36828ed95b3fc1de2c10e11e44/2021-12-27 INFO ] 2021-12-27 20:04:26.818 HomeSpeedTestHistoryPage:96 - ****************************************************
[logs/iOS_a2a6f180af7e6b36828ed95b3fc1de2c10e11e44/2021-12-27 INFO ] 2021-12-27 20:04:28.446 HomeSpeedTestHistoryPage:72 - Speed Test History : 2
[logs/iOS_a2a6f180af7e6b36828ed95b3fc1de2c10e11e44/2021-12-27 INFO ] 2021-12-27 20:04:28.447 HomeSpeedTestHistoryPage:73 - ------------------------------
[logs/iOS_a2a6f180af7e6b36828ed95b3fc1de2c10e11e44/2021-12-27 INFO ] 2021-12-27 20:04:29.242 HomeSpeedTestHistoryPage:84 - Date and Time: Dec 27, 2021 at 07:54 PM
[logs/iOS_a2a6f180af7e6b36828ed95b3fc1de2c10e11e44/2021-12-27 INFO ] 2021-12-27 20:04:29.977 HomeSpeedTestHistoryPage:85 - Device Name : iPhone
[logs/iOS_a2a6f180af7e6b36828ed95b3fc1de2c10e11e44/2021-12-27 INFO ] 2021-12-27 20:04:30.697 HomeSpeedTestHistoryPage:86 - Router Name : arrisW31-938
[logs/iOS_a2a6f180af7e6b36828ed95b3fc1de2c10e11e44/2021-12-27 INFO ] 2021-12-27 20:04:31.444 HomeSpeedTestHistoryPage:87 - Internet Name : Internet
[logs/iOS_a2a6f180af7e6b36828ed95b3fc1de2c10e11e44/2021-12-27 INFO ] 2021-12-27 20:04:32.291 HomeSpeedTestHistoryPage:88 - Wifi Download Text : Download
[logs/iOS_a2a6f180af7e6b36828ed95b3fc1de2c10e11e44/2021-12-27 INFO ] 2021-12-27 20:04:32.998 HomeSpeedTestHistoryPage:89 - Wifi Download Speed: 644.5 Mbps
[logs/iOS_a2a6f180af7e6b36828ed95b3fc1de2c10e11e44/2021-12-27 INFO ] 2021-12-27 20:04:33.707 HomeSpeedTestHistoryPage:90 - Wifi Upload Text : Upload
[logs/iOS_a2a6f180af7e6b36828ed95b3fc1de2c10e11e44/2021-12-27 INFO ] 2021-12-27 20:04:34.424 HomeSpeedTestHistoryPage:91 - Wifi Upload Speed: 438.44 Mbps
[logs/iOS_a2a6f180af7e6b36828ed95b3fc1de2c10e11e44/2021-12-27 INFO ] 2021-12-27 20:04:35.310 HomeSpeedTestHistoryPage:92 - Internet Download Text : Download
[logs/iOS_a2a6f180af7e6b36828ed95b3fc1de2c10e11e44/2021-12-27 INFO ] 2021-12-27 20:04:36.071 HomeSpeedTestHistoryPage:93 - Internet Download Speed: 292.0 Mbps
[logs/iOS_a2a6f180af7e6b36828ed95b3fc1de2c10e11e44/2021-12-27 INFO ] 2021-12-27 20:04:36.809 HomeSpeedTestHistoryPage:94 - Internet Upload Text	: Upload
[logs/iOS_a2a6f180af7e6b36828ed95b3fc1de2c10e11e44/2021-12-27 INFO ] 2021-12-27 20:04:37.575 HomeSpeedTestHistoryPage:95 - Internet Upload Speed : 296.0 Mbps
[logs/iOS_a2a6f180af7e6b36828ed95b3fc1de2c10e11e44/2021-12-27 INFO ] 2021-12-27 20:04:37.578 HomeSpeedTestHistoryPage:96 - ****************************************************
[logs/iOS_a2a6f180af7e6b36828ed95b3fc1de2c10e11e44/2021-12-27 INFO ] 2021-12-27 20:04:41.185 HomeSpeedTestHistoryPage:72 - Speed Test History : 3
[logs/iOS_a2a6f180af7e6b36828ed95b3fc1de2c10e11e44/2021-12-27 INFO ] 2021-12-27 20:04:41.188 HomeSpeedTestHistoryPage:73 - ------------------------------
[logs/iOS_a2a6f180af7e6b36828ed95b3fc1de2c10e11e44/2021-12-27 INFO ] 2021-12-27 20:04:41.973 HomeSpeedTestHistoryPage:84 - Date and Time: Dec 27, 2021 at 07:49 PM
[logs/iOS_a2a6f180af7e6b36828ed95b3fc1de2c10e11e44/2021-12-27 INFO ] 2021-12-27 20:04:42.673 HomeSpeedTestHistoryPage:85 - Device Name : iPhone
[logs/iOS_a2a6f180af7e6b36828ed95b3fc1de2c10e11e44/2021-12-27 INFO ] 2021-12-27 20:04:43.442 HomeSpeedTestHistoryPage:86 - Router Name : arrisW31-938
[logs/iOS_a2a6f180af7e6b36828ed95b3fc1de2c10e11e44/2021-12-27 INFO ] 2021-12-27 20:04:44.166 HomeSpeedTestHistoryPage:87 - Internet Name : Internet
[logs/iOS_a2a6f180af7e6b36828ed95b3fc1de2c10e11e44/2021-12-27 INFO ] 2021-12-27 20:04:44.897 HomeSpeedTestHistoryPage:88 - Wifi Download Text : Download
[logs/iOS_a2a6f180af7e6b36828ed95b3fc1de2c10e11e44/2021-12-27 INFO ] 2021-12-27 20:04:45.644 HomeSpeedTestHistoryPage:89 - Wifi Download Speed: 648.84 Mbps
[logs/iOS_a2a6f180af7e6b36828ed95b3fc1de2c10e11e44/2021-12-27 INFO ] 2021-12-27 20:04:46.391 HomeSpeedTestHistoryPage:90 - Wifi Upload Text : Upload
[logs/iOS_a2a6f180af7e6b36828ed95b3fc1de2c10e11e44/2021-12-27 INFO ] 2021-12-27 20:04:47.087 HomeSpeedTestHistoryPage:91 - Wifi Upload Speed: 487.1 Mbps
[logs/iOS_a2a6f180af7e6b36828ed95b3fc1de2c10e11e44/2021-12-27 INFO ] 2021-12-27 20:04:47.836 HomeSpeedTestHistoryPage:92 - Internet Download Text : Download
[logs/iOS_a2a6f180af7e6b36828ed95b3fc1de2c10e11e44/2021-12-27 INFO ] 2021-12-27 20:04:48.579 HomeSpeedTestHistoryPage:93 - Internet Download Speed: 292.0 Mbps
[logs/iOS_a2a6f180af7e6b36828ed95b3fc1de2c10e11e44/2021-12-27 INFO ] 2021-12-27 20:04:49.293 HomeSpeedTestHistoryPage:94 - Internet Upload Text	: Upload
[logs/iOS_a2a6f180af7e6b36828ed95b3fc1de2c10e11e44/2021-12-27 INFO ] 2021-12-27 20:04:50.022 HomeSpeedTestHistoryPage:95 - Internet Upload Speed : 296.0 Mbps
[logs/iOS_a2a6f180af7e6b36828ed95b3fc1de2c10e11e44/2021-12-27 INFO ] 2021-12-27 20:04:50.023 HomeSpeedTestHistoryPage:96 - ****************************************************
[logs/iOS_a2a6f180af7e6b36828ed95b3fc1de2c10e11e44/2021-12-27 INFO ] 2021-12-27 20:04:54.095 FooterIconsPage:149 - Footer Icons Page - Clicked on Home Button
[logs/iOS_a2a6f180af7e6b36828ed95b3fc1de2c10e11e44/2021-12-27 INFO ] 2021-12-27 20:04:56.796 ParentClass:428 - video path: videos/iOS_a2a6f180af7e6b36828ed95b3fc1de2c10e11e44/2021-12-27-20-00-52/TC02_Medium_Test/Verify_Home_Speed_Test_History_Page.mp4
[logs/iOS_a2a6f180af7e6b36828ed95b3fc1de2c10e11e44/2021-12-27 INFO ] 2021-12-27 20:04:58.684 ParentClass:185 - Closing App
[logs/iOS_a2a6f180af7e6b36828ed95b3fc1de2c10e11e44/2021-12-27 INFO ] 2021-12-27 20:04:58.727 ParentClass:187 - Quitting Driver
[logs/iOS_a2a6f180af7e6b36828ed95b3fc1de2c10e11e44/2021-12-27 INFO ] 2021-12-27 21:19:04.875 ParentClass:301 - log path: logs/iOS_a2a6f180af7e6b36828ed95b3fc1de2c10e11e44/2021-12-27
[logs/iOS_a2a6f180af7e6b36828ed95b3fc1de2c10e11e44/2021-12-27 INFO ] 2021-12-27 21:19:04.886 ParentClass:256 - Setting iOS driver capabilities
[logs/iOS_a2a6f180af7e6b36828ed95b3fc1de2c10e11e44/2021-12-27 INFO ] 2021-12-27 21:19:10.144 ParentClass:271 - iOS Driver is set to the Thread Local context ios
[logs/iOS_a2a6f180af7e6b36828ed95b3fc1de2c10e11e44/2021-12-27 INFO ] 2021-12-27 21:19:10.146 ParentClass:272 - iOS driver initialized: 
[logs/iOS_a2a6f180af7e6b36828ed95b3fc1de2c10e11e44/2021-12-27 INFO ] 2021-12-27 21:19:13.681 TC03_Complex_Test:61 - Loading...Sign Up Test Data
[logs/iOS_a2a6f180af7e6b36828ed95b3fc1de2c10e11e44/2021-12-27 INFO ] 2021-12-27 21:19:13.688 ParentClass:325 - loading...testdata/signup
[logs/iOS_a2a6f180af7e6b36828ed95b3fc1de2c10e11e44/2021-12-27 INFO ] 2021-12-27 21:19:13.696 TC03_Complex_Test:65 - First Name : demouser
[logs/iOS_a2a6f180af7e6b36828ed95b3fc1de2c10e11e44/2021-12-27 INFO ] 2021-12-27 21:19:13.698 TC03_Complex_Test:68 - Last Name : demouser
[logs/iOS_a2a6f180af7e6b36828ed95b3fc1de2c10e11e44/2021-12-27 INFO ] 2021-12-27 21:19:13.702 TC03_Complex_Test:71 - Email address : demouser2652@gmail.com
[logs/iOS_a2a6f180af7e6b36828ed95b3fc1de2c10e11e44/2021-12-27 INFO ] 2021-12-27 21:19:13.704 TC03_Complex_Test:74 - UDID : a2a6f180af7e6b36828ed95b3fc1de2c10e11e44
[logs/iOS_a2a6f180af7e6b36828ed95b3fc1de2c10e11e44/2021-12-27 INFO ] 2021-12-27 21:19:13.705 TC03_Complex_Test:76 - Retrieved...Sign Up Test Data
[logs/iOS_a2a6f180af7e6b36828ed95b3fc1de2c10e11e44/2021-12-27 INFO ] 2021-12-27 21:19:14.269 TC03_Complex_Test:85 - 

****** starting test : Login_And_Onboard ******

[logs/iOS_a2a6f180af7e6b36828ed95b3fc1de2c10e11e44/2021-12-27 INFO ] 2021-12-27 21:19:14.711 ParentClass:428 - video path: videos/iOS_a2a6f180af7e6b36828ed95b3fc1de2c10e11e44/2021-12-27-21-19-04/TC03_Complex_Test/Login_And_Onboard.mp4
[logs/iOS_a2a6f180af7e6b36828ed95b3fc1de2c10e11e44/2021-12-27 INFO ] 2021-12-27 21:19:15.125 TC03_Complex_Test:85 - 

****** starting test : Verify_Network_UI_Page ******

[logs/iOS_a2a6f180af7e6b36828ed95b3fc1de2c10e11e44/2021-12-27 INFO ] 2021-12-27 21:19:15.128 TC03_Complex_Test:478 -                      
[logs/iOS_a2a6f180af7e6b36828ed95b3fc1de2c10e11e44/2021-12-27 INFO ] 2021-12-27 21:19:15.130 TC03_Complex_Test:479 - *********************
[logs/iOS_a2a6f180af7e6b36828ed95b3fc1de2c10e11e44/2021-12-27 INFO ] 2021-12-27 21:19:15.131 TC03_Complex_Test:480 - Test: Network Page   
[logs/iOS_a2a6f180af7e6b36828ed95b3fc1de2c10e11e44/2021-12-27 INFO ] 2021-12-27 21:19:15.131 TC03_Complex_Test:481 - *********************
[logs/iOS_a2a6f180af7e6b36828ed95b3fc1de2c10e11e44/2021-12-27 INFO ] 2021-12-27 21:19:17.739 FooterIconsPage:161 - Footer Icons Page - Clicked on Network Button
[logs/iOS_a2a6f180af7e6b36828ed95b3fc1de2c10e11e44/2021-12-27 INFO ] 2021-12-27 21:19:17.762 NetworkPage:448 -                                      
[logs/iOS_a2a6f180af7e6b36828ed95b3fc1de2c10e11e44/2021-12-27 INFO ] 2021-12-27 21:19:17.762 NetworkPage:449 - **************************************
[logs/iOS_a2a6f180af7e6b36828ed95b3fc1de2c10e11e44/2021-12-27 INFO ] 2021-12-27 21:19:17.762 NetworkPage:450 - Verifying UI Elements on Network Page 
[logs/iOS_a2a6f180af7e6b36828ed95b3fc1de2c10e11e44/2021-12-27 INFO ] 2021-12-27 21:19:17.762 NetworkPage:451 - **************************************
[logs/iOS_a2a6f180af7e6b36828ed95b3fc1de2c10e11e44/2021-12-27 INFO ] 2021-12-27 21:19:19.771 NetworkPage:454 - Network  title text is displayed 
[logs/iOS_a2a6f180af7e6b36828ed95b3fc1de2c10e11e44/2021-12-27 INFO ] 2021-12-27 21:19:20.664 NetworkPage:459 - Help Icon is displayed
[logs/iOS_a2a6f180af7e6b36828ed95b3fc1de2c10e11e44/2021-12-27 INFO ] 2021-12-27 21:19:21.522 NetworkPage:464 - Main WiFi expand button is displayed
[logs/iOS_a2a6f180af7e6b36828ed95b3fc1de2c10e11e44/2021-12-27 INFO ] 2021-12-27 21:19:24.700 NetworkPage:470 - Main Wi-Fi Network Label is displayed 
[logs/iOS_a2a6f180af7e6b36828ed95b3fc1de2c10e11e44/2021-12-27 INFO ] 2021-12-27 21:19:28.549 NetworkPage:475 - Network Name (SSID) : arrisW31-938
[logs/iOS_a2a6f180af7e6b36828ed95b3fc1de2c10e11e44/2021-12-27 INFO ] 2021-12-27 21:19:32.347 NetworkPage:480 - Password : 
[logs/iOS_a2a6f180af7e6b36828ed95b3fc1de2c10e11e44/2021-12-27 INFO ] 2021-12-27 21:19:33.312 NetworkPage:485 - Show Password Icon is displayed 
[logs/iOS_a2a6f180af7e6b36828ed95b3fc1de2c10e11e44/2021-12-27 INFO ] 2021-12-27 21:19:37.469 NetworkPage:491 - Guest Wi-Fi Network  label is displayed
[logs/iOS_a2a6f180af7e6b36828ed95b3fc1de2c10e11e44/2021-12-27 INFO ] 2021-12-27 21:19:39.235 NetworkPage:496 - Enable/Disable Guest Network label is displayed
[logs/iOS_a2a6f180af7e6b36828ed95b3fc1de2c10e11e44/2021-12-27 INFO ] 2021-12-27 21:19:40.015 NetworkPage:553 - Extended WiFi Settings expand button is displayed
[logs/iOS_a2a6f180af7e6b36828ed95b3fc1de2c10e11e44/2021-12-27 INFO ] 2021-12-27 21:19:43.783 NetworkPage:559 - Extended Wi-Fi Settings label is displayed
[logs/iOS_a2a6f180af7e6b36828ed95b3fc1de2c10e11e44/2021-12-27 INFO ] 2021-12-27 21:19:45.741 NetworkPage:564 - 5GHz Wideband Mode label is displayed
[logs/iOS_a2a6f180af7e6b36828ed95b3fc1de2c10e11e44/2021-12-27 INFO ] 2021-12-27 21:19:47.439 NetworkPage:569 - Enables DFS (up to) 160MHz channels label is displayed
[logs/iOS_a2a6f180af7e6b36828ed95b3fc1de2c10e11e44/2021-12-27 INFO ] 2021-12-27 21:19:50.224 NetworkPage:579 - Band Steering Mode label is displayed
[logs/iOS_a2a6f180af7e6b36828ed95b3fc1de2c10e11e44/2021-12-27 INFO ] 2021-12-27 21:19:51.897 NetworkPage:584 - Periodically will check devices connected on 2.4GHz bands and steer them to faster available 5GHz bands label is displayed
[logs/iOS_a2a6f180af7e6b36828ed95b3fc1de2c10e11e44/2021-12-27 INFO ] 2021-12-27 21:19:54.628 NetworkPage:591 - Network Settings expand button is displayed
[logs/iOS_a2a6f180af7e6b36828ed95b3fc1de2c10e11e44/2021-12-27 INFO ] 2021-12-27 21:20:00.164 NetworkPage:598 - Network Settings label is displayed
[logs/iOS_a2a6f180af7e6b36828ed95b3fc1de2c10e11e44/2021-12-27 INFO ] 2021-12-27 21:20:03.573 NetworkPage:603 - LAN IP Address : 192.168.7.1
[logs/iOS_a2a6f180af7e6b36828ed95b3fc1de2c10e11e44/2021-12-27 INFO ] 2021-12-27 21:20:07.490 NetworkPage:608 - Gateway IP Address : 10.240.0.1
[logs/iOS_a2a6f180af7e6b36828ed95b3fc1de2c10e11e44/2021-12-27 INFO ] 2021-12-27 21:20:09.172 NetworkPage:613 - General Settings label is displayed
[logs/iOS_a2a6f180af7e6b36828ed95b3fc1de2c10e11e44/2021-12-27 INFO ] 2021-12-27 21:20:11.243 NetworkPage:618 - WAN Settings label is displayed
[logs/iOS_a2a6f180af7e6b36828ed95b3fc1de2c10e11e44/2021-12-27 INFO ] 2021-12-27 21:20:13.006 NetworkPage:623 - LAN Settings label is displayed
[logs/iOS_a2a6f180af7e6b36828ed95b3fc1de2c10e11e44/2021-12-27 INFO ] 2021-12-27 21:20:14.516 NetworkPage:628 - Device Priority Settings label is displayed
[logs/iOS_a2a6f180af7e6b36828ed95b3fc1de2c10e11e44/2021-12-27 INFO ] 2021-12-27 21:20:16.591 NetworkPage:633 - Time Zone label is displayed
[logs/iOS_a2a6f180af7e6b36828ed95b3fc1de2c10e11e44/2021-12-27 INFO ] 2021-12-27 21:20:18.652 NetworkPage:638 - Chennai, Kolkata, Mumbai, New Delhi (GMT +05:30) label is displayed
[logs/iOS_a2a6f180af7e6b36828ed95b3fc1de2c10e11e44/2021-12-27 INFO ] 2021-12-27 21:20:22.213 NetworkPage:645 - TEST MY CONNECTION SPEED button is displayed
[logs/iOS_a2a6f180af7e6b36828ed95b3fc1de2c10e11e44/2021-12-27 INFO ] 2021-12-27 21:20:25.320 ParentClass:428 - video path: videos/iOS_a2a6f180af7e6b36828ed95b3fc1de2c10e11e44/2021-12-27-21-19-04/TC03_Complex_Test/Verify_Network_UI_Page.mp4
[logs/iOS_a2a6f180af7e6b36828ed95b3fc1de2c10e11e44/2021-12-27 INFO ] 2021-12-27 21:20:27.361 ParentClass:185 - Closing App
[logs/iOS_a2a6f180af7e6b36828ed95b3fc1de2c10e11e44/2021-12-27 INFO ] 2021-12-27 21:20:27.433 ParentClass:187 - Quitting Driver
