
[logs/Android_RZ8M3002DGL/2021-10-20 INFO ] 2021-10-20 15:53:26.305 ParentClass:261 - log path: logs/Android_RZ8M3002DGL/2021-10-20
[logs/Android_RZ8M3002DGL/2021-10-20 INFO ] 2021-10-20 15:53:26.315 ParentClass:210 - Setting Android driver capabilities
[logs/Android_RZ8M3002DGL/2021-10-20 INFO ] 2021-10-20 15:53:45.320 ParentClass:219 - Android Driver is set to the Thread Local context android
[logs/Android_RZ8M3002DGL/2021-10-20 INFO ] 2021-10-20 15:53:45.322 ParentClass:220 - Android driver initialized: 
[logs/Android_RZ8M3002DGL/2021-10-20 INFO ] 2021-10-20 15:53:50.300 TC03_Verify_Invalid_OTP_Test:36 - Loading...Sign Up Test Data
[logs/Android_RZ8M3002DGL/2021-10-20 INFO ] 2021-10-20 15:53:50.303 ParentClass:285 - loading...testdata/signup
[logs/Android_RZ8M3002DGL/2021-10-20 INFO ] 2021-10-20 15:53:50.319 TC03_Verify_Invalid_OTP_Test:40 - Email address : demouser2652@gmail.com
[logs/Android_RZ8M3002DGL/2021-10-20 INFO ] 2021-10-20 15:53:50.322 TC03_Verify_Invalid_OTP_Test:42 - Retrieved...Sign Up Test Data
[logs/Android_RZ8M3002DGL/2021-10-20 INFO ] 2021-10-20 15:53:51.207 TC03_Verify_Invalid_OTP_Test:51 - 
****** starting test:Verify_Invalid_PassCode******

[logs/Android_RZ8M3002DGL/2021-10-20 INFO ] 2021-10-20 15:53:51.893 GetStartedPage:44 - Get Started - Clicked on Get Started Button
[logs/Android_RZ8M3002DGL/2021-10-20 INFO ] 2021-10-20 15:53:52.675 GrantPermissionsPage:183 - Grant Permissions - Clicked on Continue Button
[logs/Android_RZ8M3002DGL/2021-10-20 INFO ] 2021-10-20 15:53:53.466 DeviceLocationPage:105 - Device Location - Clicked Only this time
[logs/Android_RZ8M3002DGL/2021-10-20 INFO ] 2021-10-20 15:54:09.817 DeviceLocationPage:107 - Device Location - Clicked Allow
[logs/Android_RZ8M3002DGL/2021-10-20 INFO ] 2021-10-20 15:54:10.133 AccessResourcesOnDevicePage:49 - Access Resources On Device - Clicked on Allow Link
[logs/Android_RZ8M3002DGL/2021-10-20 INFO ] 2021-10-20 15:54:11.671 SelectYourDevicePage:64 - Select your Device 1 - Selected SURFboard mAX option
[logs/Android_RZ8M3002DGL/2021-10-20 INFO ] 2021-10-20 15:54:12.614 SelectYourDevicePage:73 - Select your Device 1 - Clicked Next Button
[logs/Android_RZ8M3002DGL/2021-10-20 INFO ] 2021-10-20 15:54:13.846 SelectYourDevicePage2:73 - Select your Device 2 - Selected mAX Pro AX11000 option
[logs/Android_RZ8M3002DGL/2021-10-20 INFO ] 2021-10-20 15:54:14.818 SelectYourDevicePage2:82 - Select your Device 2 - Clicked Next Button
[logs/Android_RZ8M3002DGL/2021-10-20 INFO ] 2021-10-20 15:54:16.562 SiginPage:52 - Sigin Page - Entered user email address
[logs/Android_RZ8M3002DGL/2021-10-20 INFO ] 2021-10-20 15:54:17.391 SiginPage:61 - Sigin Page - Clicked on Signin Button
[logs/Android_RZ8M3002DGL/2021-10-20 INFO ] 2021-10-20 15:54:27.484 InValidOTP:119 - loading...emailDetails
[logs/Android_RZ8M3002DGL/2021-10-20 INFO ] 2021-10-20 15:54:33.197 EnterValidOTPPage:67 - Entering invalid OTP...000000.
[logs/Android_RZ8M3002DGL/2021-10-20 INFO ] 2021-10-20 15:54:34.698 EnterValidOTPPage:75 - Invalid passcode message is displayed
[logs/Android_RZ8M3002DGL/2021-10-20 INFO ] 2021-10-20 15:54:35.002 EnterValidOTPPage:88 - Clicked Resend OTP Link
[logs/Android_RZ8M3002DGL/2021-10-20 INFO ] 2021-10-20 15:54:46.393 InValidOTP:119 - loading...emailDetails
[logs/Android_RZ8M3002DGL/2021-10-20 INFO ] 2021-10-20 15:54:51.892 EnterValidOTPPage:61 - Entering valid OTP...370296
[logs/Android_RZ8M3002DGL/2021-10-20 INFO ] 2021-10-20 15:54:54.100 CodeVerifiedPage:74 - OTP Code Verified Page - Clicked on Next Button
[logs/Android_RZ8M3002DGL/2021-10-20 INFO ] 2021-10-20 15:55:13.156 ParentClass:388 - video path: videos/Android_RZ8M3002DGL/2021-10-20-15-53-26/TC03_Verify_Invalid_OTP_Test/Verify_Invalid_PassCode.mp4
[logs/Android_RZ8M3002DGL/2021-10-20 INFO ] 2021-10-20 15:55:24.454 TC02_EC_0002_1002_Disconnect_Wifi_On_Mobile_Test:43 - Loading...Error Code XML file
[logs/Android_RZ8M3002DGL/2021-10-20 INFO ] 2021-10-20 15:55:24.456 ParentClass:313 - loading... error_codes/error_codes.xml
[logs/Android_RZ8M3002DGL/2021-10-20 INFO ] 2021-10-20 15:55:24.470 TC02_EC_0002_1002_Disconnect_Wifi_On_Mobile_Test:50 - Retrieved...Internet Not Avialable Error code from XML file
[logs/Android_RZ8M3002DGL/2021-10-20 INFO ] 2021-10-20 15:55:25.175 TC02_EC_0002_1002_Disconnect_Wifi_On_Mobile_Test:59 - 
****** starting test:EC_0002_1002_Disconnect_Wifi_On_Mobile_Test******

[logs/Android_RZ8M3002DGL/2021-10-20 INFO ] 2021-10-20 15:55:25.177 TC02_EC_0002_1002_Disconnect_Wifi_On_Mobile_Test:67 - Turning OFF Wifi..........
[logs/Android_RZ8M3002DGL/2021-10-20 INFO ] 2021-10-20 15:55:25.419 TC02_EC_0002_1002_Disconnect_Wifi_On_Mobile_Test:69 - Wifi Turned OFF
[logs/Android_RZ8M3002DGL/2021-10-20 INFO ] 2021-10-20 15:55:27.834 GetStartedPage:44 - Get Started - Clicked on Get Started Button
[logs/Android_RZ8M3002DGL/2021-10-20 INFO ] 2021-10-20 15:55:28.587 GrantPermissionsPage:183 - Grant Permissions - Clicked on Continue Button
[logs/Android_RZ8M3002DGL/2021-10-20 INFO ] 2021-10-20 15:55:29.322 DeviceLocationPage:105 - Device Location - Clicked Only this time
[logs/Android_RZ8M3002DGL/2021-10-20 INFO ] 2021-10-20 15:55:39.853 DeviceLocationPage:107 - Device Location - Clicked Allow
[logs/Android_RZ8M3002DGL/2021-10-20 INFO ] 2021-10-20 15:55:40.086 AccessResourcesOnDevicePage:49 - Access Resources On Device - Clicked on Allow Link
[logs/Android_RZ8M3002DGL/2021-10-20 INFO ] 2021-10-20 15:56:13.914 TC02_EC_0002_1002_Disconnect_Wifi_On_Mobile_Test:96 - Turning ON Wifi..........
[logs/Android_RZ8M3002DGL/2021-10-20 INFO ] 2021-10-20 15:56:14.195 TC02_EC_0002_1002_Disconnect_Wifi_On_Mobile_Test:98 - Wifi Turned ON
[logs/Android_RZ8M3002DGL/2021-10-20 INFO ] 2021-10-20 15:56:15.879 ParentClass:388 - video path: videos/Android_RZ8M3002DGL/2021-10-20-15-53-26/TC02_EC_0002_1002_Disconnect_Wifi_On_Mobile_Test/EC_0002_1002_Disconnect_Wifi_On_Mobile_Test.mp4
[logs/Android_RZ8M3002DGL/2021-10-20 INFO ] 2021-10-20 15:56:26.139 TC01_EC_0001_1201_Disconnect_Bluetooth_On_Mobile_Test:45 - Loading...Error Code XML file
[logs/Android_RZ8M3002DGL/2021-10-20 INFO ] 2021-10-20 15:56:26.141 ParentClass:313 - loading... error_codes/error_codes.xml
[logs/Android_RZ8M3002DGL/2021-10-20 INFO ] 2021-10-20 15:56:26.163 TC01_EC_0001_1201_Disconnect_Bluetooth_On_Mobile_Test:51 - Retrieved...Bluetooth Error code from XML file
[logs/Android_RZ8M3002DGL/2021-10-20 INFO ] 2021-10-20 15:56:26.164 TC01_EC_0001_1201_Disconnect_Bluetooth_On_Mobile_Test:54 - Loading...Sign Up Test Data
[logs/Android_RZ8M3002DGL/2021-10-20 INFO ] 2021-10-20 15:56:26.164 ParentClass:285 - loading...testdata/signup
[logs/Android_RZ8M3002DGL/2021-10-20 INFO ] 2021-10-20 15:56:26.170 TC01_EC_0001_1201_Disconnect_Bluetooth_On_Mobile_Test:58 - First Name : demo
[logs/Android_RZ8M3002DGL/2021-10-20 INFO ] 2021-10-20 15:56:26.170 TC01_EC_0001_1201_Disconnect_Bluetooth_On_Mobile_Test:61 - Last Name : user 
[logs/Android_RZ8M3002DGL/2021-10-20 INFO ] 2021-10-20 15:56:26.171 TC01_EC_0001_1201_Disconnect_Bluetooth_On_Mobile_Test:64 - Email address : demouser2652@gmail.com
[logs/Android_RZ8M3002DGL/2021-10-20 INFO ] 2021-10-20 15:56:26.171 TC01_EC_0001_1201_Disconnect_Bluetooth_On_Mobile_Test:66 - Retrieved...Sign Up Test Data
[logs/Android_RZ8M3002DGL/2021-10-20 INFO ] 2021-10-20 15:56:26.859 TC01_EC_0001_1201_Disconnect_Bluetooth_On_Mobile_Test:76 - ****** starting test:EC_0001_1201_Disconnect_Bluetooth_On_Mobile_Test******

[logs/Android_RZ8M3002DGL/2021-10-20 INFO ] 2021-10-20 15:56:27.899 BlueToothPage:89 - Clicked Allow button to disable Bluetooth
[logs/Android_RZ8M3002DGL/2021-10-20 INFO ] 2021-10-20 15:56:29.151 GetStartedPage:44 - Get Started - Clicked on Get Started Button
[logs/Android_RZ8M3002DGL/2021-10-20 INFO ] 2021-10-20 15:56:30.009 GrantPermissionsPage:183 - Grant Permissions - Clicked on Continue Button
[logs/Android_RZ8M3002DGL/2021-10-20 INFO ] 2021-10-20 15:56:30.712 DeviceLocationPage:105 - Device Location - Clicked Only this time
[logs/Android_RZ8M3002DGL/2021-10-20 INFO ] 2021-10-20 15:56:42.042 DeviceLocationPage:107 - Device Location - Clicked Allow
[logs/Android_RZ8M3002DGL/2021-10-20 INFO ] 2021-10-20 15:56:42.253 AccessResourcesOnDevicePage:49 - Access Resources On Device - Clicked on Allow Link
[logs/Android_RZ8M3002DGL/2021-10-20 INFO ] 2021-10-20 15:56:43.571 SelectYourDevicePage:64 - Select your Device 1 - Selected SURFboard mAX option
[logs/Android_RZ8M3002DGL/2021-10-20 INFO ] 2021-10-20 15:56:44.415 SelectYourDevicePage:73 - Select your Device 1 - Clicked Next Button
[logs/Android_RZ8M3002DGL/2021-10-20 INFO ] 2021-10-20 15:56:45.566 SelectYourDevicePage2:73 - Select your Device 2 - Selected mAX Pro AX11000 option
[logs/Android_RZ8M3002DGL/2021-10-20 INFO ] 2021-10-20 15:56:46.370 SelectYourDevicePage2:82 - Select your Device 2 - Clicked Next Button
[logs/Android_RZ8M3002DGL/2021-10-20 INFO ] 2021-10-20 15:56:47.849 SiginPage:52 - Sigin Page - Entered user email address
[logs/Android_RZ8M3002DGL/2021-10-20 INFO ] 2021-10-20 15:56:48.662 SiginPage:61 - Sigin Page - Clicked on Signin Button
[logs/Android_RZ8M3002DGL/2021-10-20 INFO ] 2021-10-20 15:56:58.748 ValidOTP:118 - loading...emailDetails
[logs/Android_RZ8M3002DGL/2021-10-20 INFO ] 2021-10-20 15:57:03.964 EnterValidOTPPage:61 - Entering valid OTP...470176
[logs/Android_RZ8M3002DGL/2021-10-20 INFO ] 2021-10-20 15:57:05.521 CodeVerifiedPage:74 - OTP Code Verified Page - Clicked on Next Button
[logs/Android_RZ8M3002DGL/2021-10-20 INFO ] 2021-10-20 15:57:19.398 SetupHomeNetworkPage:41 - Setup Home Network Page - Clicked on Next Button
[logs/Android_RZ8M3002DGL/2021-10-20 INFO ] 2021-10-20 15:57:20.278 UnPackYourBoxPage:42 - UnPack your Box Page - Clicked on Next Button
[logs/Android_RZ8M3002DGL/2021-10-20 INFO ] 2021-10-20 15:57:21.159 PlugInMaxRouterPage:41 - Plugin Max Router Page - Clicked on Next Button
[logs/Android_RZ8M3002DGL/2021-10-20 INFO ] 2021-10-20 15:57:30.079 Error_0005_1200_Bluetooth_Connection_Failed_Page:78 - Bluetooth Connection Failed Page - Retrieving Bluetooth Connection Failed Error Code
[logs/Android_RZ8M3002DGL/2021-10-20 INFO ] 2021-10-20 15:57:30.241 Error_0005_1200_Bluetooth_Connection_Failed_Page:60 - Bluetooth Connection Failed Page - Retrieving Bluetooth Connection Failed Text
[logs/Android_RZ8M3002DGL/2021-10-20 INFO ] 2021-10-20 15:57:30.307 Error_0005_1200_Bluetooth_Connection_Failed_Page:66 - Bluetooth Connection Failed Page - Retrieving Bluetooth Connection Failed Message
[logs/Android_RZ8M3002DGL/2021-10-20 INFO ] 2021-10-20 15:57:31.404 BlueToothPage:67 - Clicked Allow button to enable Bluetooth
[logs/Android_RZ8M3002DGL/2021-10-20 INFO ] 2021-10-20 15:57:41.058 ParentClass:388 - video path: videos/Android_RZ8M3002DGL/2021-10-20-15-53-26/TC01_EC_0001_1201_Disconnect_Bluetooth_On_Mobile_Test/EC_0001_1201_Disconnect_Bluetooth_On_Mobile_Test.mp4
[logs/Android_RZ8M3002DGL/2021-10-20 INFO ] 2021-10-20 15:57:51.798 TC51_Signin_And_Onboard_Test:36 - Loading...Sign Up Test Data
[logs/Android_RZ8M3002DGL/2021-10-20 INFO ] 2021-10-20 15:57:51.802 ParentClass:285 - loading...testdata/signup
[logs/Android_RZ8M3002DGL/2021-10-20 INFO ] 2021-10-20 15:57:51.818 TC51_Signin_And_Onboard_Test:40 - First Name : demo
[logs/Android_RZ8M3002DGL/2021-10-20 INFO ] 2021-10-20 15:57:51.818 TC51_Signin_And_Onboard_Test:43 - Last Name : user 
[logs/Android_RZ8M3002DGL/2021-10-20 INFO ] 2021-10-20 15:57:51.819 TC51_Signin_And_Onboard_Test:46 - Email address : demouser2652@gmail.com
[logs/Android_RZ8M3002DGL/2021-10-20 INFO ] 2021-10-20 15:57:51.819 TC51_Signin_And_Onboard_Test:49 - SSID Name : arrisw3136
[logs/Android_RZ8M3002DGL/2021-10-20 INFO ] 2021-10-20 15:57:51.820 TC51_Signin_And_Onboard_Test:52 - SSID Password : 1234567890
[logs/Android_RZ8M3002DGL/2021-10-20 INFO ] 2021-10-20 15:57:51.822 TC51_Signin_And_Onboard_Test:55 - UDID : RZ8M3002DGL
[logs/Android_RZ8M3002DGL/2021-10-20 INFO ] 2021-10-20 15:57:51.822 TC51_Signin_And_Onboard_Test:57 - Retrieved...Sign Up Test Data
[logs/Android_RZ8M3002DGL/2021-10-20 INFO ] 2021-10-20 15:57:52.507 TC51_Signin_And_Onboard_Test:67 - 
****** starting test:Verify_Signin_And_Onboard******

[logs/Android_RZ8M3002DGL/2021-10-20 INFO ] 2021-10-20 15:57:52.757 GetStartedPage:44 - Get Started - Clicked on Get Started Button
[logs/Android_RZ8M3002DGL/2021-10-20 INFO ] 2021-10-20 15:57:53.494 GrantPermissionsPage:183 - Grant Permissions - Clicked on Continue Button
[logs/Android_RZ8M3002DGL/2021-10-20 INFO ] 2021-10-20 15:57:54.215 DeviceLocationPage:105 - Device Location - Clicked Only this time
[logs/Android_RZ8M3002DGL/2021-10-20 INFO ] 2021-10-20 15:58:05.350 DeviceLocationPage:107 - Device Location - Clicked Allow
[logs/Android_RZ8M3002DGL/2021-10-20 INFO ] 2021-10-20 15:58:05.582 AccessResourcesOnDevicePage:49 - Access Resources On Device - Clicked on Allow Link
[logs/Android_RZ8M3002DGL/2021-10-20 INFO ] 2021-10-20 15:58:07.077 SelectYourDevicePage:64 - Select your Device 1 - Selected SURFboard mAX option
[logs/Android_RZ8M3002DGL/2021-10-20 INFO ] 2021-10-20 15:58:07.888 SelectYourDevicePage:73 - Select your Device 1 - Clicked Next Button
[logs/Android_RZ8M3002DGL/2021-10-20 INFO ] 2021-10-20 15:58:08.946 SelectYourDevicePage2:73 - Select your Device 2 - Selected mAX Pro AX11000 option
[logs/Android_RZ8M3002DGL/2021-10-20 INFO ] 2021-10-20 15:58:09.812 SelectYourDevicePage2:82 - Select your Device 2 - Clicked Next Button
[logs/Android_RZ8M3002DGL/2021-10-20 INFO ] 2021-10-20 15:58:13.146 SiginPage:52 - Sigin Page - Entered user email address
[logs/Android_RZ8M3002DGL/2021-10-20 INFO ] 2021-10-20 15:58:13.902 SiginPage:61 - Sigin Page - Clicked on Signin Button
[logs/Android_RZ8M3002DGL/2021-10-20 INFO ] 2021-10-20 15:58:25.978 ValidOTP:118 - loading...emailDetails
[logs/Android_RZ8M3002DGL/2021-10-20 INFO ] 2021-10-20 15:58:31.518 EnterValidOTPPage:61 - Entering valid OTP...485761
[logs/Android_RZ8M3002DGL/2021-10-20 INFO ] 2021-10-20 15:58:33.012 CodeVerifiedPage:74 - OTP Code Verified Page - Clicked on Next Button
[logs/Android_RZ8M3002DGL/2021-10-20 INFO ] 2021-10-20 15:58:47.227 SetupHomeNetworkPage:41 - Setup Home Network Page - Clicked on Next Button
[logs/Android_RZ8M3002DGL/2021-10-20 INFO ] 2021-10-20 15:58:48.111 UnPackYourBoxPage:42 - UnPack your Box Page - Clicked on Next Button
[logs/Android_RZ8M3002DGL/2021-10-20 INFO ] 2021-10-20 15:58:48.980 PlugInMaxRouterPage:41 - Plugin Max Router Page - Clicked on Next Button
[logs/Android_RZ8M3002DGL/2021-10-20 INFO ] 2021-10-20 15:59:16.335 ConnectMaxRouterToMobileDevicePage:42 - Connecting mAX Router to Mobile Device Page - Clicked on Next Button
[logs/Android_RZ8M3002DGL/2021-10-20 INFO ] 2021-10-20 15:59:31.359 ConnectMaxRouterToInternetPage:41 - Successfully Connected to Internet Page - Clicked on Next Button
[logs/Android_RZ8M3002DGL/2021-10-20 INFO ] 2021-10-20 16:00:11.705 SystemFirmwareUpdatePage:41 - System Firmware Update Page - Clicked on Next Button
[logs/Android_RZ8M3002DGL/2021-10-20 INFO ] 2021-10-20 16:00:27.227 ErrorCode_0000_1506_Warranty_Support_Page:46 - Warranty and Support Page - Clicked on Continue Button
[logs/Android_RZ8M3002DGL/2021-10-20 INFO ] 2021-10-20 16:00:27.488 NameYourNetwokSSIDPage:55 - Name Your Network Page - Entered SSID Name
[logs/Android_RZ8M3002DGL/2021-10-20 INFO ] 2021-10-20 16:00:28.917 NameYourNetwokSSIDPage:61 - Name Your Network Page - Entered SSID Password
[logs/Android_RZ8M3002DGL/2021-10-20 INFO ] 2021-10-20 16:00:30.326 NameYourNetwokSSIDPage:68 - Name Your Network Page  - Clicked on Next Button
[logs/Android_RZ8M3002DGL/2021-10-20 INFO ] 2021-10-20 16:01:14.461 ConnectionToWifiNeededPage:56 - Running App in the Background
[logs/Android_RZ8M3002DGL/2021-10-20 INFO ] 2021-10-20 16:01:26.153 ConnectionToWifiNeededPage:60 - Running adb shell to login to mAX arrisw3136 network
[logs/Android_RZ8M3002DGL/2021-10-20 INFO ] 2021-10-20 16:01:29.187 ConnectionToWifiNeededPage:70 - Activating App running in Background
[logs/Android_RZ8M3002DGL/2021-10-20 INFO ] 2021-10-20 16:01:48.969 ConnectionToWifiNeededPage:83 - Connection Needed Page - Clicked on Continue Button
[logs/Android_RZ8M3002DGL/2021-10-20 INFO ] 2021-10-20 16:02:04.651 CongratulationsPage:42 - Congratulations Page - Clicked on Continue Button
[logs/Android_RZ8M3002DGL/2021-10-20 INFO ] 2021-10-20 16:02:20.488 SetUpYourWiFiManagementPage:49 - Setup Wifi Management Page - Clicked on Skip Tutorial Button
[logs/Android_RZ8M3002DGL/2021-10-20 INFO ] 2021-10-20 16:02:36.613 InstallAdditionalSatellitePage:49 - Install Additonal Satellite Dialog - Clicked on Install Later Button
[logs/Android_RZ8M3002DGL/2021-10-20 INFO ] 2021-10-20 16:02:41.972 NetworkOptimizationDialog:42 - Network Optimization Dialog - Clicked on OK Button
[logs/Android_RZ8M3002DGL/2021-10-20 INFO ] 2021-10-20 16:03:08.392 HomePage:64 - Network Optimization Dialog2 - Clicked on OK Button
[logs/Android_RZ8M3002DGL/2021-10-20 INFO ] 2021-10-20 16:03:13.729 HomePage:58 - You are connected to your arrisw3136 home network....Happy Surfing
[logs/Android_RZ8M3002DGL/2021-10-20 INFO ] 2021-10-20 16:03:22.272 ParentClass:388 - video path: videos/Android_RZ8M3002DGL/2021-10-20-15-53-26/TC51_Signin_And_Onboard_Test/Verify_Signin_And_Onboard.mp4
[logs/Android_RZ8M3002DGL/2021-10-20 INFO ] 2021-10-20 16:03:27.858 ParentClass:154 - Closing App
[logs/Android_RZ8M3002DGL/2021-10-20 INFO ] 2021-10-20 16:03:28.082 ParentClass:156 - Quitting Driver
