[${ctx:ROUTINGKEY} INFO ] 2021-10-16 02:28:03.174 ParentClass:270 - loading... config.properties
[${ctx:ROUTINGKEY} INFO ] 2021-10-16 02:28:03.205 ParentClass:278 - Config.properties object is set to Thread Local
[${ctx:ROUTINGKEY} INFO ] 2021-10-16 02:28:03.206 ParentClass:301 - loading... strings/strings.xml
[${ctx:ROUTINGKEY} INFO ] 2021-10-16 02:28:03.221 ParentClass:315 - loading... error_codes/error_codes.xml
[${ctx:ROUTINGKEY} INFO ] 2021-10-16 02:39:09.483 ParentClass:270 - loading... config.properties
[${ctx:ROUTINGKEY} INFO ] 2021-10-16 02:39:09.538 ParentClass:278 - Config.properties object is set to Thread Local
[${ctx:ROUTINGKEY} INFO ] 2021-10-16 02:39:09.539 ParentClass:301 - loading... strings/strings.xml
[${ctx:ROUTINGKEY} INFO ] 2021-10-16 02:39:09.557 ParentClass:315 - loading... error_codes/error_codes.xml
[${ctx:ROUTINGKEY} INFO ] 2021-10-16 02:48:45.918 ParentClass:257 - loading... config.properties
[${ctx:ROUTINGKEY} INFO ] 2021-10-16 02:48:45.948 ParentClass:265 - Config.properties object is set to Thread Local
[${ctx:ROUTINGKEY} INFO ] 2021-10-16 02:48:45.949 ParentClass:288 - loading... strings/strings.xml
[${ctx:ROUTINGKEY} INFO ] 2021-10-16 02:48:45.956 ParentClass:302 - loading... error_codes/error_codes.xml
[${ctx:ROUTINGKEY} INFO ] 2021-10-16 02:53:27.169 ParentClass:269 - loading... config.properties
[${ctx:ROUTINGKEY} INFO ] 2021-10-16 02:53:27.198 ParentClass:277 - Config.properties object is set to Thread Local
[${ctx:ROUTINGKEY} INFO ] 2021-10-16 02:53:27.199 ParentClass:300 - loading... strings/strings.xml
[${ctx:ROUTINGKEY} INFO ] 2021-10-16 02:53:27.205 ParentClass:314 - loading... error_codes/error_codes.xml
[${ctx:ROUTINGKEY} INFO ] 2021-10-16 02:58:36.841 ParentClass:269 - loading... config.properties
[${ctx:ROUTINGKEY} INFO ] 2021-10-16 02:59:03.771 ParentClass:277 - Config.properties object is set to Thread Local
[${ctx:ROUTINGKEY} INFO ] 2021-10-16 02:59:27.877 ParentClass:300 - loading... strings/strings.xml
[${ctx:ROUTINGKEY} INFO ] 2021-10-16 02:59:30.219 ParentClass:314 - loading... error_codes/error_codes.xml
[${ctx:ROUTINGKEY} INFO ] 2021-10-16 03:04:35.021 ParentClass:269 - loading... config.properties
[${ctx:ROUTINGKEY} INFO ] 2021-10-16 03:04:44.154 ParentClass:277 - Config.properties object is set to Thread Local
[${ctx:ROUTINGKEY} INFO ] 2021-10-16 03:04:56.402 ParentClass:300 - loading... strings/strings.xml
[${ctx:ROUTINGKEY} INFO ] 2021-10-16 03:04:57.583 ParentClass:314 - loading... error_codes/error_codes.xml
[${ctx:ROUTINGKEY} INFO ] 2021-10-16 03:09:23.477 ParentClass:269 - loading... config.properties
[${ctx:ROUTINGKEY} INFO ] 2021-10-16 03:09:23.827 ParentClass:277 - Config.properties object is set to Thread Local
[${ctx:ROUTINGKEY} INFO ] 2021-10-16 03:09:42.865 ParentClass:300 - loading... strings/strings.xml
[${ctx:ROUTINGKEY} INFO ] 2021-10-16 03:09:43.990 ParentClass:314 - loading... error_codes/error_codes.xml
[${ctx:ROUTINGKEY} INFO ] 2021-10-16 03:21:24.498 ParentClass:269 - loading... config.properties
[${ctx:ROUTINGKEY} INFO ] 2021-10-16 03:21:24.555 ParentClass:277 - Config.properties object is set to Thread Local
[${ctx:ROUTINGKEY} INFO ] 2021-10-16 03:21:24.556 ParentClass:300 - loading... strings/strings.xml
[${ctx:ROUTINGKEY} INFO ] 2021-10-16 03:21:24.573 ParentClass:314 - loading... error_codes/error_codes.xml
[${ctx:ROUTINGKEY} INFO ] 2021-10-16 03:22:01.964 ParentClass:269 - loading... config.properties
[${ctx:ROUTINGKEY} INFO ] 2021-10-16 03:22:02.033 ParentClass:277 - Config.properties object is set to Thread Local
[${ctx:ROUTINGKEY} INFO ] 2021-10-16 03:22:02.037 ParentClass:300 - loading... strings/strings.xml
[${ctx:ROUTINGKEY} INFO ] 2021-10-16 03:22:02.055 ParentClass:314 - loading... error_codes/error_codes.xml
[${ctx:ROUTINGKEY} INFO ] 2021-10-16 03:30:20.463 ParentClass:269 - loading... config.properties
[${ctx:ROUTINGKEY} INFO ] 2021-10-16 03:30:20.523 ParentClass:277 - Config.properties object is set to Thread Local
[${ctx:ROUTINGKEY} INFO ] 2021-10-16 03:30:20.526 ParentClass:300 - loading... strings/strings.xml
[${ctx:ROUTINGKEY} INFO ] 2021-10-16 03:30:20.542 ParentClass:314 - loading... error_codes/error_codes.xml
[${ctx:ROUTINGKEY} INFO ] 2021-10-16 03:34:56.767 ParentClass:269 - loading... config.properties
[${ctx:ROUTINGKEY} INFO ] 2021-10-16 03:34:56.818 ParentClass:277 - Config.properties object is set to Thread Local
[${ctx:ROUTINGKEY} INFO ] 2021-10-16 03:34:56.819 ParentClass:300 - loading... strings/strings.xml
[${ctx:ROUTINGKEY} INFO ] 2021-10-16 03:34:56.834 ParentClass:314 - loading... error_codes/error_codes.xml
[${ctx:ROUTINGKEY} INFO ] 2021-10-16 03:55:29.970 ParentClass:269 - loading... config.properties
[${ctx:ROUTINGKEY} INFO ] 2021-10-16 03:55:30.032 ParentClass:277 - Config.properties object is set to Thread Local
[${ctx:ROUTINGKEY} INFO ] 2021-10-16 03:55:30.035 ParentClass:300 - loading... strings/strings.xml
[${ctx:ROUTINGKEY} INFO ] 2021-10-16 03:55:30.051 ParentClass:314 - loading... error_codes/error_codes.xml
[${ctx:ROUTINGKEY} INFO ] 2021-10-16 04:02:37.916 ParentClass:269 - loading... config.properties
[${ctx:ROUTINGKEY} INFO ] 2021-10-16 04:02:37.983 ParentClass:277 - Config.properties object is set to Thread Local
[${ctx:ROUTINGKEY} INFO ] 2021-10-16 04:02:37.984 ParentClass:300 - loading... strings/strings.xml
[${ctx:ROUTINGKEY} INFO ] 2021-10-16 04:02:38.004 ParentClass:314 - loading... error_codes/error_codes.xml
[${ctx:ROUTINGKEY} INFO ] 2021-10-16 11:13:30.387 ParentClass:269 - loading... config.properties
[${ctx:ROUTINGKEY} INFO ] 2021-10-16 11:13:30.410 ParentClass:277 - Config.properties object is set to Thread Local
[${ctx:ROUTINGKEY} INFO ] 2021-10-16 11:13:30.411 ParentClass:300 - loading... strings/strings.xml
[${ctx:ROUTINGKEY} INFO ] 2021-10-16 11:13:30.417 ParentClass:314 - loading... error_codes/error_codes.xml
[${ctx:ROUTINGKEY} INFO ] 2021-10-16 11:21:17.409 ParentClass:269 - loading... config.properties
[${ctx:ROUTINGKEY} INFO ] 2021-10-16 11:21:17.443 ParentClass:277 - Config.properties object is set to Thread Local
[${ctx:ROUTINGKEY} INFO ] 2021-10-16 11:21:17.444 ParentClass:300 - loading... strings/strings.xml
[${ctx:ROUTINGKEY} INFO ] 2021-10-16 11:21:17.452 ParentClass:314 - loading... error_codes/error_codes.xml
[${ctx:ROUTINGKEY} INFO ] 2021-10-16 11:55:32.434 ParentClass:269 - loading... config.properties
[${ctx:ROUTINGKEY} INFO ] 2021-10-16 11:55:32.457 ParentClass:277 - Config.properties object is set to Thread Local
[${ctx:ROUTINGKEY} INFO ] 2021-10-16 11:55:32.458 ParentClass:300 - loading... strings/strings.xml
[${ctx:ROUTINGKEY} INFO ] 2021-10-16 11:55:32.464 ParentClass:314 - loading... error_codes/error_codes.xml
[${ctx:ROUTINGKEY} INFO ] 2021-10-16 12:06:20.517 ParentClass:269 - loading... config.properties
[${ctx:ROUTINGKEY} INFO ] 2021-10-16 12:06:20.541 ParentClass:277 - Config.properties object is set to Thread Local
[${ctx:ROUTINGKEY} INFO ] 2021-10-16 12:06:20.542 ParentClass:300 - loading... strings/strings.xml
[${ctx:ROUTINGKEY} INFO ] 2021-10-16 12:06:20.549 ParentClass:314 - loading... error_codes/error_codes.xml
[${ctx:ROUTINGKEY} INFO ] 2021-10-16 12:07:46.278 ParentClass:269 - loading... config.properties
[${ctx:ROUTINGKEY} INFO ] 2021-10-16 12:07:46.301 ParentClass:277 - Config.properties object is set to Thread Local
[${ctx:ROUTINGKEY} INFO ] 2021-10-16 12:07:46.302 ParentClass:300 - loading... strings/strings.xml
[${ctx:ROUTINGKEY} INFO ] 2021-10-16 12:07:46.309 ParentClass:314 - loading... error_codes/error_codes.xml
[${ctx:ROUTINGKEY} INFO ] 2021-10-16 12:10:27.332 ParentClass:269 - loading... config.properties
[${ctx:ROUTINGKEY} INFO ] 2021-10-16 12:10:27.357 ParentClass:277 - Config.properties object is set to Thread Local
[${ctx:ROUTINGKEY} INFO ] 2021-10-16 12:10:27.358 ParentClass:300 - loading... strings/strings.xml
[${ctx:ROUTINGKEY} INFO ] 2021-10-16 12:10:27.365 ParentClass:314 - loading... error_codes/error_codes.xml
[${ctx:ROUTINGKEY} INFO ] 2021-10-16 12:28:39.325 ParentClass:269 - loading... config.properties
[${ctx:ROUTINGKEY} INFO ] 2021-10-16 12:28:39.355 ParentClass:277 - Config.properties object is set to Thread Local
[${ctx:ROUTINGKEY} INFO ] 2021-10-16 12:28:39.357 ParentClass:300 - loading... strings/strings.xml
[${ctx:ROUTINGKEY} INFO ] 2021-10-16 12:28:39.363 ParentClass:314 - loading... error_codes/error_codes.xml
[${ctx:ROUTINGKEY} INFO ] 2021-10-16 12:45:07.406 ParentClass:269 - loading... config.properties
[${ctx:ROUTINGKEY} INFO ] 2021-10-16 12:45:07.429 ParentClass:277 - Config.properties object is set to Thread Local
[${ctx:ROUTINGKEY} INFO ] 2021-10-16 12:45:07.430 ParentClass:300 - loading... strings/strings.xml
[${ctx:ROUTINGKEY} INFO ] 2021-10-16 12:45:07.437 ParentClass:314 - loading... error_codes/error_codes.xml
[${ctx:ROUTINGKEY} INFO ] 2021-10-16 12:46:45.425 ParentClass:269 - loading... config.properties
[${ctx:ROUTINGKEY} INFO ] 2021-10-16 12:46:45.446 ParentClass:277 - Config.properties object is set to Thread Local
[${ctx:ROUTINGKEY} INFO ] 2021-10-16 12:46:45.447 ParentClass:300 - loading... strings/strings.xml
[${ctx:ROUTINGKEY} INFO ] 2021-10-16 12:46:45.455 ParentClass:314 - loading... error_codes/error_codes.xml
[${ctx:ROUTINGKEY} INFO ] 2021-10-16 12:59:10.177 ParentClass:269 - loading... config.properties
[${ctx:ROUTINGKEY} INFO ] 2021-10-16 12:59:10.199 ParentClass:277 - Config.properties object is set to Thread Local
[${ctx:ROUTINGKEY} INFO ] 2021-10-16 12:59:10.200 ParentClass:300 - loading... strings/strings.xml
[${ctx:ROUTINGKEY} INFO ] 2021-10-16 12:59:10.207 ParentClass:314 - loading... error_codes/error_codes.xml
[${ctx:ROUTINGKEY} INFO ] 2021-10-16 13:04:41.473 ParentClass:269 - loading... config.properties
[${ctx:ROUTINGKEY} INFO ] 2021-10-16 13:04:41.497 ParentClass:277 - Config.properties object is set to Thread Local
[${ctx:ROUTINGKEY} INFO ] 2021-10-16 13:04:41.499 ParentClass:300 - loading... strings/strings.xml
[${ctx:ROUTINGKEY} INFO ] 2021-10-16 13:04:41.507 ParentClass:314 - loading... error_codes/error_codes.xml
[${ctx:ROUTINGKEY} INFO ] 2021-10-16 13:07:29.432 ParentClass:269 - loading... config.properties
[${ctx:ROUTINGKEY} INFO ] 2021-10-16 13:07:29.454 ParentClass:277 - Config.properties object is set to Thread Local
[${ctx:ROUTINGKEY} INFO ] 2021-10-16 13:07:29.456 ParentClass:300 - loading... strings/strings.xml
[${ctx:ROUTINGKEY} INFO ] 2021-10-16 13:07:29.464 ParentClass:314 - loading... error_codes/error_codes.xml
[${ctx:ROUTINGKEY} INFO ] 2021-10-16 13:14:32.770 ParentClass:269 - loading... config.properties
[${ctx:ROUTINGKEY} INFO ] 2021-10-16 13:14:32.793 ParentClass:277 - Config.properties object is set to Thread Local
[${ctx:ROUTINGKEY} INFO ] 2021-10-16 13:14:32.795 ParentClass:300 - loading... strings/strings.xml
[${ctx:ROUTINGKEY} INFO ] 2021-10-16 13:14:32.801 ParentClass:314 - loading... error_codes/error_codes.xml
[${ctx:ROUTINGKEY} INFO ] 2021-10-16 13:18:16.328 ParentClass:269 - loading... config.properties
[${ctx:ROUTINGKEY} INFO ] 2021-10-16 13:18:16.350 ParentClass:277 - Config.properties object is set to Thread Local
[${ctx:ROUTINGKEY} INFO ] 2021-10-16 13:18:16.351 ParentClass:300 - loading... strings/strings.xml
[${ctx:ROUTINGKEY} INFO ] 2021-10-16 13:18:16.358 ParentClass:314 - loading... error_codes/error_codes.xml
[${ctx:ROUTINGKEY} INFO ] 2021-10-16 13:21:26.562 ParentClass:269 - loading... config.properties
[${ctx:ROUTINGKEY} INFO ] 2021-10-16 13:21:26.585 ParentClass:277 - Config.properties object is set to Thread Local
[${ctx:ROUTINGKEY} INFO ] 2021-10-16 13:21:26.586 ParentClass:300 - loading... strings/strings.xml
[${ctx:ROUTINGKEY} INFO ] 2021-10-16 13:21:26.592 ParentClass:314 - loading... error_codes/error_codes.xml
[${ctx:ROUTINGKEY} INFO ] 2021-10-16 13:26:15.491 ParentClass:269 - loading... config.properties
[${ctx:ROUTINGKEY} INFO ] 2021-10-16 13:26:15.514 ParentClass:277 - Config.properties object is set to Thread Local
[${ctx:ROUTINGKEY} INFO ] 2021-10-16 13:26:15.515 ParentClass:300 - loading... strings/strings.xml
[${ctx:ROUTINGKEY} INFO ] 2021-10-16 13:26:15.522 ParentClass:314 - loading... error_codes/error_codes.xml
[${ctx:ROUTINGKEY} INFO ] 2021-10-16 13:33:58.583 ParentClass:269 - loading... config.properties
[${ctx:ROUTINGKEY} INFO ] 2021-10-16 13:33:58.605 ParentClass:277 - Config.properties object is set to Thread Local
[${ctx:ROUTINGKEY} INFO ] 2021-10-16 13:33:58.607 ParentClass:300 - loading... strings/strings.xml
[${ctx:ROUTINGKEY} INFO ] 2021-10-16 13:33:58.613 ParentClass:314 - loading... error_codes/error_codes.xml
[${ctx:ROUTINGKEY} INFO ] 2021-10-16 13:35:09.698 ParentClass:269 - loading... config.properties
[${ctx:ROUTINGKEY} INFO ] 2021-10-16 13:35:09.720 ParentClass:277 - Config.properties object is set to Thread Local
[${ctx:ROUTINGKEY} INFO ] 2021-10-16 13:35:09.722 ParentClass:300 - loading... strings/strings.xml
[${ctx:ROUTINGKEY} INFO ] 2021-10-16 13:35:09.728 ParentClass:314 - loading... error_codes/error_codes.xml
[${ctx:ROUTINGKEY} INFO ] 2021-10-16 13:44:10.630 ParentClass:269 - loading... config.properties
[${ctx:ROUTINGKEY} INFO ] 2021-10-16 13:44:10.649 ParentClass:277 - Config.properties object is set to Thread Local
[${ctx:ROUTINGKEY} INFO ] 2021-10-16 13:44:10.650 ParentClass:300 - loading... strings/strings.xml
[${ctx:ROUTINGKEY} INFO ] 2021-10-16 13:44:10.656 ParentClass:314 - loading... error_codes/error_codes.xml
[${ctx:ROUTINGKEY} INFO ] 2021-10-16 13:45:21.897 ParentClass:269 - loading... config.properties
[${ctx:ROUTINGKEY} INFO ] 2021-10-16 13:45:21.919 ParentClass:277 - Config.properties object is set to Thread Local
[${ctx:ROUTINGKEY} INFO ] 2021-10-16 13:45:21.920 ParentClass:300 - loading... strings/strings.xml
[${ctx:ROUTINGKEY} INFO ] 2021-10-16 13:45:21.929 ParentClass:314 - loading... error_codes/error_codes.xml
[${ctx:ROUTINGKEY} INFO ] 2021-10-16 13:56:25.413 ParentClass:269 - loading... config.properties
[${ctx:ROUTINGKEY} INFO ] 2021-10-16 13:56:25.435 ParentClass:277 - Config.properties object is set to Thread Local
[${ctx:ROUTINGKEY} INFO ] 2021-10-16 13:56:25.436 ParentClass:300 - loading... strings/strings.xml
[${ctx:ROUTINGKEY} INFO ] 2021-10-16 13:56:25.442 ParentClass:314 - loading... error_codes/error_codes.xml
[${ctx:ROUTINGKEY} INFO ] 2021-10-16 13:59:16.039 ParentClass:269 - loading... config.properties
[${ctx:ROUTINGKEY} INFO ] 2021-10-16 13:59:16.063 ParentClass:277 - Config.properties object is set to Thread Local
[${ctx:ROUTINGKEY} INFO ] 2021-10-16 13:59:16.064 ParentClass:300 - loading... strings/strings.xml
[${ctx:ROUTINGKEY} INFO ] 2021-10-16 13:59:16.072 ParentClass:314 - loading... error_codes/error_codes.xml
[${ctx:ROUTINGKEY} INFO ] 2021-10-16 14:06:57.835 ParentClass:269 - loading... config.properties
[${ctx:ROUTINGKEY} INFO ] 2021-10-16 14:06:57.860 ParentClass:277 - Config.properties object is set to Thread Local
[${ctx:ROUTINGKEY} INFO ] 2021-10-16 14:06:57.861 ParentClass:300 - loading... strings/strings.xml
[${ctx:ROUTINGKEY} INFO ] 2021-10-16 14:06:57.870 ParentClass:314 - loading... error_codes/error_codes.xml
[${ctx:ROUTINGKEY} INFO ] 2021-10-16 14:22:23.102 ParentClass:270 - loading... config.properties
[${ctx:ROUTINGKEY} INFO ] 2021-10-16 14:22:23.134 ParentClass:278 - Config.properties object is set to Thread Local
[${ctx:ROUTINGKEY} INFO ] 2021-10-16 14:22:23.135 ParentClass:301 - loading... strings/strings.xml
[${ctx:ROUTINGKEY} INFO ] 2021-10-16 14:22:23.143 ParentClass:315 - loading... error_codes/error_codes.xml
[${ctx:ROUTINGKEY} INFO ] 2021-10-16 16:54:41.565 ParentClass:270 - loading... config.properties
[${ctx:ROUTINGKEY} INFO ] 2021-10-16 16:54:41.584 ParentClass:278 - Config.properties object is set to Thread Local
[${ctx:ROUTINGKEY} INFO ] 2021-10-16 16:54:41.586 ParentClass:301 - loading... strings/strings.xml
[${ctx:ROUTINGKEY} INFO ] 2021-10-16 16:54:41.592 ParentClass:315 - loading... error_codes/error_codes.xml
[${ctx:ROUTINGKEY} INFO ] 2021-10-16 16:58:32.543 ParentClass:270 - loading... config.properties
[${ctx:ROUTINGKEY} INFO ] 2021-10-16 16:58:32.564 ParentClass:278 - Config.properties object is set to Thread Local
[${ctx:ROUTINGKEY} INFO ] 2021-10-16 16:58:32.566 ParentClass:301 - loading... strings/strings.xml
[${ctx:ROUTINGKEY} INFO ] 2021-10-16 16:58:32.574 ParentClass:315 - loading... error_codes/error_codes.xml
[${ctx:ROUTINGKEY} INFO ] 2021-10-16 17:03:36.600 ParentClass:270 - loading... config.properties
[${ctx:ROUTINGKEY} INFO ] 2021-10-16 17:03:36.621 ParentClass:278 - Config.properties object is set to Thread Local
[${ctx:ROUTINGKEY} INFO ] 2021-10-16 17:03:36.622 ParentClass:301 - loading... strings/strings.xml
[${ctx:ROUTINGKEY} INFO ] 2021-10-16 17:03:36.630 ParentClass:315 - loading... error_codes/error_codes.xml
[${ctx:ROUTINGKEY} INFO ] 2021-10-16 17:07:59.041 ParentClass:270 - loading... config.properties
[${ctx:ROUTINGKEY} INFO ] 2021-10-16 17:07:59.064 ParentClass:278 - Config.properties object is set to Thread Local
[${ctx:ROUTINGKEY} INFO ] 2021-10-16 17:07:59.065 ParentClass:301 - loading... strings/strings.xml
[${ctx:ROUTINGKEY} INFO ] 2021-10-16 17:07:59.072 ParentClass:315 - loading... error_codes/error_codes.xml
[${ctx:ROUTINGKEY} INFO ] 2021-10-16 17:11:22.424 ParentClass:270 - loading... config.properties
[${ctx:ROUTINGKEY} INFO ] 2021-10-16 17:11:22.445 ParentClass:278 - Config.properties object is set to Thread Local
[${ctx:ROUTINGKEY} INFO ] 2021-10-16 17:11:22.446 ParentClass:301 - loading... strings/strings.xml
[${ctx:ROUTINGKEY} INFO ] 2021-10-16 17:11:22.453 ParentClass:315 - loading... error_codes/error_codes.xml
[${ctx:ROUTINGKEY} INFO ] 2021-10-16 17:14:23.753 ParentClass:270 - loading... config.properties
[${ctx:ROUTINGKEY} INFO ] 2021-10-16 17:14:23.777 ParentClass:278 - Config.properties object is set to Thread Local
[${ctx:ROUTINGKEY} INFO ] 2021-10-16 17:14:23.779 ParentClass:301 - loading... strings/strings.xml
[${ctx:ROUTINGKEY} INFO ] 2021-10-16 17:14:23.785 ParentClass:315 - loading... error_codes/error_codes.xml
[${ctx:ROUTINGKEY} INFO ] 2021-10-16 17:26:20.854 ValidOTP:118 - loading...emailDetails
[${ctx:ROUTINGKEY} INFO ] 2021-10-16 17:28:48.852 ValidOTP:118 - loading...emailDetails
[${ctx:ROUTINGKEY} INFO ] 2021-10-16 17:32:31.244 ValidOTP:118 - loading...emailDetails
[${ctx:ROUTINGKEY} INFO ] 2021-10-16 17:51:29.341 ParentClass:270 - loading... config.properties
[${ctx:ROUTINGKEY} INFO ] 2021-10-16 17:51:29.365 ParentClass:278 - Config.properties object is set to Thread Local
[${ctx:ROUTINGKEY} INFO ] 2021-10-16 17:51:29.367 ParentClass:301 - loading... strings/strings.xml
[${ctx:ROUTINGKEY} INFO ] 2021-10-16 17:51:29.374 ParentClass:315 - loading... error_codes/error_codes.xml
[${ctx:ROUTINGKEY} INFO ] 2021-10-16 17:57:15.582 ParentClass:270 - loading... config.properties
[${ctx:ROUTINGKEY} INFO ] 2021-10-16 17:57:15.604 ParentClass:278 - Config.properties object is set to Thread Local
[${ctx:ROUTINGKEY} INFO ] 2021-10-16 17:57:15.606 ParentClass:301 - loading... strings/strings.xml
[${ctx:ROUTINGKEY} INFO ] 2021-10-16 17:57:15.613 ParentClass:315 - loading... error_codes/error_codes.xml
[${ctx:ROUTINGKEY} INFO ] 2021-10-16 18:01:06.245 ParentClass:270 - loading... config.properties
[${ctx:ROUTINGKEY} INFO ] 2021-10-16 18:01:06.273 ParentClass:278 - Config.properties object is set to Thread Local
[${ctx:ROUTINGKEY} INFO ] 2021-10-16 18:01:06.275 ParentClass:301 - loading... strings/strings.xml
[${ctx:ROUTINGKEY} INFO ] 2021-10-16 18:01:06.282 ParentClass:315 - loading... error_codes/error_codes.xml
[${ctx:ROUTINGKEY} INFO ] 2021-10-16 20:06:22.913 ParentClass:270 - loading... config.properties
[${ctx:ROUTINGKEY} INFO ] 2021-10-16 20:06:22.937 ParentClass:278 - Config.properties object is set to Thread Local
[${ctx:ROUTINGKEY} INFO ] 2021-10-16 20:06:22.938 ParentClass:301 - loading... strings/strings.xml
[${ctx:ROUTINGKEY} INFO ] 2021-10-16 20:06:22.945 ParentClass:315 - loading... error_codes/error_codes.xml
[${ctx:ROUTINGKEY} INFO ] 2021-10-16 20:21:30.767 ParentClass:270 - loading... config.properties
[${ctx:ROUTINGKEY} INFO ] 2021-10-16 20:21:30.795 ParentClass:278 - Config.properties object is set to Thread Local
[${ctx:ROUTINGKEY} INFO ] 2021-10-16 20:21:30.796 ParentClass:301 - loading... strings/strings.xml
[${ctx:ROUTINGKEY} INFO ] 2021-10-16 20:21:30.802 ParentClass:315 - loading... error_codes/error_codes.xml
[${ctx:ROUTINGKEY} INFO ] 2021-10-16 22:33:35.672 ParentClass:270 - loading... config.properties
[${ctx:ROUTINGKEY} INFO ] 2021-10-16 22:33:35.697 ParentClass:278 - Config.properties object is set to Thread Local
[${ctx:ROUTINGKEY} INFO ] 2021-10-16 22:33:35.699 ParentClass:301 - loading... strings/strings.xml
[${ctx:ROUTINGKEY} INFO ] 2021-10-16 22:33:35.705 ParentClass:315 - loading... error_codes/error_codes.xml
[${ctx:ROUTINGKEY} INFO ] 2021-10-16 22:39:45.537 ParentClass:270 - loading... config.properties
[${ctx:ROUTINGKEY} INFO ] 2021-10-16 22:39:45.562 ParentClass:278 - Config.properties object is set to Thread Local
[${ctx:ROUTINGKEY} INFO ] 2021-10-16 22:39:45.564 ParentClass:301 - loading... strings/strings.xml
[${ctx:ROUTINGKEY} INFO ] 2021-10-16 22:39:45.569 ParentClass:315 - loading... error_codes/error_codes.xml
