[logs/Android_RZ8M3002DGL/2021-11-11 INFO ] 2021-11-11 19:39:07.475 ParentClass:289 - log path: logs/Android_RZ8M3002DGL/2021-11-11
[logs/Android_RZ8M3002DGL/2021-11-11 INFO ] 2021-11-11 19:39:07.484 ParentClass:230 - Setting Android driver capabilities
[logs/Android_RZ8M3002DGL/2021-11-11 INFO ] 2021-11-11 19:39:19.681 ParentClass:240 - Android Driver is set to the Thread Local context android
[logs/Android_RZ8M3002DGL/2021-11-11 INFO ] 2021-11-11 19:39:19.682 ParentClass:241 - Android driver initialized: 
[logs/Android_RZ8M3002DGL/2021-11-11 INFO ] 2021-11-11 19:39:23.750 TC61_Login_And_Verify_ParentalControlPage_Test:45 - Loading...Test Data
[logs/Android_RZ8M3002DGL/2021-11-11 INFO ] 2021-11-11 19:39:23.752 ParentClass:313 - loading...testdata/signup
[logs/Android_RZ8M3002DGL/2021-11-11 INFO ] 2021-11-11 19:39:23.757 TC61_Login_And_Verify_ParentalControlPage_Test:49 - First Name : demouser
[logs/Android_RZ8M3002DGL/2021-11-11 INFO ] 2021-11-11 19:39:23.757 TC61_Login_And_Verify_ParentalControlPage_Test:52 - Last Name : demouser
[logs/Android_RZ8M3002DGL/2021-11-11 INFO ] 2021-11-11 19:39:23.759 TC61_Login_And_Verify_ParentalControlPage_Test:55 - Email address : demouser2652@gmail.com
[logs/Android_RZ8M3002DGL/2021-11-11 INFO ] 2021-11-11 19:39:23.763 TC61_Login_And_Verify_ParentalControlPage_Test:58 - UDID : RZ8M3002DGL
[logs/Android_RZ8M3002DGL/2021-11-11 INFO ] 2021-11-11 19:39:23.768 TC61_Login_And_Verify_ParentalControlPage_Test:61 - Phone To Pause Internet : M2006C3LII-Redmi9i
[logs/Android_RZ8M3002DGL/2021-11-11 INFO ] 2021-11-11 19:39:23.769 TC61_Login_And_Verify_ParentalControlPage_Test:63 - Retrieved...Test Data
[logs/Android_RZ8M3002DGL/2021-11-11 INFO ] 2021-11-11 19:39:24.482 TC61_Login_And_Verify_ParentalControlPage_Test:71 - 
****** starting test:Verify_HamburgerMEnu_And_Settings_About_Help_Pages******

[logs/Android_RZ8M3002DGL/2021-11-11 INFO ] 2021-11-11 19:39:25.120 GetStartedPage:44 - Get Started - Clicked on Get Started Button
[logs/Android_RZ8M3002DGL/2021-11-11 INFO ] 2021-11-11 19:39:25.892 GrantPermissionsPage:183 - Grant Permissions - Clicked on Continue Button
[logs/Android_RZ8M3002DGL/2021-11-11 INFO ] 2021-11-11 19:39:42.429 DeviceLocationPage:105 - Device Location - Clicked Allow
[logs/Android_RZ8M3002DGL/2021-11-11 INFO ] 2021-11-11 19:39:45.757 AccessResourcesOnDevicePage:49 - Access Resources On Device - Clicked on Allow Link
[logs/Android_RZ8M3002DGL/2021-11-11 INFO ] 2021-11-11 19:39:47.152 SelectYourDevicePage:64 - Select your Device 1 - Selected SURFboard mAX option
[logs/Android_RZ8M3002DGL/2021-11-11 INFO ] 2021-11-11 19:39:48.052 SelectYourDevicePage:73 - Select your Device 1 - Clicked Next Button
[logs/Android_RZ8M3002DGL/2021-11-11 INFO ] 2021-11-11 19:39:49.094 SelectYourDevicePage2:73 - Select your Device 2 - Selected mAX Pro AX11000 option
[logs/Android_RZ8M3002DGL/2021-11-11 INFO ] 2021-11-11 19:39:49.967 SelectYourDevicePage2:82 - Select your Device 2 - Clicked Next Button
[logs/Android_RZ8M3002DGL/2021-11-11 INFO ] 2021-11-11 19:39:55.268 SiginPage:52 - Sigin Page - Entered user email address
[logs/Android_RZ8M3002DGL/2021-11-11 INFO ] 2021-11-11 19:39:56.129 SiginPage:60 - Sigin Page - Clicked on Signin Button
[logs/Android_RZ8M3002DGL/2021-11-11 INFO ] 2021-11-11 19:40:08.166 ValidOTP:118 - loading...emailDetails
[logs/Android_RZ8M3002DGL/2021-11-11 INFO ] 2021-11-11 19:40:12.376 EnterValidOTPPage:61 - Entering valid OTP...254605
[logs/Android_RZ8M3002DGL/2021-11-11 INFO ] 2021-11-11 19:40:14.075 CodeVerifiedPage:74 - OTP Code Verified Page - Clicked on Next Button
[logs/Android_RZ8M3002DGL/2021-11-11 INFO ] 2021-11-11 19:40:38.933 SetUpYourWiFiManagementPage:49 - Setup Wifi Management Page - Clicked on Skip Tutorial Button
[logs/Android_RZ8M3002DGL/2021-11-11 INFO ] 2021-11-11 19:41:02.946 HomePage:674 - On Home Page
[logs/Android_RZ8M3002DGL/2021-11-11 INFO ] 2021-11-11 19:41:03.353 FooterIconsPage:179 - Footer Icons Page - Clicked on Parental Button
[logs/Android_RZ8M3002DGL/2021-11-11 INFO ] 2021-11-11 19:41:10.064 ParentalControlWithProfilesPage:396 - Parental Control toggle switch button is not displayed
[logs/Android_RZ8M3002DGL/2021-11-11 INFO ] 2021-11-11 19:41:10.415 ParentalControlWithProfilesPage:328 - Clicked on Back Button
[logs/Android_RZ8M3002DGL/2021-11-11 INFO ] 2021-11-11 19:41:21.550 HomePage:624 - Home Page - Currently Blocked Devices Image is either not visible or is not present on the DOM
[logs/Android_RZ8M3002DGL/2021-11-11 ERROR] 2021-11-11 19:41:27.385 TestListener:39 - org.openqa.selenium.NoSuchElementException: Can't locate an element by this strategy: By.chained({By.id: com.arris.sbcBeta:id/txtHeader})
	at io.appium.java_client.pagefactory.AppiumElementLocator.findElement(AppiumElementLocator.java:126)
	at io.appium.java_client.pagefactory.interceptors.InterceptorOfASingleElement.intercept(InterceptorOfASingleElement.java:59)
	at io.appium.java_client.android.AndroidElement$$EnhancerByCGLIB$$b598166c.isDisplayed(<generated>)
	at com.cs.arris.Pages.BlankBlockedDevicesPage.isAt(BlankBlockedDevicesPage.java:55)
	at com.cs.arris.Tests.TC61_Login_And_Verify_ParentalControlPage_Test.lambda$Verify_HamburgerMEnu_And_Settings_About_Help_Pages$14(TC61_Login_And_Verify_ParentalControlPage_Test.java:130)
	at com.cs.arris.Workflows.TC61_Login_And_Verify_ParentalControl_Workflow.blankBlockedDevicesPage(TC61_Login_And_Verify_ParentalControl_Workflow.java:212)
	at com.cs.arris.Tests.TC61_Login_And_Verify_ParentalControlPage_Test.Verify_HamburgerMEnu_And_Settings_About_Help_Pages(TC61_Login_And_Verify_ParentalControlPage_Test.java:129)
	at java.base/jdk.internal.reflect.NativeMethodAccessorImpl.invoke0(Native Method)
	at java.base/jdk.internal.reflect.NativeMethodAccessorImpl.invoke(NativeMethodAccessorImpl.java:62)
	at java.base/jdk.internal.reflect.DelegatingMethodAccessorImpl.invoke(DelegatingMethodAccessorImpl.java:43)
	at java.base/java.lang.reflect.Method.invoke(Method.java:566)
	at org.testng.internal.MethodInvocationHelper.invokeMethod(MethodInvocationHelper.java:133)
	at org.testng.internal.TestInvoker.invokeMethod(TestInvoker.java:598)
	at org.testng.internal.TestInvoker.invokeTestMethod(TestInvoker.java:173)
	at org.testng.internal.MethodRunner.runInSequence(MethodRunner.java:46)
	at org.testng.internal.TestInvoker$MethodInvocationAgent.invoke(TestInvoker.java:824)
	at org.testng.internal.TestInvoker.invokeTestMethods(TestInvoker.java:146)
	at org.testng.internal.TestMethodWorker.invokeTestMethods(TestMethodWorker.java:146)
	at org.testng.internal.TestMethodWorker.run(TestMethodWorker.java:128)
	at java.base/java.util.ArrayList.forEach(ArrayList.java:1540)
	at org.testng.TestRunner.privateRun(TestRunner.java:794)
	at org.testng.TestRunner.run(TestRunner.java:596)
	at org.testng.SuiteRunner.runTest(SuiteRunner.java:377)
	at org.testng.SuiteRunner.runSequentially(SuiteRunner.java:371)
	at org.testng.SuiteRunner.privateRun(SuiteRunner.java:332)
	at org.testng.SuiteRunner.run(SuiteRunner.java:276)
	at org.testng.SuiteRunnerWorker.runSuite(SuiteRunnerWorker.java:53)
	at org.testng.SuiteRunnerWorker.run(SuiteRunnerWorker.java:96)
	at org.testng.TestNG.runSuitesSequentially(TestNG.java:1212)
	at org.testng.TestNG.runSuitesLocally(TestNG.java:1134)
	at org.testng.TestNG.runSuites(TestNG.java:1063)
	at org.testng.TestNG.run(TestNG.java:1031)
	at org.apache.maven.surefire.testng.TestNGExecutor.run(TestNGExecutor.java:283)
	at org.apache.maven.surefire.testng.TestNGXmlTestSuite.execute(TestNGXmlTestSuite.java:75)
	at org.apache.maven.surefire.testng.TestNGProvider.invoke(TestNGProvider.java:120)
	at org.apache.maven.surefire.booter.ForkedBooter.invokeProviderInSameClassLoader(ForkedBooter.java:384)
	at org.apache.maven.surefire.booter.ForkedBooter.runSuitesInProcess(ForkedBooter.java:345)
	at org.apache.maven.surefire.booter.ForkedBooter.execute(ForkedBooter.java:126)
	at org.apache.maven.surefire.booter.ForkedBooter.main(ForkedBooter.java:418)
Caused by: org.openqa.selenium.TimeoutException: Expected condition failed: waiting for io.appium.java_client.pagefactory.AppiumElementLocator$WaitingFunction@17b37e9a (tried for 1 second(s) with 500 milliseconds interval)
	at org.openqa.selenium.support.ui.FluentWait.timeoutException(FluentWait.java:304)
	at org.openqa.selenium.support.ui.FluentWait.until(FluentWait.java:272)
	at io.appium.java_client.pagefactory.AppiumElementLocator.waitFor(AppiumElementLocator.java:99)
	at io.appium.java_client.pagefactory.AppiumElementLocator.findElement(AppiumElementLocator.java:119)
	... 38 more
Caused by: org.openqa.selenium.NoSuchElementException: Cannot locate an element using By.chained({By.id: com.arris.sbcBeta:id/txtHeader})
For documentation on this error, please visit: https://www.seleniumhq.org/exceptions/no_such_element.html
Build info: version: '3.141.59', revision: 'e82be7d358', time: '2018-11-14T08:17:03'
System info: host: 'techleads-Mac-mini.local', ip: '192.168.0.131', os.name: 'Mac OS X', os.arch: 'x86_64', os.version: '10.16', java.version: '11.0.2'
Driver info: driver.version: AndroidDriver
	at io.appium.java_client.pagefactory.bys.builder.ByChained.findElement(ByChained.java:74)
	at org.openqa.selenium.remote.RemoteWebDriver.findElement(RemoteWebDriver.java:315)
	at io.appium.java_client.DefaultGenericMobileDriver.findElement(DefaultGenericMobileDriver.java:57)
	at io.appium.java_client.AppiumDriver.findElement(AppiumDriver.java:1)
	at io.appium.java_client.android.AndroidDriver.findElement(AndroidDriver.java:1)
	at io.appium.java_client.pagefactory.bys.ContentMappedBy.findElement(ContentMappedBy.java:50)
	at org.openqa.selenium.remote.RemoteWebDriver.findElement(RemoteWebDriver.java:315)
	at io.appium.java_client.DefaultGenericMobileDriver.findElement(DefaultGenericMobileDriver.java:57)
	at io.appium.java_client.AppiumDriver.findElement(AppiumDriver.java:1)
	at io.appium.java_client.android.AndroidDriver.findElement(AndroidDriver.java:1)
	at io.appium.java_client.pagefactory.AppiumElementLocator.lambda$0(AppiumElementLocator.java:120)
	at io.appium.java_client.pagefactory.AppiumElementLocator$WaitingFunction.apply(AppiumElementLocator.java:172)
	at io.appium.java_client.pagefactory.AppiumElementLocator$WaitingFunction.apply(AppiumElementLocator.java:1)
	at org.openqa.selenium.support.ui.FluentWait.until(FluentWait.java:249)
	... 40 more

[logs/Android_RZ8M3002DGL/2021-11-11 INFO ] 2021-11-11 19:41:31.481 ParentClass:416 - video path: videos/Android_RZ8M3002DGL/2021-11-11-19-39-07/TC61_Login_And_Verify_ParentalControlPage_Test/Verify_HamburgerMEnu_And_Settings_About_Help_Pages.mp4
[logs/Android_RZ8M3002DGL/2021-11-11 INFO ] 2021-11-11 19:41:37.355 ParentClass:174 - Closing App
[logs/Android_RZ8M3002DGL/2021-11-11 INFO ] 2021-11-11 19:41:37.539 ParentClass:176 - Quitting Driver
[logs/Android_RZ8M3002DGL/2021-11-11 INFO ] 2021-11-11 19:51:02.099 ParentClass:289 - log path: logs/Android_RZ8M3002DGL/2021-11-11
[logs/Android_RZ8M3002DGL/2021-11-11 INFO ] 2021-11-11 19:51:02.109 ParentClass:230 - Setting Android driver capabilities
[logs/Android_RZ8M3002DGL/2021-11-11 INFO ] 2021-11-11 19:51:13.689 ParentClass:240 - Android Driver is set to the Thread Local context android
[logs/Android_RZ8M3002DGL/2021-11-11 INFO ] 2021-11-11 19:51:13.690 ParentClass:241 - Android driver initialized: 
[logs/Android_RZ8M3002DGL/2021-11-11 INFO ] 2021-11-11 19:51:17.816 TC61_Login_And_Verify_ParentalControlPage_Test:45 - Loading...Test Data
[logs/Android_RZ8M3002DGL/2021-11-11 INFO ] 2021-11-11 19:51:17.818 ParentClass:313 - loading...testdata/signup
[logs/Android_RZ8M3002DGL/2021-11-11 INFO ] 2021-11-11 19:51:17.823 TC61_Login_And_Verify_ParentalControlPage_Test:49 - First Name : demouser
[logs/Android_RZ8M3002DGL/2021-11-11 INFO ] 2021-11-11 19:51:17.825 TC61_Login_And_Verify_ParentalControlPage_Test:52 - Last Name : demouser
[logs/Android_RZ8M3002DGL/2021-11-11 INFO ] 2021-11-11 19:51:17.826 TC61_Login_And_Verify_ParentalControlPage_Test:55 - Email address : demouser2652@gmail.com
[logs/Android_RZ8M3002DGL/2021-11-11 INFO ] 2021-11-11 19:51:17.827 TC61_Login_And_Verify_ParentalControlPage_Test:58 - UDID : RZ8M3002DGL
[logs/Android_RZ8M3002DGL/2021-11-11 INFO ] 2021-11-11 19:51:17.831 TC61_Login_And_Verify_ParentalControlPage_Test:61 - Phone To Pause Internet : M2006C3LII-Redmi9i
[logs/Android_RZ8M3002DGL/2021-11-11 INFO ] 2021-11-11 19:51:17.832 TC61_Login_And_Verify_ParentalControlPage_Test:63 - Retrieved...Test Data
[logs/Android_RZ8M3002DGL/2021-11-11 INFO ] 2021-11-11 19:51:18.541 TC61_Login_And_Verify_ParentalControlPage_Test:71 - 
****** starting test:Verify_HamburgerMEnu_And_Settings_About_Help_Pages******

[logs/Android_RZ8M3002DGL/2021-11-11 INFO ] 2021-11-11 19:51:19.117 GetStartedPage:44 - Get Started - Clicked on Get Started Button
[logs/Android_RZ8M3002DGL/2021-11-11 INFO ] 2021-11-11 19:51:19.874 GrantPermissionsPage:183 - Grant Permissions - Clicked on Continue Button
[logs/Android_RZ8M3002DGL/2021-11-11 INFO ] 2021-11-11 19:51:36.430 DeviceLocationPage:105 - Device Location - Clicked Allow
[logs/Android_RZ8M3002DGL/2021-11-11 INFO ] 2021-11-11 19:51:39.791 AccessResourcesOnDevicePage:49 - Access Resources On Device - Clicked on Allow Link
[logs/Android_RZ8M3002DGL/2021-11-11 INFO ] 2021-11-11 19:51:41.087 SelectYourDevicePage:64 - Select your Device 1 - Selected SURFboard mAX option
[logs/Android_RZ8M3002DGL/2021-11-11 INFO ] 2021-11-11 19:51:41.985 SelectYourDevicePage:73 - Select your Device 1 - Clicked Next Button
[logs/Android_RZ8M3002DGL/2021-11-11 INFO ] 2021-11-11 19:51:43.073 SelectYourDevicePage2:73 - Select your Device 2 - Selected mAX Pro AX11000 option
[logs/Android_RZ8M3002DGL/2021-11-11 INFO ] 2021-11-11 19:51:44.000 SelectYourDevicePage2:82 - Select your Device 2 - Clicked Next Button
[logs/Android_RZ8M3002DGL/2021-11-11 INFO ] 2021-11-11 19:51:47.332 SiginPage:52 - Sigin Page - Entered user email address
[logs/Android_RZ8M3002DGL/2021-11-11 INFO ] 2021-11-11 19:51:48.178 SiginPage:60 - Sigin Page - Clicked on Signin Button
[logs/Android_RZ8M3002DGL/2021-11-11 INFO ] 2021-11-11 19:52:00.209 ValidOTP:118 - loading...emailDetails
[logs/Android_RZ8M3002DGL/2021-11-11 INFO ] 2021-11-11 19:52:04.268 EnterValidOTPPage:61 - Entering valid OTP...265661
[logs/Android_RZ8M3002DGL/2021-11-11 INFO ] 2021-11-11 19:52:05.797 CodeVerifiedPage:74 - OTP Code Verified Page - Clicked on Next Button
[logs/Android_RZ8M3002DGL/2021-11-11 INFO ] 2021-11-11 19:52:30.624 SetUpYourWiFiManagementPage:49 - Setup Wifi Management Page - Clicked on Skip Tutorial Button
[logs/Android_RZ8M3002DGL/2021-11-11 INFO ] 2021-11-11 19:52:55.379 HomePage:676 - On Home Page
[logs/Android_RZ8M3002DGL/2021-11-11 INFO ] 2021-11-11 19:52:56.254 FooterIconsPage:179 - Footer Icons Page - Clicked on Parental Button
[logs/Android_RZ8M3002DGL/2021-11-11 INFO ] 2021-11-11 19:53:03.062 ParentalControlWithProfilesPage:396 - Parental Control toggle switch button is not displayed
[logs/Android_RZ8M3002DGL/2021-11-11 INFO ] 2021-11-11 19:53:13.538 ParentalControlWithProfilesPage:330 - Back button is not displayed
[logs/Android_RZ8M3002DGL/2021-11-11 INFO ] 2021-11-11 19:53:28.372 HomePage:626 - Home Page - Currently Blocked Devices Image is either not visible or is not present on the DOM
[logs/Android_RZ8M3002DGL/2021-11-11 ERROR] 2021-11-11 19:53:34.212 TestListener:39 - org.openqa.selenium.NoSuchElementException: Can't locate an element by this strategy: By.chained({By.id: com.arris.sbcBeta:id/txtHeader})
	at io.appium.java_client.pagefactory.AppiumElementLocator.findElement(AppiumElementLocator.java:126)
	at io.appium.java_client.pagefactory.interceptors.InterceptorOfASingleElement.intercept(InterceptorOfASingleElement.java:59)
	at io.appium.java_client.android.AndroidElement$$EnhancerByCGLIB$$b598166c.isDisplayed(<generated>)
	at com.cs.arris.Pages.BlankBlockedDevicesPage.isAt(BlankBlockedDevicesPage.java:55)
	at com.cs.arris.Tests.TC61_Login_And_Verify_ParentalControlPage_Test.lambda$Verify_HamburgerMEnu_And_Settings_About_Help_Pages$14(TC61_Login_And_Verify_ParentalControlPage_Test.java:130)
	at com.cs.arris.Workflows.TC61_Login_And_Verify_ParentalControl_Workflow.blankBlockedDevicesPage(TC61_Login_And_Verify_ParentalControl_Workflow.java:212)
	at com.cs.arris.Tests.TC61_Login_And_Verify_ParentalControlPage_Test.Verify_HamburgerMEnu_And_Settings_About_Help_Pages(TC61_Login_And_Verify_ParentalControlPage_Test.java:129)
	at java.base/jdk.internal.reflect.NativeMethodAccessorImpl.invoke0(Native Method)
	at java.base/jdk.internal.reflect.NativeMethodAccessorImpl.invoke(NativeMethodAccessorImpl.java:62)
	at java.base/jdk.internal.reflect.DelegatingMethodAccessorImpl.invoke(DelegatingMethodAccessorImpl.java:43)
	at java.base/java.lang.reflect.Method.invoke(Method.java:566)
	at org.testng.internal.MethodInvocationHelper.invokeMethod(MethodInvocationHelper.java:133)
	at org.testng.internal.TestInvoker.invokeMethod(TestInvoker.java:598)
	at org.testng.internal.TestInvoker.invokeTestMethod(TestInvoker.java:173)
	at org.testng.internal.MethodRunner.runInSequence(MethodRunner.java:46)
	at org.testng.internal.TestInvoker$MethodInvocationAgent.invoke(TestInvoker.java:824)
	at org.testng.internal.TestInvoker.invokeTestMethods(TestInvoker.java:146)
	at org.testng.internal.TestMethodWorker.invokeTestMethods(TestMethodWorker.java:146)
	at org.testng.internal.TestMethodWorker.run(TestMethodWorker.java:128)
	at java.base/java.util.ArrayList.forEach(ArrayList.java:1540)
	at org.testng.TestRunner.privateRun(TestRunner.java:794)
	at org.testng.TestRunner.run(TestRunner.java:596)
	at org.testng.SuiteRunner.runTest(SuiteRunner.java:377)
	at org.testng.SuiteRunner.runSequentially(SuiteRunner.java:371)
	at org.testng.SuiteRunner.privateRun(SuiteRunner.java:332)
	at org.testng.SuiteRunner.run(SuiteRunner.java:276)
	at org.testng.SuiteRunnerWorker.runSuite(SuiteRunnerWorker.java:53)
	at org.testng.SuiteRunnerWorker.run(SuiteRunnerWorker.java:96)
	at org.testng.TestNG.runSuitesSequentially(TestNG.java:1212)
	at org.testng.TestNG.runSuitesLocally(TestNG.java:1134)
	at org.testng.TestNG.runSuites(TestNG.java:1063)
	at org.testng.TestNG.run(TestNG.java:1031)
	at org.apache.maven.surefire.testng.TestNGExecutor.run(TestNGExecutor.java:283)
	at org.apache.maven.surefire.testng.TestNGXmlTestSuite.execute(TestNGXmlTestSuite.java:75)
	at org.apache.maven.surefire.testng.TestNGProvider.invoke(TestNGProvider.java:120)
	at org.apache.maven.surefire.booter.ForkedBooter.invokeProviderInSameClassLoader(ForkedBooter.java:384)
	at org.apache.maven.surefire.booter.ForkedBooter.runSuitesInProcess(ForkedBooter.java:345)
	at org.apache.maven.surefire.booter.ForkedBooter.execute(ForkedBooter.java:126)
	at org.apache.maven.surefire.booter.ForkedBooter.main(ForkedBooter.java:418)
Caused by: org.openqa.selenium.TimeoutException: Expected condition failed: waiting for io.appium.java_client.pagefactory.AppiumElementLocator$WaitingFunction@a09303 (tried for 1 second(s) with 500 milliseconds interval)
	at org.openqa.selenium.support.ui.FluentWait.timeoutException(FluentWait.java:304)
	at org.openqa.selenium.support.ui.FluentWait.until(FluentWait.java:272)
	at io.appium.java_client.pagefactory.AppiumElementLocator.waitFor(AppiumElementLocator.java:99)
	at io.appium.java_client.pagefactory.AppiumElementLocator.findElement(AppiumElementLocator.java:119)
	... 38 more
Caused by: org.openqa.selenium.NoSuchElementException: Cannot locate an element using By.chained({By.id: com.arris.sbcBeta:id/txtHeader})
For documentation on this error, please visit: https://www.seleniumhq.org/exceptions/no_such_element.html
Build info: version: '3.141.59', revision: 'e82be7d358', time: '2018-11-14T08:17:03'
System info: host: 'techleads-Mac-mini.local', ip: '192.168.0.131', os.name: 'Mac OS X', os.arch: 'x86_64', os.version: '10.16', java.version: '11.0.2'
Driver info: driver.version: AndroidDriver
	at io.appium.java_client.pagefactory.bys.builder.ByChained.findElement(ByChained.java:74)
	at org.openqa.selenium.remote.RemoteWebDriver.findElement(RemoteWebDriver.java:315)
	at io.appium.java_client.DefaultGenericMobileDriver.findElement(DefaultGenericMobileDriver.java:57)
	at io.appium.java_client.AppiumDriver.findElement(AppiumDriver.java:1)
	at io.appium.java_client.android.AndroidDriver.findElement(AndroidDriver.java:1)
	at io.appium.java_client.pagefactory.bys.ContentMappedBy.findElement(ContentMappedBy.java:50)
	at org.openqa.selenium.remote.RemoteWebDriver.findElement(RemoteWebDriver.java:315)
	at io.appium.java_client.DefaultGenericMobileDriver.findElement(DefaultGenericMobileDriver.java:57)
	at io.appium.java_client.AppiumDriver.findElement(AppiumDriver.java:1)
	at io.appium.java_client.android.AndroidDriver.findElement(AndroidDriver.java:1)
	at io.appium.java_client.pagefactory.AppiumElementLocator.lambda$0(AppiumElementLocator.java:120)
	at io.appium.java_client.pagefactory.AppiumElementLocator$WaitingFunction.apply(AppiumElementLocator.java:172)
	at io.appium.java_client.pagefactory.AppiumElementLocator$WaitingFunction.apply(AppiumElementLocator.java:1)
	at org.openqa.selenium.support.ui.FluentWait.until(FluentWait.java:249)
	... 40 more

[logs/Android_RZ8M3002DGL/2021-11-11 INFO ] 2021-11-11 19:53:38.052 ParentClass:416 - video path: videos/Android_RZ8M3002DGL/2021-11-11-19-51-02/TC61_Login_And_Verify_ParentalControlPage_Test/Verify_HamburgerMEnu_And_Settings_About_Help_Pages.mp4
[logs/Android_RZ8M3002DGL/2021-11-11 INFO ] 2021-11-11 19:53:43.909 ParentClass:174 - Closing App
[logs/Android_RZ8M3002DGL/2021-11-11 INFO ] 2021-11-11 19:53:44.096 ParentClass:176 - Quitting Driver
[logs/Android_RZ8M3002DGL/2021-11-11 INFO ] 2021-11-11 20:04:57.829 ParentClass:289 - log path: logs/Android_RZ8M3002DGL/2021-11-11
[logs/Android_RZ8M3002DGL/2021-11-11 INFO ] 2021-11-11 20:04:57.842 ParentClass:230 - Setting Android driver capabilities
[logs/Android_RZ8M3002DGL/2021-11-11 INFO ] 2021-11-11 20:05:09.317 ParentClass:240 - Android Driver is set to the Thread Local context android
[logs/Android_RZ8M3002DGL/2021-11-11 INFO ] 2021-11-11 20:05:09.319 ParentClass:241 - Android driver initialized: 
[logs/Android_RZ8M3002DGL/2021-11-11 INFO ] 2021-11-11 20:05:13.445 TC61_Login_And_Verify_ParentalControlPage_Test:45 - Loading...Test Data
[logs/Android_RZ8M3002DGL/2021-11-11 INFO ] 2021-11-11 20:05:13.447 ParentClass:313 - loading...testdata/signup
[logs/Android_RZ8M3002DGL/2021-11-11 INFO ] 2021-11-11 20:05:13.455 TC61_Login_And_Verify_ParentalControlPage_Test:49 - First Name : demouser
[logs/Android_RZ8M3002DGL/2021-11-11 INFO ] 2021-11-11 20:05:13.462 TC61_Login_And_Verify_ParentalControlPage_Test:52 - Last Name : demouser
[logs/Android_RZ8M3002DGL/2021-11-11 INFO ] 2021-11-11 20:05:13.469 TC61_Login_And_Verify_ParentalControlPage_Test:55 - Email address : demouser2652@gmail.com
[logs/Android_RZ8M3002DGL/2021-11-11 INFO ] 2021-11-11 20:05:13.480 TC61_Login_And_Verify_ParentalControlPage_Test:58 - UDID : RZ8M3002DGL
[logs/Android_RZ8M3002DGL/2021-11-11 INFO ] 2021-11-11 20:05:13.484 TC61_Login_And_Verify_ParentalControlPage_Test:61 - Phone To Pause Internet : M2006C3LII-Redmi9i
[logs/Android_RZ8M3002DGL/2021-11-11 INFO ] 2021-11-11 20:05:13.485 TC61_Login_And_Verify_ParentalControlPage_Test:63 - Retrieved...Test Data
[logs/Android_RZ8M3002DGL/2021-11-11 INFO ] 2021-11-11 20:05:14.216 TC61_Login_And_Verify_ParentalControlPage_Test:71 - 
****** starting test:Verify_HamburgerMEnu_And_Settings_About_Help_Pages******

[logs/Android_RZ8M3002DGL/2021-11-11 INFO ] 2021-11-11 20:05:14.742 GetStartedPage:44 - Get Started - Clicked on Get Started Button
[logs/Android_RZ8M3002DGL/2021-11-11 INFO ] 2021-11-11 20:05:15.542 GrantPermissionsPage:183 - Grant Permissions - Clicked on Continue Button
[logs/Android_RZ8M3002DGL/2021-11-11 INFO ] 2021-11-11 20:05:31.988 DeviceLocationPage:105 - Device Location - Clicked Allow
[logs/Android_RZ8M3002DGL/2021-11-11 INFO ] 2021-11-11 20:05:35.408 AccessResourcesOnDevicePage:49 - Access Resources On Device - Clicked on Allow Link
[logs/Android_RZ8M3002DGL/2021-11-11 INFO ] 2021-11-11 20:05:36.750 SelectYourDevicePage:64 - Select your Device 1 - Selected SURFboard mAX option
[logs/Android_RZ8M3002DGL/2021-11-11 INFO ] 2021-11-11 20:05:37.670 SelectYourDevicePage:73 - Select your Device 1 - Clicked Next Button
[logs/Android_RZ8M3002DGL/2021-11-11 INFO ] 2021-11-11 20:05:38.745 SelectYourDevicePage2:73 - Select your Device 2 - Selected mAX Pro AX11000 option
[logs/Android_RZ8M3002DGL/2021-11-11 INFO ] 2021-11-11 20:05:39.635 SelectYourDevicePage2:82 - Select your Device 2 - Clicked Next Button
[logs/Android_RZ8M3002DGL/2021-11-11 INFO ] 2021-11-11 20:05:43.012 SiginPage:52 - Sigin Page - Entered user email address
[logs/Android_RZ8M3002DGL/2021-11-11 INFO ] 2021-11-11 20:05:43.898 SiginPage:60 - Sigin Page - Clicked on Signin Button
[logs/Android_RZ8M3002DGL/2021-11-11 INFO ] 2021-11-11 20:05:55.927 ValidOTP:118 - loading...emailDetails
[logs/Android_RZ8M3002DGL/2021-11-11 INFO ] 2021-11-11 20:05:59.961 EnterValidOTPPage:61 - Entering valid OTP...435983
[logs/Android_RZ8M3002DGL/2021-11-11 INFO ] 2021-11-11 20:06:01.514 CodeVerifiedPage:74 - OTP Code Verified Page - Clicked on Next Button
[logs/Android_RZ8M3002DGL/2021-11-11 INFO ] 2021-11-11 20:06:26.502 SetUpYourWiFiManagementPage:49 - Setup Wifi Management Page - Clicked on Skip Tutorial Button
[logs/Android_RZ8M3002DGL/2021-11-11 INFO ] 2021-11-11 20:06:50.967 HomePage:676 - On Home Page
[logs/Android_RZ8M3002DGL/2021-11-11 INFO ] 2021-11-11 20:06:52.580 FooterIconsPage:179 - Footer Icons Page - Clicked on Parental Button
[logs/Android_RZ8M3002DGL/2021-11-11 INFO ] 2021-11-11 20:06:58.330 ParentalControlWithProfilesPage:398 - Parental Control toggle switch button is not displayed
[logs/Android_RZ8M3002DGL/2021-11-11 INFO ] 2021-11-11 20:06:59.303 ParentalControlWithProfilesPage:330 - Clicked on Back Button
[logs/Android_RZ8M3002DGL/2021-11-11 INFO ] 2021-11-11 20:07:14.906 HomePage:626 - Home Page - Currently Blocked Devices Image is either not visible or is not present on the DOM
[logs/Android_RZ8M3002DGL/2021-11-11 ERROR] 2021-11-11 20:07:20.981 TestListener:39 - org.openqa.selenium.NoSuchElementException: Can't locate an element by this strategy: By.chained({By.id: com.arris.sbcBeta:id/txtHeader})
	at io.appium.java_client.pagefactory.AppiumElementLocator.findElement(AppiumElementLocator.java:126)
	at io.appium.java_client.pagefactory.interceptors.InterceptorOfASingleElement.intercept(InterceptorOfASingleElement.java:59)
	at io.appium.java_client.android.AndroidElement$$EnhancerByCGLIB$$b598166c.isDisplayed(<generated>)
	at com.cs.arris.Pages.BlankBlockedDevicesPage.isAt(BlankBlockedDevicesPage.java:55)
	at com.cs.arris.Tests.TC61_Login_And_Verify_ParentalControlPage_Test.lambda$Verify_HamburgerMEnu_And_Settings_About_Help_Pages$14(TC61_Login_And_Verify_ParentalControlPage_Test.java:130)
	at com.cs.arris.Workflows.TC61_Login_And_Verify_ParentalControl_Workflow.blankBlockedDevicesPage(TC61_Login_And_Verify_ParentalControl_Workflow.java:212)
	at com.cs.arris.Tests.TC61_Login_And_Verify_ParentalControlPage_Test.Verify_HamburgerMEnu_And_Settings_About_Help_Pages(TC61_Login_And_Verify_ParentalControlPage_Test.java:129)
	at java.base/jdk.internal.reflect.NativeMethodAccessorImpl.invoke0(Native Method)
	at java.base/jdk.internal.reflect.NativeMethodAccessorImpl.invoke(NativeMethodAccessorImpl.java:62)
	at java.base/jdk.internal.reflect.DelegatingMethodAccessorImpl.invoke(DelegatingMethodAccessorImpl.java:43)
	at java.base/java.lang.reflect.Method.invoke(Method.java:566)
	at org.testng.internal.MethodInvocationHelper.invokeMethod(MethodInvocationHelper.java:133)
	at org.testng.internal.TestInvoker.invokeMethod(TestInvoker.java:598)
	at org.testng.internal.TestInvoker.invokeTestMethod(TestInvoker.java:173)
	at org.testng.internal.MethodRunner.runInSequence(MethodRunner.java:46)
	at org.testng.internal.TestInvoker$MethodInvocationAgent.invoke(TestInvoker.java:824)
	at org.testng.internal.TestInvoker.invokeTestMethods(TestInvoker.java:146)
	at org.testng.internal.TestMethodWorker.invokeTestMethods(TestMethodWorker.java:146)
	at org.testng.internal.TestMethodWorker.run(TestMethodWorker.java:128)
	at java.base/java.util.ArrayList.forEach(ArrayList.java:1540)
	at org.testng.TestRunner.privateRun(TestRunner.java:794)
	at org.testng.TestRunner.run(TestRunner.java:596)
	at org.testng.SuiteRunner.runTest(SuiteRunner.java:377)
	at org.testng.SuiteRunner.runSequentially(SuiteRunner.java:371)
	at org.testng.SuiteRunner.privateRun(SuiteRunner.java:332)
	at org.testng.SuiteRunner.run(SuiteRunner.java:276)
	at org.testng.SuiteRunnerWorker.runSuite(SuiteRunnerWorker.java:53)
	at org.testng.SuiteRunnerWorker.run(SuiteRunnerWorker.java:96)
	at org.testng.TestNG.runSuitesSequentially(TestNG.java:1212)
	at org.testng.TestNG.runSuitesLocally(TestNG.java:1134)
	at org.testng.TestNG.runSuites(TestNG.java:1063)
	at org.testng.TestNG.run(TestNG.java:1031)
	at org.apache.maven.surefire.testng.TestNGExecutor.run(TestNGExecutor.java:283)
	at org.apache.maven.surefire.testng.TestNGXmlTestSuite.execute(TestNGXmlTestSuite.java:75)
	at org.apache.maven.surefire.testng.TestNGProvider.invoke(TestNGProvider.java:120)
	at org.apache.maven.surefire.booter.ForkedBooter.invokeProviderInSameClassLoader(ForkedBooter.java:384)
	at org.apache.maven.surefire.booter.ForkedBooter.runSuitesInProcess(ForkedBooter.java:345)
	at org.apache.maven.surefire.booter.ForkedBooter.execute(ForkedBooter.java:126)
	at org.apache.maven.surefire.booter.ForkedBooter.main(ForkedBooter.java:418)
Caused by: org.openqa.selenium.TimeoutException: Expected condition failed: waiting for io.appium.java_client.pagefactory.AppiumElementLocator$WaitingFunction@64e1377c (tried for 1 second(s) with 500 milliseconds interval)
	at org.openqa.selenium.support.ui.FluentWait.timeoutException(FluentWait.java:304)
	at org.openqa.selenium.support.ui.FluentWait.until(FluentWait.java:272)
	at io.appium.java_client.pagefactory.AppiumElementLocator.waitFor(AppiumElementLocator.java:99)
	at io.appium.java_client.pagefactory.AppiumElementLocator.findElement(AppiumElementLocator.java:119)
	... 38 more
Caused by: org.openqa.selenium.NoSuchElementException: Cannot locate an element using By.chained({By.id: com.arris.sbcBeta:id/txtHeader})
For documentation on this error, please visit: https://www.seleniumhq.org/exceptions/no_such_element.html
Build info: version: '3.141.59', revision: 'e82be7d358', time: '2018-11-14T08:17:03'
System info: host: 'techleads-Mac-mini.local', ip: '192.168.0.131', os.name: 'Mac OS X', os.arch: 'x86_64', os.version: '10.16', java.version: '11.0.2'
Driver info: driver.version: AndroidDriver
	at io.appium.java_client.pagefactory.bys.builder.ByChained.findElement(ByChained.java:74)
	at org.openqa.selenium.remote.RemoteWebDriver.findElement(RemoteWebDriver.java:315)
	at io.appium.java_client.DefaultGenericMobileDriver.findElement(DefaultGenericMobileDriver.java:57)
	at io.appium.java_client.AppiumDriver.findElement(AppiumDriver.java:1)
	at io.appium.java_client.android.AndroidDriver.findElement(AndroidDriver.java:1)
	at io.appium.java_client.pagefactory.bys.ContentMappedBy.findElement(ContentMappedBy.java:50)
	at org.openqa.selenium.remote.RemoteWebDriver.findElement(RemoteWebDriver.java:315)
	at io.appium.java_client.DefaultGenericMobileDriver.findElement(DefaultGenericMobileDriver.java:57)
	at io.appium.java_client.AppiumDriver.findElement(AppiumDriver.java:1)
	at io.appium.java_client.android.AndroidDriver.findElement(AndroidDriver.java:1)
	at io.appium.java_client.pagefactory.AppiumElementLocator.lambda$0(AppiumElementLocator.java:120)
	at io.appium.java_client.pagefactory.AppiumElementLocator$WaitingFunction.apply(AppiumElementLocator.java:172)
	at io.appium.java_client.pagefactory.AppiumElementLocator$WaitingFunction.apply(AppiumElementLocator.java:1)
	at org.openqa.selenium.support.ui.FluentWait.until(FluentWait.java:249)
	... 40 more

[logs/Android_RZ8M3002DGL/2021-11-11 INFO ] 2021-11-11 20:07:25.107 ParentClass:416 - video path: videos/Android_RZ8M3002DGL/2021-11-11-20-04-57/TC61_Login_And_Verify_ParentalControlPage_Test/Verify_HamburgerMEnu_And_Settings_About_Help_Pages.mp4
[logs/Android_RZ8M3002DGL/2021-11-11 INFO ] 2021-11-11 20:07:31.036 ParentClass:174 - Closing App
[logs/Android_RZ8M3002DGL/2021-11-11 INFO ] 2021-11-11 20:07:31.229 ParentClass:176 - Quitting Driver
[logs/Android_RZ8M3002DGL/2021-11-11 INFO ] 2021-11-11 20:44:06.341 ParentClass:289 - log path: logs/Android_RZ8M3002DGL/2021-11-11
[logs/Android_RZ8M3002DGL/2021-11-11 INFO ] 2021-11-11 20:44:06.352 ParentClass:230 - Setting Android driver capabilities
[logs/Android_RZ8M3002DGL/2021-11-11 INFO ] 2021-11-11 20:44:18.175 ParentClass:240 - Android Driver is set to the Thread Local context android
[logs/Android_RZ8M3002DGL/2021-11-11 INFO ] 2021-11-11 20:44:18.177 ParentClass:241 - Android driver initialized: 
[logs/Android_RZ8M3002DGL/2021-11-11 INFO ] 2021-11-11 20:44:22.329 TC61_Login_And_Verify_ParentalControlPage_Test:45 - Loading...Test Data
[logs/Android_RZ8M3002DGL/2021-11-11 INFO ] 2021-11-11 20:44:22.332 ParentClass:313 - loading...testdata/signup
[logs/Android_RZ8M3002DGL/2021-11-11 INFO ] 2021-11-11 20:44:22.341 TC61_Login_And_Verify_ParentalControlPage_Test:49 - First Name : demouser
[logs/Android_RZ8M3002DGL/2021-11-11 INFO ] 2021-11-11 20:44:22.344 TC61_Login_And_Verify_ParentalControlPage_Test:52 - Last Name : demouser
[logs/Android_RZ8M3002DGL/2021-11-11 INFO ] 2021-11-11 20:44:22.346 TC61_Login_And_Verify_ParentalControlPage_Test:55 - Email address : demouser2652@gmail.com
[logs/Android_RZ8M3002DGL/2021-11-11 INFO ] 2021-11-11 20:44:22.347 TC61_Login_And_Verify_ParentalControlPage_Test:58 - UDID : RZ8M3002DGL
[logs/Android_RZ8M3002DGL/2021-11-11 INFO ] 2021-11-11 20:44:22.351 TC61_Login_And_Verify_ParentalControlPage_Test:61 - Phone To Pause Internet : M2006C3LII-Redmi9i
[logs/Android_RZ8M3002DGL/2021-11-11 INFO ] 2021-11-11 20:44:22.353 TC61_Login_And_Verify_ParentalControlPage_Test:63 - Retrieved...Test Data
[logs/Android_RZ8M3002DGL/2021-11-11 INFO ] 2021-11-11 20:44:23.110 TC61_Login_And_Verify_ParentalControlPage_Test:71 - 
****** starting test:Verify_HamburgerMEnu_And_Settings_About_Help_Pages******

[logs/Android_RZ8M3002DGL/2021-11-11 INFO ] 2021-11-11 20:44:24.236 GetStartedPage:44 - Get Started - Clicked on Get Started Button
[logs/Android_RZ8M3002DGL/2021-11-11 INFO ] 2021-11-11 20:44:24.593 GrantPermissionsPage:183 - Grant Permissions - Clicked on Continue Button
[logs/Android_RZ8M3002DGL/2021-11-11 INFO ] 2021-11-11 20:44:41.238 DeviceLocationPage:105 - Device Location - Clicked Allow
[logs/Android_RZ8M3002DGL/2021-11-11 INFO ] 2021-11-11 20:44:44.587 AccessResourcesOnDevicePage:49 - Access Resources On Device - Clicked on Allow Link
[logs/Android_RZ8M3002DGL/2021-11-11 INFO ] 2021-11-11 20:44:46.171 SelectYourDevicePage:64 - Select your Device 1 - Selected SURFboard mAX option
[logs/Android_RZ8M3002DGL/2021-11-11 INFO ] 2021-11-11 20:44:47.121 SelectYourDevicePage:73 - Select your Device 1 - Clicked Next Button
[logs/Android_RZ8M3002DGL/2021-11-11 INFO ] 2021-11-11 20:44:48.328 SelectYourDevicePage2:73 - Select your Device 2 - Selected mAX Pro AX11000 option
[logs/Android_RZ8M3002DGL/2021-11-11 INFO ] 2021-11-11 20:44:49.214 SelectYourDevicePage2:82 - Select your Device 2 - Clicked Next Button
[logs/Android_RZ8M3002DGL/2021-11-11 INFO ] 2021-11-11 20:44:52.496 SiginPage:52 - Sigin Page - Entered user email address
[logs/Android_RZ8M3002DGL/2021-11-11 INFO ] 2021-11-11 20:44:53.399 SiginPage:60 - Sigin Page - Clicked on Signin Button
[logs/Android_RZ8M3002DGL/2021-11-11 INFO ] 2021-11-11 20:45:05.413 ValidOTP:118 - loading...emailDetails
[logs/Android_RZ8M3002DGL/2021-11-11 INFO ] 2021-11-11 20:45:09.613 EnterValidOTPPage:61 - Entering valid OTP...350944
[logs/Android_RZ8M3002DGL/2021-11-11 INFO ] 2021-11-11 20:45:11.170 CodeVerifiedPage:74 - OTP Code Verified Page - Clicked on Next Button
[logs/Android_RZ8M3002DGL/2021-11-11 INFO ] 2021-11-11 20:45:36.043 SetUpYourWiFiManagementPage:49 - Setup Wifi Management Page - Clicked on Skip Tutorial Button
[logs/Android_RZ8M3002DGL/2021-11-11 INFO ] 2021-11-11 20:46:00.301 HomePage:685 - On Home Page
[logs/Android_RZ8M3002DGL/2021-11-11 INFO ] 2021-11-11 20:46:00.856 FooterIconsPage:179 - Footer Icons Page - Clicked on Parental Button
[logs/Android_RZ8M3002DGL/2021-11-11 INFO ] 2021-11-11 20:46:07.771 ParentalControlWithProfilesPage:395 - Parental Control toggle switch button is not displayed
[logs/Android_RZ8M3002DGL/2021-11-11 INFO ] 2021-11-11 20:46:08.089 ParentalControlWithProfilesPage:329 - Clicked on Back Button
[logs/Android_RZ8M3002DGL/2021-11-11 INFO ] 2021-11-11 20:46:19.590 HomePage:635 - Home Page - Currently Blocked Devices Image is either not visible or is not present on the DOM
[logs/Android_RZ8M3002DGL/2021-11-11 ERROR] 2021-11-11 20:46:25.437 TestListener:39 - org.openqa.selenium.NoSuchElementException: Can't locate an element by this strategy: By.chained({By.id: com.arris.sbcBeta:id/txtHeader})
	at io.appium.java_client.pagefactory.AppiumElementLocator.findElement(AppiumElementLocator.java:126)
	at io.appium.java_client.pagefactory.interceptors.InterceptorOfASingleElement.intercept(InterceptorOfASingleElement.java:59)
	at io.appium.java_client.android.AndroidElement$$EnhancerByCGLIB$$b598166c.isDisplayed(<generated>)
	at com.cs.arris.Pages.BlankBlockedDevicesPage.isAt(BlankBlockedDevicesPage.java:55)
	at com.cs.arris.Tests.TC61_Login_And_Verify_ParentalControlPage_Test.lambda$Verify_HamburgerMEnu_And_Settings_About_Help_Pages$14(TC61_Login_And_Verify_ParentalControlPage_Test.java:130)
	at com.cs.arris.Workflows.TC61_Login_And_Verify_ParentalControl_Workflow.blankBlockedDevicesPage(TC61_Login_And_Verify_ParentalControl_Workflow.java:212)
	at com.cs.arris.Tests.TC61_Login_And_Verify_ParentalControlPage_Test.Verify_HamburgerMEnu_And_Settings_About_Help_Pages(TC61_Login_And_Verify_ParentalControlPage_Test.java:129)
	at java.base/jdk.internal.reflect.NativeMethodAccessorImpl.invoke0(Native Method)
	at java.base/jdk.internal.reflect.NativeMethodAccessorImpl.invoke(NativeMethodAccessorImpl.java:62)
	at java.base/jdk.internal.reflect.DelegatingMethodAccessorImpl.invoke(DelegatingMethodAccessorImpl.java:43)
	at java.base/java.lang.reflect.Method.invoke(Method.java:566)
	at org.testng.internal.MethodInvocationHelper.invokeMethod(MethodInvocationHelper.java:133)
	at org.testng.internal.TestInvoker.invokeMethod(TestInvoker.java:598)
	at org.testng.internal.TestInvoker.invokeTestMethod(TestInvoker.java:173)
	at org.testng.internal.MethodRunner.runInSequence(MethodRunner.java:46)
	at org.testng.internal.TestInvoker$MethodInvocationAgent.invoke(TestInvoker.java:824)
	at org.testng.internal.TestInvoker.invokeTestMethods(TestInvoker.java:146)
	at org.testng.internal.TestMethodWorker.invokeTestMethods(TestMethodWorker.java:146)
	at org.testng.internal.TestMethodWorker.run(TestMethodWorker.java:128)
	at java.base/java.util.ArrayList.forEach(ArrayList.java:1540)
	at org.testng.TestRunner.privateRun(TestRunner.java:794)
	at org.testng.TestRunner.run(TestRunner.java:596)
	at org.testng.SuiteRunner.runTest(SuiteRunner.java:377)
	at org.testng.SuiteRunner.runSequentially(SuiteRunner.java:371)
	at org.testng.SuiteRunner.privateRun(SuiteRunner.java:332)
	at org.testng.SuiteRunner.run(SuiteRunner.java:276)
	at org.testng.SuiteRunnerWorker.runSuite(SuiteRunnerWorker.java:53)
	at org.testng.SuiteRunnerWorker.run(SuiteRunnerWorker.java:96)
	at org.testng.TestNG.runSuitesSequentially(TestNG.java:1212)
	at org.testng.TestNG.runSuitesLocally(TestNG.java:1134)
	at org.testng.TestNG.runSuites(TestNG.java:1063)
	at org.testng.TestNG.run(TestNG.java:1031)
	at org.apache.maven.surefire.testng.TestNGExecutor.run(TestNGExecutor.java:283)
	at org.apache.maven.surefire.testng.TestNGXmlTestSuite.execute(TestNGXmlTestSuite.java:75)
	at org.apache.maven.surefire.testng.TestNGProvider.invoke(TestNGProvider.java:120)
	at org.apache.maven.surefire.booter.ForkedBooter.invokeProviderInSameClassLoader(ForkedBooter.java:384)
	at org.apache.maven.surefire.booter.ForkedBooter.runSuitesInProcess(ForkedBooter.java:345)
	at org.apache.maven.surefire.booter.ForkedBooter.execute(ForkedBooter.java:126)
	at org.apache.maven.surefire.booter.ForkedBooter.main(ForkedBooter.java:418)
Caused by: org.openqa.selenium.TimeoutException: Expected condition failed: waiting for io.appium.java_client.pagefactory.AppiumElementLocator$WaitingFunction@6a1ef65c (tried for 1 second(s) with 500 milliseconds interval)
	at org.openqa.selenium.support.ui.FluentWait.timeoutException(FluentWait.java:304)
	at org.openqa.selenium.support.ui.FluentWait.until(FluentWait.java:272)
	at io.appium.java_client.pagefactory.AppiumElementLocator.waitFor(AppiumElementLocator.java:99)
	at io.appium.java_client.pagefactory.AppiumElementLocator.findElement(AppiumElementLocator.java:119)
	... 38 more
Caused by: org.openqa.selenium.NoSuchElementException: Cannot locate an element using By.chained({By.id: com.arris.sbcBeta:id/txtHeader})
For documentation on this error, please visit: https://www.seleniumhq.org/exceptions/no_such_element.html
Build info: version: '3.141.59', revision: 'e82be7d358', time: '2018-11-14T08:17:03'
System info: host: 'techleads-Mac-mini.local', ip: '192.168.0.131', os.name: 'Mac OS X', os.arch: 'x86_64', os.version: '10.16', java.version: '11.0.2'
Driver info: driver.version: AndroidDriver
	at io.appium.java_client.pagefactory.bys.builder.ByChained.findElement(ByChained.java:74)
	at org.openqa.selenium.remote.RemoteWebDriver.findElement(RemoteWebDriver.java:315)
	at io.appium.java_client.DefaultGenericMobileDriver.findElement(DefaultGenericMobileDriver.java:57)
	at io.appium.java_client.AppiumDriver.findElement(AppiumDriver.java:1)
	at io.appium.java_client.android.AndroidDriver.findElement(AndroidDriver.java:1)
	at io.appium.java_client.pagefactory.bys.ContentMappedBy.findElement(ContentMappedBy.java:50)
	at org.openqa.selenium.remote.RemoteWebDriver.findElement(RemoteWebDriver.java:315)
	at io.appium.java_client.DefaultGenericMobileDriver.findElement(DefaultGenericMobileDriver.java:57)
	at io.appium.java_client.AppiumDriver.findElement(AppiumDriver.java:1)
	at io.appium.java_client.android.AndroidDriver.findElement(AndroidDriver.java:1)
	at io.appium.java_client.pagefactory.AppiumElementLocator.lambda$0(AppiumElementLocator.java:120)
	at io.appium.java_client.pagefactory.AppiumElementLocator$WaitingFunction.apply(AppiumElementLocator.java:172)
	at io.appium.java_client.pagefactory.AppiumElementLocator$WaitingFunction.apply(AppiumElementLocator.java:1)
	at org.openqa.selenium.support.ui.FluentWait.until(FluentWait.java:249)
	... 40 more

[logs/Android_RZ8M3002DGL/2021-11-11 INFO ] 2021-11-11 20:46:29.513 ParentClass:416 - video path: videos/Android_RZ8M3002DGL/2021-11-11-20-44-06/TC61_Login_And_Verify_ParentalControlPage_Test/Verify_HamburgerMEnu_And_Settings_About_Help_Pages.mp4
[logs/Android_RZ8M3002DGL/2021-11-11 INFO ] 2021-11-11 20:46:35.365 ParentClass:174 - Closing App
[logs/Android_RZ8M3002DGL/2021-11-11 INFO ] 2021-11-11 20:46:35.548 ParentClass:176 - Quitting Driver
[logs/Android_RZ8M3002DGL/2021-11-11 INFO ] 2021-11-11 20:58:51.467 ParentClass:289 - log path: logs/Android_RZ8M3002DGL/2021-11-11
[logs/Android_RZ8M3002DGL/2021-11-11 INFO ] 2021-11-11 20:58:51.477 ParentClass:230 - Setting Android driver capabilities
[logs/Android_RZ8M3002DGL/2021-11-11 INFO ] 2021-11-11 20:59:02.343 ParentClass:240 - Android Driver is set to the Thread Local context android
[logs/Android_RZ8M3002DGL/2021-11-11 INFO ] 2021-11-11 20:59:02.346 ParentClass:241 - Android driver initialized: 
[logs/Android_RZ8M3002DGL/2021-11-11 INFO ] 2021-11-11 20:59:06.460 TC52_Login_And_Verify_HomePage_Test:45 - Loading...Sign Up Test Data
[logs/Android_RZ8M3002DGL/2021-11-11 INFO ] 2021-11-11 20:59:06.462 ParentClass:313 - loading...testdata/signup
[logs/Android_RZ8M3002DGL/2021-11-11 INFO ] 2021-11-11 20:59:06.469 TC52_Login_And_Verify_HomePage_Test:49 - First Name : demouser
[logs/Android_RZ8M3002DGL/2021-11-11 INFO ] 2021-11-11 20:59:06.472 TC52_Login_And_Verify_HomePage_Test:52 - Last Name : demouser
[logs/Android_RZ8M3002DGL/2021-11-11 INFO ] 2021-11-11 20:59:06.475 TC52_Login_And_Verify_HomePage_Test:55 - Email address : demouser2652@gmail.com
[logs/Android_RZ8M3002DGL/2021-11-11 INFO ] 2021-11-11 20:59:06.478 TC52_Login_And_Verify_HomePage_Test:58 - UDID : RZ8M3002DGL
[logs/Android_RZ8M3002DGL/2021-11-11 INFO ] 2021-11-11 20:59:06.479 TC52_Login_And_Verify_HomePage_Test:60 - Retrieved...Sign Up Test Data
[logs/Android_RZ8M3002DGL/2021-11-11 INFO ] 2021-11-11 20:59:07.234 TC52_Login_And_Verify_HomePage_Test:70 - 
****** starting test:Verify_HomePage******

[logs/Android_RZ8M3002DGL/2021-11-11 INFO ] 2021-11-11 20:59:07.829 GetStartedPage:44 - Get Started - Clicked on Get Started Button
[logs/Android_RZ8M3002DGL/2021-11-11 INFO ] 2021-11-11 20:59:08.749 GrantPermissionsPage:183 - Grant Permissions - Clicked on Continue Button
[logs/Android_RZ8M3002DGL/2021-11-11 INFO ] 2021-11-11 20:59:25.436 DeviceLocationPage:105 - Device Location - Clicked Allow
[logs/Android_RZ8M3002DGL/2021-11-11 INFO ] 2021-11-11 20:59:28.802 AccessResourcesOnDevicePage:49 - Access Resources On Device - Clicked on Allow Link
[logs/Android_RZ8M3002DGL/2021-11-11 INFO ] 2021-11-11 20:59:30.172 SelectYourDevicePage:64 - Select your Device 1 - Selected SURFboard mAX option
[logs/Android_RZ8M3002DGL/2021-11-11 INFO ] 2021-11-11 20:59:31.112 SelectYourDevicePage:73 - Select your Device 1 - Clicked Next Button
[logs/Android_RZ8M3002DGL/2021-11-11 INFO ] 2021-11-11 20:59:32.131 SelectYourDevicePage2:73 - Select your Device 2 - Selected mAX Pro AX11000 option
[logs/Android_RZ8M3002DGL/2021-11-11 INFO ] 2021-11-11 20:59:33.066 SelectYourDevicePage2:82 - Select your Device 2 - Clicked Next Button
[logs/Android_RZ8M3002DGL/2021-11-11 INFO ] 2021-11-11 20:59:36.407 SiginPage:52 - Sigin Page - Entered user email address
[logs/Android_RZ8M3002DGL/2021-11-11 INFO ] 2021-11-11 20:59:37.253 SiginPage:60 - Sigin Page - Clicked on Signin Button
[logs/Android_RZ8M3002DGL/2021-11-11 INFO ] 2021-11-11 20:59:49.279 ValidOTP:118 - loading...emailDetails
[logs/Android_RZ8M3002DGL/2021-11-11 INFO ] 2021-11-11 20:59:53.460 EnterValidOTPPage:61 - Entering valid OTP...079318
[logs/Android_RZ8M3002DGL/2021-11-11 INFO ] 2021-11-11 20:59:55.064 CodeVerifiedPage:74 - OTP Code Verified Page - Clicked on Next Button
[logs/Android_RZ8M3002DGL/2021-11-11 INFO ] 2021-11-11 21:00:20.453 SetUpYourWiFiManagementPage:49 - Setup Wifi Management Page - Clicked on Skip Tutorial Button
[logs/Android_RZ8M3002DGL/2021-11-11 INFO ] 2021-11-11 21:00:44.888 HomePage:685 - On Home Page
[logs/Android_RZ8M3002DGL/2021-11-11 INFO ] 2021-11-11 21:00:55.775 HomePage:368 - Title : Home is displayed
[logs/Android_RZ8M3002DGL/2021-11-11 INFO ] 2021-11-11 21:01:07.964 HomePage:375 - Title : Network Speed is displayed
[logs/Android_RZ8M3002DGL/2021-11-11 INFO ] 2021-11-11 21:01:08.098 HomePage:382 - Navigate Icon is displayed
[logs/Android_RZ8M3002DGL/2021-11-11 INFO ] 2021-11-11 21:01:19.343 HomePage:391 - Cloud Icon is not displayed
[logs/Android_RZ8M3002DGL/2021-11-11 INFO ] 2021-11-11 21:01:19.523 HomePage:396 - Notifications Icon is displayed
[logs/Android_RZ8M3002DGL/2021-11-11 INFO ] 2021-11-11 21:01:24.900 HomePage:403 - Download Text is displayed
[logs/Android_RZ8M3002DGL/2021-11-11 INFO ] 2021-11-11 21:01:35.775 HomePage:410 - Download Speed Text : 12.2 Mbps is displayed
[logs/Android_RZ8M3002DGL/2021-11-11 INFO ] 2021-11-11 21:01:41.775 HomePage:417 - Upload Text is displayed
[logs/Android_RZ8M3002DGL/2021-11-11 INFO ] 2021-11-11 21:01:53.192 HomePage:424 - Upload Speed Text : 297.0 Mbps is displayed
[logs/Android_RZ8M3002DGL/2021-11-11 INFO ] 2021-11-11 21:02:05.009 HomePage:431 - Main Router SSID Name : arrisw3140  is displayed
[logs/Android_RZ8M3002DGL/2021-11-11 INFO ] 2021-11-11 21:02:11.289 HomePage:438 - Main Router Device image is displayed
[logs/Android_RZ8M3002DGL/2021-11-11 INFO ] 2021-11-11 21:02:21.857 HomePage:445 - Main Router Device Name : MAIN is displayed
[logs/Android_RZ8M3002DGL/2021-11-11 INFO ] 2021-11-11 21:02:34.102 HomePage:452 - Number of Devices Connected to Main Router : 4 Devices is displayed
[logs/Android_RZ8M3002DGL/2021-11-11 INFO ] 2021-11-11 21:02:39.587 HomePage:460 - Total number of devices image is displayed
[logs/Android_RZ8M3002DGL/2021-11-11 INFO ] 2021-11-11 21:02:50.537 HomePage:467 - Total of : 4 devices are connected to the main Router
[logs/Android_RZ8M3002DGL/2021-11-11 INFO ] 2021-11-11 21:02:50.697 HomePage:475 - Left Satellite Image is displayed
[logs/Android_RZ8M3002DGL/2021-11-11 INFO ] 2021-11-11 21:02:50.852 HomePage:482 - Right Satellite Image is displayed
[logs/Android_RZ8M3002DGL/2021-11-11 INFO ] 2021-11-11 21:02:51.010 HomePage:489 - Device Signal Strength Leader Board Text is displayed
[logs/Android_RZ8M3002DGL/2021-11-11 INFO ] 2021-11-11 21:02:51.181 HomePage:496 - Device Signal Strength Leader Board Image is displayed
[logs/Android_RZ8M3002DGL/2021-11-11 INFO ] 2021-11-11 21:03:01.783 HomePage:503 - Count of : 03 Device Signal Strength Leader Board is displayed
[logs/Android_RZ8M3002DGL/2021-11-11 INFO ] 2021-11-11 21:03:01.999 HomePage:511 - Speed Test History Text is displayed
[logs/Android_RZ8M3002DGL/2021-11-11 INFO ] 2021-11-11 21:03:02.173 HomePage:524 - Speed Test History Image is displayed
[logs/Android_RZ8M3002DGL/2021-11-11 INFO ] 2021-11-11 21:03:02.487 HomePage:531 - Count of Speed Test History Devices : 00 is displayed
[logs/Android_RZ8M3002DGL/2021-11-11 INFO ] 2021-11-11 21:03:13.662 HomePage:547 - Currently Blocked Devices is not displayed
[logs/Android_RZ8M3002DGL/2021-11-11 INFO ] 2021-11-11 21:03:24.684 HomePage:554 - Currently Blocked Devices Image is not displayed
[logs/Android_RZ8M3002DGL/2021-11-11 INFO ] 2021-11-11 21:03:30.017 HomePage:559 - Parental Control is currently disabled
[logs/Android_RZ8M3002DGL/2021-11-11 INFO ] 2021-11-11 21:03:40.774 HomePage:569 - Parental Control is currently enabled but count of Parental Control devices is not displayed
[logs/Android_RZ8M3002DGL/2021-11-11 INFO ] 2021-11-11 21:03:43.396 HomePage:595 - Home Page - Clicked on Device Signal Strength Leader Board Image
[logs/Android_RZ8M3002DGL/2021-11-11 INFO ] 2021-11-11 21:03:44.392 DeviceSignalStrengthLeaderBoardPage:321 - On Device Signal Strength Leader Board Page
[logs/Android_RZ8M3002DGL/2021-11-11 INFO ] 2021-11-11 21:03:44.394 TC52_Login_And_Verify_HomePage_Test:136 - On Devices Page 
[logs/Android_RZ8M3002DGL/2021-11-11 INFO ] 2021-11-11 21:03:45.435 DeviceSignalStrengthLeaderBoardPage:106 - Device Signal Strength Leader Board - Clicked on Close Icon
[logs/Android_RZ8M3002DGL/2021-11-11 INFO ] 2021-11-11 21:03:48.930 HomePage:633 - Home Page - Clicked on Currently Blocked Devices Image
[logs/Android_RZ8M3002DGL/2021-11-11 INFO ] 2021-11-11 21:03:49.055 BlankBlockedDevicesPage:57 - On Blank Currently Blocked Devices Page
[logs/Android_RZ8M3002DGL/2021-11-11 INFO ] 2021-11-11 21:03:49.057 TC52_Login_And_Verify_HomePage_Test:142 - On Blank Blocked Devices Page 
[logs/Android_RZ8M3002DGL/2021-11-11 INFO ] 2021-11-11 21:03:50.223 BlankBlockedDevicesPage:38 - Blank Currently Blocked Devices Page - Clicked on Close Icon
[logs/Android_RZ8M3002DGL/2021-11-11 INFO ] 2021-11-11 21:04:03.644 HomePage:605 - Home Page - Clicked on Speed Test History Image
[logs/Android_RZ8M3002DGL/2021-11-11 INFO ] 2021-11-11 21:04:04.800 BlankSpeedTestHistoryPage:40 - On Blank Speed Test History Page
[logs/Android_RZ8M3002DGL/2021-11-11 INFO ] 2021-11-11 21:04:04.801 TC52_Login_And_Verify_HomePage_Test:148 - On Blank Speed Test History Page 
[logs/Android_RZ8M3002DGL/2021-11-11 INFO ] 2021-11-11 21:04:06.207 BlankSpeedTestHistoryPage:33 - Blank Speed Test History Page - Clicked on Close Icon
[logs/Android_RZ8M3002DGL/2021-11-11 INFO ] 2021-11-11 21:04:11.568 SpeedTestHistoryPage:177 - On Speed Test History Page
[logs/Android_RZ8M3002DGL/2021-11-11 INFO ] 2021-11-11 21:04:17.395 TC52_Login_And_Verify_HomePage_Test:153 - On Speed Test History Page : Home
[logs/Android_RZ8M3002DGL/2021-11-11 INFO ] 2021-11-11 21:04:17.718 SpeedTestHistoryPage:131 - Speed Test History Page - Clicked on Back Button
[logs/Android_RZ8M3002DGL/2021-11-11 INFO ] 2021-11-11 21:04:20.770 ParentClass:416 - video path: videos/Android_RZ8M3002DGL/2021-11-11-20-58-51/TC52_Login_And_Verify_HomePage_Test/Verify_HomePage.mp4
[logs/Android_RZ8M3002DGL/2021-11-11 INFO ] 2021-11-11 21:04:31.249 TC61_Login_And_Verify_ParentalControlPage_Test:45 - Loading...Test Data
[logs/Android_RZ8M3002DGL/2021-11-11 INFO ] 2021-11-11 21:04:31.251 ParentClass:313 - loading...testdata/signup
[logs/Android_RZ8M3002DGL/2021-11-11 INFO ] 2021-11-11 21:04:31.262 TC61_Login_And_Verify_ParentalControlPage_Test:49 - First Name : demouser
[logs/Android_RZ8M3002DGL/2021-11-11 INFO ] 2021-11-11 21:04:31.263 TC61_Login_And_Verify_ParentalControlPage_Test:52 - Last Name : demouser
[logs/Android_RZ8M3002DGL/2021-11-11 INFO ] 2021-11-11 21:04:31.264 TC61_Login_And_Verify_ParentalControlPage_Test:55 - Email address : demouser2652@gmail.com
[logs/Android_RZ8M3002DGL/2021-11-11 INFO ] 2021-11-11 21:04:31.264 TC61_Login_And_Verify_ParentalControlPage_Test:58 - UDID : RZ8M3002DGL
[logs/Android_RZ8M3002DGL/2021-11-11 INFO ] 2021-11-11 21:04:31.265 TC61_Login_And_Verify_ParentalControlPage_Test:61 - Phone To Pause Internet : M2006C3LII-Redmi9i
[logs/Android_RZ8M3002DGL/2021-11-11 INFO ] 2021-11-11 21:04:31.265 TC61_Login_And_Verify_ParentalControlPage_Test:63 - Retrieved...Test Data
[logs/Android_RZ8M3002DGL/2021-11-11 INFO ] 2021-11-11 21:04:31.946 TC61_Login_And_Verify_ParentalControlPage_Test:71 - 
****** starting test:Verify_HamburgerMEnu_And_Settings_About_Help_Pages******

[logs/Android_RZ8M3002DGL/2021-11-11 INFO ] 2021-11-11 21:04:32.173 GetStartedPage:44 - Get Started - Clicked on Get Started Button
[logs/Android_RZ8M3002DGL/2021-11-11 INFO ] 2021-11-11 21:04:32.913 GrantPermissionsPage:183 - Grant Permissions - Clicked on Continue Button
[logs/Android_RZ8M3002DGL/2021-11-11 INFO ] 2021-11-11 21:04:43.983 DeviceLocationPage:105 - Device Location - Clicked Allow
[logs/Android_RZ8M3002DGL/2021-11-11 INFO ] 2021-11-11 21:04:47.294 AccessResourcesOnDevicePage:49 - Access Resources On Device - Clicked on Allow Link
[logs/Android_RZ8M3002DGL/2021-11-11 INFO ] 2021-11-11 21:04:48.531 SelectYourDevicePage:64 - Select your Device 1 - Selected SURFboard mAX option
[logs/Android_RZ8M3002DGL/2021-11-11 INFO ] 2021-11-11 21:04:49.328 SelectYourDevicePage:73 - Select your Device 1 - Clicked Next Button
[logs/Android_RZ8M3002DGL/2021-11-11 INFO ] 2021-11-11 21:04:50.354 SelectYourDevicePage2:73 - Select your Device 2 - Selected mAX Pro AX11000 option
[logs/Android_RZ8M3002DGL/2021-11-11 INFO ] 2021-11-11 21:04:51.221 SelectYourDevicePage2:82 - Select your Device 2 - Clicked Next Button
[logs/Android_RZ8M3002DGL/2021-11-11 INFO ] 2021-11-11 21:04:54.487 SiginPage:52 - Sigin Page - Entered user email address
[logs/Android_RZ8M3002DGL/2021-11-11 INFO ] 2021-11-11 21:04:55.307 SiginPage:60 - Sigin Page - Clicked on Signin Button
[logs/Android_RZ8M3002DGL/2021-11-11 INFO ] 2021-11-11 21:05:07.331 ValidOTP:118 - loading...emailDetails
[logs/Android_RZ8M3002DGL/2021-11-11 INFO ] 2021-11-11 21:05:11.135 EnterValidOTPPage:61 - Entering valid OTP...050958
[logs/Android_RZ8M3002DGL/2021-11-11 INFO ] 2021-11-11 21:05:12.714 CodeVerifiedPage:74 - OTP Code Verified Page - Clicked on Next Button
[logs/Android_RZ8M3002DGL/2021-11-11 INFO ] 2021-11-11 21:05:37.018 SetUpYourWiFiManagementPage:49 - Setup Wifi Management Page - Clicked on Skip Tutorial Button
[logs/Android_RZ8M3002DGL/2021-11-11 INFO ] 2021-11-11 21:06:00.998 HomePage:685 - On Home Page
[logs/Android_RZ8M3002DGL/2021-11-11 INFO ] 2021-11-11 21:06:01.379 FooterIconsPage:179 - Footer Icons Page - Clicked on Parental Button
[logs/Android_RZ8M3002DGL/2021-11-11 INFO ] 2021-11-11 21:06:06.434 ParentalControlWithProfilesPage:394 - Parental Control toggle switch button is not displayed
[logs/Android_RZ8M3002DGL/2021-11-11 INFO ] 2021-11-11 21:06:06.735 ParentalControlWithProfilesPage:329 - Clicked on Back Button
[logs/Android_RZ8M3002DGL/2021-11-11 INFO ] 2021-11-11 21:06:11.472 HomePage:633 - Home Page - Clicked on Currently Blocked Devices Image
[logs/Android_RZ8M3002DGL/2021-11-11 INFO ] 2021-11-11 21:06:12.288 BlankBlockedDevicesPage:57 - On Blank Currently Blocked Devices Page
[logs/Android_RZ8M3002DGL/2021-11-11 INFO ] 2021-11-11 21:06:17.943 BlankBlockedDevicesPage:49 - Count of devices blocked is not displayed
[logs/Android_RZ8M3002DGL/2021-11-11 INFO ] 2021-11-11 21:06:19.336 BlankBlockedDevicesPage:38 - Blank Currently Blocked Devices Page - Clicked on Close Icon
[logs/Android_RZ8M3002DGL/2021-11-11 INFO ] 2021-11-11 21:06:19.788 FooterIconsPage:179 - Footer Icons Page - Clicked on Parental Button
[logs/Android_RZ8M3002DGL/2021-11-11 INFO ] 2021-11-11 21:06:21.138 ParentalControlWithProfilesPage:761 - On Parental Control - Profiles Page
[logs/Android_RZ8M3002DGL/2021-11-11 INFO ] 2021-11-11 21:06:21.409 ParentalControlWithProfilesPage:338 - Clicked on Help Icon
[logs/Android_RZ8M3002DGL/2021-11-11 INFO ] 2021-11-11 21:06:24.949 ParentalControlHelpPage:76 - On Parental Control Profile Help Page
[logs/Android_RZ8M3002DGL/2021-11-11 INFO ] 2021-11-11 21:06:25.115 ParentalControlHelpPage:53 - Parental Control Overview title is displayed 
[logs/Android_RZ8M3002DGL/2021-11-11 INFO ] 2021-11-11 21:06:25.266 ParentalControlHelpPage:60 - Overview text is displayed 
[logs/Android_RZ8M3002DGL/2021-11-11 INFO ] 2021-11-11 21:06:25.432 ParentalControlHelpPage:67 - Parental Control allows you to block devices from internet access whenever you desire. You get to choose which devices get parental controls and which ones do not. You can setup internet blocking times that repeat every day, such as dinner time. Or you may choose to pause internet access immediately. text is displayed 
[logs/Android_RZ8M3002DGL/2021-11-11 INFO ] 2021-11-11 21:06:27.357 ParentalControlHelpPage:44 - Clicked on Close Button
[logs/Android_RZ8M3002DGL/2021-11-11 INFO ] 2021-11-11 21:06:29.714 ParentalControlWithProfilesPage:329 - Clicked on Back Button
[logs/Android_RZ8M3002DGL/2021-11-11 INFO ] 2021-11-11 21:06:33.162 FooterIconsPage:179 - Footer Icons Page - Clicked on Parental Button
[logs/Android_RZ8M3002DGL/2021-11-11 INFO ] 2021-11-11 21:06:34.341 ParentalControlWithProfilesPage:761 - On Parental Control - Profiles Page
[logs/Android_RZ8M3002DGL/2021-11-11 INFO ] 2021-11-11 21:06:34.646 ParentalControlWithProfilesPage:215 - Title - Parental Control - is displayed
[logs/Android_RZ8M3002DGL/2021-11-11 INFO ] 2021-11-11 21:06:34.772 ParentalControlWithProfilesPage:222 - Back Button is displayed
[logs/Android_RZ8M3002DGL/2021-11-11 INFO ] 2021-11-11 21:06:45.559 ParentalControlWithProfilesPage:231 - PCloud Icon is not displayed
[logs/Android_RZ8M3002DGL/2021-11-11 INFO ] 2021-11-11 21:06:45.680 ParentalControlWithProfilesPage:236 - Help Icon is displayed
[logs/Android_RZ8M3002DGL/2021-11-11 INFO ] 2021-11-11 21:06:45.792 ParentalControlWithProfilesPage:243 - Profiles Tab is displayed
[logs/Android_RZ8M3002DGL/2021-11-11 INFO ] 2021-11-11 21:06:45.927 ParentalControlWithProfilesPage:250 - Currently Blocked Tab is displayed
[logs/Android_RZ8M3002DGL/2021-11-11 INFO ] 2021-11-11 21:06:46.147 ParentalControlWithProfilesPage:257 - Enable Parental Control text is displayed
[logs/Android_RZ8M3002DGL/2021-11-11 INFO ] 2021-11-11 21:06:46.394 ParentalControlWithProfilesPage:264 - Enable Parental Control text is displayed
[logs/Android_RZ8M3002DGL/2021-11-11 INFO ] 2021-11-11 21:06:46.511 ParentalControlWithProfilesPage:271 - Parental Control toggle button is OFF
[logs/Android_RZ8M3002DGL/2021-11-11 INFO ] 2021-11-11 21:06:51.790 ParentalControlWithProfilesPage:280 - Parental Control toggle button is not displayed
[logs/Android_RZ8M3002DGL/2021-11-11 INFO ] 2021-11-11 21:06:52.093 ParentalControlWithProfilesPage:285 - User Profiles text is displayed
[logs/Android_RZ8M3002DGL/2021-11-11 INFO ] 2021-11-11 21:06:52.362 ParentalControlWithProfilesPage:292 - Add Profile link is displayed
[logs/Android_RZ8M3002DGL/2021-11-11 INFO ] 2021-11-11 21:06:52.645 ParentalControlWithProfilesPage:299 - Pause All Profiles text is displayed
[logs/Android_RZ8M3002DGL/2021-11-11 INFO ] 2021-11-11 21:06:52.948 ParentalControlWithProfilesPage:306 - Pause Internet Access for All Profiles text is displayed
[logs/Android_RZ8M3002DGL/2021-11-11 INFO ] 2021-11-11 21:06:53.077 ParentalControlWithProfilesPage:313 - Pause Internet Access to All Profiles toggle button is OFF
[logs/Android_RZ8M3002DGL/2021-11-11 INFO ] 2021-11-11 21:06:53.200 ParentalControlWithProfilesPage:320 - Pause Internet Access to All Profiles toggle button is ON
[logs/Android_RZ8M3002DGL/2021-11-11 INFO ] 2021-11-11 21:06:59.040 ParentalControlWithProfilesPage:376 - Parental Control toggle switch button is not displayed
[logs/Android_RZ8M3002DGL/2021-11-11 INFO ] 2021-11-11 21:07:15.030 ParentalControlWithProfilesPage:452 - Add Profile link is not displayed
[logs/Android_RZ8M3002DGL/2021-11-11 ERROR] 2021-11-11 21:07:27.077 TestListener:39 - org.openqa.selenium.TimeoutException: Expected condition failed: waiting for visibility of Located by By.chained({By.id: com.arris.sbcBeta:id/edt_profile_name}) (tried for 10 second(s) with 500 milliseconds interval)
	at org.openqa.selenium.support.ui.WebDriverWait.timeoutException(WebDriverWait.java:95)
	at org.openqa.selenium.support.ui.FluentWait.until(FluentWait.java:272)
	at com.cs.arris.Base.ParentClass.waitForVisibility(ParentClass.java:428)
	at com.cs.arris.Base.ParentClass.sendKeys(ParentClass.java:463)
	at com.cs.arris.Pages.ParentalControlAddProfileDialog.enterProfileName(ParentalControlAddProfileDialog.java:79)
	at com.cs.arris.Tests.TC61_Login_And_Verify_ParentalControlPage_Test.lambda$Verify_HamburgerMEnu_And_Settings_About_Help_Pages$18(TC61_Login_And_Verify_ParentalControlPage_Test.java:158)
	at com.cs.arris.Workflows.TC61_Login_And_Verify_ParentalControl_Workflow.parentalControlWithProfilesPage(TC61_Login_And_Verify_ParentalControl_Workflow.java:218)
	at com.cs.arris.Tests.TC61_Login_And_Verify_ParentalControlPage_Test.Verify_HamburgerMEnu_And_Settings_About_Help_Pages(TC61_Login_And_Verify_ParentalControlPage_Test.java:151)
	at java.base/jdk.internal.reflect.NativeMethodAccessorImpl.invoke0(Native Method)
	at java.base/jdk.internal.reflect.NativeMethodAccessorImpl.invoke(NativeMethodAccessorImpl.java:62)
	at java.base/jdk.internal.reflect.DelegatingMethodAccessorImpl.invoke(DelegatingMethodAccessorImpl.java:43)
	at java.base/java.lang.reflect.Method.invoke(Method.java:566)
	at org.testng.internal.MethodInvocationHelper.invokeMethod(MethodInvocationHelper.java:133)
	at org.testng.internal.TestInvoker.invokeMethod(TestInvoker.java:598)
	at org.testng.internal.TestInvoker.invokeTestMethod(TestInvoker.java:173)
	at org.testng.internal.MethodRunner.runInSequence(MethodRunner.java:46)
	at org.testng.internal.TestInvoker$MethodInvocationAgent.invoke(TestInvoker.java:824)
	at org.testng.internal.TestInvoker.invokeTestMethods(TestInvoker.java:146)
	at org.testng.internal.TestMethodWorker.invokeTestMethods(TestMethodWorker.java:146)
	at org.testng.internal.TestMethodWorker.run(TestMethodWorker.java:128)
	at java.base/java.util.ArrayList.forEach(ArrayList.java:1540)
	at org.testng.TestRunner.privateRun(TestRunner.java:794)
	at org.testng.TestRunner.run(TestRunner.java:596)
	at org.testng.SuiteRunner.runTest(SuiteRunner.java:377)
	at org.testng.SuiteRunner.runSequentially(SuiteRunner.java:371)
	at org.testng.SuiteRunner.privateRun(SuiteRunner.java:332)
	at org.testng.SuiteRunner.run(SuiteRunner.java:276)
	at org.testng.SuiteRunnerWorker.runSuite(SuiteRunnerWorker.java:53)
	at org.testng.SuiteRunnerWorker.run(SuiteRunnerWorker.java:96)
	at org.testng.TestNG.runSuitesSequentially(TestNG.java:1212)
	at org.testng.TestNG.runSuitesLocally(TestNG.java:1134)
	at org.testng.TestNG.runSuites(TestNG.java:1063)
	at org.testng.TestNG.run(TestNG.java:1031)
	at org.apache.maven.surefire.testng.TestNGExecutor.run(TestNGExecutor.java:283)
	at org.apache.maven.surefire.testng.TestNGXmlTestSuite.execute(TestNGXmlTestSuite.java:75)
	at org.apache.maven.surefire.testng.TestNGProvider.invoke(TestNGProvider.java:120)
	at org.apache.maven.surefire.booter.ForkedBooter.invokeProviderInSameClassLoader(ForkedBooter.java:384)
	at org.apache.maven.surefire.booter.ForkedBooter.runSuitesInProcess(ForkedBooter.java:345)
	at org.apache.maven.surefire.booter.ForkedBooter.execute(ForkedBooter.java:126)
	at org.apache.maven.surefire.booter.ForkedBooter.main(ForkedBooter.java:418)
Caused by: org.openqa.selenium.NoSuchElementException: Can't locate an element by this strategy: By.chained({By.id: com.arris.sbcBeta:id/edt_profile_name})
	at io.appium.java_client.pagefactory.AppiumElementLocator.findElement(AppiumElementLocator.java:126)
	at io.appium.java_client.pagefactory.interceptors.InterceptorOfASingleElement.intercept(InterceptorOfASingleElement.java:59)
	at io.appium.java_client.android.AndroidElement$$EnhancerByCGLIB$$b598166c.isDisplayed(<generated>)
	at org.openqa.selenium.support.ui.ExpectedConditions.elementIfVisible(ExpectedConditions.java:314)
	at org.openqa.selenium.support.ui.ExpectedConditions.access$000(ExpectedConditions.java:43)
	at org.openqa.selenium.support.ui.ExpectedConditions$10.apply(ExpectedConditions.java:300)
	at org.openqa.selenium.support.ui.ExpectedConditions$10.apply(ExpectedConditions.java:297)
	at org.openqa.selenium.support.ui.FluentWait.until(FluentWait.java:249)
	... 38 more
Caused by: org.openqa.selenium.TimeoutException: Expected condition failed: waiting for io.appium.java_client.pagefactory.AppiumElementLocator$WaitingFunction@498a4d62 (tried for 1 second(s) with 500 milliseconds interval)
	at org.openqa.selenium.support.ui.FluentWait.timeoutException(FluentWait.java:304)
	at org.openqa.selenium.support.ui.FluentWait.until(FluentWait.java:272)
	at io.appium.java_client.pagefactory.AppiumElementLocator.waitFor(AppiumElementLocator.java:99)
	at io.appium.java_client.pagefactory.AppiumElementLocator.findElement(AppiumElementLocator.java:119)
	... 45 more
Caused by: org.openqa.selenium.NoSuchElementException: Cannot locate an element using By.chained({By.id: com.arris.sbcBeta:id/edt_profile_name})
For documentation on this error, please visit: https://www.seleniumhq.org/exceptions/no_such_element.html
Build info: version: '3.141.59', revision: 'e82be7d358', time: '2018-11-14T08:17:03'
System info: host: 'techleads-Mac-mini.local', ip: '192.168.0.131', os.name: 'Mac OS X', os.arch: 'x86_64', os.version: '10.16', java.version: '11.0.2'
Driver info: driver.version: AndroidDriver
	at io.appium.java_client.pagefactory.bys.builder.ByChained.findElement(ByChained.java:74)
	at org.openqa.selenium.remote.RemoteWebDriver.findElement(RemoteWebDriver.java:315)
	at io.appium.java_client.DefaultGenericMobileDriver.findElement(DefaultGenericMobileDriver.java:57)
	at io.appium.java_client.AppiumDriver.findElement(AppiumDriver.java:1)
	at io.appium.java_client.android.AndroidDriver.findElement(AndroidDriver.java:1)
	at io.appium.java_client.pagefactory.bys.ContentMappedBy.findElement(ContentMappedBy.java:50)
	at org.openqa.selenium.remote.RemoteWebDriver.findElement(RemoteWebDriver.java:315)
	at io.appium.java_client.DefaultGenericMobileDriver.findElement(DefaultGenericMobileDriver.java:57)
	at io.appium.java_client.AppiumDriver.findElement(AppiumDriver.java:1)
	at io.appium.java_client.android.AndroidDriver.findElement(AndroidDriver.java:1)
	at io.appium.java_client.pagefactory.AppiumElementLocator.lambda$0(AppiumElementLocator.java:120)
	at io.appium.java_client.pagefactory.AppiumElementLocator$WaitingFunction.apply(AppiumElementLocator.java:172)
	at io.appium.java_client.pagefactory.AppiumElementLocator$WaitingFunction.apply(AppiumElementLocator.java:1)
	at org.openqa.selenium.support.ui.FluentWait.until(FluentWait.java:249)
	... 47 more

[logs/Android_RZ8M3002DGL/2021-11-11 INFO ] 2021-11-11 21:07:31.439 ParentClass:416 - video path: videos/Android_RZ8M3002DGL/2021-11-11-20-58-51/TC61_Login_And_Verify_ParentalControlPage_Test/Verify_HamburgerMEnu_And_Settings_About_Help_Pages.mp4
[logs/Android_RZ8M3002DGL/2021-11-11 INFO ] 2021-11-11 21:07:36.879 ParentClass:174 - Closing App
[logs/Android_RZ8M3002DGL/2021-11-11 INFO ] 2021-11-11 21:07:37.131 ParentClass:176 - Quitting Driver
[logs/Android_RZ8M3002DGL/2021-11-11 INFO ] 2021-11-11 23:25:00.023 ParentClass:289 - log path: logs/Android_RZ8M3002DGL/2021-11-11
[logs/Android_RZ8M3002DGL/2021-11-11 INFO ] 2021-11-11 23:25:00.034 ParentClass:230 - Setting Android driver capabilities
[logs/Android_RZ8M3002DGL/2021-11-11 INFO ] 2021-11-11 23:25:11.748 ParentClass:240 - Android Driver is set to the Thread Local context android
[logs/Android_RZ8M3002DGL/2021-11-11 INFO ] 2021-11-11 23:25:11.749 ParentClass:241 - Android driver initialized: 
[logs/Android_RZ8M3002DGL/2021-11-11 INFO ] 2021-11-11 23:25:15.876 TC52_Login_And_Verify_HomePage_Test:45 - Loading...Sign Up Test Data
[logs/Android_RZ8M3002DGL/2021-11-11 INFO ] 2021-11-11 23:25:15.878 ParentClass:313 - loading...testdata/signup
[logs/Android_RZ8M3002DGL/2021-11-11 INFO ] 2021-11-11 23:25:15.888 TC52_Login_And_Verify_HomePage_Test:49 - First Name : demouser
[logs/Android_RZ8M3002DGL/2021-11-11 INFO ] 2021-11-11 23:25:15.893 TC52_Login_And_Verify_HomePage_Test:52 - Last Name : demouser
[logs/Android_RZ8M3002DGL/2021-11-11 INFO ] 2021-11-11 23:25:15.897 TC52_Login_And_Verify_HomePage_Test:55 - Email address : demouser2652@gmail.com
[logs/Android_RZ8M3002DGL/2021-11-11 INFO ] 2021-11-11 23:25:15.901 TC52_Login_And_Verify_HomePage_Test:58 - UDID : RZ8M3002DGL
[logs/Android_RZ8M3002DGL/2021-11-11 INFO ] 2021-11-11 23:25:15.904 TC52_Login_And_Verify_HomePage_Test:60 - Retrieved...Sign Up Test Data
[logs/Android_RZ8M3002DGL/2021-11-11 INFO ] 2021-11-11 23:25:16.611 TC52_Login_And_Verify_HomePage_Test:70 - 
****** starting test:Verify_HomePage******

[logs/Android_RZ8M3002DGL/2021-11-11 INFO ] 2021-11-11 23:25:17.156 GetStartedPage:44 - Get Started - Clicked on Get Started Button
[logs/Android_RZ8M3002DGL/2021-11-11 INFO ] 2021-11-11 23:25:17.959 GrantPermissionsPage:183 - Grant Permissions - Clicked on Continue Button
[logs/Android_RZ8M3002DGL/2021-11-11 INFO ] 2021-11-11 23:25:34.434 DeviceLocationPage:105 - Device Location - Clicked Allow
[logs/Android_RZ8M3002DGL/2021-11-11 INFO ] 2021-11-11 23:25:37.730 AccessResourcesOnDevicePage:49 - Access Resources On Device - Clicked on Allow Link
[logs/Android_RZ8M3002DGL/2021-11-11 INFO ] 2021-11-11 23:25:39.081 SelectYourDevicePage:64 - Select your Device 1 - Selected SURFboard mAX option
[logs/Android_RZ8M3002DGL/2021-11-11 INFO ] 2021-11-11 23:25:40.020 SelectYourDevicePage:73 - Select your Device 1 - Clicked Next Button
[logs/Android_RZ8M3002DGL/2021-11-11 INFO ] 2021-11-11 23:25:41.058 SelectYourDevicePage2:73 - Select your Device 2 - Selected mAX Pro AX11000 option
[logs/Android_RZ8M3002DGL/2021-11-11 INFO ] 2021-11-11 23:25:41.929 SelectYourDevicePage2:82 - Select your Device 2 - Clicked Next Button
[logs/Android_RZ8M3002DGL/2021-11-11 INFO ] 2021-11-11 23:25:45.231 SiginPage:52 - Sigin Page - Entered user email address
[logs/Android_RZ8M3002DGL/2021-11-11 INFO ] 2021-11-11 23:25:46.078 SiginPage:60 - Sigin Page - Clicked on Signin Button
[logs/Android_RZ8M3002DGL/2021-11-11 INFO ] 2021-11-11 23:25:58.108 ValidOTP:118 - loading...emailDetails
[logs/Android_RZ8M3002DGL/2021-11-11 INFO ] 2021-11-11 23:26:02.311 EnterValidOTPPage:61 - Entering valid OTP...135367
[logs/Android_RZ8M3002DGL/2021-11-11 INFO ] 2021-11-11 23:26:04.129 CodeVerifiedPage:74 - OTP Code Verified Page - Clicked on Next Button
[logs/Android_RZ8M3002DGL/2021-11-11 INFO ] 2021-11-11 23:26:28.370 SetUpYourWiFiManagementPage:49 - Setup Wifi Management Page - Clicked on Skip Tutorial Button
[logs/Android_RZ8M3002DGL/2021-11-11 INFO ] 2021-11-11 23:26:52.936 HomePage:685 - On Home Page
[logs/Android_RZ8M3002DGL/2021-11-11 INFO ] 2021-11-11 23:27:04.897 HomePage:368 - Title : Home is displayed
[logs/Android_RZ8M3002DGL/2021-11-11 INFO ] 2021-11-11 23:27:16.256 HomePage:375 - Title : Network Speed is displayed
[logs/Android_RZ8M3002DGL/2021-11-11 INFO ] 2021-11-11 23:27:16.371 HomePage:382 - Navigate Icon is displayed
[logs/Android_RZ8M3002DGL/2021-11-11 INFO ] 2021-11-11 23:27:27.064 HomePage:391 - Cloud Icon is not displayed
[logs/Android_RZ8M3002DGL/2021-11-11 INFO ] 2021-11-11 23:27:27.240 HomePage:396 - Notifications Icon is displayed
[logs/Android_RZ8M3002DGL/2021-11-11 INFO ] 2021-11-11 23:27:32.806 HomePage:403 - Download Text is displayed
[logs/Android_RZ8M3002DGL/2021-11-11 INFO ] 2021-11-11 23:27:44.041 HomePage:410 - Download Speed Text : 292.4 Mbps is displayed
[logs/Android_RZ8M3002DGL/2021-11-11 INFO ] 2021-11-11 23:27:49.790 HomePage:417 - Upload Text is displayed
[logs/Android_RZ8M3002DGL/2021-11-11 INFO ] 2021-11-11 23:28:01.811 HomePage:424 - Upload Speed Text : 292.6 Mbps is displayed
[logs/Android_RZ8M3002DGL/2021-11-11 INFO ] 2021-11-11 23:28:13.171 HomePage:431 - Main Router SSID Name : arrisw3140  is displayed
[logs/Android_RZ8M3002DGL/2021-11-11 INFO ] 2021-11-11 23:28:18.774 HomePage:438 - Main Router Device image is displayed
[logs/Android_RZ8M3002DGL/2021-11-11 INFO ] 2021-11-11 23:28:30.577 HomePage:445 - Main Router Device Name : MAIN is displayed
[logs/Android_RZ8M3002DGL/2021-11-11 INFO ] 2021-11-11 23:28:41.739 HomePage:452 - Number of Devices Connected to Main Router : 4 Devices is displayed
[logs/Android_RZ8M3002DGL/2021-11-11 INFO ] 2021-11-11 23:28:47.538 HomePage:460 - Total number of devices image is displayed
[logs/Android_RZ8M3002DGL/2021-11-11 INFO ] 2021-11-11 23:28:58.498 HomePage:467 - Total of : 4 devices are connected to the main Router
[logs/Android_RZ8M3002DGL/2021-11-11 INFO ] 2021-11-11 23:28:59.257 HomePage:475 - Left Satellite Image is displayed
[logs/Android_RZ8M3002DGL/2021-11-11 INFO ] 2021-11-11 23:28:59.932 HomePage:482 - Right Satellite Image is displayed
[logs/Android_RZ8M3002DGL/2021-11-11 INFO ] 2021-11-11 23:29:00.168 HomePage:489 - Device Signal Strength Leader Board Text is displayed
[logs/Android_RZ8M3002DGL/2021-11-11 INFO ] 2021-11-11 23:29:00.522 HomePage:496 - Device Signal Strength Leader Board Image is displayed
[logs/Android_RZ8M3002DGL/2021-11-11 INFO ] 2021-11-11 23:29:12.387 HomePage:503 - Count of : 03 Device Signal Strength Leader Board is displayed
[logs/Android_RZ8M3002DGL/2021-11-11 INFO ] 2021-11-11 23:29:12.700 HomePage:511 - Speed Test History Text is displayed
[logs/Android_RZ8M3002DGL/2021-11-11 INFO ] 2021-11-11 23:29:13.363 HomePage:524 - Speed Test History Image is displayed
[logs/Android_RZ8M3002DGL/2021-11-11 INFO ] 2021-11-11 23:29:13.733 HomePage:531 - Count of Speed Test History Devices : 00 is displayed
[logs/Android_RZ8M3002DGL/2021-11-11 INFO ] 2021-11-11 23:29:25.005 HomePage:547 - Currently Blocked Devices is not displayed
[logs/Android_RZ8M3002DGL/2021-11-11 INFO ] 2021-11-11 23:29:35.770 HomePage:554 - Currently Blocked Devices Image is not displayed
[logs/Android_RZ8M3002DGL/2021-11-11 INFO ] 2021-11-11 23:29:41.122 HomePage:559 - Parental Control is currently disabled
[logs/Android_RZ8M3002DGL/2021-11-11 INFO ] 2021-11-11 23:29:52.088 HomePage:569 - Parental Control is currently enabled but count of Parental Control devices is not displayed
[logs/Android_RZ8M3002DGL/2021-11-11 INFO ] 2021-11-11 23:29:54.513 HomePage:595 - Home Page - Clicked on Device Signal Strength Leader Board Image
[logs/Android_RZ8M3002DGL/2021-11-11 INFO ] 2021-11-11 23:29:54.693 DeviceSignalStrengthLeaderBoardPage:321 - On Device Signal Strength Leader Board Page
[logs/Android_RZ8M3002DGL/2021-11-11 INFO ] 2021-11-11 23:29:54.694 TC52_Login_And_Verify_HomePage_Test:136 - On Devices Page 
[logs/Android_RZ8M3002DGL/2021-11-11 INFO ] 2021-11-11 23:29:56.012 DeviceSignalStrengthLeaderBoardPage:106 - Device Signal Strength Leader Board - Clicked on Close Icon
[logs/Android_RZ8M3002DGL/2021-11-11 INFO ] 2021-11-11 23:29:57.250 HomePage:605 - Home Page - Clicked on Speed Test History Image
[logs/Android_RZ8M3002DGL/2021-11-11 INFO ] 2021-11-11 23:29:57.375 BlankSpeedTestHistoryPage:40 - On Blank Speed Test History Page
[logs/Android_RZ8M3002DGL/2021-11-11 INFO ] 2021-11-11 23:29:57.377 TC52_Login_And_Verify_HomePage_Test:142 - On Blank Speed Test History Page 
[logs/Android_RZ8M3002DGL/2021-11-11 INFO ] 2021-11-11 23:29:59.359 BlankSpeedTestHistoryPage:33 - Blank Speed Test History Page - Clicked on Close Icon
[logs/Android_RZ8M3002DGL/2021-11-11 INFO ] 2021-11-11 23:30:04.669 HomePage:633 - Home Page - Clicked on Currently Blocked Devices Image
[logs/Android_RZ8M3002DGL/2021-11-11 INFO ] 2021-11-11 23:30:04.795 BlankBlockedDevicesPage:57 - On Blank Currently Blocked Devices Page
[logs/Android_RZ8M3002DGL/2021-11-11 INFO ] 2021-11-11 23:30:04.796 TC52_Login_And_Verify_HomePage_Test:148 - On Blank Blocked Devices Page 
[logs/Android_RZ8M3002DGL/2021-11-11 INFO ] 2021-11-11 23:30:06.165 BlankBlockedDevicesPage:38 - Blank Currently Blocked Devices Page - Clicked on Close Icon
[logs/Android_RZ8M3002DGL/2021-11-11 INFO ] 2021-11-11 23:30:09.285 ParentClass:416 - video path: videos/Android_RZ8M3002DGL/2021-11-11-23-24-59/TC52_Login_And_Verify_HomePage_Test/Verify_HomePage.mp4
[logs/Android_RZ8M3002DGL/2021-11-11 INFO ] 2021-11-11 23:30:19.451 TC61_Login_And_Verify_ParentalControlPage_Test:45 - Loading...Test Data
[logs/Android_RZ8M3002DGL/2021-11-11 INFO ] 2021-11-11 23:30:19.453 ParentClass:313 - loading...testdata/signup
[logs/Android_RZ8M3002DGL/2021-11-11 INFO ] 2021-11-11 23:30:19.457 TC61_Login_And_Verify_ParentalControlPage_Test:49 - First Name : demouser
[logs/Android_RZ8M3002DGL/2021-11-11 INFO ] 2021-11-11 23:30:19.458 TC61_Login_And_Verify_ParentalControlPage_Test:52 - Last Name : demouser
[logs/Android_RZ8M3002DGL/2021-11-11 INFO ] 2021-11-11 23:30:19.459 TC61_Login_And_Verify_ParentalControlPage_Test:55 - Email address : demouser2652@gmail.com
[logs/Android_RZ8M3002DGL/2021-11-11 INFO ] 2021-11-11 23:30:19.460 TC61_Login_And_Verify_ParentalControlPage_Test:58 - UDID : RZ8M3002DGL
[logs/Android_RZ8M3002DGL/2021-11-11 INFO ] 2021-11-11 23:30:19.460 TC61_Login_And_Verify_ParentalControlPage_Test:61 - Phone To Pause Internet : M2006C3LII-Redmi9i
[logs/Android_RZ8M3002DGL/2021-11-11 INFO ] 2021-11-11 23:30:19.461 TC61_Login_And_Verify_ParentalControlPage_Test:63 - Retrieved...Test Data
[logs/Android_RZ8M3002DGL/2021-11-11 INFO ] 2021-11-11 23:30:20.177 TC61_Login_And_Verify_ParentalControlPage_Test:71 - 
****** starting test:Verify_HamburgerMEnu_And_Settings_About_Help_Pages******

[logs/Android_RZ8M3002DGL/2021-11-11 INFO ] 2021-11-11 23:30:20.387 GetStartedPage:44 - Get Started - Clicked on Get Started Button
[logs/Android_RZ8M3002DGL/2021-11-11 INFO ] 2021-11-11 23:30:21.139 GrantPermissionsPage:183 - Grant Permissions - Clicked on Continue Button
[logs/Android_RZ8M3002DGL/2021-11-11 INFO ] 2021-11-11 23:30:32.224 DeviceLocationPage:105 - Device Location - Clicked Allow
[logs/Android_RZ8M3002DGL/2021-11-11 INFO ] 2021-11-11 23:30:35.556 AccessResourcesOnDevicePage:49 - Access Resources On Device - Clicked on Allow Link
[logs/Android_RZ8M3002DGL/2021-11-11 INFO ] 2021-11-11 23:30:36.823 SelectYourDevicePage:64 - Select your Device 1 - Selected SURFboard mAX option
[logs/Android_RZ8M3002DGL/2021-11-11 INFO ] 2021-11-11 23:30:37.625 SelectYourDevicePage:73 - Select your Device 1 - Clicked Next Button
[logs/Android_RZ8M3002DGL/2021-11-11 INFO ] 2021-11-11 23:30:38.617 SelectYourDevicePage2:73 - Select your Device 2 - Selected mAX Pro AX11000 option
[logs/Android_RZ8M3002DGL/2021-11-11 INFO ] 2021-11-11 23:30:39.471 SelectYourDevicePage2:82 - Select your Device 2 - Clicked Next Button
[logs/Android_RZ8M3002DGL/2021-11-11 INFO ] 2021-11-11 23:30:42.705 SiginPage:52 - Sigin Page - Entered user email address
[logs/Android_RZ8M3002DGL/2021-11-11 INFO ] 2021-11-11 23:30:43.463 SiginPage:60 - Sigin Page - Clicked on Signin Button
[logs/Android_RZ8M3002DGL/2021-11-11 INFO ] 2021-11-11 23:30:55.477 ValidOTP:118 - loading...emailDetails
[logs/Android_RZ8M3002DGL/2021-11-11 INFO ] 2021-11-11 23:30:59.465 EnterValidOTPPage:61 - Entering valid OTP...111044
[logs/Android_RZ8M3002DGL/2021-11-11 INFO ] 2021-11-11 23:31:00.985 CodeVerifiedPage:74 - OTP Code Verified Page - Clicked on Next Button
[logs/Android_RZ8M3002DGL/2021-11-11 INFO ] 2021-11-11 23:31:25.622 SetUpYourWiFiManagementPage:49 - Setup Wifi Management Page - Clicked on Skip Tutorial Button
[logs/Android_RZ8M3002DGL/2021-11-11 INFO ] 2021-11-11 23:31:49.630 HomePage:685 - On Home Page
[logs/Android_RZ8M3002DGL/2021-11-11 INFO ] 2021-11-11 23:31:50.020 FooterIconsPage:179 - Footer Icons Page - Clicked on Parental Button
[logs/Android_RZ8M3002DGL/2021-11-11 INFO ] 2021-11-11 23:31:57.100 ParentalControlWithProfilesPage:390 - Parental Control toggle switch button is not displayed
[logs/Android_RZ8M3002DGL/2021-11-11 INFO ] 2021-11-11 23:31:57.462 ParentalControlWithProfilesPage:321 - Clicked on Back Button
[logs/Android_RZ8M3002DGL/2021-11-11 INFO ] 2021-11-11 23:32:02.151 HomePage:633 - Home Page - Clicked on Currently Blocked Devices Image
[logs/Android_RZ8M3002DGL/2021-11-11 INFO ] 2021-11-11 23:32:02.985 BlankBlockedDevicesPage:57 - On Blank Currently Blocked Devices Page
[logs/Android_RZ8M3002DGL/2021-11-11 INFO ] 2021-11-11 23:32:08.625 BlankBlockedDevicesPage:49 - Count of devices blocked is not displayed
[logs/Android_RZ8M3002DGL/2021-11-11 INFO ] 2021-11-11 23:32:09.860 BlankBlockedDevicesPage:38 - Blank Currently Blocked Devices Page - Clicked on Close Icon
[logs/Android_RZ8M3002DGL/2021-11-11 INFO ] 2021-11-11 23:32:10.957 FooterIconsPage:179 - Footer Icons Page - Clicked on Parental Button
[logs/Android_RZ8M3002DGL/2021-11-11 INFO ] 2021-11-11 23:32:12.264 ParentalControlWithProfilesPage:760 - On Parental Control - Profiles Page
[logs/Android_RZ8M3002DGL/2021-11-11 INFO ] 2021-11-11 23:32:12.595 ParentalControlWithProfilesPage:330 - Clicked on Help Icon
[logs/Android_RZ8M3002DGL/2021-11-11 INFO ] 2021-11-11 23:32:15.751 ParentalControlHelpPage:76 - On Parental Control Profile Help Page
[logs/Android_RZ8M3002DGL/2021-11-11 INFO ] 2021-11-11 23:32:15.924 ParentalControlHelpPage:53 - Parental Control Overview title is displayed 
[logs/Android_RZ8M3002DGL/2021-11-11 INFO ] 2021-11-11 23:32:16.074 ParentalControlHelpPage:60 - Overview text is displayed 
[logs/Android_RZ8M3002DGL/2021-11-11 INFO ] 2021-11-11 23:32:16.221 ParentalControlHelpPage:67 - Parental Control allows you to block devices from internet access whenever you desire. You get to choose which devices get parental controls and which ones do not. You can setup internet blocking times that repeat every day, such as dinner time. Or you may choose to pause internet access immediately. text is displayed 
[logs/Android_RZ8M3002DGL/2021-11-11 INFO ] 2021-11-11 23:32:18.585 ParentalControlHelpPage:44 - Clicked on Close Button
[logs/Android_RZ8M3002DGL/2021-11-11 INFO ] 2021-11-11 23:32:20.944 ParentalControlWithProfilesPage:321 - Clicked on Back Button
[logs/Android_RZ8M3002DGL/2021-11-11 INFO ] 2021-11-11 23:32:24.371 FooterIconsPage:179 - Footer Icons Page - Clicked on Parental Button
[logs/Android_RZ8M3002DGL/2021-11-11 INFO ] 2021-11-11 23:32:25.750 ParentalControlWithProfilesPage:760 - On Parental Control - Profiles Page
[logs/Android_RZ8M3002DGL/2021-11-11 INFO ] 2021-11-11 23:32:26.046 ParentalControlWithProfilesPage:210 - Title - Parental Control - is displayed
[logs/Android_RZ8M3002DGL/2021-11-11 INFO ] 2021-11-11 23:32:26.194 ParentalControlWithProfilesPage:217 - Back Button is displayed
[logs/Android_RZ8M3002DGL/2021-11-11 INFO ] 2021-11-11 23:32:36.859 ParentalControlWithProfilesPage:226 - Cloud Icon is not displayed
[logs/Android_RZ8M3002DGL/2021-11-11 INFO ] 2021-11-11 23:32:36.995 ParentalControlWithProfilesPage:231 - Help Icon is displayed
[logs/Android_RZ8M3002DGL/2021-11-11 INFO ] 2021-11-11 23:32:37.118 ParentalControlWithProfilesPage:238 - Profiles Tab is displayed
[logs/Android_RZ8M3002DGL/2021-11-11 INFO ] 2021-11-11 23:32:37.249 ParentalControlWithProfilesPage:245 - Currently Blocked Tab is displayed
[logs/Android_RZ8M3002DGL/2021-11-11 INFO ] 2021-11-11 23:32:37.501 ParentalControlWithProfilesPage:252 - Enable Parental Control text is displayed
[logs/Android_RZ8M3002DGL/2021-11-11 INFO ] 2021-11-11 23:32:37.741 ParentalControlWithProfilesPage:259 - Enable Parental Control text is displayed
[logs/Android_RZ8M3002DGL/2021-11-11 INFO ] 2021-11-11 23:32:37.863 ParentalControlWithProfilesPage:266 - Parental Control toggle button is disabled(OFF)
[logs/Android_RZ8M3002DGL/2021-11-11 INFO ] 2021-11-11 23:32:38.090 ParentalControlWithProfilesPage:275 - User Profiles text is displayed
[logs/Android_RZ8M3002DGL/2021-11-11 INFO ] 2021-11-11 23:32:38.325 ParentalControlWithProfilesPage:282 - Add Profile link is displayed
[logs/Android_RZ8M3002DGL/2021-11-11 INFO ] 2021-11-11 23:32:38.543 ParentalControlWithProfilesPage:289 - Pause All Profiles text is displayed
[logs/Android_RZ8M3002DGL/2021-11-11 INFO ] 2021-11-11 23:32:38.770 ParentalControlWithProfilesPage:296 - Pause Internet Access for All Profiles text is displayed
[logs/Android_RZ8M3002DGL/2021-11-11 INFO ] 2021-11-11 23:32:38.878 ParentalControlWithProfilesPage:303 - Pause Internet Access to All Profiles toggle button is disabled(OFF)
[logs/Android_RZ8M3002DGL/2021-11-11 INFO ] 2021-11-11 23:32:39.002 ParentalControlWithProfilesPage:310 - Pause All Profiles toggle button is disabled(OFF)
[logs/Android_RZ8M3002DGL/2021-11-11 INFO ] 2021-11-11 23:32:44.441 ParentalControlWithProfilesPage:370 - Parental Control toggle switch button is not displayed
[logs/Android_RZ8M3002DGL/2021-11-11 INFO ] 2021-11-11 23:33:00.178 ParentalControlWithProfilesPage:450 - Add Profile link is not displayed
[logs/Android_RZ8M3002DGL/2021-11-11 ERROR] 2021-11-11 23:33:11.826 TestListener:39 - org.openqa.selenium.TimeoutException: Expected condition failed: waiting for visibility of Located by By.chained({By.id: com.arris.sbcBeta:id/edt_profile_name}) (tried for 10 second(s) with 500 milliseconds interval)
	at org.openqa.selenium.support.ui.WebDriverWait.timeoutException(WebDriverWait.java:95)
	at org.openqa.selenium.support.ui.FluentWait.until(FluentWait.java:272)
	at com.cs.arris.Base.ParentClass.waitForVisibility(ParentClass.java:428)
	at com.cs.arris.Base.ParentClass.sendKeys(ParentClass.java:463)
	at com.cs.arris.Pages.ParentalControlAddProfileDialog.enterProfileName(ParentalControlAddProfileDialog.java:79)
	at com.cs.arris.Tests.TC61_Login_And_Verify_ParentalControlPage_Test.lambda$Verify_HamburgerMEnu_And_Settings_About_Help_Pages$18(TC61_Login_And_Verify_ParentalControlPage_Test.java:158)
	at com.cs.arris.Workflows.TC61_Login_And_Verify_ParentalControl_Workflow.parentalControlWithProfilesPage(TC61_Login_And_Verify_ParentalControl_Workflow.java:218)
	at com.cs.arris.Tests.TC61_Login_And_Verify_ParentalControlPage_Test.Verify_HamburgerMEnu_And_Settings_About_Help_Pages(TC61_Login_And_Verify_ParentalControlPage_Test.java:151)
	at java.base/jdk.internal.reflect.NativeMethodAccessorImpl.invoke0(Native Method)
	at java.base/jdk.internal.reflect.NativeMethodAccessorImpl.invoke(NativeMethodAccessorImpl.java:62)
	at java.base/jdk.internal.reflect.DelegatingMethodAccessorImpl.invoke(DelegatingMethodAccessorImpl.java:43)
	at java.base/java.lang.reflect.Method.invoke(Method.java:566)
	at org.testng.internal.MethodInvocationHelper.invokeMethod(MethodInvocationHelper.java:133)
	at org.testng.internal.TestInvoker.invokeMethod(TestInvoker.java:598)
	at org.testng.internal.TestInvoker.invokeTestMethod(TestInvoker.java:173)
	at org.testng.internal.MethodRunner.runInSequence(MethodRunner.java:46)
	at org.testng.internal.TestInvoker$MethodInvocationAgent.invoke(TestInvoker.java:824)
	at org.testng.internal.TestInvoker.invokeTestMethods(TestInvoker.java:146)
	at org.testng.internal.TestMethodWorker.invokeTestMethods(TestMethodWorker.java:146)
	at org.testng.internal.TestMethodWorker.run(TestMethodWorker.java:128)
	at java.base/java.util.ArrayList.forEach(ArrayList.java:1540)
	at org.testng.TestRunner.privateRun(TestRunner.java:794)
	at org.testng.TestRunner.run(TestRunner.java:596)
	at org.testng.SuiteRunner.runTest(SuiteRunner.java:377)
	at org.testng.SuiteRunner.runSequentially(SuiteRunner.java:371)
	at org.testng.SuiteRunner.privateRun(SuiteRunner.java:332)
	at org.testng.SuiteRunner.run(SuiteRunner.java:276)
	at org.testng.SuiteRunnerWorker.runSuite(SuiteRunnerWorker.java:53)
	at org.testng.SuiteRunnerWorker.run(SuiteRunnerWorker.java:96)
	at org.testng.TestNG.runSuitesSequentially(TestNG.java:1212)
	at org.testng.TestNG.runSuitesLocally(TestNG.java:1134)
	at org.testng.TestNG.runSuites(TestNG.java:1063)
	at org.testng.TestNG.run(TestNG.java:1031)
	at org.apache.maven.surefire.testng.TestNGExecutor.run(TestNGExecutor.java:283)
	at org.apache.maven.surefire.testng.TestNGXmlTestSuite.execute(TestNGXmlTestSuite.java:75)
	at org.apache.maven.surefire.testng.TestNGProvider.invoke(TestNGProvider.java:120)
	at org.apache.maven.surefire.booter.ForkedBooter.invokeProviderInSameClassLoader(ForkedBooter.java:384)
	at org.apache.maven.surefire.booter.ForkedBooter.runSuitesInProcess(ForkedBooter.java:345)
	at org.apache.maven.surefire.booter.ForkedBooter.execute(ForkedBooter.java:126)
	at org.apache.maven.surefire.booter.ForkedBooter.main(ForkedBooter.java:418)
Caused by: org.openqa.selenium.NoSuchElementException: Can't locate an element by this strategy: By.chained({By.id: com.arris.sbcBeta:id/edt_profile_name})
	at io.appium.java_client.pagefactory.AppiumElementLocator.findElement(AppiumElementLocator.java:126)
	at io.appium.java_client.pagefactory.interceptors.InterceptorOfASingleElement.intercept(InterceptorOfASingleElement.java:59)
	at io.appium.java_client.android.AndroidElement$$EnhancerByCGLIB$$b598166c.isDisplayed(<generated>)
	at org.openqa.selenium.support.ui.ExpectedConditions.elementIfVisible(ExpectedConditions.java:314)
	at org.openqa.selenium.support.ui.ExpectedConditions.access$000(ExpectedConditions.java:43)
	at org.openqa.selenium.support.ui.ExpectedConditions$10.apply(ExpectedConditions.java:300)
	at org.openqa.selenium.support.ui.ExpectedConditions$10.apply(ExpectedConditions.java:297)
	at org.openqa.selenium.support.ui.FluentWait.until(FluentWait.java:249)
	... 38 more
Caused by: org.openqa.selenium.TimeoutException: Expected condition failed: waiting for io.appium.java_client.pagefactory.AppiumElementLocator$WaitingFunction@52433946 (tried for 1 second(s) with 500 milliseconds interval)
	at org.openqa.selenium.support.ui.FluentWait.timeoutException(FluentWait.java:304)
	at org.openqa.selenium.support.ui.FluentWait.until(FluentWait.java:272)
	at io.appium.java_client.pagefactory.AppiumElementLocator.waitFor(AppiumElementLocator.java:99)
	at io.appium.java_client.pagefactory.AppiumElementLocator.findElement(AppiumElementLocator.java:119)
	... 45 more
Caused by: org.openqa.selenium.NoSuchElementException: Cannot locate an element using By.chained({By.id: com.arris.sbcBeta:id/edt_profile_name})
For documentation on this error, please visit: https://www.seleniumhq.org/exceptions/no_such_element.html
Build info: version: '3.141.59', revision: 'e82be7d358', time: '2018-11-14T08:17:03'
System info: host: 'techleads-Mac-mini.local', ip: '192.168.0.131', os.name: 'Mac OS X', os.arch: 'x86_64', os.version: '10.16', java.version: '11.0.2'
Driver info: driver.version: AndroidDriver
	at io.appium.java_client.pagefactory.bys.builder.ByChained.findElement(ByChained.java:74)
	at org.openqa.selenium.remote.RemoteWebDriver.findElement(RemoteWebDriver.java:315)
	at io.appium.java_client.DefaultGenericMobileDriver.findElement(DefaultGenericMobileDriver.java:57)
	at io.appium.java_client.AppiumDriver.findElement(AppiumDriver.java:1)
	at io.appium.java_client.android.AndroidDriver.findElement(AndroidDriver.java:1)
	at io.appium.java_client.pagefactory.bys.ContentMappedBy.findElement(ContentMappedBy.java:50)
	at org.openqa.selenium.remote.RemoteWebDriver.findElement(RemoteWebDriver.java:315)
	at io.appium.java_client.DefaultGenericMobileDriver.findElement(DefaultGenericMobileDriver.java:57)
	at io.appium.java_client.AppiumDriver.findElement(AppiumDriver.java:1)
	at io.appium.java_client.android.AndroidDriver.findElement(AndroidDriver.java:1)
	at io.appium.java_client.pagefactory.AppiumElementLocator.lambda$0(AppiumElementLocator.java:120)
	at io.appium.java_client.pagefactory.AppiumElementLocator$WaitingFunction.apply(AppiumElementLocator.java:172)
	at io.appium.java_client.pagefactory.AppiumElementLocator$WaitingFunction.apply(AppiumElementLocator.java:1)
	at org.openqa.selenium.support.ui.FluentWait.until(FluentWait.java:249)
	... 47 more

[logs/Android_RZ8M3002DGL/2021-11-11 INFO ] 2021-11-11 23:33:16.740 ParentClass:416 - video path: videos/Android_RZ8M3002DGL/2021-11-11-23-24-59/TC61_Login_And_Verify_ParentalControlPage_Test/Verify_HamburgerMEnu_And_Settings_About_Help_Pages.mp4
[logs/Android_RZ8M3002DGL/2021-11-11 INFO ] 2021-11-11 23:33:22.116 ParentClass:174 - Closing App
[logs/Android_RZ8M3002DGL/2021-11-11 INFO ] 2021-11-11 23:33:22.415 ParentClass:176 - Quitting Driver
