[logs/Android_RZ8M3002DGL/2021-10-29 INFO ] 2021-10-29 19:19:00.007 ParentClass:278 - log path: logs/Android_RZ8M3002DGL/2021-10-29
[logs/Android_RZ8M3002DGL/2021-10-29 INFO ] 2021-10-29 19:19:24.774 ParentClass:220 - Setting Android driver capabilities
[logs/Android_RZ8M3002DGL/2021-10-29 INFO ] 2021-10-29 19:20:46.719 ParentClass:229 - Android Driver is set to the Thread Local context android
[logs/Android_RZ8M3002DGL/2021-10-29 INFO ] 2021-10-29 19:20:53.853 ParentClass:230 - Android driver initialized: 
[logs/Android_RZ8M3002DGL/2021-10-29 INFO ] 2021-10-29 19:21:34.653 TC52_HomePage_Test:44 - Loading...Sign Up Test Data
[logs/Android_RZ8M3002DGL/2021-10-29 INFO ] 2021-10-29 19:21:34.673 ParentClass:302 - loading...testdata/signup
[logs/Android_RZ8M3002DGL/2021-10-29 INFO ] 2021-10-29 19:21:34.784 TC52_HomePage_Test:48 - First Name : demo
[logs/Android_RZ8M3002DGL/2021-10-29 INFO ] 2021-10-29 19:21:34.802 TC52_HomePage_Test:51 - Last Name : user 
[logs/Android_RZ8M3002DGL/2021-10-29 INFO ] 2021-10-29 19:21:34.820 TC52_HomePage_Test:54 - Email address : demouser2652@gmail.com
[logs/Android_RZ8M3002DGL/2021-10-29 INFO ] 2021-10-29 19:21:34.838 TC52_HomePage_Test:57 - UDID : RZ8M3002DGL
[logs/Android_RZ8M3002DGL/2021-10-29 INFO ] 2021-10-29 19:21:34.851 TC52_HomePage_Test:59 - Retrieved...Sign Up Test Data
[logs/Android_RZ8M3002DGL/2021-10-29 INFO ] 2021-10-29 19:21:36.058 TC52_HomePage_Test:69 - 
****** starting test:Verify_HomePage******

[logs/Android_RZ8M3002DGL/2021-10-29 INFO ] 2021-10-29 19:57:15.938 ParentClass:278 - log path: logs/Android_RZ8M3002DGL/2021-10-29
[logs/Android_RZ8M3002DGL/2021-10-29 INFO ] 2021-10-29 19:57:15.949 ParentClass:220 - Setting Android driver capabilities
[logs/Android_RZ8M3002DGL/2021-10-29 INFO ] 2021-10-29 19:57:27.564 ParentClass:229 - Android Driver is set to the Thread Local context android
[logs/Android_RZ8M3002DGL/2021-10-29 INFO ] 2021-10-29 19:57:27.565 ParentClass:230 - Android driver initialized: 
[logs/Android_RZ8M3002DGL/2021-10-29 INFO ] 2021-10-29 19:57:31.677 TC52_HomePage_Test:45 - Loading...Sign Up Test Data
[logs/Android_RZ8M3002DGL/2021-10-29 INFO ] 2021-10-29 19:57:31.680 ParentClass:302 - loading...testdata/signup
[logs/Android_RZ8M3002DGL/2021-10-29 INFO ] 2021-10-29 19:57:31.688 TC52_HomePage_Test:49 - First Name : demo
[logs/Android_RZ8M3002DGL/2021-10-29 INFO ] 2021-10-29 19:57:31.691 TC52_HomePage_Test:52 - Last Name : user 
[logs/Android_RZ8M3002DGL/2021-10-29 INFO ] 2021-10-29 19:57:31.693 TC52_HomePage_Test:55 - Email address : demouser2652@gmail.com
[logs/Android_RZ8M3002DGL/2021-10-29 INFO ] 2021-10-29 19:57:31.696 TC52_HomePage_Test:58 - UDID : RZ8M3002DGL
[logs/Android_RZ8M3002DGL/2021-10-29 INFO ] 2021-10-29 19:57:31.698 TC52_HomePage_Test:60 - Retrieved...Sign Up Test Data
[logs/Android_RZ8M3002DGL/2021-10-29 INFO ] 2021-10-29 19:57:32.405 TC52_HomePage_Test:70 - 
****** starting test:Verify_HomePage******

[logs/Android_RZ8M3002DGL/2021-10-29 INFO ] 2021-10-29 19:57:32.984 GetStartedPage:44 - Get Started - Clicked on Get Started Button
[logs/Android_RZ8M3002DGL/2021-10-29 INFO ] 2021-10-29 19:57:33.754 GrantPermissionsPage:183 - Grant Permissions - Clicked on Continue Button
[logs/Android_RZ8M3002DGL/2021-10-29 INFO ] 2021-10-29 19:57:34.466 DeviceLocationPage:105 - Device Location - Clicked Only this time
[logs/Android_RZ8M3002DGL/2021-10-29 INFO ] 2021-10-29 19:57:50.758 DeviceLocationPage:107 - Device Location - Clicked Allow
[logs/Android_RZ8M3002DGL/2021-10-29 INFO ] 2021-10-29 19:57:51.014 AccessResourcesOnDevicePage:49 - Access Resources On Device - Clicked on Allow Link
[logs/Android_RZ8M3002DGL/2021-10-29 INFO ] 2021-10-29 19:57:52.335 SelectYourDevicePage:64 - Select your Device 1 - Selected SURFboard mAX option
[logs/Android_RZ8M3002DGL/2021-10-29 INFO ] 2021-10-29 19:57:53.276 SelectYourDevicePage:73 - Select your Device 1 - Clicked Next Button
[logs/Android_RZ8M3002DGL/2021-10-29 INFO ] 2021-10-29 19:57:54.338 SelectYourDevicePage2:73 - Select your Device 2 - Selected mAX Pro AX11000 option
[logs/Android_RZ8M3002DGL/2021-10-29 INFO ] 2021-10-29 19:57:55.179 SelectYourDevicePage2:82 - Select your Device 2 - Clicked Next Button
[logs/Android_RZ8M3002DGL/2021-10-29 INFO ] 2021-10-29 19:57:58.516 SiginPage:52 - Sigin Page - Entered user email address
[logs/Android_RZ8M3002DGL/2021-10-29 INFO ] 2021-10-29 19:57:59.329 SiginPage:60 - Sigin Page - Clicked on Signin Button
[logs/Android_RZ8M3002DGL/2021-10-29 INFO ] 2021-10-29 19:58:11.348 ValidOTP:118 - loading...emailDetails
[logs/Android_RZ8M3002DGL/2021-10-29 INFO ] 2021-10-29 19:58:17.537 EnterValidOTPPage:61 - Entering valid OTP...693685
[logs/Android_RZ8M3002DGL/2021-10-29 INFO ] 2021-10-29 19:58:19.184 CodeVerifiedPage:74 - OTP Code Verified Page - Clicked on Next Button
[logs/Android_RZ8M3002DGL/2021-10-29 INFO ] 2021-10-29 20:04:19.053 ParentClass:278 - log path: logs/Android_RZ8M3002DGL/2021-10-29
[logs/Android_RZ8M3002DGL/2021-10-29 INFO ] 2021-10-29 20:04:19.063 ParentClass:220 - Setting Android driver capabilities
[logs/Android_RZ8M3002DGL/2021-10-29 INFO ] 2021-10-29 20:04:30.766 ParentClass:229 - Android Driver is set to the Thread Local context android
[logs/Android_RZ8M3002DGL/2021-10-29 INFO ] 2021-10-29 20:04:30.767 ParentClass:230 - Android driver initialized: 
[logs/Android_RZ8M3002DGL/2021-10-29 INFO ] 2021-10-29 20:04:34.887 TC52_HomePage_Test:45 - Loading...Sign Up Test Data
[logs/Android_RZ8M3002DGL/2021-10-29 INFO ] 2021-10-29 20:04:34.891 ParentClass:302 - loading...testdata/signup
[logs/Android_RZ8M3002DGL/2021-10-29 INFO ] 2021-10-29 20:04:34.899 TC52_HomePage_Test:49 - First Name : demo
[logs/Android_RZ8M3002DGL/2021-10-29 INFO ] 2021-10-29 20:04:34.903 TC52_HomePage_Test:52 - Last Name : user 
[logs/Android_RZ8M3002DGL/2021-10-29 INFO ] 2021-10-29 20:04:34.905 TC52_HomePage_Test:55 - Email address : demouser2652@gmail.com
[logs/Android_RZ8M3002DGL/2021-10-29 INFO ] 2021-10-29 20:04:34.908 TC52_HomePage_Test:58 - UDID : RZ8M3002DGL
[logs/Android_RZ8M3002DGL/2021-10-29 INFO ] 2021-10-29 20:04:34.909 TC52_HomePage_Test:60 - Retrieved...Sign Up Test Data
[logs/Android_RZ8M3002DGL/2021-10-29 INFO ] 2021-10-29 20:04:35.648 TC52_HomePage_Test:70 - 
****** starting test:Verify_HomePage******

[logs/Android_RZ8M3002DGL/2021-10-29 INFO ] 2021-10-29 20:04:36.164 GetStartedPage:44 - Get Started - Clicked on Get Started Button
[logs/Android_RZ8M3002DGL/2021-10-29 INFO ] 2021-10-29 20:04:36.932 GrantPermissionsPage:183 - Grant Permissions - Clicked on Continue Button
[logs/Android_RZ8M3002DGL/2021-10-29 INFO ] 2021-10-29 20:04:37.652 DeviceLocationPage:105 - Device Location - Clicked Only this time
[logs/Android_RZ8M3002DGL/2021-10-29 INFO ] 2021-10-29 20:04:53.518 DeviceLocationPage:107 - Device Location - Clicked Allow
[logs/Android_RZ8M3002DGL/2021-10-29 INFO ] 2021-10-29 20:04:53.825 AccessResourcesOnDevicePage:49 - Access Resources On Device - Clicked on Allow Link
[logs/Android_RZ8M3002DGL/2021-10-29 INFO ] 2021-10-29 20:04:55.142 SelectYourDevicePage:64 - Select your Device 1 - Selected SURFboard mAX option
[logs/Android_RZ8M3002DGL/2021-10-29 INFO ] 2021-10-29 20:04:56.061 SelectYourDevicePage:73 - Select your Device 1 - Clicked Next Button
[logs/Android_RZ8M3002DGL/2021-10-29 INFO ] 2021-10-29 20:04:57.079 SelectYourDevicePage2:73 - Select your Device 2 - Selected mAX Pro AX11000 option
[logs/Android_RZ8M3002DGL/2021-10-29 INFO ] 2021-10-29 20:04:57.952 SelectYourDevicePage2:82 - Select your Device 2 - Clicked Next Button
[logs/Android_RZ8M3002DGL/2021-10-29 INFO ] 2021-10-29 20:05:01.296 SiginPage:52 - Sigin Page - Entered user email address
[logs/Android_RZ8M3002DGL/2021-10-29 INFO ] 2021-10-29 20:05:02.135 SiginPage:60 - Sigin Page - Clicked on Signin Button
[logs/Android_RZ8M3002DGL/2021-10-29 INFO ] 2021-10-29 20:05:14.159 ValidOTP:118 - loading...emailDetails
[logs/Android_RZ8M3002DGL/2021-10-29 INFO ] 2021-10-29 20:05:20.259 EnterValidOTPPage:61 - Entering valid OTP...054683
[logs/Android_RZ8M3002DGL/2021-10-29 INFO ] 2021-10-29 20:05:21.800 CodeVerifiedPage:74 - OTP Code Verified Page - Clicked on Next Button
[logs/Android_RZ8M3002DGL/2021-10-29 INFO ] 2021-10-29 20:05:46.893 SetUpYourWiFiManagementPage:49 - Setup Wifi Management Page - Clicked on Skip Tutorial Button
[logs/Android_RZ8M3002DGL/2021-10-29 ERROR] 2021-10-29 20:06:09.589 TestListener:39 - org.openqa.selenium.TimeoutException: Expected condition failed: waiting for visibility of Located by By.chained({By.all({By.xpath: //android.widget.Button[@resource-id='com.arris.sbcBeta:id/btn_dialog_ok'],By.xpath: //android.widget.Button[@bounds='[147,1312][933,1449]'],By.id: com.arris.sbcBeta:id/btn_dialog_ok})}) (tried for 10 second(s) with 500 milliseconds interval)
	at org.openqa.selenium.support.ui.WebDriverWait.timeoutException(WebDriverWait.java:95)
	at org.openqa.selenium.support.ui.FluentWait.until(FluentWait.java:272)
	at com.cs.arris.Base.ParentClass.waitForVisibility(ParentClass.java:417)
	at com.cs.arris.Base.ParentClass.click(ParentClass.java:440)
	at com.cs.arris.Pages.HomePage.clickOkButton(HomePage.java:372)
	at com.cs.arris.Tests.TC52_HomePage_Test.lambda$Verify_HomePage$11(TC52_HomePage_Test.java:118)
	at com.cs.arris.Workflows.TC52_Login_And_HomePage_Workflow.homePage(TC52_Login_And_HomePage_Workflow.java:141)
	at com.cs.arris.Tests.TC52_HomePage_Test.Verify_HomePage(TC52_HomePage_Test.java:117)
	at java.base/jdk.internal.reflect.NativeMethodAccessorImpl.invoke0(Native Method)
	at java.base/jdk.internal.reflect.NativeMethodAccessorImpl.invoke(NativeMethodAccessorImpl.java:62)
	at java.base/jdk.internal.reflect.DelegatingMethodAccessorImpl.invoke(DelegatingMethodAccessorImpl.java:43)
	at java.base/java.lang.reflect.Method.invoke(Method.java:566)
	at org.testng.internal.MethodInvocationHelper.invokeMethod(MethodInvocationHelper.java:133)
	at org.testng.internal.TestInvoker.invokeMethod(TestInvoker.java:598)
	at org.testng.internal.TestInvoker.invokeTestMethod(TestInvoker.java:173)
	at org.testng.internal.MethodRunner.runInSequence(MethodRunner.java:46)
	at org.testng.internal.TestInvoker$MethodInvocationAgent.invoke(TestInvoker.java:824)
	at org.testng.internal.TestInvoker.invokeTestMethods(TestInvoker.java:146)
	at org.testng.internal.TestMethodWorker.invokeTestMethods(TestMethodWorker.java:146)
	at org.testng.internal.TestMethodWorker.run(TestMethodWorker.java:128)
	at java.base/java.util.ArrayList.forEach(ArrayList.java:1540)
	at org.testng.TestRunner.privateRun(TestRunner.java:794)
	at org.testng.TestRunner.run(TestRunner.java:596)
	at org.testng.SuiteRunner.runTest(SuiteRunner.java:377)
	at org.testng.SuiteRunner.runSequentially(SuiteRunner.java:371)
	at org.testng.SuiteRunner.privateRun(SuiteRunner.java:332)
	at org.testng.SuiteRunner.run(SuiteRunner.java:276)
	at org.testng.SuiteRunnerWorker.runSuite(SuiteRunnerWorker.java:53)
	at org.testng.SuiteRunnerWorker.run(SuiteRunnerWorker.java:96)
	at org.testng.TestNG.runSuitesSequentially(TestNG.java:1212)
	at org.testng.TestNG.runSuitesLocally(TestNG.java:1134)
	at org.testng.TestNG.runSuites(TestNG.java:1063)
	at org.testng.TestNG.run(TestNG.java:1031)
	at org.apache.maven.surefire.testng.TestNGExecutor.run(TestNGExecutor.java:283)
	at org.apache.maven.surefire.testng.TestNGXmlTestSuite.execute(TestNGXmlTestSuite.java:75)
	at org.apache.maven.surefire.testng.TestNGProvider.invoke(TestNGProvider.java:120)
	at org.apache.maven.surefire.booter.ForkedBooter.invokeProviderInSameClassLoader(ForkedBooter.java:384)
	at org.apache.maven.surefire.booter.ForkedBooter.runSuitesInProcess(ForkedBooter.java:345)
	at org.apache.maven.surefire.booter.ForkedBooter.execute(ForkedBooter.java:126)
	at org.apache.maven.surefire.booter.ForkedBooter.main(ForkedBooter.java:418)
Caused by: org.openqa.selenium.NoSuchElementException: Can't locate an element by this strategy: By.chained({By.all({By.xpath: //android.widget.Button[@resource-id='com.arris.sbcBeta:id/btn_dialog_ok'],By.xpath: //android.widget.Button[@bounds='[147,1312][933,1449]'],By.id: com.arris.sbcBeta:id/btn_dialog_ok})})
	at io.appium.java_client.pagefactory.AppiumElementLocator.findElement(AppiumElementLocator.java:126)
	at io.appium.java_client.pagefactory.interceptors.InterceptorOfASingleElement.intercept(InterceptorOfASingleElement.java:59)
	at io.appium.java_client.android.AndroidElement$$EnhancerByCGLIB$$b598166c.isDisplayed(<generated>)
	at org.openqa.selenium.support.ui.ExpectedConditions.elementIfVisible(ExpectedConditions.java:314)
	at org.openqa.selenium.support.ui.ExpectedConditions.access$000(ExpectedConditions.java:43)
	at org.openqa.selenium.support.ui.ExpectedConditions$10.apply(ExpectedConditions.java:300)
	at org.openqa.selenium.support.ui.ExpectedConditions$10.apply(ExpectedConditions.java:297)
	at org.openqa.selenium.support.ui.FluentWait.until(FluentWait.java:249)
	... 38 more
Caused by: org.openqa.selenium.TimeoutException: Expected condition failed: waiting for io.appium.java_client.pagefactory.AppiumElementLocator$WaitingFunction@590f0c50 (tried for 1 second(s) with 500 milliseconds interval)
	at org.openqa.selenium.support.ui.FluentWait.timeoutException(FluentWait.java:304)
	at org.openqa.selenium.support.ui.FluentWait.until(FluentWait.java:272)
	at io.appium.java_client.pagefactory.AppiumElementLocator.waitFor(AppiumElementLocator.java:99)
	at io.appium.java_client.pagefactory.AppiumElementLocator.findElement(AppiumElementLocator.java:119)
	... 45 more
Caused by: org.openqa.selenium.NoSuchElementException: Cannot locate an element using By.chained({By.all({By.xpath: //android.widget.Button[@resource-id='com.arris.sbcBeta:id/btn_dialog_ok'],By.xpath: //android.widget.Button[@bounds='[147,1312][933,1449]'],By.id: com.arris.sbcBeta:id/btn_dialog_ok})})
For documentation on this error, please visit: https://www.seleniumhq.org/exceptions/no_such_element.html
Build info: version: '3.141.59', revision: 'e82be7d358', time: '2018-11-14T08:17:03'
System info: host: 'techleads-Mac-mini.local', ip: '192.168.0.131', os.name: 'Mac OS X', os.arch: 'x86_64', os.version: '10.16', java.version: '11.0.2'
Driver info: driver.version: AndroidDriver
	at io.appium.java_client.pagefactory.bys.builder.ByChained.findElement(ByChained.java:74)
	at org.openqa.selenium.remote.RemoteWebDriver.findElement(RemoteWebDriver.java:315)
	at io.appium.java_client.DefaultGenericMobileDriver.findElement(DefaultGenericMobileDriver.java:57)
	at io.appium.java_client.AppiumDriver.findElement(AppiumDriver.java:1)
	at io.appium.java_client.android.AndroidDriver.findElement(AndroidDriver.java:1)
	at io.appium.java_client.pagefactory.bys.ContentMappedBy.findElement(ContentMappedBy.java:50)
	at org.openqa.selenium.remote.RemoteWebDriver.findElement(RemoteWebDriver.java:315)
	at io.appium.java_client.DefaultGenericMobileDriver.findElement(DefaultGenericMobileDriver.java:57)
	at io.appium.java_client.AppiumDriver.findElement(AppiumDriver.java:1)
	at io.appium.java_client.android.AndroidDriver.findElement(AndroidDriver.java:1)
	at io.appium.java_client.pagefactory.AppiumElementLocator.lambda$0(AppiumElementLocator.java:120)
	at io.appium.java_client.pagefactory.AppiumElementLocator$WaitingFunction.apply(AppiumElementLocator.java:172)
	at io.appium.java_client.pagefactory.AppiumElementLocator$WaitingFunction.apply(AppiumElementLocator.java:1)
	at org.openqa.selenium.support.ui.FluentWait.until(FluentWait.java:249)
	... 47 more

[logs/Android_RZ8M3002DGL/2021-10-29 INFO ] 2021-10-29 20:06:13.199 ParentClass:405 - video path: videos/Android_RZ8M3002DGL/2021-10-29-20-04-18/TC52_HomePage_Test/Verify_HomePage.mp4
[logs/Android_RZ8M3002DGL/2021-10-29 INFO ] 2021-10-29 20:06:19.042 ParentClass:164 - Closing App
[logs/Android_RZ8M3002DGL/2021-10-29 INFO ] 2021-10-29 20:06:19.211 ParentClass:166 - Quitting Driver
