[logs/Android_RZ8M3002DGL INFO ] 2021-10-07 00:38:15.921 ParentClass:243 - log path: logs/Android_RZ8M3002DGL
[logs/Android_RZ8M3002DGL INFO ] 2021-10-07 00:38:33.141 ParentClass:211 - driver initialized: io.appium.java_client.android.AndroidDriver, Capabilities: {app=/Users/prabhu/Documents/apk/app-staging-debug.apk, appPackage=com.arris.sbcBeta, automationName=UiAutomator2, databaseEnabled=false, desired={platformName=android, version=11, app=/Users/prabhu/Documents/apk/app-staging-debug.apk, automationName=UiAutomator2, deviceName=Android, noReset=false, udid=RZ8M3002DGL}, deviceApiLevel=30, deviceManufacturer=samsung, deviceModel=SM-G973F, deviceName=RZ8M3002DGL, deviceScreenDensity=420, deviceScreenSize=1080x2280, deviceUDID=RZ8M3002DGL, javascriptEnabled=true, locationContextEnabled=false, networkConnectionEnabled=true, noReset=false, pixelRatio=2.625, platform=LINUX, platformName=Android, platformVersion=11, statBarHeight=112, takesScreenshot=true, udid=RZ8M3002DGL, version=11, viewportRect={left=0, top=112, width=1080, height=1930}, warnings={}, webStorageEnabled=false}
[logs/Android_RZ8M3002DGL INFO ] 2021-10-07 00:38:33.171 W31OB_SignUp_User_Test:30 - Loading...Sign Up Test Data
[logs/Android_RZ8M3002DGL INFO ] 2021-10-07 00:38:33.171 ParentClass:267 - loading...testdata/signup
[logs/Android_RZ8M3002DGL INFO ] 2021-10-07 00:38:33.174 W31OB_SignUp_User_Test:38 - Retrieved...Sign Up Test Data
[logs/Android_RZ8M3002DGL INFO ] 2021-10-07 00:38:33.862 W31OB_SignUp_User_Test:47 - 
****** starting test:W31OB_SignUpUser******

[logs/Android_RZ8M3002DGL INFO ] 2021-10-07 00:38:35.213 DeviceLocationPage:105 - Clicking Only This Time Link on Grant Access Permissions Mini Page
[logs/Android_RZ8M3002DGL INFO ] 2021-10-07 00:38:50.928 ParentClass:366 - video path: videos/Android_RZ8M3002DGL/2021-10-07-00-38-15/W31OB_SignUp_User_Test/W31OB_SignUpUser.mp4
[logs/Android_RZ8M3002DGL INFO ] 2021-10-07 00:39:00.067 W31OB_Signin_Onboarding_Test:25 - Loading...Sign Up Test Data
[logs/Android_RZ8M3002DGL INFO ] 2021-10-07 00:39:00.071 ParentClass:267 - loading...testdata/signup
[logs/Android_RZ8M3002DGL INFO ] 2021-10-07 00:39:00.081 W31OB_Signin_Onboarding_Test:29 - Retrieved...Sign Up Test Data
[logs/Android_RZ8M3002DGL INFO ] 2021-10-07 00:39:00.771 W31OB_Signin_Onboarding_Test:38 - 
****** starting test:W31OB_Signin_Onboarding******

[logs/Android_RZ8M3002DGL INFO ] 2021-10-07 00:39:01.772 DeviceLocationPage:105 - Clicking Only This Time Link on Grant Access Permissions Mini Page
[logs/Android_RZ8M3002DGL INFO ] 2021-10-07 00:39:11.874 ParentClass:366 - video path: videos/Android_RZ8M3002DGL/2021-10-07-00-38-15/W31OB_Signin_Onboarding_Test/W31OB_Signin_Onboarding.mp4
[logs/Android_RZ8M3002DGL INFO ] 2021-10-07 00:39:17.128 ParentClass:144 - Closing App
[logs/Android_RZ8M3002DGL INFO ] 2021-10-07 00:39:17.458 ParentClass:146 - Closing Driver
[logs/Android_RZ8M3002DGL INFO ] 2021-10-07 00:46:36.655 ParentClass:243 - log path: logs/Android_RZ8M3002DGL
[logs/Android_RZ8M3002DGL INFO ] 2021-10-07 00:46:47.808 ParentClass:211 - driver initialized: io.appium.java_client.android.AndroidDriver, Capabilities: {app=/Users/prabhu/Documents/apk/app-staging-debug.apk, appPackage=com.arris.sbcBeta, automationName=UiAutomator2, databaseEnabled=false, desired={platformName=android, version=11, app=/Users/prabhu/Documents/apk/app-staging-debug.apk, automationName=UiAutomator2, deviceName=Android, noReset=false, udid=RZ8M3002DGL}, deviceApiLevel=30, deviceManufacturer=samsung, deviceModel=SM-G973F, deviceName=RZ8M3002DGL, deviceScreenDensity=420, deviceScreenSize=1080x2280, deviceUDID=RZ8M3002DGL, javascriptEnabled=true, locationContextEnabled=false, networkConnectionEnabled=true, noReset=false, pixelRatio=2.625, platform=LINUX, platformName=Android, platformVersion=11, statBarHeight=112, takesScreenshot=true, udid=RZ8M3002DGL, version=11, viewportRect={left=0, top=112, width=1080, height=1930}, warnings={}, webStorageEnabled=false}
[logs/Android_RZ8M3002DGL INFO ] 2021-10-07 00:46:47.834 W31OB_SignUp_User_Test:30 - Loading...Sign Up Test Data
[logs/Android_RZ8M3002DGL INFO ] 2021-10-07 00:46:47.834 ParentClass:267 - loading...testdata/signup
[logs/Android_RZ8M3002DGL INFO ] 2021-10-07 00:46:47.837 W31OB_SignUp_User_Test:38 - Retrieved...Sign Up Test Data
[logs/Android_RZ8M3002DGL INFO ] 2021-10-07 00:46:48.555 W31OB_SignUp_User_Test:47 - 
****** starting test:W31OB_SignUpUser******

[logs/Android_RZ8M3002DGL INFO ] 2021-10-07 00:46:49.831 DeviceLocationPage:105 - Clicking Only This Time Link on Grant Access Permissions Mini Page
[logs/Android_RZ8M3002DGL INFO ] 2021-10-07 00:47:04.554 ParentClass:366 - video path: videos/Android_RZ8M3002DGL/2021-10-07-00-46-36/W31OB_SignUp_User_Test/W31OB_SignUpUser.mp4
[logs/Android_RZ8M3002DGL INFO ] 2021-10-07 00:47:10.011 ParentClass:144 - Closing App
[logs/Android_RZ8M3002DGL INFO ] 2021-10-07 00:47:10.329 ParentClass:146 - Closing Driver
[logs/Android_RZ8M3002DGL INFO ] 2021-10-07 00:50:58.292 ParentClass:243 - log path: logs/Android_RZ8M3002DGL
[logs/Android_RZ8M3002DGL INFO ] 2021-10-07 00:51:09.316 ParentClass:211 - driver initialized: io.appium.java_client.android.AndroidDriver, Capabilities: {app=/Users/prabhu/Documents/apk/app-staging-debug.apk, appPackage=com.arris.sbcBeta, automationName=UiAutomator2, databaseEnabled=false, desired={platformName=android, version=11, app=/Users/prabhu/Documents/apk/app-staging-debug.apk, automationName=UiAutomator2, deviceName=Android, noReset=false, udid=RZ8M3002DGL}, deviceApiLevel=30, deviceManufacturer=samsung, deviceModel=SM-G973F, deviceName=RZ8M3002DGL, deviceScreenDensity=420, deviceScreenSize=1080x2280, deviceUDID=RZ8M3002DGL, javascriptEnabled=true, locationContextEnabled=false, networkConnectionEnabled=true, noReset=false, pixelRatio=2.625, platform=LINUX, platformName=Android, platformVersion=11, statBarHeight=112, takesScreenshot=true, udid=RZ8M3002DGL, version=11, viewportRect={left=0, top=112, width=1080, height=1930}, warnings={}, webStorageEnabled=false}
[logs/Android_RZ8M3002DGL INFO ] 2021-10-07 00:51:09.343 W31OB_SignUp_User_Test:30 - Loading...Sign Up Test Data
[logs/Android_RZ8M3002DGL INFO ] 2021-10-07 00:51:09.344 ParentClass:267 - loading...testdata/signup
[logs/Android_RZ8M3002DGL INFO ] 2021-10-07 00:51:09.347 W31OB_SignUp_User_Test:38 - Retrieved...Sign Up Test Data
[logs/Android_RZ8M3002DGL INFO ] 2021-10-07 00:51:10.050 W31OB_SignUp_User_Test:47 - 
****** starting test:W31OB_SignUpUser******

[logs/Android_RZ8M3002DGL INFO ] 2021-10-07 00:51:11.410 DeviceLocationPage:105 - Clicking Only This Time Link on Grant Access Permissions Mini Page
[logs/Android_RZ8M3002DGL INFO ] 2021-10-07 00:51:20.559 ParentClass:366 - video path: videos/Android_RZ8M3002DGL/2021-10-07-00-50-58/W31OB_SignUp_User_Test/W31OB_SignUpUser.mp4
[logs/Android_RZ8M3002DGL INFO ] 2021-10-07 00:51:25.988 ParentClass:144 - Closing App
[logs/Android_RZ8M3002DGL INFO ] 2021-10-07 00:51:26.332 ParentClass:146 - Closing Driver
[logs/Android_RZ8M3002DGL INFO ] 2021-10-07 01:02:19.356 ParentClass:243 - log path: logs/Android_RZ8M3002DGL
[logs/Android_RZ8M3002DGL INFO ] 2021-10-07 01:02:30.184 ParentClass:211 - driver initialized: io.appium.java_client.android.AndroidDriver, Capabilities: {app=/Users/prabhu/Documents/apk/app-staging-debug.apk, appPackage=com.arris.sbcBeta, automationName=UiAutomator2, databaseEnabled=false, desired={platformName=android, version=11, app=/Users/prabhu/Documents/apk/app-staging-debug.apk, automationName=UiAutomator2, deviceName=Android, noReset=false, udid=RZ8M3002DGL}, deviceApiLevel=30, deviceManufacturer=samsung, deviceModel=SM-G973F, deviceName=RZ8M3002DGL, deviceScreenDensity=420, deviceScreenSize=1080x2280, deviceUDID=RZ8M3002DGL, javascriptEnabled=true, locationContextEnabled=false, networkConnectionEnabled=true, noReset=false, pixelRatio=2.625, platform=LINUX, platformName=Android, platformVersion=11, statBarHeight=112, takesScreenshot=true, udid=RZ8M3002DGL, version=11, viewportRect={left=0, top=112, width=1080, height=1930}, warnings={}, webStorageEnabled=false}
[logs/Android_RZ8M3002DGL INFO ] 2021-10-07 01:02:30.209 W31OB_SignUp_User_Test:30 - Loading...Sign Up Test Data
[logs/Android_RZ8M3002DGL INFO ] 2021-10-07 01:02:30.210 ParentClass:267 - loading...testdata/signup
[logs/Android_RZ8M3002DGL INFO ] 2021-10-07 01:02:30.212 W31OB_SignUp_User_Test:38 - Retrieved...Sign Up Test Data
[logs/Android_RZ8M3002DGL INFO ] 2021-10-07 01:02:30.931 W31OB_SignUp_User_Test:47 - 
****** starting test:W31OB_SignUpUser******

[logs/Android_RZ8M3002DGL INFO ] 2021-10-07 01:02:32.177 DeviceLocationPage:105 - Clicking Only This Time Link on Grant Access Permissions Mini Page
[logs/Android_RZ8M3002DGL INFO ] 2021-10-07 01:02:45.984 ParentClass:366 - video path: videos/Android_RZ8M3002DGL/2021-10-07-01-02-19/W31OB_SignUp_User_Test/W31OB_SignUpUser.mp4
[logs/Android_RZ8M3002DGL INFO ] 2021-10-07 01:02:51.356 ParentClass:144 - Closing App
[logs/Android_RZ8M3002DGL INFO ] 2021-10-07 01:02:51.668 ParentClass:146 - Closing Driver
[logs/Android_RZ8M3002DGL INFO ] 2021-10-07 01:12:43.435 ParentClass:243 - log path: logs/Android_RZ8M3002DGL
[logs/Android_RZ8M3002DGL INFO ] 2021-10-07 01:13:00.004 ParentClass:211 - driver initialized: io.appium.java_client.android.AndroidDriver, Capabilities: {app=/Users/prabhu/Documents/apk/app-staging-debug.apk, appPackage=com.arris.sbcBeta, automationName=UiAutomator2, databaseEnabled=false, desired={platformName=android, version=11, app=/Users/prabhu/Documents/apk/app-staging-debug.apk, automationName=UiAutomator2, deviceName=Android, noReset=false, udid=RZ8M3002DGL}, deviceApiLevel=30, deviceManufacturer=samsung, deviceModel=SM-G973F, deviceName=RZ8M3002DGL, deviceScreenDensity=420, deviceScreenSize=1080x2280, deviceUDID=RZ8M3002DGL, javascriptEnabled=true, locationContextEnabled=false, networkConnectionEnabled=true, noReset=false, pixelRatio=2.625, platform=LINUX, platformName=Android, platformVersion=11, statBarHeight=112, takesScreenshot=true, udid=RZ8M3002DGL, version=11, viewportRect={left=0, top=112, width=1080, height=1930}, warnings={}, webStorageEnabled=false}
[logs/Android_RZ8M3002DGL INFO ] 2021-10-07 01:13:00.030 W31OB_SignUp_User_Test:30 - Loading...Sign Up Test Data
[logs/Android_RZ8M3002DGL INFO ] 2021-10-07 01:13:00.031 ParentClass:267 - loading...testdata/signup
[logs/Android_RZ8M3002DGL INFO ] 2021-10-07 01:13:00.035 W31OB_SignUp_User_Test:38 - Retrieved...Sign Up Test Data
[logs/Android_RZ8M3002DGL INFO ] 2021-10-07 01:13:00.776 W31OB_SignUp_User_Test:47 - 
****** starting test:W31OB_SignUpUser******

[logs/Android_RZ8M3002DGL INFO ] 2021-10-07 01:13:02.148 DeviceLocationPage:105 - Clicking Only This Time Link on Grant Access Permissions Mini Page
[logs/Android_RZ8M3002DGL INFO ] 2021-10-07 01:13:25.579 ParentClass:366 - video path: videos/Android_RZ8M3002DGL/2021-10-07-01-12-43/W31OB_SignUp_User_Test/W31OB_SignUpUser.mp4
[logs/Android_RZ8M3002DGL INFO ] 2021-10-07 01:13:26.051 ParentClass:144 - Closing App
[logs/Android_RZ8M3002DGL INFO ] 2021-10-07 01:13:26.153 ParentClass:146 - Closing Driver
[logs/Android_RZ8M3002DGL INFO ] 2021-10-07 01:20:11.598 ParentClass:243 - log path: logs/Android_RZ8M3002DGL
[logs/Android_RZ8M3002DGL INFO ] 2021-10-07 01:20:22.607 ParentClass:211 - driver initialized: io.appium.java_client.android.AndroidDriver, Capabilities: {app=/Users/prabhu/Documents/apk/app-staging-debug.apk, appPackage=com.arris.sbcBeta, automationName=UiAutomator2, databaseEnabled=false, desired={platformName=android, version=11, app=/Users/prabhu/Documents/apk/app-staging-debug.apk, automationName=UiAutomator2, deviceName=Android, noReset=false, udid=RZ8M3002DGL}, deviceApiLevel=30, deviceManufacturer=samsung, deviceModel=SM-G973F, deviceName=RZ8M3002DGL, deviceScreenDensity=420, deviceScreenSize=1080x2280, deviceUDID=RZ8M3002DGL, javascriptEnabled=true, locationContextEnabled=false, networkConnectionEnabled=true, noReset=false, pixelRatio=2.625, platform=LINUX, platformName=Android, platformVersion=11, statBarHeight=112, takesScreenshot=true, udid=RZ8M3002DGL, version=11, viewportRect={left=0, top=112, width=1080, height=1930}, warnings={}, webStorageEnabled=false}
[logs/Android_RZ8M3002DGL INFO ] 2021-10-07 01:20:22.635 W31OB_SignUp_User_Test:30 - Loading...Sign Up Test Data
[logs/Android_RZ8M3002DGL INFO ] 2021-10-07 01:20:22.635 ParentClass:267 - loading...testdata/signup
[logs/Android_RZ8M3002DGL INFO ] 2021-10-07 01:20:22.637 W31OB_SignUp_User_Test:38 - Retrieved...Sign Up Test Data
[logs/Android_RZ8M3002DGL INFO ] 2021-10-07 01:20:23.380 W31OB_SignUp_User_Test:47 - 
****** starting test:W31OB_SignUpUser******

[logs/Android_RZ8M3002DGL INFO ] 2021-10-07 01:20:24.628 DeviceLocationPage:105 - Clicking Only This Time Link on Grant Access Permissions Mini Page
[logs/Android_RZ8M3002DGL INFO ] 2021-10-07 01:20:49.261 ParentClass:366 - video path: videos/Android_RZ8M3002DGL/2021-10-07-01-20-11/W31OB_SignUp_User_Test/W31OB_SignUpUser.mp4
[logs/Android_RZ8M3002DGL INFO ] 2021-10-07 01:20:58.471 W31OB_Signin_Onboarding_Test:25 - Loading...Sign Up Test Data
[logs/Android_RZ8M3002DGL INFO ] 2021-10-07 01:20:58.473 ParentClass:267 - loading...testdata/signup
[logs/Android_RZ8M3002DGL INFO ] 2021-10-07 01:20:58.476 W31OB_Signin_Onboarding_Test:29 - Retrieved...Sign Up Test Data
[logs/Android_RZ8M3002DGL INFO ] 2021-10-07 01:20:59.158 W31OB_Signin_Onboarding_Test:38 - 
****** starting test:W31OB_Signin_Onboarding******

[logs/Android_RZ8M3002DGL INFO ] 2021-10-07 01:21:00.622 DeviceLocationPage:105 - Clicking Only This Time Link on Grant Access Permissions Mini Page
[logs/Android_RZ8M3002DGL INFO ] 2021-10-07 01:21:10.784 ParentClass:366 - video path: videos/Android_RZ8M3002DGL/2021-10-07-01-20-11/W31OB_Signin_Onboarding_Test/W31OB_Signin_Onboarding.mp4
[logs/Android_RZ8M3002DGL INFO ] 2021-10-07 01:21:16.064 ParentClass:144 - Closing App
[logs/Android_RZ8M3002DGL INFO ] 2021-10-07 01:21:16.466 ParentClass:146 - Closing Driver
[logs/Android_RZ8M3002DGL INFO ] 2021-10-07 01:57:35.515 ParentClass:243 - log path: logs/Android_RZ8M3002DGL
[logs/Android_RZ8M3002DGL INFO ] 2021-10-07 01:57:52.764 ParentClass:211 - driver initialized: io.appium.java_client.android.AndroidDriver, Capabilities: {app=/Users/prabhu/Documents/apk/app-staging-debug.apk, appPackage=com.arris.sbcBeta, automationName=UiAutomator2, databaseEnabled=false, desired={platformName=android, version=11, app=/Users/prabhu/Documents/apk/app-staging-debug.apk, automationName=UiAutomator2, deviceName=Android, noReset=false, udid=RZ8M3002DGL}, deviceApiLevel=30, deviceManufacturer=samsung, deviceModel=SM-G973F, deviceName=RZ8M3002DGL, deviceScreenDensity=420, deviceScreenSize=1080x2280, deviceUDID=RZ8M3002DGL, javascriptEnabled=true, locationContextEnabled=false, networkConnectionEnabled=true, noReset=false, pixelRatio=2.625, platform=LINUX, platformName=Android, platformVersion=11, statBarHeight=112, takesScreenshot=true, udid=RZ8M3002DGL, version=11, viewportRect={left=0, top=112, width=1080, height=1930}, warnings={}, webStorageEnabled=false}
[logs/Android_RZ8M3002DGL INFO ] 2021-10-07 01:57:52.792 W31OB_SignUp_User_Test:30 - Loading...Sign Up Test Data
[logs/Android_RZ8M3002DGL INFO ] 2021-10-07 01:57:52.793 ParentClass:267 - loading...testdata/signup
[logs/Android_RZ8M3002DGL INFO ] 2021-10-07 01:57:52.797 W31OB_SignUp_User_Test:38 - Retrieved...Sign Up Test Data
[logs/Android_RZ8M3002DGL INFO ] 2021-10-07 01:57:53.529 W31OB_SignUp_User_Test:47 - 
****** starting test:W31OB_SignUpUser******

[logs/Android_RZ8M3002DGL INFO ] 2021-10-07 01:57:54.982 DeviceLocationPage:105 - Clicking Only This Time Link on Grant Access Permissions Mini Page
[logs/Android_RZ8M3002DGL ERROR] 2021-10-07 01:58:17.401 TestListener:39 - java.lang.NullPointerException
	at com.cs.arris.Base.ParentClass.sendKeys(ParentClass.java:409)
	at com.cs.arris.Pages.OTPVerificationPage.enterPassCode(OTPVerificationPage.java:51)
	at com.cs.arris.Tests.W31OB_SignUp_User_Test.lambda$8(W31OB_SignUp_User_Test.java:75)
	at com.cs.arris.Workflows.W31OB_SignUp_Workflow.otpVerificationPage(W31OB_SignUp_Workflow.java:83)
	at com.cs.arris.Tests.W31OB_SignUp_User_Test.W31OB_SignUpUser(W31OB_SignUp_User_Test.java:74)
	at java.base/jdk.internal.reflect.NativeMethodAccessorImpl.invoke0(Native Method)
	at java.base/jdk.internal.reflect.NativeMethodAccessorImpl.invoke(NativeMethodAccessorImpl.java:62)
	at java.base/jdk.internal.reflect.DelegatingMethodAccessorImpl.invoke(DelegatingMethodAccessorImpl.java:43)
	at java.base/java.lang.reflect.Method.invoke(Method.java:566)
	at org.testng.internal.MethodInvocationHelper.invokeMethod(MethodInvocationHelper.java:133)
	at org.testng.internal.TestInvoker.invokeMethod(TestInvoker.java:598)
	at org.testng.internal.TestInvoker.invokeTestMethod(TestInvoker.java:173)
	at org.testng.internal.MethodRunner.runInSequence(MethodRunner.java:46)
	at org.testng.internal.TestInvoker$MethodInvocationAgent.invoke(TestInvoker.java:824)
	at org.testng.internal.TestInvoker.invokeTestMethods(TestInvoker.java:146)
	at org.testng.internal.TestMethodWorker.invokeTestMethods(TestMethodWorker.java:146)
	at org.testng.internal.TestMethodWorker.run(TestMethodWorker.java:128)
	at java.base/java.util.ArrayList.forEach(ArrayList.java:1540)
	at org.testng.TestRunner.privateRun(TestRunner.java:794)
	at org.testng.TestRunner.run(TestRunner.java:596)
	at org.testng.SuiteRunner.runTest(SuiteRunner.java:377)
	at org.testng.SuiteRunner.runSequentially(SuiteRunner.java:371)
	at org.testng.SuiteRunner.privateRun(SuiteRunner.java:332)
	at org.testng.SuiteRunner.run(SuiteRunner.java:276)
	at org.testng.SuiteRunnerWorker.runSuite(SuiteRunnerWorker.java:53)
	at org.testng.SuiteRunnerWorker.run(SuiteRunnerWorker.java:96)
	at org.testng.TestNG.runSuitesSequentially(TestNG.java:1212)
	at org.testng.TestNG.runSuitesLocally(TestNG.java:1134)
	at org.testng.TestNG.runSuites(TestNG.java:1063)
	at org.testng.TestNG.run(TestNG.java:1031)
	at org.apache.maven.surefire.testng.TestNGExecutor.run(TestNGExecutor.java:283)
	at org.apache.maven.surefire.testng.TestNGXmlTestSuite.execute(TestNGXmlTestSuite.java:75)
	at org.apache.maven.surefire.testng.TestNGProvider.invoke(TestNGProvider.java:120)
	at org.apache.maven.surefire.booter.ForkedBooter.invokeProviderInSameClassLoader(ForkedBooter.java:384)
	at org.apache.maven.surefire.booter.ForkedBooter.runSuitesInProcess(ForkedBooter.java:345)
	at org.apache.maven.surefire.booter.ForkedBooter.execute(ForkedBooter.java:126)
	at org.apache.maven.surefire.booter.ForkedBooter.main(ForkedBooter.java:418)

[logs/Android_RZ8M3002DGL INFO ] 2021-10-07 01:58:20.059 ParentClass:366 - video path: videos/Android_RZ8M3002DGL/2021-10-07-01-57-35/W31OB_SignUp_User_Test/W31OB_SignUpUser.mp4
[logs/Android_RZ8M3002DGL INFO ] 2021-10-07 01:58:29.725 W31OB_Signin_Onboarding_Test:25 - Loading...Sign Up Test Data
[logs/Android_RZ8M3002DGL INFO ] 2021-10-07 01:58:29.730 ParentClass:267 - loading...testdata/signup
[logs/Android_RZ8M3002DGL INFO ] 2021-10-07 01:58:29.732 W31OB_Signin_Onboarding_Test:29 - Retrieved...Sign Up Test Data
[logs/Android_RZ8M3002DGL INFO ] 2021-10-07 01:58:30.565 W31OB_Signin_Onboarding_Test:38 - 
****** starting test:W31OB_Signin_Onboarding******

[logs/Android_RZ8M3002DGL INFO ] 2021-10-07 01:58:31.643 DeviceLocationPage:105 - Clicking Only This Time Link on Grant Access Permissions Mini Page
[logs/Android_RZ8M3002DGL ERROR] 2021-10-07 01:58:51.105 TestListener:39 - org.openqa.selenium.TimeoutException: Expected condition failed: waiting for visibility of Located by By.chained({By.all({By.id: com.arris.sbcBeta:id/skip_optimization,By.xpath: //android.widget.Button[@bounds='[61,2017][1019,2042]'],By.xpath: //android.widget.Button[@resource-id='com.arris.sbcBeta:id/skip_optimization'],By.xpath: /hierarchy/android.widget.FrameLayout/android.widget.LinearLayout/android.widget.FrameLayout/android.widget.LinearLayout/android.widget.FrameLayout/android.widget.LinearLayout/android.widget.FrameLayout/android.view.ViewGroup/android.widget.Button[2]})}) (tried for 10 second(s) with 500 milliseconds interval)
	at org.openqa.selenium.support.ui.WebDriverWait.timeoutException(WebDriverWait.java:95)
	at org.openqa.selenium.support.ui.FluentWait.until(FluentWait.java:272)
	at com.cs.arris.Base.ParentClass.waitForVisibility(ParentClass.java:378)
	at com.cs.arris.Base.ParentClass.click(ParentClass.java:396)
	at com.cs.arris.Pages.OptimizeYourNetworkPage.clickSkipOptimizeButton(OptimizeYourNetworkPage.java:55)
	at com.cs.arris.Tests.W31OB_Signin_Onboarding_Test.lambda$7(W31OB_Signin_Onboarding_Test.java:62)
	at com.cs.arris.Workflows.W31OB_Signin_Workflow.optimizeYourNetworkPage(W31OB_Signin_Workflow.java:76)
	at com.cs.arris.Tests.W31OB_Signin_Onboarding_Test.W31OB_Signin_Onboarding(W31OB_Signin_Onboarding_Test.java:61)
	at java.base/jdk.internal.reflect.NativeMethodAccessorImpl.invoke0(Native Method)
	at java.base/jdk.internal.reflect.NativeMethodAccessorImpl.invoke(NativeMethodAccessorImpl.java:62)
	at java.base/jdk.internal.reflect.DelegatingMethodAccessorImpl.invoke(DelegatingMethodAccessorImpl.java:43)
	at java.base/java.lang.reflect.Method.invoke(Method.java:566)
	at org.testng.internal.MethodInvocationHelper.invokeMethod(MethodInvocationHelper.java:133)
	at org.testng.internal.TestInvoker.invokeMethod(TestInvoker.java:598)
	at org.testng.internal.TestInvoker.invokeTestMethod(TestInvoker.java:173)
	at org.testng.internal.MethodRunner.runInSequence(MethodRunner.java:46)
	at org.testng.internal.TestInvoker$MethodInvocationAgent.invoke(TestInvoker.java:824)
	at org.testng.internal.TestInvoker.invokeTestMethods(TestInvoker.java:146)
	at org.testng.internal.TestMethodWorker.invokeTestMethods(TestMethodWorker.java:146)
	at org.testng.internal.TestMethodWorker.run(TestMethodWorker.java:128)
	at java.base/java.util.ArrayList.forEach(ArrayList.java:1540)
	at org.testng.TestRunner.privateRun(TestRunner.java:794)
	at org.testng.TestRunner.run(TestRunner.java:596)
	at org.testng.SuiteRunner.runTest(SuiteRunner.java:377)
	at org.testng.SuiteRunner.runSequentially(SuiteRunner.java:371)
	at org.testng.SuiteRunner.privateRun(SuiteRunner.java:332)
	at org.testng.SuiteRunner.run(SuiteRunner.java:276)
	at org.testng.SuiteRunnerWorker.runSuite(SuiteRunnerWorker.java:53)
	at org.testng.SuiteRunnerWorker.run(SuiteRunnerWorker.java:96)
	at org.testng.TestNG.runSuitesSequentially(TestNG.java:1212)
	at org.testng.TestNG.runSuitesLocally(TestNG.java:1134)
	at org.testng.TestNG.runSuites(TestNG.java:1063)
	at org.testng.TestNG.run(TestNG.java:1031)
	at org.apache.maven.surefire.testng.TestNGExecutor.run(TestNGExecutor.java:283)
	at org.apache.maven.surefire.testng.TestNGXmlTestSuite.execute(TestNGXmlTestSuite.java:75)
	at org.apache.maven.surefire.testng.TestNGProvider.invoke(TestNGProvider.java:120)
	at org.apache.maven.surefire.booter.ForkedBooter.invokeProviderInSameClassLoader(ForkedBooter.java:384)
	at org.apache.maven.surefire.booter.ForkedBooter.runSuitesInProcess(ForkedBooter.java:345)
	at org.apache.maven.surefire.booter.ForkedBooter.execute(ForkedBooter.java:126)
	at org.apache.maven.surefire.booter.ForkedBooter.main(ForkedBooter.java:418)
Caused by: org.openqa.selenium.NoSuchElementException: Can't locate an element by this strategy: By.chained({By.all({By.id: com.arris.sbcBeta:id/skip_optimization,By.xpath: //android.widget.Button[@bounds='[61,2017][1019,2042]'],By.xpath: //android.widget.Button[@resource-id='com.arris.sbcBeta:id/skip_optimization'],By.xpath: /hierarchy/android.widget.FrameLayout/android.widget.LinearLayout/android.widget.FrameLayout/android.widget.LinearLayout/android.widget.FrameLayout/android.widget.LinearLayout/android.widget.FrameLayout/android.view.ViewGroup/android.widget.Button[2]})})
	at io.appium.java_client.pagefactory.AppiumElementLocator.findElement(AppiumElementLocator.java:126)
	at io.appium.java_client.pagefactory.interceptors.InterceptorOfASingleElement.intercept(InterceptorOfASingleElement.java:59)
	at io.appium.java_client.android.AndroidElement$$EnhancerByCGLIB$$b598166c.isDisplayed(<generated>)
	at org.openqa.selenium.support.ui.ExpectedConditions.elementIfVisible(ExpectedConditions.java:314)
	at org.openqa.selenium.support.ui.ExpectedConditions.access$000(ExpectedConditions.java:43)
	at org.openqa.selenium.support.ui.ExpectedConditions$10.apply(ExpectedConditions.java:300)
	at org.openqa.selenium.support.ui.ExpectedConditions$10.apply(ExpectedConditions.java:297)
	at org.openqa.selenium.support.ui.FluentWait.until(FluentWait.java:249)
	... 38 more
Caused by: org.openqa.selenium.TimeoutException: Expected condition failed: waiting for io.appium.java_client.pagefactory.AppiumElementLocator$WaitingFunction@474749b8 (tried for 1 second(s) with 500 milliseconds interval)
	at org.openqa.selenium.support.ui.FluentWait.timeoutException(FluentWait.java:304)
	at org.openqa.selenium.support.ui.FluentWait.until(FluentWait.java:272)
	at io.appium.java_client.pagefactory.AppiumElementLocator.waitFor(AppiumElementLocator.java:99)
	at io.appium.java_client.pagefactory.AppiumElementLocator.findElement(AppiumElementLocator.java:119)
	... 45 more
Caused by: org.openqa.selenium.NoSuchElementException: Cannot locate an element using By.chained({By.all({By.id: com.arris.sbcBeta:id/skip_optimization,By.xpath: //android.widget.Button[@bounds='[61,2017][1019,2042]'],By.xpath: //android.widget.Button[@resource-id='com.arris.sbcBeta:id/skip_optimization'],By.xpath: /hierarchy/android.widget.FrameLayout/android.widget.LinearLayout/android.widget.FrameLayout/android.widget.LinearLayout/android.widget.FrameLayout/android.widget.LinearLayout/android.widget.FrameLayout/android.view.ViewGroup/android.widget.Button[2]})})
For documentation on this error, please visit: https://www.seleniumhq.org/exceptions/no_such_element.html
Build info: version: '3.141.59', revision: 'e82be7d358', time: '2018-11-14T08:17:03'
System info: host: 'techleads-Mac-mini.local', ip: '192.168.0.132', os.name: 'Mac OS X', os.arch: 'x86_64', os.version: '10.16', java.version: '11.0.2'
Driver info: driver.version: AndroidDriver
	at io.appium.java_client.pagefactory.bys.builder.ByChained.findElement(ByChained.java:74)
	at org.openqa.selenium.remote.RemoteWebDriver.findElement(RemoteWebDriver.java:315)
	at io.appium.java_client.DefaultGenericMobileDriver.findElement(DefaultGenericMobileDriver.java:57)
	at io.appium.java_client.AppiumDriver.findElement(AppiumDriver.java:1)
	at io.appium.java_client.android.AndroidDriver.findElement(AndroidDriver.java:1)
	at io.appium.java_client.pagefactory.bys.ContentMappedBy.findElement(ContentMappedBy.java:50)
	at org.openqa.selenium.remote.RemoteWebDriver.findElement(RemoteWebDriver.java:315)
	at io.appium.java_client.DefaultGenericMobileDriver.findElement(DefaultGenericMobileDriver.java:57)
	at io.appium.java_client.AppiumDriver.findElement(AppiumDriver.java:1)
	at io.appium.java_client.android.AndroidDriver.findElement(AndroidDriver.java:1)
	at io.appium.java_client.pagefactory.AppiumElementLocator.lambda$0(AppiumElementLocator.java:120)
	at io.appium.java_client.pagefactory.AppiumElementLocator$WaitingFunction.apply(AppiumElementLocator.java:172)
	at io.appium.java_client.pagefactory.AppiumElementLocator$WaitingFunction.apply(AppiumElementLocator.java:1)
	at org.openqa.selenium.support.ui.FluentWait.until(FluentWait.java:249)
	... 47 more

[logs/Android_RZ8M3002DGL INFO ] 2021-10-07 01:58:53.553 ParentClass:366 - video path: videos/Android_RZ8M3002DGL/2021-10-07-01-57-35/W31OB_Signin_Onboarding_Test/W31OB_Signin_Onboarding.mp4
[logs/Android_RZ8M3002DGL INFO ] 2021-10-07 01:58:59.152 ParentClass:144 - Closing App
[logs/Android_RZ8M3002DGL INFO ] 2021-10-07 01:58:59.389 ParentClass:146 - Closing Driver
[logs/Android_RZ8M3002DGL INFO ] 2021-10-07 02:03:05.815 ParentClass:243 - log path: logs/Android_RZ8M3002DGL
[logs/Android_RZ8M3002DGL INFO ] 2021-10-07 02:03:17.361 ParentClass:211 - driver initialized: io.appium.java_client.android.AndroidDriver, Capabilities: {app=/Users/prabhu/Documents/apk/app-staging-debug.apk, appPackage=com.arris.sbcBeta, automationName=UiAutomator2, databaseEnabled=false, desired={platformName=android, version=11, app=/Users/prabhu/Documents/apk/app-staging-debug.apk, automationName=UiAutomator2, deviceName=Android, noReset=false, udid=RZ8M3002DGL}, deviceApiLevel=30, deviceManufacturer=samsung, deviceModel=SM-G973F, deviceName=RZ8M3002DGL, deviceScreenDensity=420, deviceScreenSize=1080x2280, deviceUDID=RZ8M3002DGL, javascriptEnabled=true, locationContextEnabled=false, networkConnectionEnabled=true, noReset=false, pixelRatio=2.625, platform=LINUX, platformName=Android, platformVersion=11, statBarHeight=112, takesScreenshot=true, udid=RZ8M3002DGL, version=11, viewportRect={left=0, top=112, width=1080, height=1930}, warnings={}, webStorageEnabled=false}
[logs/Android_RZ8M3002DGL INFO ] 2021-10-07 02:03:20.928 W31OB_Signin_Onboarding_Test:25 - Loading...Sign Up Test Data
[logs/Android_RZ8M3002DGL INFO ] 2021-10-07 02:03:20.931 ParentClass:267 - loading...testdata/signup
[logs/Android_RZ8M3002DGL INFO ] 2021-10-07 02:03:20.937 W31OB_Signin_Onboarding_Test:29 - Retrieved...Sign Up Test Data
[logs/Android_RZ8M3002DGL INFO ] 2021-10-07 02:03:21.699 W31OB_Signin_Onboarding_Test:38 - 
****** starting test:W31OB_Signin_Onboarding******

[logs/Android_RZ8M3002DGL INFO ] 2021-10-07 02:03:23.096 DeviceLocationPage:105 - Clicking Only This Time Link on Grant Access Permissions Mini Page
[logs/Android_RZ8M3002DGL ERROR] 2021-10-07 02:03:47.977 TestListener:39 - org.openqa.selenium.TimeoutException: Expected condition failed: waiting for visibility of Located by By.chained({By.all({By.id: com.arris.sbcBeta:id/skip_optimization,By.xpath: //android.widget.Button[@bounds='[61,2017][1019,2042]'],By.xpath: //android.widget.Button[@resource-id='com.arris.sbcBeta:id/skip_optimization'],By.xpath: /hierarchy/android.widget.FrameLayout/android.widget.LinearLayout/android.widget.FrameLayout/android.widget.LinearLayout/android.widget.FrameLayout/android.widget.LinearLayout/android.widget.FrameLayout/android.view.ViewGroup/android.widget.Button[2]})}) (tried for 10 second(s) with 500 milliseconds interval)
	at org.openqa.selenium.support.ui.WebDriverWait.timeoutException(WebDriverWait.java:95)
	at org.openqa.selenium.support.ui.FluentWait.until(FluentWait.java:272)
	at com.cs.arris.Base.ParentClass.waitForVisibility(ParentClass.java:378)
	at com.cs.arris.Base.ParentClass.click(ParentClass.java:396)
	at com.cs.arris.Pages.OptimizeYourNetworkPage.clickSkipOptimizeButton(OptimizeYourNetworkPage.java:55)
	at com.cs.arris.Tests.W31OB_Signin_Onboarding_Test.lambda$7(W31OB_Signin_Onboarding_Test.java:62)
	at com.cs.arris.Workflows.W31OB_Signin_Workflow.optimizeYourNetworkPage(W31OB_Signin_Workflow.java:76)
	at com.cs.arris.Tests.W31OB_Signin_Onboarding_Test.W31OB_Signin_Onboarding(W31OB_Signin_Onboarding_Test.java:61)
	at java.base/jdk.internal.reflect.NativeMethodAccessorImpl.invoke0(Native Method)
	at java.base/jdk.internal.reflect.NativeMethodAccessorImpl.invoke(NativeMethodAccessorImpl.java:62)
	at java.base/jdk.internal.reflect.DelegatingMethodAccessorImpl.invoke(DelegatingMethodAccessorImpl.java:43)
	at java.base/java.lang.reflect.Method.invoke(Method.java:566)
	at org.testng.internal.MethodInvocationHelper.invokeMethod(MethodInvocationHelper.java:133)
	at org.testng.internal.TestInvoker.invokeMethod(TestInvoker.java:598)
	at org.testng.internal.TestInvoker.invokeTestMethod(TestInvoker.java:173)
	at org.testng.internal.MethodRunner.runInSequence(MethodRunner.java:46)
	at org.testng.internal.TestInvoker$MethodInvocationAgent.invoke(TestInvoker.java:824)
	at org.testng.internal.TestInvoker.invokeTestMethods(TestInvoker.java:146)
	at org.testng.internal.TestMethodWorker.invokeTestMethods(TestMethodWorker.java:146)
	at org.testng.internal.TestMethodWorker.run(TestMethodWorker.java:128)
	at java.base/java.util.ArrayList.forEach(ArrayList.java:1540)
	at org.testng.TestRunner.privateRun(TestRunner.java:794)
	at org.testng.TestRunner.run(TestRunner.java:596)
	at org.testng.SuiteRunner.runTest(SuiteRunner.java:377)
	at org.testng.SuiteRunner.runSequentially(SuiteRunner.java:371)
	at org.testng.SuiteRunner.privateRun(SuiteRunner.java:332)
	at org.testng.SuiteRunner.run(SuiteRunner.java:276)
	at org.testng.SuiteRunnerWorker.runSuite(SuiteRunnerWorker.java:53)
	at org.testng.SuiteRunnerWorker.run(SuiteRunnerWorker.java:96)
	at org.testng.TestNG.runSuitesSequentially(TestNG.java:1212)
	at org.testng.TestNG.runSuitesLocally(TestNG.java:1134)
	at org.testng.TestNG.runSuites(TestNG.java:1063)
	at org.testng.TestNG.run(TestNG.java:1031)
	at org.apache.maven.surefire.testng.TestNGExecutor.run(TestNGExecutor.java:283)
	at org.apache.maven.surefire.testng.TestNGXmlTestSuite.execute(TestNGXmlTestSuite.java:75)
	at org.apache.maven.surefire.testng.TestNGProvider.invoke(TestNGProvider.java:120)
	at org.apache.maven.surefire.booter.ForkedBooter.invokeProviderInSameClassLoader(ForkedBooter.java:384)
	at org.apache.maven.surefire.booter.ForkedBooter.runSuitesInProcess(ForkedBooter.java:345)
	at org.apache.maven.surefire.booter.ForkedBooter.execute(ForkedBooter.java:126)
	at org.apache.maven.surefire.booter.ForkedBooter.main(ForkedBooter.java:418)
Caused by: org.openqa.selenium.NoSuchElementException: Can't locate an element by this strategy: By.chained({By.all({By.id: com.arris.sbcBeta:id/skip_optimization,By.xpath: //android.widget.Button[@bounds='[61,2017][1019,2042]'],By.xpath: //android.widget.Button[@resource-id='com.arris.sbcBeta:id/skip_optimization'],By.xpath: /hierarchy/android.widget.FrameLayout/android.widget.LinearLayout/android.widget.FrameLayout/android.widget.LinearLayout/android.widget.FrameLayout/android.widget.LinearLayout/android.widget.FrameLayout/android.view.ViewGroup/android.widget.Button[2]})})
	at io.appium.java_client.pagefactory.AppiumElementLocator.findElement(AppiumElementLocator.java:126)
	at io.appium.java_client.pagefactory.interceptors.InterceptorOfASingleElement.intercept(InterceptorOfASingleElement.java:59)
	at io.appium.java_client.android.AndroidElement$$EnhancerByCGLIB$$b598166c.isDisplayed(<generated>)
	at org.openqa.selenium.support.ui.ExpectedConditions.elementIfVisible(ExpectedConditions.java:314)
	at org.openqa.selenium.support.ui.ExpectedConditions.access$000(ExpectedConditions.java:43)
	at org.openqa.selenium.support.ui.ExpectedConditions$10.apply(ExpectedConditions.java:300)
	at org.openqa.selenium.support.ui.ExpectedConditions$10.apply(ExpectedConditions.java:297)
	at org.openqa.selenium.support.ui.FluentWait.until(FluentWait.java:249)
	... 38 more
Caused by: org.openqa.selenium.TimeoutException: Expected condition failed: waiting for io.appium.java_client.pagefactory.AppiumElementLocator$WaitingFunction@dd71b20 (tried for 1 second(s) with 500 milliseconds interval)
	at org.openqa.selenium.support.ui.FluentWait.timeoutException(FluentWait.java:304)
	at org.openqa.selenium.support.ui.FluentWait.until(FluentWait.java:272)
	at io.appium.java_client.pagefactory.AppiumElementLocator.waitFor(AppiumElementLocator.java:99)
	at io.appium.java_client.pagefactory.AppiumElementLocator.findElement(AppiumElementLocator.java:119)
	... 45 more
Caused by: org.openqa.selenium.NoSuchElementException: Cannot locate an element using By.chained({By.all({By.id: com.arris.sbcBeta:id/skip_optimization,By.xpath: //android.widget.Button[@bounds='[61,2017][1019,2042]'],By.xpath: //android.widget.Button[@resource-id='com.arris.sbcBeta:id/skip_optimization'],By.xpath: /hierarchy/android.widget.FrameLayout/android.widget.LinearLayout/android.widget.FrameLayout/android.widget.LinearLayout/android.widget.FrameLayout/android.widget.LinearLayout/android.widget.FrameLayout/android.view.ViewGroup/android.widget.Button[2]})})
For documentation on this error, please visit: https://www.seleniumhq.org/exceptions/no_such_element.html
Build info: version: '3.141.59', revision: 'e82be7d358', time: '2018-11-14T08:17:03'
System info: host: 'techleads-Mac-mini.local', ip: '192.168.0.132', os.name: 'Mac OS X', os.arch: 'x86_64', os.version: '10.16', java.version: '11.0.2'
Driver info: driver.version: AndroidDriver
	at io.appium.java_client.pagefactory.bys.builder.ByChained.findElement(ByChained.java:74)
	at org.openqa.selenium.remote.RemoteWebDriver.findElement(RemoteWebDriver.java:315)
	at io.appium.java_client.DefaultGenericMobileDriver.findElement(DefaultGenericMobileDriver.java:57)
	at io.appium.java_client.AppiumDriver.findElement(AppiumDriver.java:1)
	at io.appium.java_client.android.AndroidDriver.findElement(AndroidDriver.java:1)
	at io.appium.java_client.pagefactory.bys.ContentMappedBy.findElement(ContentMappedBy.java:50)
	at org.openqa.selenium.remote.RemoteWebDriver.findElement(RemoteWebDriver.java:315)
	at io.appium.java_client.DefaultGenericMobileDriver.findElement(DefaultGenericMobileDriver.java:57)
	at io.appium.java_client.AppiumDriver.findElement(AppiumDriver.java:1)
	at io.appium.java_client.android.AndroidDriver.findElement(AndroidDriver.java:1)
	at io.appium.java_client.pagefactory.AppiumElementLocator.lambda$0(AppiumElementLocator.java:120)
	at io.appium.java_client.pagefactory.AppiumElementLocator$WaitingFunction.apply(AppiumElementLocator.java:172)
	at io.appium.java_client.pagefactory.AppiumElementLocator$WaitingFunction.apply(AppiumElementLocator.java:1)
	at org.openqa.selenium.support.ui.FluentWait.until(FluentWait.java:249)
	... 47 more

[logs/Android_RZ8M3002DGL INFO ] 2021-10-07 02:03:50.659 ParentClass:366 - video path: videos/Android_RZ8M3002DGL/2021-10-07-02-03-05/W31OB_Signin_Onboarding_Test/W31OB_Signin_Onboarding.mp4
[logs/Android_RZ8M3002DGL INFO ] 2021-10-07 02:03:56.699 ParentClass:144 - Closing App
[logs/Android_RZ8M3002DGL INFO ] 2021-10-07 02:03:56.879 ParentClass:146 - Closing Driver
[logs/Android_RZ8M3002DGL INFO ] 2021-10-07 12:56:43.553 ParentClass:244 - log path: logs/Android_RZ8M3002DGL
[logs/Android_RZ8M3002DGL INFO ] 2021-10-07 12:57:00.134 ParentClass:212 - driver initialized: io.appium.java_client.android.AndroidDriver, Capabilities: {app=/Users/prabhu/Documents/apk/app-staging-debug.apk, appPackage=com.arris.sbcBeta, automationName=UiAutomator2, databaseEnabled=false, desired={platformName=android, version=11, app=/Users/prabhu/Documents/apk/app-staging-debug.apk, automationName=UiAutomator2, deviceName=Android, noReset=false, udid=RZ8M3002DGL}, deviceApiLevel=30, deviceManufacturer=samsung, deviceModel=SM-G973F, deviceName=RZ8M3002DGL, deviceScreenDensity=420, deviceScreenSize=1080x2280, deviceUDID=RZ8M3002DGL, javascriptEnabled=true, locationContextEnabled=false, networkConnectionEnabled=true, noReset=false, pixelRatio=2.625, platform=LINUX, platformName=Android, platformVersion=11, statBarHeight=112, takesScreenshot=true, udid=RZ8M3002DGL, version=11, viewportRect={left=0, top=112, width=1080, height=1930}, warnings={}, webStorageEnabled=false}
[logs/Android_RZ8M3002DGL INFO ] 2021-10-07 12:57:00.165 W31OB_SignUp_And_Onboard_Test:30 - Loading...Sign Up Test Data
[logs/Android_RZ8M3002DGL INFO ] 2021-10-07 12:57:00.166 ParentClass:268 - loading...testdata/signup
[logs/Android_RZ8M3002DGL INFO ] 2021-10-07 12:57:00.170 W31OB_SignUp_And_Onboard_Test:38 - Retrieved...Sign Up Test Data
[logs/Android_RZ8M3002DGL INFO ] 2021-10-07 12:57:00.879 W31OB_SignUp_And_Onboard_Test:47 - 
****** starting test:W31OB_SignUpUser******

[logs/Android_RZ8M3002DGL INFO ] 2021-10-07 12:57:02.350 DeviceLocationPage:105 - Clicking Only This Time Link on Grant Access Permissions Mini Page
[logs/Android_RZ8M3002DGL INFO ] 2021-10-07 13:00:04.632 ParentClass:244 - log path: logs/Android_RZ8M3002DGL
[logs/Android_RZ8M3002DGL INFO ] 2021-10-07 13:00:14.100 ParentClass:212 - driver initialized: io.appium.java_client.android.AndroidDriver, Capabilities: {app=/Users/prabhu/Documents/apk/app-staging-debug.apk, appPackage=com.arris.sbcBeta, automationName=UiAutomator2, databaseEnabled=false, desired={platformName=android, version=11, app=/Users/prabhu/Documents/apk/app-staging-debug.apk, automationName=UiAutomator2, deviceName=Android, noReset=false, udid=RZ8M3002DGL}, deviceApiLevel=30, deviceManufacturer=samsung, deviceModel=SM-G973F, deviceName=RZ8M3002DGL, deviceScreenDensity=420, deviceScreenSize=1080x2280, deviceUDID=RZ8M3002DGL, javascriptEnabled=true, locationContextEnabled=false, networkConnectionEnabled=true, noReset=false, pixelRatio=2.625, platform=LINUX, platformName=Android, platformVersion=11, statBarHeight=112, takesScreenshot=true, udid=RZ8M3002DGL, version=11, viewportRect={left=0, top=112, width=1080, height=1930}, warnings={}, webStorageEnabled=false}
[logs/Android_RZ8M3002DGL INFO ] 2021-10-07 13:00:17.335 W31OB_Signin_And_Onboard_Test:25 - Loading...Sign Up Test Data
[logs/Android_RZ8M3002DGL INFO ] 2021-10-07 13:00:17.337 ParentClass:268 - loading...testdata/signup
[logs/Android_RZ8M3002DGL INFO ] 2021-10-07 13:00:17.348 W31OB_Signin_And_Onboard_Test:29 - Retrieved...Sign Up Test Data
[logs/Android_RZ8M3002DGL INFO ] 2021-10-07 13:00:18.007 W31OB_Signin_And_Onboard_Test:38 - 
****** starting test:W31OB_Signin_Onboarding******

[logs/Android_RZ8M3002DGL INFO ] 2021-10-07 13:00:19.373 DeviceLocationPage:105 - Clicking Only This Time Link on Grant Access Permissions Mini Page
[logs/Android_RZ8M3002DGL INFO ] 2021-10-07 14:41:05.713 ParentClass:244 - log path: logs/Android_RZ8M3002DGL
[logs/Android_RZ8M3002DGL INFO ] 2021-10-07 14:41:20.979 ParentClass:212 - driver initialized: io.appium.java_client.android.AndroidDriver, Capabilities: {app=/Users/prabhu/Documents/apk/app-staging-debug.apk, appPackage=com.arris.sbcBeta, automationName=UiAutomator2, databaseEnabled=false, desired={platformName=android, version=11, app=/Users/prabhu/Documents/apk/app-staging-debug.apk, automationName=UiAutomator2, deviceName=Android, noReset=false, udid=RZ8M3002DGL}, deviceApiLevel=30, deviceManufacturer=samsung, deviceModel=SM-G973F, deviceName=RZ8M3002DGL, deviceScreenDensity=420, deviceScreenSize=1080x2280, deviceUDID=RZ8M3002DGL, javascriptEnabled=true, locationContextEnabled=false, networkConnectionEnabled=true, noReset=false, pixelRatio=2.625, platform=LINUX, platformName=Android, platformVersion=11, statBarHeight=112, takesScreenshot=true, udid=RZ8M3002DGL, version=11, viewportRect={left=0, top=112, width=1080, height=1930}, warnings={}, webStorageEnabled=false}
[logs/Android_RZ8M3002DGL INFO ] 2021-10-07 14:41:25.295 W31OB_Signin_And_Onboard_Test:25 - Loading...Sign Up Test Data
[logs/Android_RZ8M3002DGL INFO ] 2021-10-07 14:41:25.301 ParentClass:268 - loading...testdata/signup
[logs/Android_RZ8M3002DGL INFO ] 2021-10-07 14:41:25.311 W31OB_Signin_And_Onboard_Test:29 - Retrieved...Sign Up Test Data
[logs/Android_RZ8M3002DGL INFO ] 2021-10-07 14:41:25.989 W31OB_Signin_And_Onboard_Test:38 - 
****** starting test:W31OB_Signin_Onboarding******

[logs/Android_RZ8M3002DGL INFO ] 2021-10-07 14:41:27.350 DeviceLocationPage:105 - Clicking Only This Time Link on Grant Access Permissions Mini Page
[logs/Android_RZ8M3002DGL ERROR] 2021-10-07 14:41:39.837 TestListener:39 - org.openqa.selenium.NoSuchElementException: Can't locate an element by this strategy: By.chained({By.xpath: //android.widget.EditText[@resource-id='com.arris.sbcBeta:id/etEmail']})
	at io.appium.java_client.pagefactory.AppiumElementLocator.findElement(AppiumElementLocator.java:126)
	at io.appium.java_client.pagefactory.interceptors.InterceptorOfASingleElement.intercept(InterceptorOfASingleElement.java:59)
	at io.appium.java_client.android.AndroidElement$$EnhancerByCGLIB$$b598166c.sendKeys(<generated>)
	at com.cs.arris.Base.ParentClass.sendKeys(ParentClass.java:410)
	at com.cs.arris.Pages.WelcomeSigninPage.enterEmailAddress(WelcomeSigninPage.java:51)
	at com.cs.arris.Tests.W31OB_Signin_And_Onboard_Test.lambda$W31OB_Signin_Onboarding$6(W31OB_Signin_And_Onboard_Test.java:59)
	at com.cs.arris.Workflows.W31OB_Signin_Workflow.welcomeSigninPage(W31OB_Signin_Workflow.java:70)
	at com.cs.arris.Tests.W31OB_Signin_And_Onboard_Test.W31OB_Signin_Onboarding(W31OB_Signin_And_Onboard_Test.java:58)
	at java.base/jdk.internal.reflect.NativeMethodAccessorImpl.invoke0(Native Method)
	at java.base/jdk.internal.reflect.NativeMethodAccessorImpl.invoke(NativeMethodAccessorImpl.java:62)
	at java.base/jdk.internal.reflect.DelegatingMethodAccessorImpl.invoke(DelegatingMethodAccessorImpl.java:43)
	at java.base/java.lang.reflect.Method.invoke(Method.java:566)
	at org.testng.internal.MethodInvocationHelper.invokeMethod(MethodInvocationHelper.java:133)
	at org.testng.internal.TestInvoker.invokeMethod(TestInvoker.java:598)
	at org.testng.internal.TestInvoker.invokeTestMethod(TestInvoker.java:173)
	at org.testng.internal.MethodRunner.runInSequence(MethodRunner.java:46)
	at org.testng.internal.TestInvoker$MethodInvocationAgent.invoke(TestInvoker.java:824)
	at org.testng.internal.TestInvoker.invokeTestMethods(TestInvoker.java:146)
	at org.testng.internal.TestMethodWorker.invokeTestMethods(TestMethodWorker.java:146)
	at org.testng.internal.TestMethodWorker.run(TestMethodWorker.java:128)
	at java.base/java.util.ArrayList.forEach(ArrayList.java:1540)
	at org.testng.TestRunner.privateRun(TestRunner.java:794)
	at org.testng.TestRunner.run(TestRunner.java:596)
	at org.testng.SuiteRunner.runTest(SuiteRunner.java:377)
	at org.testng.SuiteRunner.runSequentially(SuiteRunner.java:371)
	at org.testng.SuiteRunner.privateRun(SuiteRunner.java:332)
	at org.testng.SuiteRunner.run(SuiteRunner.java:276)
	at org.testng.SuiteRunnerWorker.runSuite(SuiteRunnerWorker.java:53)
	at org.testng.SuiteRunnerWorker.run(SuiteRunnerWorker.java:96)
	at org.testng.TestNG.runSuitesSequentially(TestNG.java:1212)
	at org.testng.TestNG.runSuitesLocally(TestNG.java:1134)
	at org.testng.TestNG.runSuites(TestNG.java:1063)
	at org.testng.TestNG.run(TestNG.java:1031)
	at org.apache.maven.surefire.testng.TestNGExecutor.run(TestNGExecutor.java:283)
	at org.apache.maven.surefire.testng.TestNGXmlTestSuite.execute(TestNGXmlTestSuite.java:75)
	at org.apache.maven.surefire.testng.TestNGProvider.invoke(TestNGProvider.java:120)
	at org.apache.maven.surefire.booter.ForkedBooter.invokeProviderInSameClassLoader(ForkedBooter.java:384)
	at org.apache.maven.surefire.booter.ForkedBooter.runSuitesInProcess(ForkedBooter.java:345)
	at org.apache.maven.surefire.booter.ForkedBooter.execute(ForkedBooter.java:126)
	at org.apache.maven.surefire.booter.ForkedBooter.main(ForkedBooter.java:418)
Caused by: org.openqa.selenium.TimeoutException: Expected condition failed: waiting for io.appium.java_client.pagefactory.AppiumElementLocator$WaitingFunction@1dba4e06 (tried for 1 second(s) with 500 milliseconds interval)
	at org.openqa.selenium.support.ui.FluentWait.timeoutException(FluentWait.java:304)
	at org.openqa.selenium.support.ui.FluentWait.until(FluentWait.java:272)
	at io.appium.java_client.pagefactory.AppiumElementLocator.waitFor(AppiumElementLocator.java:99)
	at io.appium.java_client.pagefactory.AppiumElementLocator.findElement(AppiumElementLocator.java:119)
	... 39 more
Caused by: org.openqa.selenium.NoSuchElementException: Cannot locate an element using By.chained({By.xpath: //android.widget.EditText[@resource-id='com.arris.sbcBeta:id/etEmail']})
For documentation on this error, please visit: https://www.seleniumhq.org/exceptions/no_such_element.html
Build info: version: '3.141.59', revision: 'e82be7d358', time: '2018-11-14T08:17:03'
System info: host: 'techleads-Mac-mini.local', ip: '192.168.0.132', os.name: 'Mac OS X', os.arch: 'x86_64', os.version: '10.16', java.version: '11.0.2'
Driver info: driver.version: AndroidDriver
	at io.appium.java_client.pagefactory.bys.builder.ByChained.findElement(ByChained.java:74)
	at org.openqa.selenium.remote.RemoteWebDriver.findElement(RemoteWebDriver.java:315)
	at io.appium.java_client.DefaultGenericMobileDriver.findElement(DefaultGenericMobileDriver.java:57)
	at io.appium.java_client.AppiumDriver.findElement(AppiumDriver.java:1)
	at io.appium.java_client.android.AndroidDriver.findElement(AndroidDriver.java:1)
	at io.appium.java_client.pagefactory.bys.ContentMappedBy.findElement(ContentMappedBy.java:50)
	at org.openqa.selenium.remote.RemoteWebDriver.findElement(RemoteWebDriver.java:315)
	at io.appium.java_client.DefaultGenericMobileDriver.findElement(DefaultGenericMobileDriver.java:57)
	at io.appium.java_client.AppiumDriver.findElement(AppiumDriver.java:1)
	at io.appium.java_client.android.AndroidDriver.findElement(AndroidDriver.java:1)
	at io.appium.java_client.pagefactory.AppiumElementLocator.lambda$0(AppiumElementLocator.java:120)
	at io.appium.java_client.pagefactory.AppiumElementLocator$WaitingFunction.apply(AppiumElementLocator.java:172)
	at io.appium.java_client.pagefactory.AppiumElementLocator$WaitingFunction.apply(AppiumElementLocator.java:1)
	at org.openqa.selenium.support.ui.FluentWait.until(FluentWait.java:249)
	... 41 more

[logs/Android_RZ8M3002DGL INFO ] 2021-10-07 14:41:42.106 ParentClass:367 - video path: videos/Android_RZ8M3002DGL/2021-10-07-14-41-05/W31OB_Signin_And_Onboard_Test/W31OB_Signin_Onboarding.mp4
[logs/Android_RZ8M3002DGL INFO ] 2021-10-07 14:41:43.072 ParentClass:145 - Closing App
[logs/Android_RZ8M3002DGL INFO ] 2021-10-07 14:41:43.227 ParentClass:147 - Closing Driver
[logs/Android_RZ8M3002DGL INFO ] 2021-10-07 14:44:36.475 ParentClass:244 - log path: logs/Android_RZ8M3002DGL
[logs/Android_RZ8M3002DGL INFO ] 2021-10-07 14:44:47.354 ParentClass:212 - driver initialized: io.appium.java_client.android.AndroidDriver, Capabilities: {app=/Users/prabhu/Documents/apk/app-staging-debug.apk, appPackage=com.arris.sbcBeta, automationName=UiAutomator2, databaseEnabled=false, desired={platformName=android, version=11, app=/Users/prabhu/Documents/apk/app-staging-debug.apk, automationName=UiAutomator2, deviceName=Android, noReset=false, udid=RZ8M3002DGL}, deviceApiLevel=30, deviceManufacturer=samsung, deviceModel=SM-G973F, deviceName=RZ8M3002DGL, deviceScreenDensity=420, deviceScreenSize=1080x2280, deviceUDID=RZ8M3002DGL, javascriptEnabled=true, locationContextEnabled=false, networkConnectionEnabled=true, noReset=false, pixelRatio=2.625, platform=LINUX, platformName=Android, platformVersion=11, statBarHeight=112, takesScreenshot=true, udid=RZ8M3002DGL, version=11, viewportRect={left=0, top=112, width=1080, height=1930}, warnings={}, webStorageEnabled=false}
[logs/Android_RZ8M3002DGL INFO ] 2021-10-07 14:44:51.238 W31OB_Signin_And_Onboard_Test:25 - Loading...Sign Up Test Data
[logs/Android_RZ8M3002DGL INFO ] 2021-10-07 14:44:51.247 ParentClass:268 - loading...testdata/signup
[logs/Android_RZ8M3002DGL INFO ] 2021-10-07 14:44:51.251 W31OB_Signin_And_Onboard_Test:29 - Retrieved...Sign Up Test Data
[logs/Android_RZ8M3002DGL INFO ] 2021-10-07 14:44:51.892 W31OB_Signin_And_Onboard_Test:38 - 
****** starting test:W31OB_Signin_Onboarding******

[logs/Android_RZ8M3002DGL INFO ] 2021-10-07 14:44:53.213 DeviceLocationPage:105 - Clicking Only This Time Link on Grant Access Permissions Mini Page
[logs/Android_RZ8M3002DGL INFO ] 2021-10-07 20:59:45.992 ParentClass:247 - log path: logs/Android_RZ8M3002DGL
[logs/Android_RZ8M3002DGL FATAL] 2021-10-07 21:00:17.587 ParentClass:221 - Unable to initialization driver...... ABORTING !!!
org.openqa.selenium.WebDriverException: An unknown server-side error occurred while processing the command. Original error: 'GET /' cannot be proxied to UiAutomator2 server because the instrumentation process is not running (probably crashed). Check the server log and/or the logcat output for more details
Build info: version: '3.141.59', revision: 'e82be7d358', time: '2018-11-14T08:17:03'
System info: host: 'techleads-Mac-mini.local', ip: '192.168.0.131', os.name: 'Mac OS X', os.arch: 'x86_64', os.version: '10.16', java.version: '11.0.2'
Driver info: io.appium.java_client.android.AndroidDriver
Capabilities {app: /Users/prabhu/Documents/apk..., appPackage: com.arris.sbcBeta, automationName: UiAutomator2, databaseEnabled: false, desired: {app: /Users/prabhu/Documents/apk..., automationName: UiAutomator2, deviceName: Android, networkConnectionEnabled: true, noReset: false, platformName: android, udid: RZ8M3002DGL, version: 11}, deviceApiLevel: 30, deviceManufacturer: samsung, deviceModel: SM-G973F, deviceName: RZ8M3002DGL, deviceScreenDensity: 420, deviceScreenSize: 1080x2280, deviceUDID: RZ8M3002DGL, javascriptEnabled: true, locationContextEnabled: false, networkConnectionEnabled: true, noReset: false, pixelRatio: 2.625, platform: LINUX, platformName: Android, platformVersion: 11, statBarHeight: 112, takesScreenshot: true, udid: RZ8M3002DGL, version: 11, viewportRect: {height: 1930, left: 0, top: 112, width: 1080}, warnings: {}, webStorageEnabled: false}
Session ID: 834150db-ab0f-462a-aeb3-80b02f954184
[logs/Android_RZ8M3002DGL INFO ] 2021-10-07 21:00:17.655 W31OB_SignUp_And_Onboard_Test:30 - Loading...Sign Up Test Data
[logs/Android_RZ8M3002DGL INFO ] 2021-10-07 21:00:17.659 ParentClass:271 - loading...testdata/signup
[logs/Android_RZ8M3002DGL INFO ] 2021-10-07 21:00:17.665 W31OB_SignUp_And_Onboard_Test:38 - Retrieved...Sign Up Test Data
[logs/Android_RZ8M3002DGL INFO ] 2021-10-07 21:00:18.393 W31OB_SignUp_And_Onboard_Test:47 - 
****** starting test:W31OB_SignUpUser******

[logs/Android_RZ8M3002DGL INFO ] 2021-10-07 23:36:38.967 ParentClass:247 - log path: logs/Android_RZ8M3002DGL
[logs/Android_RZ8M3002DGL FATAL] 2021-10-07 23:37:11.589 ParentClass:221 - Unable to initialization driver...... ABORTING !!!
org.openqa.selenium.WebDriverException: An unknown server-side error occurred while processing the command. Original error: 'GET /' cannot be proxied to UiAutomator2 server because the instrumentation process is not running (probably crashed). Check the server log and/or the logcat output for more details
Build info: version: '3.141.59', revision: 'e82be7d358', time: '2018-11-14T08:17:03'
System info: host: 'techleads-Mac-mini.local', ip: '192.168.0.131', os.name: 'Mac OS X', os.arch: 'x86_64', os.version: '10.16', java.version: '11.0.2'
Driver info: io.appium.java_client.android.AndroidDriver
Capabilities {app: /Users/prabhu/Documents/apk..., appPackage: com.arris.sbcBeta, automationName: UiAutomator2, databaseEnabled: false, desired: {app: /Users/prabhu/Documents/apk..., automationName: UiAutomator2, deviceName: Android, networkConnectionEnabled: true, noReset: false, platformName: android, udid: RZ8M3002DGL, version: 11}, deviceApiLevel: 30, deviceManufacturer: samsung, deviceModel: SM-G973F, deviceName: RZ8M3002DGL, deviceScreenDensity: 420, deviceScreenSize: 1080x2280, deviceUDID: RZ8M3002DGL, javascriptEnabled: true, locationContextEnabled: false, networkConnectionEnabled: true, noReset: false, pixelRatio: 2.625, platform: LINUX, platformName: Android, platformVersion: 11, statBarHeight: 112, takesScreenshot: true, udid: RZ8M3002DGL, version: 11, viewportRect: {height: 1930, left: 0, top: 112, width: 1080}, warnings: {}, webStorageEnabled: false}
Session ID: 5b42d28e-bddb-4875-98e8-2c14365df41b
[logs/Android_RZ8M3002DGL INFO ] 2021-10-07 23:37:11.659 W31OB_SignUp_And_Onboard_Test:30 - Loading...Sign Up Test Data
[logs/Android_RZ8M3002DGL INFO ] 2021-10-07 23:37:11.663 ParentClass:271 - loading...testdata/signup
[logs/Android_RZ8M3002DGL INFO ] 2021-10-07 23:37:11.670 W31OB_SignUp_And_Onboard_Test:38 - Retrieved...Sign Up Test Data
[logs/Android_RZ8M3002DGL INFO ] 2021-10-07 23:37:12.407 W31OB_SignUp_And_Onboard_Test:47 - 
****** starting test:W31OB_SignUpUser******

[logs/Android_RZ8M3002DGL INFO ] 2021-10-07 23:41:19.437 ParentClass:246 - log path: logs/Android_RZ8M3002DGL
[logs/Android_RZ8M3002DGL INFO ] 2021-10-07 23:41:30.861 ParentClass:214 - driver initialized: io.appium.java_client.android.AndroidDriver, Capabilities: {app=/Users/prabhu/Documents/apk/app-staging-debug.apk, appPackage=com.arris.sbcBeta, automationName=UiAutomator2, databaseEnabled=false, desired={platformName=android, networkConnectionEnabled=true, version=11, app=/Users/prabhu/Documents/apk/app-staging-debug.apk, automationName=UiAutomator2, deviceName=Android, noReset=false, udid=RZ8M3002DGL}, deviceApiLevel=30, deviceManufacturer=samsung, deviceModel=SM-G973F, deviceName=RZ8M3002DGL, deviceScreenDensity=420, deviceScreenSize=1080x2280, deviceUDID=RZ8M3002DGL, javascriptEnabled=true, locationContextEnabled=false, networkConnectionEnabled=true, noReset=false, pixelRatio=2.625, platform=LINUX, platformName=Android, platformVersion=11, statBarHeight=112, takesScreenshot=true, udid=RZ8M3002DGL, version=11, viewportRect={left=0, top=112, width=1080, height=1930}, warnings={}, webStorageEnabled=false}
[logs/Android_RZ8M3002DGL INFO ] 2021-10-07 23:41:30.889 W31OB_SignUp_And_Onboard_Test:30 - Loading...Sign Up Test Data
[logs/Android_RZ8M3002DGL INFO ] 2021-10-07 23:41:30.890 ParentClass:270 - loading...testdata/signup
[logs/Android_RZ8M3002DGL INFO ] 2021-10-07 23:41:30.894 W31OB_SignUp_And_Onboard_Test:38 - Retrieved...Sign Up Test Data
[logs/Android_RZ8M3002DGL INFO ] 2021-10-07 23:41:31.564 W31OB_SignUp_And_Onboard_Test:47 - 
****** starting test:W31OB_SignUpUser******

[logs/Android_RZ8M3002DGL INFO ] 2021-10-07 23:41:32.933 DeviceLocationPage:105 - Clicking Only This Time Link on Grant Access Permissions Mini Page
