[logs/Android_RZ8M3002DGL/2021-10-21 INFO ] 2021-10-21 15:02:33.917 ParentClass:261 - log path: logs/Android_RZ8M3002DGL/2021-10-21
[logs/Android_RZ8M3002DGL/2021-10-21 INFO ] 2021-10-21 15:02:33.929 ParentClass:210 - Setting Android driver capabilities
[logs/Android_RZ8M3002DGL/2021-10-21 INFO ] 2021-10-21 15:02:50.353 ParentClass:219 - Android Driver is set to the Thread Local context android
[logs/Android_RZ8M3002DGL/2021-10-21 INFO ] 2021-10-21 15:02:50.354 ParentClass:220 - Android driver initialized: 
[logs/Android_RZ8M3002DGL/2021-10-21 INFO ] 2021-10-21 15:02:55.085 TC03_Verify_Invalid_OTP_Test:36 - Loading...Sign Up Test Data
[logs/Android_RZ8M3002DGL/2021-10-21 INFO ] 2021-10-21 15:02:55.088 ParentClass:285 - loading...testdata/signup
[logs/Android_RZ8M3002DGL/2021-10-21 INFO ] 2021-10-21 15:02:55.098 TC03_Verify_Invalid_OTP_Test:40 - Email address : demouser2652@gmail.com
[logs/Android_RZ8M3002DGL/2021-10-21 INFO ] 2021-10-21 15:02:55.099 TC03_Verify_Invalid_OTP_Test:42 - Retrieved...Sign Up Test Data
[logs/Android_RZ8M3002DGL/2021-10-21 INFO ] 2021-10-21 15:02:55.785 TC03_Verify_Invalid_OTP_Test:51 - 
****** starting test:Verify_Invalid_PassCode******

[logs/Android_RZ8M3002DGL/2021-10-21 INFO ] 2021-10-21 15:02:56.360 GetStartedPage:44 - Get Started - Clicked on Get Started Button
[logs/Android_RZ8M3002DGL/2021-10-21 INFO ] 2021-10-21 15:02:57.180 GrantPermissionsPage:183 - Grant Permissions - Clicked on Continue Button
[logs/Android_RZ8M3002DGL/2021-10-21 INFO ] 2021-10-21 15:02:58.085 DeviceLocationPage:105 - Device Location - Clicked Only this time
[logs/Android_RZ8M3002DGL/2021-10-21 INFO ] 2021-10-21 15:03:13.963 DeviceLocationPage:107 - Device Location - Clicked Allow
[logs/Android_RZ8M3002DGL/2021-10-21 INFO ] 2021-10-21 15:03:14.283 AccessResourcesOnDevicePage:49 - Access Resources On Device - Clicked on Allow Link
[logs/Android_RZ8M3002DGL/2021-10-21 INFO ] 2021-10-21 15:03:15.869 SelectYourDevicePage:64 - Select your Device 1 - Selected SURFboard mAX option
[logs/Android_RZ8M3002DGL/2021-10-21 INFO ] 2021-10-21 15:03:16.809 SelectYourDevicePage:73 - Select your Device 1 - Clicked Next Button
[logs/Android_RZ8M3002DGL/2021-10-21 INFO ] 2021-10-21 15:03:18.039 SelectYourDevicePage2:73 - Select your Device 2 - Selected mAX Pro AX11000 option
[logs/Android_RZ8M3002DGL/2021-10-21 INFO ] 2021-10-21 15:03:18.965 SelectYourDevicePage2:82 - Select your Device 2 - Clicked Next Button
[logs/Android_RZ8M3002DGL/2021-10-21 INFO ] 2021-10-21 15:03:20.860 SiginPage:52 - Sigin Page - Entered user email address
[logs/Android_RZ8M3002DGL/2021-10-21 INFO ] 2021-10-21 15:03:21.775 SiginPage:61 - Sigin Page - Clicked on Signin Button
[logs/Android_RZ8M3002DGL/2021-10-21 INFO ] 2021-10-21 15:03:31.851 InValidOTP:119 - loading...emailDetails
[logs/Android_RZ8M3002DGL/2021-10-21 INFO ] 2021-10-21 15:03:37.685 EnterValidOTPPage:67 - Entering invalid OTP...000000.
[logs/Android_RZ8M3002DGL/2021-10-21 INFO ] 2021-10-21 15:03:39.224 EnterValidOTPPage:75 - Invalid passcode message is displayed
[logs/Android_RZ8M3002DGL/2021-10-21 INFO ] 2021-10-21 15:03:39.531 EnterValidOTPPage:88 - Clicked Resend OTP Link
[logs/Android_RZ8M3002DGL/2021-10-21 INFO ] 2021-10-21 15:03:50.915 InValidOTP:119 - loading...emailDetails
[logs/Android_RZ8M3002DGL/2021-10-21 INFO ] 2021-10-21 15:03:56.144 EnterValidOTPPage:61 - Entering valid OTP...115534
[logs/Android_RZ8M3002DGL/2021-10-21 INFO ] 2021-10-21 15:03:58.307 CodeVerifiedPage:74 - OTP Code Verified Page - Clicked on Next Button
[logs/Android_RZ8M3002DGL/2021-10-21 INFO ] 2021-10-21 15:04:12.011 ParentClass:388 - video path: videos/Android_RZ8M3002DGL/2021-10-21-15-02-33/TC03_Verify_Invalid_OTP_Test/Verify_Invalid_PassCode.mp4
[logs/Android_RZ8M3002DGL/2021-10-21 INFO ] 2021-10-21 15:04:22.583 TC02_EC_0002_1002_Disconnect_Wifi_On_Mobile_Test:43 - Loading...Error Code XML file
[logs/Android_RZ8M3002DGL/2021-10-21 INFO ] 2021-10-21 15:04:22.586 ParentClass:313 - loading... error_codes/error_codes.xml
[logs/Android_RZ8M3002DGL/2021-10-21 INFO ] 2021-10-21 15:04:22.599 TC02_EC_0002_1002_Disconnect_Wifi_On_Mobile_Test:50 - Retrieved...Internet Not Avialable Error code from XML file
[logs/Android_RZ8M3002DGL/2021-10-21 INFO ] 2021-10-21 15:04:23.223 TC02_EC_0002_1002_Disconnect_Wifi_On_Mobile_Test:59 - 
****** starting test:EC_0002_1002_Disconnect_Wifi_On_Mobile_Test******

[logs/Android_RZ8M3002DGL/2021-10-21 INFO ] 2021-10-21 15:04:23.226 TC02_EC_0002_1002_Disconnect_Wifi_On_Mobile_Test:67 - Turning OFF Wifi..........
[logs/Android_RZ8M3002DGL/2021-10-21 INFO ] 2021-10-21 15:04:23.456 TC02_EC_0002_1002_Disconnect_Wifi_On_Mobile_Test:69 - Wifi Turned OFF
[logs/Android_RZ8M3002DGL/2021-10-21 INFO ] 2021-10-21 15:04:25.849 GetStartedPage:44 - Get Started - Clicked on Get Started Button
[logs/Android_RZ8M3002DGL/2021-10-21 INFO ] 2021-10-21 15:04:26.650 GrantPermissionsPage:183 - Grant Permissions - Clicked on Continue Button
[logs/Android_RZ8M3002DGL/2021-10-21 INFO ] 2021-10-21 15:04:27.401 DeviceLocationPage:105 - Device Location - Clicked Only this time
[logs/Android_RZ8M3002DGL/2021-10-21 INFO ] 2021-10-21 15:04:38.161 DeviceLocationPage:107 - Device Location - Clicked Allow
[logs/Android_RZ8M3002DGL/2021-10-21 INFO ] 2021-10-21 15:04:38.396 AccessResourcesOnDevicePage:49 - Access Resources On Device - Clicked on Allow Link
[logs/Android_RZ8M3002DGL/2021-10-21 INFO ] 2021-10-21 15:05:11.708 TC02_EC_0002_1002_Disconnect_Wifi_On_Mobile_Test:96 - Turning ON Wifi..........
[logs/Android_RZ8M3002DGL/2021-10-21 INFO ] 2021-10-21 15:05:11.946 TC02_EC_0002_1002_Disconnect_Wifi_On_Mobile_Test:98 - Wifi Turned ON
[logs/Android_RZ8M3002DGL/2021-10-21 INFO ] 2021-10-21 15:05:13.545 ParentClass:388 - video path: videos/Android_RZ8M3002DGL/2021-10-21-15-02-33/TC02_EC_0002_1002_Disconnect_Wifi_On_Mobile_Test/EC_0002_1002_Disconnect_Wifi_On_Mobile_Test.mp4
[logs/Android_RZ8M3002DGL/2021-10-21 INFO ] 2021-10-21 15:05:23.713 TC01_EC_0001_1201_Disconnect_Bluetooth_On_Mobile_Test:45 - Loading...Error Code XML file
[logs/Android_RZ8M3002DGL/2021-10-21 INFO ] 2021-10-21 15:05:23.716 ParentClass:313 - loading... error_codes/error_codes.xml
[logs/Android_RZ8M3002DGL/2021-10-21 INFO ] 2021-10-21 15:05:23.740 TC01_EC_0001_1201_Disconnect_Bluetooth_On_Mobile_Test:51 - Retrieved...Bluetooth Error code from XML file
[logs/Android_RZ8M3002DGL/2021-10-21 INFO ] 2021-10-21 15:05:23.741 TC01_EC_0001_1201_Disconnect_Bluetooth_On_Mobile_Test:54 - Loading...Sign Up Test Data
[logs/Android_RZ8M3002DGL/2021-10-21 INFO ] 2021-10-21 15:05:23.741 ParentClass:285 - loading...testdata/signup
[logs/Android_RZ8M3002DGL/2021-10-21 INFO ] 2021-10-21 15:05:23.746 TC01_EC_0001_1201_Disconnect_Bluetooth_On_Mobile_Test:58 - First Name : demo
[logs/Android_RZ8M3002DGL/2021-10-21 INFO ] 2021-10-21 15:05:23.746 TC01_EC_0001_1201_Disconnect_Bluetooth_On_Mobile_Test:61 - Last Name : user 
[logs/Android_RZ8M3002DGL/2021-10-21 INFO ] 2021-10-21 15:05:23.747 TC01_EC_0001_1201_Disconnect_Bluetooth_On_Mobile_Test:64 - Email address : demouser2652@gmail.com
[logs/Android_RZ8M3002DGL/2021-10-21 INFO ] 2021-10-21 15:05:23.747 TC01_EC_0001_1201_Disconnect_Bluetooth_On_Mobile_Test:66 - Retrieved...Sign Up Test Data
[logs/Android_RZ8M3002DGL/2021-10-21 INFO ] 2021-10-21 15:05:24.403 TC01_EC_0001_1201_Disconnect_Bluetooth_On_Mobile_Test:76 - ****** starting test:EC_0001_1201_Disconnect_Bluetooth_On_Mobile_Test******

[logs/Android_RZ8M3002DGL/2021-10-21 INFO ] 2021-10-21 15:05:25.407 BlueToothPage:89 - Clicked Allow button to disable Bluetooth
[logs/Android_RZ8M3002DGL/2021-10-21 INFO ] 2021-10-21 15:05:26.739 GetStartedPage:44 - Get Started - Clicked on Get Started Button
[logs/Android_RZ8M3002DGL/2021-10-21 INFO ] 2021-10-21 15:05:27.486 GrantPermissionsPage:183 - Grant Permissions - Clicked on Continue Button
[logs/Android_RZ8M3002DGL/2021-10-21 INFO ] 2021-10-21 15:05:28.228 DeviceLocationPage:105 - Device Location - Clicked Only this time
[logs/Android_RZ8M3002DGL/2021-10-21 INFO ] 2021-10-21 15:05:38.627 DeviceLocationPage:107 - Device Location - Clicked Allow
[logs/Android_RZ8M3002DGL/2021-10-21 INFO ] 2021-10-21 15:05:38.857 AccessResourcesOnDevicePage:49 - Access Resources On Device - Clicked on Allow Link
[logs/Android_RZ8M3002DGL/2021-10-21 INFO ] 2021-10-21 15:05:40.324 SelectYourDevicePage:64 - Select your Device 1 - Selected SURFboard mAX option
[logs/Android_RZ8M3002DGL/2021-10-21 INFO ] 2021-10-21 15:05:41.242 SelectYourDevicePage:73 - Select your Device 1 - Clicked Next Button
[logs/Android_RZ8M3002DGL/2021-10-21 INFO ] 2021-10-21 15:05:42.321 SelectYourDevicePage2:73 - Select your Device 2 - Selected mAX Pro AX11000 option
[logs/Android_RZ8M3002DGL/2021-10-21 INFO ] 2021-10-21 15:05:43.203 SelectYourDevicePage2:82 - Select your Device 2 - Clicked Next Button
[logs/Android_RZ8M3002DGL/2021-10-21 INFO ] 2021-10-21 15:05:44.687 SiginPage:52 - Sigin Page - Entered user email address
[logs/Android_RZ8M3002DGL/2021-10-21 INFO ] 2021-10-21 15:05:45.471 SiginPage:61 - Sigin Page - Clicked on Signin Button
[logs/Android_RZ8M3002DGL/2021-10-21 INFO ] 2021-10-21 15:05:55.562 ValidOTP:118 - loading...emailDetails
[logs/Android_RZ8M3002DGL/2021-10-21 INFO ] 2021-10-21 15:06:01.220 EnterValidOTPPage:61 - Entering valid OTP...587297
[logs/Android_RZ8M3002DGL/2021-10-21 INFO ] 2021-10-21 15:06:02.761 CodeVerifiedPage:74 - OTP Code Verified Page - Clicked on Next Button
[logs/Android_RZ8M3002DGL/2021-10-21 INFO ] 2021-10-21 15:06:11.313 SetupHomeNetworkPage:41 - Setup Home Network Page - Clicked on Next Button
[logs/Android_RZ8M3002DGL/2021-10-21 INFO ] 2021-10-21 15:06:12.213 UnPackYourBoxPage:42 - UnPack your Box Page - Clicked on Next Button
[logs/Android_RZ8M3002DGL/2021-10-21 INFO ] 2021-10-21 15:06:13.048 PlugInMaxRouterPage:41 - Plugin Max Router Page - Clicked on Next Button
[logs/Android_RZ8M3002DGL/2021-10-21 INFO ] 2021-10-21 15:06:22.001 Error_0005_1200_Bluetooth_Connection_Failed_Page:78 - Bluetooth Connection Failed Page - Retrieving Bluetooth Connection Failed Error Code
[logs/Android_RZ8M3002DGL/2021-10-21 INFO ] 2021-10-21 15:06:22.195 Error_0005_1200_Bluetooth_Connection_Failed_Page:60 - Bluetooth Connection Failed Page - Retrieving Bluetooth Connection Failed Text
[logs/Android_RZ8M3002DGL/2021-10-21 INFO ] 2021-10-21 15:06:22.255 Error_0005_1200_Bluetooth_Connection_Failed_Page:66 - Bluetooth Connection Failed Page - Retrieving Bluetooth Connection Failed Message
[logs/Android_RZ8M3002DGL/2021-10-21 INFO ] 2021-10-21 15:06:23.368 BlueToothPage:67 - Clicked Allow button to enable Bluetooth
[logs/Android_RZ8M3002DGL/2021-10-21 INFO ] 2021-10-21 15:06:32.913 ParentClass:388 - video path: videos/Android_RZ8M3002DGL/2021-10-21-15-02-33/TC01_EC_0001_1201_Disconnect_Bluetooth_On_Mobile_Test/EC_0001_1201_Disconnect_Bluetooth_On_Mobile_Test.mp4
[logs/Android_RZ8M3002DGL/2021-10-21 INFO ] 2021-10-21 15:06:43.338 TC51_Signin_And_Onboard_Test:36 - Loading...Sign Up Test Data
[logs/Android_RZ8M3002DGL/2021-10-21 INFO ] 2021-10-21 15:06:43.340 ParentClass:285 - loading...testdata/signup
[logs/Android_RZ8M3002DGL/2021-10-21 INFO ] 2021-10-21 15:06:43.347 TC51_Signin_And_Onboard_Test:40 - First Name : demo
[logs/Android_RZ8M3002DGL/2021-10-21 INFO ] 2021-10-21 15:06:43.347 TC51_Signin_And_Onboard_Test:43 - Last Name : user 
[logs/Android_RZ8M3002DGL/2021-10-21 INFO ] 2021-10-21 15:06:43.351 TC51_Signin_And_Onboard_Test:46 - Email address : demouser2652@gmail.com
[logs/Android_RZ8M3002DGL/2021-10-21 INFO ] 2021-10-21 15:06:43.353 TC51_Signin_And_Onboard_Test:49 - SSID Name : arrisw3137
[logs/Android_RZ8M3002DGL/2021-10-21 INFO ] 2021-10-21 15:06:43.354 TC51_Signin_And_Onboard_Test:52 - SSID Password : 1234567890
[logs/Android_RZ8M3002DGL/2021-10-21 INFO ] 2021-10-21 15:06:43.355 TC51_Signin_And_Onboard_Test:55 - UDID : RZ8M3002DGL
[logs/Android_RZ8M3002DGL/2021-10-21 INFO ] 2021-10-21 15:06:43.356 TC51_Signin_And_Onboard_Test:57 - Retrieved...Sign Up Test Data
[logs/Android_RZ8M3002DGL/2021-10-21 INFO ] 2021-10-21 15:06:43.962 TC51_Signin_And_Onboard_Test:67 - 
****** starting test:Verify_Signin_And_Onboard******

[logs/Android_RZ8M3002DGL/2021-10-21 INFO ] 2021-10-21 15:06:44.197 GetStartedPage:44 - Get Started - Clicked on Get Started Button
[logs/Android_RZ8M3002DGL/2021-10-21 INFO ] 2021-10-21 15:06:44.934 GrantPermissionsPage:183 - Grant Permissions - Clicked on Continue Button
[logs/Android_RZ8M3002DGL/2021-10-21 INFO ] 2021-10-21 15:06:45.677 DeviceLocationPage:105 - Device Location - Clicked Only this time
[logs/Android_RZ8M3002DGL/2021-10-21 INFO ] 2021-10-21 15:06:57.097 DeviceLocationPage:107 - Device Location - Clicked Allow
[logs/Android_RZ8M3002DGL/2021-10-21 INFO ] 2021-10-21 15:06:57.358 AccessResourcesOnDevicePage:49 - Access Resources On Device - Clicked on Allow Link
[logs/Android_RZ8M3002DGL/2021-10-21 INFO ] 2021-10-21 15:06:58.743 SelectYourDevicePage:64 - Select your Device 1 - Selected SURFboard mAX option
[logs/Android_RZ8M3002DGL/2021-10-21 INFO ] 2021-10-21 15:06:59.539 SelectYourDevicePage:73 - Select your Device 1 - Clicked Next Button
[logs/Android_RZ8M3002DGL/2021-10-21 INFO ] 2021-10-21 15:07:00.772 SelectYourDevicePage2:73 - Select your Device 2 - Selected mAX Pro AX11000 option
[logs/Android_RZ8M3002DGL/2021-10-21 INFO ] 2021-10-21 15:07:01.598 SelectYourDevicePage2:82 - Select your Device 2 - Clicked Next Button
[logs/Android_RZ8M3002DGL/2021-10-21 INFO ] 2021-10-21 15:07:04.941 SiginPage:52 - Sigin Page - Entered user email address
[logs/Android_RZ8M3002DGL/2021-10-21 INFO ] 2021-10-21 15:07:05.747 SiginPage:61 - Sigin Page - Clicked on Signin Button
[logs/Android_RZ8M3002DGL/2021-10-21 INFO ] 2021-10-21 15:07:17.825 ValidOTP:118 - loading...emailDetails
[logs/Android_RZ8M3002DGL/2021-10-21 INFO ] 2021-10-21 15:07:23.323 EnterValidOTPPage:61 - Entering valid OTP...523812
[logs/Android_RZ8M3002DGL/2021-10-21 INFO ] 2021-10-21 15:07:24.874 CodeVerifiedPage:74 - OTP Code Verified Page - Clicked on Next Button
[logs/Android_RZ8M3002DGL/2021-10-21 INFO ] 2021-10-21 15:07:33.523 SetupHomeNetworkPage:41 - Setup Home Network Page - Clicked on Next Button
[logs/Android_RZ8M3002DGL/2021-10-21 INFO ] 2021-10-21 15:07:34.392 UnPackYourBoxPage:42 - UnPack your Box Page - Clicked on Next Button
[logs/Android_RZ8M3002DGL/2021-10-21 INFO ] 2021-10-21 15:07:35.276 PlugInMaxRouterPage:41 - Plugin Max Router Page - Clicked on Next Button
[logs/Android_RZ8M3002DGL/2021-10-21 INFO ] 2021-10-21 15:07:59.609 ConnectMaxRouterToMobileDevicePage:42 - Connecting mAX Router to Mobile Device Page - Clicked on Next Button
[logs/Android_RZ8M3002DGL/2021-10-21 INFO ] 2021-10-21 15:08:14.686 ConnectMaxRouterToInternetPage:41 - Successfully Connected to Internet Page - Clicked on Next Button
[logs/Android_RZ8M3002DGL/2021-10-21 INFO ] 2021-10-21 15:08:55.071 SystemFirmwareUpdatePage:41 - System Firmware Update Page - Clicked on Next Button
[logs/Android_RZ8M3002DGL/2021-10-21 INFO ] 2021-10-21 15:09:10.580 ErrorCode_0000_1506_Warranty_Support_Page:46 - Warranty and Support Page - Clicked on Continue Button
[logs/Android_RZ8M3002DGL/2021-10-21 INFO ] 2021-10-21 15:09:10.953 NameYourNetwokSSIDPage:55 - Name Your Network Page - Entered SSID Name
[logs/Android_RZ8M3002DGL/2021-10-21 INFO ] 2021-10-21 15:09:12.330 NameYourNetwokSSIDPage:61 - Name Your Network Page - Entered SSID Password
[logs/Android_RZ8M3002DGL/2021-10-21 INFO ] 2021-10-21 15:09:13.810 NameYourNetwokSSIDPage:68 - Name Your Network Page  - Clicked on Next Button
[logs/Android_RZ8M3002DGL/2021-10-21 INFO ] 2021-10-21 15:09:57.819 ConnectionToWifiNeededPage:56 - Running App in the Background
[logs/Android_RZ8M3002DGL/2021-10-21 INFO ] 2021-10-21 15:10:09.496 ConnectionToWifiNeededPage:60 - Running adb shell to login to mAX arrisw3137 network
[logs/Android_RZ8M3002DGL/2021-10-21 INFO ] 2021-10-21 15:10:12.675 ConnectionToWifiNeededPage:70 - Activating App running in Background
[logs/Android_RZ8M3002DGL/2021-10-21 INFO ] 2021-10-21 15:10:32.571 ConnectionToWifiNeededPage:83 - Connection Needed Page - Clicked on Continue Button
[logs/Android_RZ8M3002DGL/2021-10-21 INFO ] 2021-10-21 15:10:48.089 CongratulationsPage:42 - Congratulations Page - Clicked on Continue Button
[logs/Android_RZ8M3002DGL/2021-10-21 INFO ] 2021-10-21 15:11:04.145 SetUpYourWiFiManagementPage:49 - Setup Wifi Management Page - Clicked on Skip Tutorial Button
[logs/Android_RZ8M3002DGL/2021-10-21 INFO ] 2021-10-21 15:11:20.063 InstallAdditionalSatellitePage:49 - Install Additonal Satellite Dialog - Clicked on Install Later Button
[logs/Android_RZ8M3002DGL/2021-10-21 INFO ] 2021-10-21 15:11:25.439 NetworkOptimizationDialog:42 - Network Optimization Dialog - Clicked on OK Button
[logs/Android_RZ8M3002DGL/2021-10-21 INFO ] 2021-10-21 15:11:50.906 HomePage:64 - Network Optimization Dialog2 - Clicked on OK Button
[logs/Android_RZ8M3002DGL/2021-10-21 INFO ] 2021-10-21 15:11:56.290 HomePage:58 - You are connected to your arrisw3137 home network....Happy Surfing
[logs/Android_RZ8M3002DGL/2021-10-21 INFO ] 2021-10-21 15:12:06.019 ParentClass:388 - video path: videos/Android_RZ8M3002DGL/2021-10-21-15-02-33/TC51_Signin_And_Onboard_Test/Verify_Signin_And_Onboard.mp4
[logs/Android_RZ8M3002DGL/2021-10-21 INFO ] 2021-10-21 15:12:11.439 ParentClass:154 - Closing App
[logs/Android_RZ8M3002DGL/2021-10-21 INFO ] 2021-10-21 15:12:11.693 ParentClass:156 - Quitting Driver
