[${ctx:ROUTINGKEY} INFO ] 2021-11-26 11:04:43.706 ParentClass:307 - loading... config.properties
[${ctx:ROUTINGKEY} INFO ] 2021-11-26 11:04:43.735 ParentClass:315 - Config.properties object is set to Thread Local
[${ctx:ROUTINGKEY} INFO ] 2021-11-26 11:04:43.736 ParentClass:338 - loading... strings/strings.xml
[${ctx:ROUTINGKEY} INFO ] 2021-11-26 11:04:43.746 ParentClass:352 - loading... error_codes/error_codes.xml
[${ctx:ROUTINGKEY} INFO ] 2021-11-26 11:06:29.233 ParentClass:307 - loading... config.properties
[${ctx:ROUTINGKEY} INFO ] 2021-11-26 11:06:29.255 ParentClass:315 - Config.properties object is set to Thread Local
[${ctx:ROUTINGKEY} INFO ] 2021-11-26 11:06:29.256 ParentClass:338 - loading... strings/strings.xml
[${ctx:ROUTINGKEY} INFO ] 2021-11-26 11:06:29.264 ParentClass:352 - loading... error_codes/error_codes.xml
[${ctx:ROUTINGKEY} INFO ] 2021-11-26 13:32:31.274 ParentClass:307 - loading... config.properties
[${ctx:ROUTINGKEY} INFO ] 2021-11-26 13:32:31.300 ParentClass:315 - Config.properties object is set to Thread Local
[${ctx:ROUTINGKEY} INFO ] 2021-11-26 13:32:31.302 ParentClass:338 - loading... strings/strings.xml
[${ctx:ROUTINGKEY} INFO ] 2021-11-26 13:32:31.311 ParentClass:352 - loading... error_codes/error_codes.xml
[${ctx:ROUTINGKEY} INFO ] 2021-11-26 13:42:35.078 ValidOTP:132 - loading...emailDetails
[${ctx:ROUTINGKEY} INFO ] 2021-11-26 13:58:38.966 ValidOTP:132 - loading...emailDetails
[${ctx:ROUTINGKEY} INFO ] 2021-11-26 14:00:18.524 ValidOTP:135 - loading...emailDetails
[${ctx:ROUTINGKEY} INFO ] 2021-11-26 14:01:29.621 ValidOTP:136 - loading...emailDetails
[${ctx:ROUTINGKEY} INFO ] 2021-11-26 14:02:35.412 ValidOTP:137 - loading...emailDetails
[${ctx:ROUTINGKEY} INFO ] 2021-11-26 14:15:30.330 ValidOTP:137 - loading...emailDetails
[${ctx:ROUTINGKEY} INFO ] 2021-11-26 14:18:43.042 ParentClass:307 - loading... config.properties
[${ctx:ROUTINGKEY} INFO ] 2021-11-26 14:18:43.069 ParentClass:315 - Config.properties object is set to Thread Local
[${ctx:ROUTINGKEY} INFO ] 2021-11-26 14:18:43.070 ParentClass:338 - loading... strings/strings.xml
[${ctx:ROUTINGKEY} INFO ] 2021-11-26 14:18:43.077 ParentClass:352 - loading... error_codes/error_codes.xml
