[${ctx:ROUTINGKEY} INFO ] 2021-11-26 11:04:43.706 ParentClass:307 - loading... config.properties
[${ctx:ROUTINGKEY} INFO ] 2021-11-26 11:04:43.735 ParentClass:315 - Config.properties object is set to Thread Local
[${ctx:ROUTINGKEY} INFO ] 2021-11-26 11:04:43.736 ParentClass:338 - loading... strings/strings.xml
[${ctx:ROUTINGKEY} INFO ] 2021-11-26 11:04:43.746 ParentClass:352 - loading... error_codes/error_codes.xml
[${ctx:ROUTINGKEY} INFO ] 2021-11-26 11:06:29.233 ParentClass:307 - loading... config.properties
[${ctx:ROUTINGKEY} INFO ] 2021-11-26 11:06:29.255 ParentClass:315 - Config.properties object is set to Thread Local
[${ctx:ROUTINGKEY} INFO ] 2021-11-26 11:06:29.256 ParentClass:338 - loading... strings/strings.xml
[${ctx:ROUTINGKEY} INFO ] 2021-11-26 11:06:29.264 ParentClass:352 - loading... error_codes/error_codes.xml
[${ctx:ROUTINGKEY} INFO ] 2021-11-26 13:32:31.274 ParentClass:307 - loading... config.properties
[${ctx:ROUTINGKEY} INFO ] 2021-11-26 13:32:31.300 ParentClass:315 - Config.properties object is set to Thread Local
[${ctx:ROUTINGKEY} INFO ] 2021-11-26 13:32:31.302 ParentClass:338 - loading... strings/strings.xml
[${ctx:ROUTINGKEY} INFO ] 2021-11-26 13:32:31.311 ParentClass:352 - loading... error_codes/error_codes.xml
[${ctx:ROUTINGKEY} INFO ] 2021-11-26 13:42:35.078 ValidOTP:132 - loading...emailDetails
[${ctx:ROUTINGKEY} INFO ] 2021-11-26 13:58:38.966 ValidOTP:132 - loading...emailDetails
[${ctx:ROUTINGKEY} INFO ] 2021-11-26 14:00:18.524 ValidOTP:135 - loading...emailDetails
[${ctx:ROUTINGKEY} INFO ] 2021-11-26 14:01:29.621 ValidOTP:136 - loading...emailDetails
[${ctx:ROUTINGKEY} INFO ] 2021-11-26 14:02:35.412 ValidOTP:137 - loading...emailDetails
[${ctx:ROUTINGKEY} INFO ] 2021-11-26 14:15:30.330 ValidOTP:137 - loading...emailDetails
[${ctx:ROUTINGKEY} INFO ] 2021-11-26 14:18:43.042 ParentClass:307 - loading... config.properties
[${ctx:ROUTINGKEY} INFO ] 2021-11-26 14:18:43.069 ParentClass:315 - Config.properties object is set to Thread Local
[${ctx:ROUTINGKEY} INFO ] 2021-11-26 14:18:43.070 ParentClass:338 - loading... strings/strings.xml
[${ctx:ROUTINGKEY} INFO ] 2021-11-26 14:18:43.077 ParentClass:352 - loading... error_codes/error_codes.xml
[${ctx:ROUTINGKEY} INFO ] 2021-11-26 18:31:58.653 ParentClass:307 - loading... config.properties
[${ctx:ROUTINGKEY} INFO ] 2021-11-26 18:31:58.675 ParentClass:315 - Config.properties object is set to Thread Local
[${ctx:ROUTINGKEY} INFO ] 2021-11-26 18:31:58.676 ParentClass:338 - loading... strings/strings.xml
[${ctx:ROUTINGKEY} INFO ] 2021-11-26 18:31:58.685 ParentClass:352 - loading... error_codes/error_codes.xml
[${ctx:ROUTINGKEY} INFO ] 2021-11-26 20:06:02.419 ParentClass:307 - loading... config.properties
[${ctx:ROUTINGKEY} INFO ] 2021-11-26 20:06:02.441 ParentClass:315 - Config.properties object is set to Thread Local
[${ctx:ROUTINGKEY} INFO ] 2021-11-26 20:06:02.442 ParentClass:338 - loading... strings/strings.xml
[${ctx:ROUTINGKEY} INFO ] 2021-11-26 20:06:02.451 ParentClass:352 - loading... error_codes/error_codes.xml
[${ctx:ROUTINGKEY} INFO ] 2021-11-26 21:53:22.097 ParentClass:307 - loading... config.properties
[${ctx:ROUTINGKEY} INFO ] 2021-11-26 21:53:22.119 ParentClass:315 - Config.properties object is set to Thread Local
[${ctx:ROUTINGKEY} INFO ] 2021-11-26 21:53:22.120 ParentClass:338 - loading... strings/strings.xml
[${ctx:ROUTINGKEY} INFO ] 2021-11-26 21:53:22.129 ParentClass:352 - loading... error_codes/error_codes.xml
[${ctx:ROUTINGKEY} INFO ] 2021-11-26 22:54:47.073 ParentClass:307 - loading... config.properties
[${ctx:ROUTINGKEY} INFO ] 2021-11-26 22:54:47.094 ParentClass:315 - Config.properties object is set to Thread Local
[${ctx:ROUTINGKEY} INFO ] 2021-11-26 22:54:47.095 ParentClass:338 - loading... strings/strings.xml
[${ctx:ROUTINGKEY} INFO ] 2021-11-26 22:54:47.102 ParentClass:352 - loading... error_codes/error_codes.xml
